[ 2015-11-28T08:14:44+08:00 ] 58.241.142.145 /index.php?s=/Admin/Public/login.html
INFO: [ view_parse ] --START--
INFO: [ template_filter ] --START--
INFO: Run Behavior\ContentReplace [ RunTime:0.000000s ]
INFO: [ template_filter ] --END-- [ RunTime:0.000000s ]
INFO: Run Behavior\ParseTemplate [ RunTime:0.015625s ]
INFO: [ view_parse ] --END-- [ RunTime:0.015625s ]
INFO: [ view_filter ] --START--
INFO: Run Behavior\WriteHtmlCache [ RunTime:0.000000s ]
INFO: [ view_filter ] --END-- [ RunTime:0.000000s ]
INFO: [ app_end ] --START--
INFO: Run Behavior\ShowPageTrace [ RunTime:0.000000s ]
INFO: [ app_end ] --END-- [ RunTime:0.000000s ]

[ 2015-11-28T08:15:05+08:00 ] 58.241.142.145 /index.php?s=/Admin/Public/login.html
INFO: [ app_begin ] --START--
INFO: Run Behavior\ReadHtmlCache [ RunTime:0.015625s ]
INFO: [ app_begin ] --END-- [ RunTime:0.015625s ]
NOTIC: [8] A session had already been started - ignoring session_start() D:\wwwroot\liuc\ThinkPHP\Common\functions.php 第 1092 行.
SQL: SHOW COLUMNS FROM `app_ucenter_member` [ RunTime:0.000000s ]
SQL: SELECT * FROM `app_ucenter_member` WHERE ( `username` = 'user33' ) LIMIT 1   [ RunTime:0.000000s ]
SQL: UPDATE `app_ucenter_member` SET `last_login_time`=1448669705,`last_login_ip`='988909201' WHERE ( `id` = 9 ) [ RunTime:0.000000s ]
SQL: SHOW COLUMNS FROM `app_member` [ RunTime:0.000000s ]
SQL: SELECT `uid`,`nickname`,`sex`,`birthday`,`qq`,`score`,`login`,`reg_ip`,`reg_time`,`last_login_ip`,`last_login_time`,`status`,`truename`,`company`,`tel`,`address` FROM `app_member` WHERE ( `uid` = 9 ) LIMIT 1   [ RunTime:0.000000s ]
SQL: SHOW COLUMNS FROM `app_action` [ RunTime:0.000000s ]
SQL: SELECT * FROM `app_action` WHERE ( `name` = 'user_login' ) LIMIT 1   [ RunTime:0.000000s ]
SQL: UPDATE `app_member` SET `login`=`login`+1,`last_login_time`=1448669705,`last_login_ip`='988909201' WHERE ( `uid` = 9 ) [ RunTime:0.000000s ]
SQL: SHOW COLUMNS FROM `app_auth_group` [ RunTime:0.015625s ]
SQL: SHOW COLUMNS FROM `app_auth_group_access` [ RunTime:0.000000s ]
SQL: SELECT `uid`,`group_id`,`title`,`description`,`rules` FROM app_auth_group_access a INNER JOIN app_auth_group g on a.group_id=g.id  WHERE ( a.uid='9' and g.status='1' )  [ RunTime:0.000000s ]

[ 2015-11-28T08:15:06+08:00 ] 58.241.142.145 /index.php?s=/Admin/Index/index.html
SQL: SHOW COLUMNS FROM `app_auth_group_access` [ RunTime:0.000000s ]
SQL: SELECT `rules` FROM app_auth_group_access a INNER JOIN app_auth_group g on a.group_id=g.id  WHERE ( a.uid='9' and g.status='1' )  [ RunTime:0.000000s ]
SQL: SHOW COLUMNS FROM `app_auth_rule` [ RunTime:0.000000s ]
SQL: SELECT `condition`,`name` FROM `app_auth_rule` WHERE ( `id` IN ('1','219','224','226','229','231','232','233','235','242','245','264','268','269','295','296') ) AND ( `type` IN ('1','2') ) AND ( `status` = 1 )  [ RunTime:0.000000s ]
SQL: SHOW COLUMNS FROM `app_menu` [ RunTime:0.000000s ]
SQL: SELECT * FROM `app_menu` WHERE ( `pid` = 0 ) AND ( `hide` = 0 ) ORDER BY sort asc  [ RunTime:0.015625s ]
SQL: SELECT `id` FROM `app_menu` WHERE ( url like '%Index/index' ) LIMIT 1   [ RunTime:0.000000s ]
SQL: SHOW COLUMNS FROM `app_menu` [ RunTime:0.000000s ]
SQL: SELECT `id`,`pid`,`title` FROM `app_menu` WHERE ( id=1 ) LIMIT 1   [ RunTime:0.000000s ]
SQL: SHOW COLUMNS FROM `app_auth_rule` [ RunTime:0.000000s ]
SQL: SELECT `condition`,`name` FROM `app_auth_rule` WHERE ( `id` IN ('1','219','224','226','229','231','232','233','235','242','245','264','268','269','295','296') ) AND ( `type` = 2 ) AND ( `status` = 1 )  [ RunTime:0.000000s ]
SQL: SELECT DISTINCT  `group` FROM `app_menu` WHERE ( pid = 1 )  [ RunTime:0.000000s ]
SQL: SELECT `id`,`url` FROM `app_menu` WHERE ( `pid` = 1 ) AND ( `hide` = 0 )  [ RunTime:0.000000s ]
NOTIC: [2] Invalid argument supplied for foreach() D:\wwwroot\liuc\Application\Admin\Controller\AdminController.class.php 第 296 行.
INFO: [ view_parse ] --START--
INFO: [ template_filter ] --START--
INFO: Run Behavior\ContentReplace [ RunTime:0.000000s ]
INFO: [ template_filter ] --END-- [ RunTime:0.000000s ]
INFO: Run Behavior\ParseTemplate [ RunTime:0.015625s ]
INFO: [ view_parse ] --END-- [ RunTime:0.015625s ]
INFO: [ view_filter ] --START--
INFO: Run Behavior\WriteHtmlCache [ RunTime:0.000000s ]
INFO: [ view_filter ] --END-- [ RunTime:0.000000s ]
INFO: [ app_end ] --START--
INFO: Run Behavior\ShowPageTrace [ RunTime:0.015625s ]
INFO: [ app_end ] --END-- [ RunTime:0.015625s ]

[ 2015-11-28T08:15:15+08:00 ] 58.241.142.145 /index.php?s=/Admin/Psi/stock.html
SQL: SHOW COLUMNS FROM `app_menu` [ RunTime:0.000000s ]
SQL: SELECT * FROM `app_menu` WHERE ( `pid` = 0 ) AND ( `hide` = 0 ) ORDER BY sort asc  [ RunTime:0.000000s ]
SQL: SELECT `id` FROM `app_menu` WHERE ( url like '%Psi/stock' ) LIMIT 1   [ RunTime:0.000000s ]
SQL: SHOW COLUMNS FROM `app_menu` [ RunTime:0.015625s ]
SQL: SELECT `id`,`pid`,`title` FROM `app_menu` WHERE ( id=130 ) LIMIT 1   [ RunTime:0.000000s ]
SQL: SELECT `id`,`pid`,`title` FROM `app_menu` WHERE ( id=141 ) LIMIT 1   [ RunTime:0.000000s ]
SQL: SELECT DISTINCT  `group` FROM `app_menu` WHERE ( pid = 141 )  [ RunTime:0.000000s ]
SQL: SELECT `id`,`url` FROM `app_menu` WHERE ( `pid` = 141 ) AND ( `hide` = 0 )  [ RunTime:0.000000s ]
SQL: SHOW COLUMNS FROM `app_auth_group_access` [ RunTime:0.000000s ]
SQL: SELECT `rules` FROM app_auth_group_access a INNER JOIN app_auth_group g on a.group_id=g.id  WHERE ( a.uid='9' and g.status='1' )  [ RunTime:0.000000s ]
SQL: SHOW COLUMNS FROM `app_auth_rule` [ RunTime:0.000000s ]
SQL: SELECT `condition`,`name` FROM `app_auth_rule` WHERE ( `id` IN ('1','219','224','226','229','231','232','233','235','242','245','264','268','269','295','296') ) AND ( `type` = 1 ) AND ( `status` = 1 )  [ RunTime:0.000000s ]
SQL: SELECT `id`,`pid`,`title`,`url`,`tip` FROM `app_menu` WHERE ( `group` = '商品管理' ) AND ( `url` IN ('Psi/stock') ) AND ( `pid` = 141 ) AND ( `hide` = 0 ) ORDER BY sort asc  [ RunTime:0.000000s ]
SQL: SELECT `id`,`pid`,`title`,`url`,`tip` FROM `app_menu` WHERE ( `group` = '包装品管理' ) AND ( `url` IN ('Psi/stock') ) AND ( `pid` = 141 ) AND ( `hide` = 0 ) ORDER BY sort asc  [ RunTime:0.000000s ]
SQL: SHOW COLUMNS FROM `app_category` [ RunTime:0.015625s ]
SQL: SELECT `id`,`name`,`title`,`pid`,`sort`,`list_row`,`meta_title`,`keywords`,`description`,`template_index`,`template_lists`,`template_detail`,`template_edit`,`model`,`type`,`link_id`,`allow_publish`,`display`,`reply`,`check`,`reply_model`,`extend`,`create_time`,`update_time`,`status`,`icon` FROM `app_category` WHERE ( `id` = 39 ) LIMIT 1   [ RunTime:0.000000s ]
SQL: SELECT `id`,`title`,`pid` FROM `app_category` WHERE ( `status` > -1 ) ORDER BY sort  [ RunTime:0.000000s ]
SQL: SHOW COLUMNS FROM `app_supplier` [ RunTime:0.000000s ]
NOTIC: [8] Undefined variable: where D:\wwwroot\liuc\Application\Admin\Controller\PsiController.class.php 第 1680 行.
SQL: SELECT `id`,`company` FROM `app_supplier`  [ RunTime:0.000000s ]
SQL: SHOW COLUMNS FROM `app_stock` [ RunTime:0.015625s ]
SQL: SELECT COUNT(*) AS tp_count FROM `app_stock` WHERE ( `category` LIKE '%%' ) AND ( `supplier` LIKE '%%' ) AND ( `status` LIKE '%%' ) ORDER BY id desc LIMIT 1   [ RunTime:0.000000s ]
SQL: SELECT `id`,`code`,`name`,`category`,`supplier`,`standard`,`OE`,`sale_price`,`sale_price_off`,`status` FROM `app_stock` WHERE ( `category` LIKE '%%' ) AND ( `supplier` LIKE '%%' ) AND ( `status` LIKE '%%' ) ORDER BY id desc LIMIT 0,20   [ RunTime:0.000000s ]
SQL: SELECT `title` FROM `app_category` WHERE ( `id` = 40 ) LIMIT 1   [ RunTime:0.000000s ]
SQL: SELECT `company` FROM `app_supplier` WHERE ( id="7" ) LIMIT 1   [ RunTime:0.000000s ]
SQL: SELECT `title` FROM `app_category` WHERE ( `id` = 50 ) LIMIT 1   [ RunTime:0.000000s ]
SQL: SELECT `title` FROM `app_category` WHERE ( `id` = 51 ) LIMIT 1   [ RunTime:0.000000s ]
SQL: SELECT `title` FROM `app_category` WHERE ( `id` = 52 ) LIMIT 1   [ RunTime:0.000000s ]
SQL: SHOW COLUMNS FROM `app_warehouse` [ RunTime:0.000000s ]
SQL: SELECT * FROM `app_warehouse` WHERE ( sid=25 ) LIMIT 1   [ RunTime:0.000000s ]
SQL: SELECT `title` FROM `app_category` WHERE ( `id` = 42 ) LIMIT 1   [ RunTime:0.000000s ]
SQL: SELECT `company` FROM `app_supplier` WHERE ( id="6" ) LIMIT 1   [ RunTime:0.000000s ]
SQL: SELECT `title` FROM `app_category` WHERE ( `id` = 51 ) LIMIT 1   [ RunTime:0.000000s ]
SQL: SELECT `title` FROM `app_category` WHERE ( `id` = 52 ) LIMIT 1   [ RunTime:0.000000s ]
SQL: SELECT `title` FROM `app_category` WHERE ( `id` = 58 ) LIMIT 1   [ RunTime:0.000000s ]
SQL: SELECT * FROM `app_warehouse` WHERE ( sid=24 ) LIMIT 1   [ RunTime:0.000000s ]
SQL: SELECT `title` FROM `app_category` WHERE ( `id` = 41 ) LIMIT 1   [ RunTime:0.015625s ]
SQL: SELECT `company` FROM `app_supplier` WHERE ( id="5" ) LIMIT 1   [ RunTime:0.000000s ]
SQL: SELECT `title` FROM `app_category` WHERE ( `id` = 48 ) LIMIT 1   [ RunTime:0.000000s ]
SQL: SELECT * FROM `app_warehouse` WHERE ( sid=23 ) LIMIT 1   [ RunTime:0.000000s ]
SQL: SELECT `title` FROM `app_category` WHERE ( `id` = 42 ) LIMIT 1   [ RunTime:0.000000s ]
SQL: SELECT `company` FROM `app_supplier` WHERE ( id="5" ) LIMIT 1   [ RunTime:0.000000s ]
SQL: SELECT `title` FROM `app_category` WHERE ( `id` = 53 ) LIMIT 1   [ RunTime:0.000000s ]
SQL: SELECT `title` FROM `app_category` WHERE ( `id` = 54 ) LIMIT 1   [ RunTime:0.000000s ]
SQL: SELECT * FROM `app_warehouse` WHERE ( sid=21 ) LIMIT 1   [ RunTime:0.000000s ]
SQL: SELECT `title` FROM `app_category` WHERE ( `id` = 42 ) LIMIT 1   [ RunTime:0.000000s ]
SQL: SELECT `company` FROM `app_supplier` WHERE ( id="5" ) LIMIT 1   [ RunTime:0.000000s ]
SQL: SELECT `title` FROM `app_category` WHERE ( `id` = 52 ) LIMIT 1   [ RunTime:0.000000s ]
SQL: SELECT * FROM `app_warehouse` WHERE ( sid=20 ) LIMIT 1   [ RunTime:0.000000s ]
SQL: SELECT `title` FROM `app_category` WHERE ( `id` = 41 ) LIMIT 1   [ RunTime:0.000000s ]
SQL: SELECT `company` FROM `app_supplier` WHERE ( id="5" ) LIMIT 1   [ RunTime:0.000000s ]
SQL: SELECT `title` FROM `app_category` WHERE ( `id` = 49 ) LIMIT 1   [ RunTime:0.000000s ]
SQL: SELECT `title` FROM `app_category` WHERE ( `id` = 48 ) LIMIT 1   [ RunTime:0.000000s ]
SQL: SELECT * FROM `app_warehouse` WHERE ( sid=19 ) LIMIT 1   [ RunTime:0.000000s ]
SQL: SELECT `title` FROM `app_category` WHERE ( `id` = 41 ) LIMIT 1   [ RunTime:0.000000s ]
SQL: SELECT `company` FROM `app_supplier` WHERE ( id="6" ) LIMIT 1   [ RunTime:0.000000s ]
SQL: SELECT `title` FROM `app_category` WHERE ( `id` = 53 ) LIMIT 1   [ RunTime:0.000000s ]
SQL: SELECT `title` FROM `app_category` WHERE ( `id` = 54 ) LIMIT 1   [ RunTime:0.000000s ]
SQL: SELECT `title` FROM `app_category` WHERE ( `id` = 55 ) LIMIT 1   [ RunTime:0.000000s ]
SQL: SELECT * FROM `app_warehouse` WHERE ( sid=18 ) LIMIT 1   [ RunTime:0.000000s ]
SQL: SELECT `title` FROM `app_category` WHERE ( `id` = 41 ) LIMIT 1   [ RunTime:0.000000s ]
SQL: SELECT `company` FROM `app_supplier` WHERE ( id="5" ) LIMIT 1   [ RunTime:0.000000s ]
SQL: SELECT `title` FROM `app_category` WHERE ( `id` = 55 ) LIMIT 1   [ RunTime:0.000000s ]
SQL: SELECT * FROM `app_warehouse` WHERE ( sid=17 ) LIMIT 1   [ RunTime:0.000000s ]
SQL: SELECT `title` FROM `app_category` WHERE ( `id` = 41 ) LIMIT 1   [ RunTime:0.000000s ]
SQL: SELECT `company` FROM `app_supplier` WHERE ( id="4" ) LIMIT 1   [ RunTime:0.000000s ]
SQL: SELECT `title` FROM `app_category` WHERE ( `id` = 50 ) LIMIT 1   [ RunTime:0.000000s ]
SQL: SELECT `title` FROM `app_category` WHERE ( `id` = 52 ) LIMIT 1   [ RunTime:0.000000s ]
SQL: SELECT `title` FROM `app_category` WHERE ( `id` = 53 ) LIMIT 1   [ RunTime:0.000000s ]
SQL: SELECT * FROM `app_warehouse` WHERE ( sid=16 ) LIMIT 1   [ RunTime:0.000000s ]
SQL: SELECT `title` FROM `app_category` WHERE ( `id` = 46 ) LIMIT 1   [ RunTime:0.000000s ]
SQL: SELECT `company` FROM `app_supplier` WHERE ( id="4" ) LIMIT 1   [ RunTime:0.000000s ]
SQL: SELECT `title` FROM `app_category` WHERE ( `id` = 57 ) LIMIT 1   [ RunTime:0.000000s ]
SQL: SELECT `title` FROM `app_category` WHERE ( `id` = 49 ) LIMIT 1   [ RunTime:0.000000s ]
SQL: SELECT `title` FROM `app_category` WHERE ( `id` = 48 ) LIMIT 1   [ RunTime:0.000000s ]
SQL: SELECT * FROM `app_warehouse` WHERE ( sid=12 ) LIMIT 1   [ RunTime:0.000000s ]
NOTIC: [8] Undefined variable: num_order D:\wwwroot\liuc\Application\Admin\Model\StockModel.class.php 第 75 行.
NOTIC: [8] Undefined variable: num_order D:\wwwroot\liuc\Application\Admin\Model\StockModel.class.php 第 77 行.
NOTIC: [8] Undefined variable: type D:\wwwroot\liuc\Application\Admin\Controller\PsiController.class.php 第 1718 行.
INFO: [ view_parse ] --START--
INFO: [ template_filter ] --START--
INFO: Run Behavior\ContentReplace [ RunTime:0.000000s ]
INFO: [ template_filter ] --END-- [ RunTime:0.000000s ]
NOTIC: [2] in_array() expects parameter 2 to be array, null given D:\wwwroot\liuc\Runtime\Cache\Admin\daf31f5aa91096b46715ab3cacf07374.php 第 199 行.
NOTIC: [2] in_array() expects parameter 2 to be array, null given D:\wwwroot\liuc\Runtime\Cache\Admin\daf31f5aa91096b46715ab3cacf07374.php 第 199 行.
NOTIC: [2] in_array() expects parameter 2 to be array, null given D:\wwwroot\liuc\Runtime\Cache\Admin\daf31f5aa91096b46715ab3cacf07374.php 第 199 行.
NOTIC: [2] in_array() expects parameter 2 to be array, null given D:\wwwroot\liuc\Runtime\Cache\Admin\daf31f5aa91096b46715ab3cacf07374.php 第 199 行.
NOTIC: [2] in_array() expects parameter 2 to be array, null given D:\wwwroot\liuc\Runtime\Cache\Admin\daf31f5aa91096b46715ab3cacf07374.php 第 199 行.
NOTIC: [2] in_array() expects parameter 2 to be array, null given D:\wwwroot\liuc\Runtime\Cache\Admin\daf31f5aa91096b46715ab3cacf07374.php 第 199 行.
NOTIC: [2] in_array() expects parameter 2 to be array, null given D:\wwwroot\liuc\Runtime\Cache\Admin\daf31f5aa91096b46715ab3cacf07374.php 第 199 行.
NOTIC: [2] in_array() expects parameter 2 to be array, null given D:\wwwroot\liuc\Runtime\Cache\Admin\daf31f5aa91096b46715ab3cacf07374.php 第 199 行.
NOTIC: [2] in_array() expects parameter 2 to be array, null given D:\wwwroot\liuc\Runtime\Cache\Admin\daf31f5aa91096b46715ab3cacf07374.php 第 199 行.
NOTIC: [2] in_array() expects parameter 2 to be array, null given D:\wwwroot\liuc\Runtime\Cache\Admin\daf31f5aa91096b46715ab3cacf07374.php 第 199 行.
INFO: Run Behavior\ParseTemplate [ RunTime:0.031250s ]
INFO: [ view_parse ] --END-- [ RunTime:0.031250s ]
INFO: [ view_filter ] --START--
INFO: Run Behavior\WriteHtmlCache [ RunTime:0.000000s ]
INFO: [ view_filter ] --END-- [ RunTime:0.000000s ]
INFO: [ app_end ] --START--
INFO: Run Behavior\ShowPageTrace [ RunTime:0.000000s ]
INFO: [ app_end ] --END-- [ RunTime:0.000000s ]

