[ 2015-12-16T08:26:24+08:00 ] 218.91.152.220 /index.php?s=/Admin/Public/login.html
INFO: [ view_parse ] --START--
INFO: [ template_filter ] --START--
INFO: Run Behavior\ContentReplace [ RunTime:0.000000s ]
INFO: [ template_filter ] --END-- [ RunTime:0.000000s ]
INFO: Run Behavior\ParseTemplate [ RunTime:0.093750s ]
INFO: [ view_parse ] --END-- [ RunTime:0.093750s ]
INFO: [ view_filter ] --START--
INFO: Run Behavior\WriteHtmlCache [ RunTime:0.000000s ]
INFO: [ view_filter ] --END-- [ RunTime:0.000000s ]
INFO: [ app_end ] --START--
INFO: Run Behavior\ShowPageTrace [ RunTime:0.015625s ]
INFO: [ app_end ] --END-- [ RunTime:0.015625s ]

[ 2015-12-16T08:57:14+08:00 ] 218.91.152.220 /index.php?s=/Alipay/Index/returnurl.html
ERR: 无法加载控制器:Index

[ 2015-12-16T08:57:15+08:00 ] 218.91.152.220 /index.php?s=/Alipay/Index/returnurl.html
ERR: 无法加载控制器:Index

[ 2015-12-16T08:57:33+08:00 ] 218.91.152.220 /index.php?s=/Alipay/Index/returnurl.html
ERR: 无法加载控制器:Index

[ 2015-12-16T08:57:33+08:00 ] 218.91.152.220 /index.php?s=/Alipay/Index/returnurl.html
ERR: 无法加载控制器:Index

