[ 2015-12-24T11:24:36+08:00 ] 58.241.142.145 /index.php?s=/Admin/Psi/stock_edit.html&id=72
SQL: SHOW COLUMNS FROM `app_menu` [ RunTime:0.000000s ]
SQL: SELECT * FROM `app_menu` WHERE ( `pid` = 0 ) AND ( `hide` = 0 ) ORDER BY sort asc  [ RunTime:0.000000s ]
SQL: SELECT `id` FROM `app_menu` WHERE ( url like '%Psi/stock_edit' ) LIMIT 1   [ RunTime:0.000000s ]
SQL: SHOW COLUMNS FROM `app_menu` [ RunTime:0.000000s ]
SQL: SELECT `id`,`pid`,`title` FROM `app_menu` WHERE ( id=164 ) LIMIT 1   [ RunTime:0.000000s ]
SQL: SELECT `id`,`pid`,`title` FROM `app_menu` WHERE ( id=130 ) LIMIT 1   [ RunTime:0.000000s ]
SQL: SELECT `id`,`pid`,`title` FROM `app_menu` WHERE ( id=141 ) LIMIT 1   [ RunTime:0.000000s ]
SQL: SELECT DISTINCT  `group` FROM `app_menu` WHERE ( pid = 141 )  [ RunTime:0.000000s ]
SQL: SELECT `id`,`url` FROM `app_menu` WHERE ( `pid` = 141 ) AND ( `hide` = 0 )  [ RunTime:0.000000s ]
SQL: SELECT `id`,`pid`,`title`,`url`,`tip` FROM `app_menu` WHERE ( `group` = '商品管理' ) AND ( `pid` = 141 ) AND ( `hide` = 0 ) ORDER BY sort asc  [ RunTime:0.015625s ]
SQL: SELECT `id`,`pid`,`title`,`url`,`tip` FROM `app_menu` WHERE ( `group` = '包装品管理' ) AND ( `pid` = 141 ) AND ( `hide` = 0 ) ORDER BY sort asc  [ RunTime:0.000000s ]
SQL: SHOW COLUMNS FROM `app_stock` [ RunTime:0.000000s ]
SQL: SHOW COLUMNS FROM `app_category` [ RunTime:0.000000s ]
SQL: SHOW COLUMNS FROM `app_supplier` [ RunTime:0.015625s ]
SQL: SELECT * FROM `app_stock` WHERE ( `id` = 72 ) LIMIT 1   [ RunTime:0.000000s ]
SQL: SELECT `title` FROM `app_category` WHERE ( `id` = 42 ) LIMIT 1   [ RunTime:0.000000s ]
SQL: SELECT `company` FROM `app_supplier` WHERE ( id="0" ) LIMIT 1   [ RunTime:0.000000s ]
SQL: SELECT `title` FROM `app_category` WHERE ( `id` = 78 ) LIMIT 1   [ RunTime:0.000000s ]
SQL: SELECT `title` FROM `app_category` WHERE ( `id` = 69 ) LIMIT 1   [ RunTime:0.000000s ]
SQL: SELECT `id`,`name`,`title`,`pid`,`sort`,`list_row`,`meta_title`,`keywords`,`description`,`template_index`,`template_lists`,`template_detail`,`template_edit`,`model`,`type`,`link_id`,`allow_publish`,`display`,`reply`,`check`,`reply_model`,`extend`,`create_time`,`update_time`,`status`,`icon` FROM `app_category` WHERE ( `id` = 39 ) LIMIT 1   [ RunTime:0.000000s ]
SQL: SELECT `id`,`title`,`pid` FROM `app_category` WHERE ( `status` > -1 ) ORDER BY sort  [ RunTime:0.000000s ]
SQL: SELECT `id`,`name`,`title`,`pid`,`sort`,`list_row`,`meta_title`,`keywords`,`description`,`template_index`,`template_lists`,`template_detail`,`template_edit`,`model`,`type`,`link_id`,`allow_publish`,`display`,`reply`,`check`,`reply_model`,`extend`,`create_time`,`update_time`,`status`,`icon` FROM `app_category` WHERE ( `id` = 47 ) LIMIT 1   [ RunTime:0.000000s ]
SQL: SELECT `id`,`title`,`pid` FROM `app_category` WHERE ( `status` > -1 ) ORDER BY sort  [ RunTime:0.000000s ]
SQL: SELECT `id`,`company` FROM `app_supplier`  [ RunTime:0.000000s ]
INFO: [ view_parse ] --START--
INFO: [ template_filter ] --START--
INFO: Run Behavior\ContentReplace [ RunTime:0.000000s ]
INFO: [ template_filter ] --END-- [ RunTime:0.000000s ]
INFO: Run Behavior\ParseTemplate [ RunTime:0.031250s ]
INFO: [ view_parse ] --END-- [ RunTime:0.031250s ]
INFO: [ view_filter ] --START--
INFO: Run Behavior\WriteHtmlCache [ RunTime:0.000000s ]
INFO: [ view_filter ] --END-- [ RunTime:0.000000s ]
INFO: [ app_end ] --START--
INFO: Run Behavior\ShowPageTrace [ RunTime:0.000000s ]
INFO: [ app_end ] --END-- [ RunTime:0.000000s ]

[ 2015-12-24T11:24:37+08:00 ] 58.241.142.145 /
SQL: SHOW COLUMNS FROM `app_category` [ RunTime:0.000000s ]
SQL: SELECT `id`,`name`,`title`,`pid`,`sort`,`list_row`,`meta_title`,`keywords`,`description`,`template_index`,`template_lists`,`template_detail`,`template_edit`,`model`,`type`,`link_id`,`allow_publish`,`display`,`reply`,`check`,`reply_model`,`extend`,`create_time`,`update_time`,`status`,`icon` FROM `app_category` WHERE ( `status` = 1 ) ORDER BY sort  [ RunTime:0.000000s ]
SQL: SHOW COLUMNS FROM `app_document` [ RunTime:0.000000s ]
SQL: SELECT `id`,`uid`,`name`,`title`,`category_id`,`description`,`root`,`pid`,`model_id`,`type`,`position`,`link_id`,`cover_id`,`display`,`deadline`,`attach`,`view`,`comment`,`extend`,`level`,`create_time`,`update_time`,`status` FROM `app_document` WHERE ( `status` = 1 ) AND ( `pid` = 0 ) AND ( `create_time` < 1450927477 ) AND ( deadline = 0 OR deadline > 1450927477 ) ORDER BY `id` DESC  [ RunTime:0.000000s ]
INFO: [ view_parse ] --START--
INFO: [ template_filter ] --START--
INFO: Run Behavior\ContentReplace [ RunTime:0.000000s ]
INFO: [ template_filter ] --END-- [ RunTime:0.000000s ]
INFO: Run Behavior\ParseTemplate [ RunTime:0.015625s ]
INFO: [ view_parse ] --END-- [ RunTime:0.015625s ]
INFO: [ view_filter ] --START--
INFO: Run Behavior\WriteHtmlCache [ RunTime:0.000000s ]
INFO: [ view_filter ] --END-- [ RunTime:0.000000s ]
INFO: [ app_end ] --START--
INFO: Run Behavior\ShowPageTrace [ RunTime:0.000000s ]
INFO: [ app_end ] --END-- [ RunTime:0.000000s ]

[ 2015-12-24T11:24:37+08:00 ] 58.241.142.145 /index.php?s=/Admin/Index/index.html
SQL: SHOW COLUMNS FROM `app_menu` [ RunTime:0.000000s ]
SQL: SELECT * FROM `app_menu` WHERE ( `pid` = 0 ) AND ( `hide` = 0 ) ORDER BY sort asc  [ RunTime:0.000000s ]
SQL: SELECT `id` FROM `app_menu` WHERE ( url like '%Index/index' ) LIMIT 1   [ RunTime:0.000000s ]
SQL: SHOW COLUMNS FROM `app_menu` [ RunTime:0.000000s ]
SQL: SELECT `id`,`pid`,`title` FROM `app_menu` WHERE ( id=1 ) LIMIT 1   [ RunTime:0.000000s ]
SQL: SELECT DISTINCT  `group` FROM `app_menu` WHERE ( pid = 1 )  [ RunTime:0.000000s ]
SQL: SELECT `id`,`url` FROM `app_menu` WHERE ( `pid` = 1 ) AND ( `hide` = 0 )  [ RunTime:0.000000s ]
INFO: [ view_parse ] --START--
INFO: [ template_filter ] --START--
INFO: Run Behavior\ContentReplace [ RunTime:0.000000s ]
INFO: [ template_filter ] --END-- [ RunTime:0.000000s ]
INFO: [ AdminIndex ] --START--
SQL: SHOW COLUMNS FROM `app_addons` [ RunTime:0.000000s ]
SQL: SELECT `config` FROM `app_addons` WHERE ( `name` = 'SiteStat' ) AND ( `status` = 1 ) LIMIT 1   [ RunTime:0.000000s ]
SQL: SHOW COLUMNS FROM `app_member` [ RunTime:0.000000s ]
SQL: SELECT COUNT(*) AS tp_count FROM `app_member` LIMIT 1   [ RunTime:0.000000s ]
SQL: SHOW COLUMNS FROM `app_action_log` [ RunTime:0.000000s ]
SQL: SELECT COUNT(*) AS tp_count FROM `app_action_log` LIMIT 1   [ RunTime:0.000000s ]
SQL: SHOW COLUMNS FROM `app_document` [ RunTime:0.000000s ]
SQL: SELECT COUNT(*) AS tp_count FROM `app_document` LIMIT 1   [ RunTime:0.000000s ]
SQL: SHOW COLUMNS FROM `app_category` [ RunTime:0.000000s ]
SQL: SELECT COUNT(*) AS tp_count FROM `app_category` LIMIT 1   [ RunTime:0.000000s ]
SQL: SHOW COLUMNS FROM `app_model` [ RunTime:0.000000s ]
SQL: SELECT COUNT(*) AS tp_count FROM `app_model` LIMIT 1   [ RunTime:0.000000s ]
SQL: SHOW COLUMNS FROM `app_stock` [ RunTime:0.015625s ]
SQL: SELECT COUNT(*) AS tp_count FROM `app_stock` LIMIT 1   [ RunTime:0.000000s ]
SQL: SHOW COLUMNS FROM `app_order` [ RunTime:0.000000s ]
SQL: SELECT COUNT(*) AS tp_count FROM `app_order` LIMIT 1   [ RunTime:0.000000s ]
SQL: SHOW COLUMNS FROM `app_apply` [ RunTime:0.000000s ]
SQL: SELECT COUNT(*) AS tp_count FROM `app_apply` LIMIT 1   [ RunTime:0.000000s ]
SQL: SHOW COLUMNS FROM `app_auth_group_access` [ RunTime:0.000000s ]
SQL: SELECT COUNT(*) AS tp_count FROM `app_auth_group_access` LIMIT 1   [ RunTime:0.000000s ]
SQL: SHOW COLUMNS FROM `app_warehouse` [ RunTime:0.000000s ]
SQL: SELECT COUNT(*) AS tp_count FROM `app_warehouse` WHERE (  (`num` < min_num OR (num > max_num AND max_num != 0))  ) LIMIT 1   [ RunTime:0.000000s ]
SQL: SELECT COUNT(*) AS tp_count FROM `app_warehouse` WHERE ( `warehouse` = 1 ) LIMIT 1   [ RunTime:0.000000s ]
SQL: SELECT COUNT(*) AS tp_count FROM `app_warehouse` WHERE (  (`num` < min_num OR (num > max_num AND max_num != 0))  ) AND ( `warehouse` = 1 ) LIMIT 1   [ RunTime:0.000000s ]
INFO: [ view_parse ] --START--
INFO: [ template_filter ] --START--
INFO: Run Behavior\ContentReplace [ RunTime:0.000000s ]
INFO: [ template_filter ] --END-- [ RunTime:-0.062500s ]
INFO: Run Behavior\ParseTemplate [ RunTime:0.000000s ]
INFO: [ view_parse ] --END-- [ RunTime:0.000000s ]
INFO: [ view_filter ] --START--
INFO: Run Behavior\WriteHtmlCache [ RunTime:0.000000s ]
INFO: [ view_filter ] --END-- [ RunTime:0.000000s ]
INFO: Run SiteStat [ RunTime:0.046875s ]
SQL: SELECT `config` FROM `app_addons` WHERE ( `name` = 'SystemInfo' ) AND ( `status` = 1 ) LIMIT 1   [ RunTime:0.000000s ]
INFO: [ view_parse ] --START--
INFO: [ template_filter ] --START--
INFO: Run Behavior\ContentReplace [ RunTime:0.000000s ]
INFO: [ template_filter ] --END-- [ RunTime:-0.125000s ]
SQL: select version() as v; [ RunTime:0.000000s ]
INFO: Run Behavior\ParseTemplate [ RunTime:0.000000s ]
INFO: [ view_parse ] --END-- [ RunTime:-0.062500s ]
INFO: [ view_filter ] --START--
INFO: Run Behavior\WriteHtmlCache [ RunTime:0.000000s ]
INFO: [ view_filter ] --END-- [ RunTime:-0.062500s ]
INFO: Run SystemInfo [ RunTime:0.062500s ]
INFO: [ AdminIndex ] --END-- [ RunTime:0.109375s ]
INFO: Run Behavior\ParseTemplate [ RunTime:0.000000s ]
INFO: [ view_parse ] --END-- [ RunTime:-0.062500s ]
INFO: [ view_filter ] --START--
INFO: Run Behavior\WriteHtmlCache [ RunTime:0.000000s ]
INFO: [ view_filter ] --END-- [ RunTime:-0.062500s ]
INFO: [ app_end ] --START--
INFO: Run Behavior\ShowPageTrace [ RunTime:0.000000s ]
INFO: [ app_end ] --END-- [ RunTime:0.000000s ]

[ 2015-12-24T11:24:39+08:00 ] 58.241.142.145 /index.php?s=/Admin/Psi/stock_edit.html
INFO: [ app_begin ] --START--
INFO: Run Behavior\ReadHtmlCache [ RunTime:0.000000s ]
INFO: [ app_begin ] --END-- [ RunTime:0.000000s ]
NOTIC: [8] A session had already been started - ignoring session_start() D:\wwwroot\liuc\ThinkPHP\Common\functions.php 第 1092 行.
SQL: SHOW COLUMNS FROM `app_menu` [ RunTime:0.000000s ]
SQL: SELECT * FROM `app_menu` WHERE ( `pid` = 0 ) AND ( `hide` = 0 ) ORDER BY sort asc  [ RunTime:0.000000s ]
SQL: SELECT `id` FROM `app_menu` WHERE ( url like '%Psi/stock_edit' ) LIMIT 1   [ RunTime:0.000000s ]
SQL: SHOW COLUMNS FROM `app_menu` [ RunTime:0.000000s ]
SQL: SELECT `id`,`pid`,`title` FROM `app_menu` WHERE ( id=164 ) LIMIT 1   [ RunTime:0.000000s ]
SQL: SELECT `id`,`pid`,`title` FROM `app_menu` WHERE ( id=130 ) LIMIT 1   [ RunTime:0.000000s ]
SQL: SELECT `id`,`pid`,`title` FROM `app_menu` WHERE ( id=141 ) LIMIT 1   [ RunTime:0.000000s ]
SQL: SELECT DISTINCT  `group` FROM `app_menu` WHERE ( pid = 141 )  [ RunTime:0.000000s ]
SQL: SELECT `id`,`url` FROM `app_menu` WHERE ( `pid` = 141 ) AND ( `hide` = 0 )  [ RunTime:0.015625s ]
SQL: SELECT `id`,`pid`,`title`,`url`,`tip` FROM `app_menu` WHERE ( `group` = '商品管理' ) AND ( `pid` = 141 ) AND ( `hide` = 0 ) ORDER BY sort asc  [ RunTime:0.000000s ]
SQL: SELECT `id`,`pid`,`title`,`url`,`tip` FROM `app_menu` WHERE ( `group` = '包装品管理' ) AND ( `pid` = 141 ) AND ( `hide` = 0 ) ORDER BY sort asc  [ RunTime:0.000000s ]
SQL: SHOW COLUMNS FROM `app_stock` [ RunTime:0.000000s ]
SQL: SHOW COLUMNS FROM `app_category` [ RunTime:0.000000s ]
SQL: SHOW COLUMNS FROM `app_supplier` [ RunTime:0.015625s ]
NOTIC: [2] Invalid argument supplied for foreach() D:\wwwroot\liuc\Application\Admin\Controller\PsiController.class.php 第 1761 行.
NOTIC: [8] Undefined variable: tmp D:\wwwroot\liuc\Application\Admin\Controller\PsiController.class.php 第 1767 行.
SQL: UPDATE `app_stock` SET `code`='AMD-DQL-BZG-001',`name`='爆震传感器',`store_no`=0,`unit`='根',`category`=42,`supplier`=0,`supplier_no`='96386710',`purch_price`=0,`purch_price_off`=22,`sale_price`=0,`sale_price_off`=30,`warranty`='无质保',`bag_size`='',`box_size`='8*8*4.8',`bag_price`=0,`box_price`=0.47,`OE`=96386710,`status`=1,`note`='',`note_2`='',`id`=72,`standard`='a:1:{i:0;s:2:\"69\";}',`thumb_1`='N;' WHERE ( id=72 ) [ RunTime:0.000000s ]

[ 2015-12-24T11:24:41+08:00 ] 58.241.142.145 /index.php?s=/Admin/Psi/stock_edit.html&id=72
SQL: SHOW COLUMNS FROM `app_menu` [ RunTime:0.000000s ]
SQL: SELECT * FROM `app_menu` WHERE ( `pid` = 0 ) AND ( `hide` = 0 ) ORDER BY sort asc  [ RunTime:0.000000s ]
SQL: SELECT `id` FROM `app_menu` WHERE ( url like '%Psi/stock_edit' ) LIMIT 1   [ RunTime:0.000000s ]
SQL: SHOW COLUMNS FROM `app_menu` [ RunTime:0.000000s ]
SQL: SELECT `id`,`pid`,`title` FROM `app_menu` WHERE ( id=164 ) LIMIT 1   [ RunTime:0.000000s ]
SQL: SELECT `id`,`pid`,`title` FROM `app_menu` WHERE ( id=130 ) LIMIT 1   [ RunTime:0.000000s ]
SQL: SELECT `id`,`pid`,`title` FROM `app_menu` WHERE ( id=141 ) LIMIT 1   [ RunTime:0.000000s ]
SQL: SELECT DISTINCT  `group` FROM `app_menu` WHERE ( pid = 141 )  [ RunTime:0.000000s ]
SQL: SELECT `id`,`url` FROM `app_menu` WHERE ( `pid` = 141 ) AND ( `hide` = 0 )  [ RunTime:0.000000s ]
SQL: SELECT `id`,`pid`,`title`,`url`,`tip` FROM `app_menu` WHERE ( `group` = '商品管理' ) AND ( `pid` = 141 ) AND ( `hide` = 0 ) ORDER BY sort asc  [ RunTime:0.015625s ]
SQL: SELECT `id`,`pid`,`title`,`url`,`tip` FROM `app_menu` WHERE ( `group` = '包装品管理' ) AND ( `pid` = 141 ) AND ( `hide` = 0 ) ORDER BY sort asc  [ RunTime:0.000000s ]
SQL: SHOW COLUMNS FROM `app_stock` [ RunTime:0.000000s ]
SQL: SHOW COLUMNS FROM `app_category` [ RunTime:0.000000s ]
SQL: SHOW COLUMNS FROM `app_supplier` [ RunTime:0.000000s ]
SQL: SELECT * FROM `app_stock` WHERE ( `id` = 72 ) LIMIT 1   [ RunTime:0.000000s ]
SQL: SELECT `title` FROM `app_category` WHERE ( `id` = 42 ) LIMIT 1   [ RunTime:0.000000s ]
SQL: SELECT `company` FROM `app_supplier` WHERE ( id="0" ) LIMIT 1   [ RunTime:0.000000s ]
SQL: SELECT `title` FROM `app_category` WHERE ( `id` = 69 ) LIMIT 1   [ RunTime:0.000000s ]
SQL: SELECT `id`,`name`,`title`,`pid`,`sort`,`list_row`,`meta_title`,`keywords`,`description`,`template_index`,`template_lists`,`template_detail`,`template_edit`,`model`,`type`,`link_id`,`allow_publish`,`display`,`reply`,`check`,`reply_model`,`extend`,`create_time`,`update_time`,`status`,`icon` FROM `app_category` WHERE ( `id` = 39 ) LIMIT 1   [ RunTime:0.000000s ]
SQL: SELECT `id`,`title`,`pid` FROM `app_category` WHERE ( `status` > -1 ) ORDER BY sort  [ RunTime:0.000000s ]
SQL: SELECT `id`,`name`,`title`,`pid`,`sort`,`list_row`,`meta_title`,`keywords`,`description`,`template_index`,`template_lists`,`template_detail`,`template_edit`,`model`,`type`,`link_id`,`allow_publish`,`display`,`reply`,`check`,`reply_model`,`extend`,`create_time`,`update_time`,`status`,`icon` FROM `app_category` WHERE ( `id` = 47 ) LIMIT 1   [ RunTime:0.000000s ]
SQL: SELECT `id`,`title`,`pid` FROM `app_category` WHERE ( `status` > -1 ) ORDER BY sort  [ RunTime:0.000000s ]
SQL: SELECT `id`,`company` FROM `app_supplier`  [ RunTime:0.000000s ]
INFO: [ view_parse ] --START--
INFO: [ template_filter ] --START--
INFO: Run Behavior\ContentReplace [ RunTime:0.000000s ]
INFO: [ template_filter ] --END-- [ RunTime:0.000000s ]
INFO: Run Behavior\ParseTemplate [ RunTime:0.031250s ]
INFO: [ view_parse ] --END-- [ RunTime:0.031250s ]
INFO: [ view_filter ] --START--
INFO: Run Behavior\WriteHtmlCache [ RunTime:0.000000s ]
INFO: [ view_filter ] --END-- [ RunTime:0.000000s ]
INFO: [ app_end ] --START--
INFO: Run Behavior\ShowPageTrace [ RunTime:0.000000s ]
INFO: [ app_end ] --END-- [ RunTime:0.000000s ]

[ 2015-12-24T11:24:42+08:00 ] 58.241.142.145 /
SQL: SHOW COLUMNS FROM `app_category` [ RunTime:0.000000s ]
SQL: SELECT `id`,`name`,`title`,`pid`,`sort`,`list_row`,`meta_title`,`keywords`,`description`,`template_index`,`template_lists`,`template_detail`,`template_edit`,`model`,`type`,`link_id`,`allow_publish`,`display`,`reply`,`check`,`reply_model`,`extend`,`create_time`,`update_time`,`status`,`icon` FROM `app_category` WHERE ( `status` = 1 ) ORDER BY sort  [ RunTime:0.000000s ]
SQL: SHOW COLUMNS FROM `app_document` [ RunTime:0.000000s ]
SQL: SELECT `id`,`uid`,`name`,`title`,`category_id`,`description`,`root`,`pid`,`model_id`,`type`,`position`,`link_id`,`cover_id`,`display`,`deadline`,`attach`,`view`,`comment`,`extend`,`level`,`create_time`,`update_time`,`status` FROM `app_document` WHERE ( `status` = 1 ) AND ( `pid` = 0 ) AND ( `create_time` < 1450927481 ) AND ( deadline = 0 OR deadline > 1450927481 ) ORDER BY `id` DESC  [ RunTime:0.000000s ]
INFO: [ view_parse ] --START--
INFO: [ template_filter ] --START--
INFO: Run Behavior\ContentReplace [ RunTime:0.000000s ]
INFO: [ template_filter ] --END-- [ RunTime:0.000000s ]
INFO: Run Behavior\ParseTemplate [ RunTime:0.015625s ]
INFO: [ view_parse ] --END-- [ RunTime:0.015625s ]
INFO: [ view_filter ] --START--
INFO: Run Behavior\WriteHtmlCache [ RunTime:0.000000s ]
INFO: [ view_filter ] --END-- [ RunTime:0.000000s ]
INFO: [ app_end ] --START--
INFO: Run Behavior\ShowPageTrace [ RunTime:0.000000s ]
INFO: [ app_end ] --END-- [ RunTime:0.000000s ]

[ 2015-12-24T11:24:42+08:00 ] 58.241.142.145 /index.php?s=/Admin/Index/index.html
SQL: SHOW COLUMNS FROM `app_menu` [ RunTime:0.000000s ]
SQL: SELECT * FROM `app_menu` WHERE ( `pid` = 0 ) AND ( `hide` = 0 ) ORDER BY sort asc  [ RunTime:0.000000s ]
SQL: SELECT `id` FROM `app_menu` WHERE ( url like '%Index/index' ) LIMIT 1   [ RunTime:0.000000s ]
SQL: SHOW COLUMNS FROM `app_menu` [ RunTime:0.000000s ]
SQL: SELECT `id`,`pid`,`title` FROM `app_menu` WHERE ( id=1 ) LIMIT 1   [ RunTime:0.000000s ]
SQL: SELECT DISTINCT  `group` FROM `app_menu` WHERE ( pid = 1 )  [ RunTime:0.000000s ]
SQL: SELECT `id`,`url` FROM `app_menu` WHERE ( `pid` = 1 ) AND ( `hide` = 0 )  [ RunTime:0.000000s ]
INFO: [ view_parse ] --START--
INFO: [ template_filter ] --START--
INFO: Run Behavior\ContentReplace [ RunTime:0.000000s ]
INFO: [ template_filter ] --END-- [ RunTime:0.000000s ]
INFO: [ AdminIndex ] --START--
SQL: SHOW COLUMNS FROM `app_addons` [ RunTime:0.000000s ]
SQL: SELECT `config` FROM `app_addons` WHERE ( `name` = 'SiteStat' ) AND ( `status` = 1 ) LIMIT 1   [ RunTime:0.000000s ]
SQL: SHOW COLUMNS FROM `app_member` [ RunTime:0.000000s ]
SQL: SELECT COUNT(*) AS tp_count FROM `app_member` LIMIT 1   [ RunTime:0.000000s ]
SQL: SHOW COLUMNS FROM `app_action_log` [ RunTime:0.000000s ]
SQL: SELECT COUNT(*) AS tp_count FROM `app_action_log` LIMIT 1   [ RunTime:0.000000s ]
SQL: SHOW COLUMNS FROM `app_document` [ RunTime:0.015625s ]
SQL: SELECT COUNT(*) AS tp_count FROM `app_document` LIMIT 1   [ RunTime:0.000000s ]
SQL: SHOW COLUMNS FROM `app_category` [ RunTime:0.000000s ]
SQL: SELECT COUNT(*) AS tp_count FROM `app_category` LIMIT 1   [ RunTime:0.000000s ]
SQL: SHOW COLUMNS FROM `app_model` [ RunTime:0.000000s ]
SQL: SELECT COUNT(*) AS tp_count FROM `app_model` LIMIT 1   [ RunTime:0.000000s ]
SQL: SHOW COLUMNS FROM `app_stock` [ RunTime:0.000000s ]
SQL: SELECT COUNT(*) AS tp_count FROM `app_stock` LIMIT 1   [ RunTime:0.015625s ]
SQL: SHOW COLUMNS FROM `app_order` [ RunTime:0.000000s ]
SQL: SELECT COUNT(*) AS tp_count FROM `app_order` LIMIT 1   [ RunTime:0.000000s ]
SQL: SHOW COLUMNS FROM `app_apply` [ RunTime:0.000000s ]
SQL: SELECT COUNT(*) AS tp_count FROM `app_apply` LIMIT 1   [ RunTime:0.000000s ]
SQL: SHOW COLUMNS FROM `app_auth_group_access` [ RunTime:0.000000s ]
SQL: SELECT COUNT(*) AS tp_count FROM `app_auth_group_access` LIMIT 1   [ RunTime:0.000000s ]
SQL: SHOW COLUMNS FROM `app_warehouse` [ RunTime:0.015625s ]
SQL: SELECT COUNT(*) AS tp_count FROM `app_warehouse` WHERE (  (`num` < min_num OR (num > max_num AND max_num != 0))  ) LIMIT 1   [ RunTime:0.000000s ]
SQL: SELECT COUNT(*) AS tp_count FROM `app_warehouse` WHERE ( `warehouse` = 1 ) LIMIT 1   [ RunTime:0.000000s ]
SQL: SELECT COUNT(*) AS tp_count FROM `app_warehouse` WHERE (  (`num` < min_num OR (num > max_num AND max_num != 0))  ) AND ( `warehouse` = 1 ) LIMIT 1   [ RunTime:0.000000s ]
INFO: [ view_parse ] --START--
INFO: [ template_filter ] --START--
INFO: Run Behavior\ContentReplace [ RunTime:0.000000s ]
INFO: [ template_filter ] --END-- [ RunTime:-0.062500s ]
INFO: Run Behavior\ParseTemplate [ RunTime:0.000000s ]
INFO: [ view_parse ] --END-- [ RunTime:0.000000s ]
INFO: [ view_filter ] --START--
INFO: Run Behavior\WriteHtmlCache [ RunTime:0.000000s ]
INFO: [ view_filter ] --END-- [ RunTime:0.000000s ]
INFO: Run SiteStat [ RunTime:0.062500s ]
SQL: SELECT `config` FROM `app_addons` WHERE ( `name` = 'SystemInfo' ) AND ( `status` = 1 ) LIMIT 1   [ RunTime:0.000000s ]
INFO: [ view_parse ] --START--
INFO: [ template_filter ] --START--
INFO: Run Behavior\ContentReplace [ RunTime:0.000000s ]
INFO: [ template_filter ] --END-- [ RunTime:-0.109375s ]
SQL: select version() as v; [ RunTime:0.000000s ]
INFO: Run Behavior\ParseTemplate [ RunTime:0.000000s ]
INFO: [ view_parse ] --END-- [ RunTime:-0.046875s ]
INFO: [ view_filter ] --START--
INFO: Run Behavior\WriteHtmlCache [ RunTime:0.000000s ]
INFO: [ view_filter ] --END-- [ RunTime:-0.046875s ]
INFO: Run SystemInfo [ RunTime:0.046875s ]
INFO: [ AdminIndex ] --END-- [ RunTime:0.109375s ]
INFO: Run Behavior\ParseTemplate [ RunTime:0.000000s ]
INFO: [ view_parse ] --END-- [ RunTime:-0.046875s ]
INFO: [ view_filter ] --START--
INFO: Run Behavior\WriteHtmlCache [ RunTime:0.000000s ]
INFO: [ view_filter ] --END-- [ RunTime:-0.046875s ]
INFO: [ app_end ] --START--
INFO: Run Behavior\ShowPageTrace [ RunTime:0.000000s ]
INFO: [ app_end ] --END-- [ RunTime:0.000000s ]

[ 2015-12-24T11:24:46+08:00 ] 58.241.142.145 /index.php?s=/Admin/Psi/stock.html
SQL: SHOW COLUMNS FROM `app_menu` [ RunTime:0.000000s ]
SQL: SELECT * FROM `app_menu` WHERE ( `pid` = 0 ) AND ( `hide` = 0 ) ORDER BY sort asc  [ RunTime:0.000000s ]
SQL: SELECT `id` FROM `app_menu` WHERE ( url like '%Psi/stock' ) LIMIT 1   [ RunTime:0.000000s ]
SQL: SHOW COLUMNS FROM `app_menu` [ RunTime:0.000000s ]
SQL: SELECT `id`,`pid`,`title` FROM `app_menu` WHERE ( id=130 ) LIMIT 1   [ RunTime:0.000000s ]
SQL: SELECT `id`,`pid`,`title` FROM `app_menu` WHERE ( id=141 ) LIMIT 1   [ RunTime:0.000000s ]
SQL: SELECT DISTINCT  `group` FROM `app_menu` WHERE ( pid = 141 )  [ RunTime:0.000000s ]
SQL: SELECT `id`,`url` FROM `app_menu` WHERE ( `pid` = 141 ) AND ( `hide` = 0 )  [ RunTime:0.000000s ]
SQL: SELECT `id`,`pid`,`title`,`url`,`tip` FROM `app_menu` WHERE ( `group` = '商品管理' ) AND ( `pid` = 141 ) AND ( `hide` = 0 ) ORDER BY sort asc  [ RunTime:0.000000s ]
SQL: SELECT `id`,`pid`,`title`,`url`,`tip` FROM `app_menu` WHERE ( `group` = '包装品管理' ) AND ( `pid` = 141 ) AND ( `hide` = 0 ) ORDER BY sort asc  [ RunTime:0.000000s ]
SQL: SHOW COLUMNS FROM `app_category` [ RunTime:0.000000s ]
SQL: SELECT `id`,`name`,`title`,`pid`,`sort`,`list_row`,`meta_title`,`keywords`,`description`,`template_index`,`template_lists`,`template_detail`,`template_edit`,`model`,`type`,`link_id`,`allow_publish`,`display`,`reply`,`check`,`reply_model`,`extend`,`create_time`,`update_time`,`status`,`icon` FROM `app_category` WHERE ( `id` = 39 ) LIMIT 1   [ RunTime:0.000000s ]
SQL: SELECT `id`,`title`,`pid` FROM `app_category` WHERE ( `status` > -1 ) ORDER BY sort  [ RunTime:0.000000s ]
SQL: SHOW COLUMNS FROM `app_supplier` [ RunTime:0.000000s ]
NOTIC: [8] Undefined variable: where D:\wwwroot\liuc\Application\Admin\Controller\PsiController.class.php 第 1684 行.
SQL: SELECT `id`,`company` FROM `app_supplier`  [ RunTime:0.000000s ]
SQL: SHOW COLUMNS FROM `app_stock` [ RunTime:0.015625s ]
SQL: SELECT COUNT(*) AS tp_count FROM `app_stock` WHERE ( `category` LIKE '%%' ) AND ( `supplier` LIKE '%%' ) AND ( `status` LIKE '%%' ) ORDER BY id desc LIMIT 1   [ RunTime:0.000000s ]
SQL: SELECT `id`,`code`,`name`,`category`,`supplier`,`standard`,`OE`,`sale_price`,`sale_price_off`,`status` FROM `app_stock` WHERE ( `category` LIKE '%%' ) AND ( `supplier` LIKE '%%' ) AND ( `status` LIKE '%%' ) ORDER BY id desc LIMIT 0,20   [ RunTime:0.000000s ]
SQL: SELECT `title` FROM `app_category` WHERE ( `id` = 42 ) LIMIT 1   [ RunTime:0.000000s ]
SQL: SELECT `company` FROM `app_supplier` WHERE ( id="0" ) LIMIT 1   [ RunTime:0.000000s ]
SQL: SELECT `title` FROM `app_category` WHERE ( `id` = 69 ) LIMIT 1   [ RunTime:0.000000s ]
SQL: SHOW COLUMNS FROM `app_warehouse` [ RunTime:0.000000s ]
SQL: SELECT * FROM `app_warehouse` WHERE ( sid=72 ) LIMIT 1   [ RunTime:0.000000s ]
SQL: SELECT `title` FROM `app_category` WHERE ( `id` = 42 ) LIMIT 1   [ RunTime:0.000000s ]
SQL: SELECT `company` FROM `app_supplier` WHERE ( id="0" ) LIMIT 1   [ RunTime:0.000000s ]
SQL: SELECT `title` FROM `app_category` WHERE ( `id` = 77 ) LIMIT 1   [ RunTime:0.000000s ]
SQL: SELECT * FROM `app_warehouse` WHERE ( sid=71 ) LIMIT 1   [ RunTime:0.000000s ]
SQL: SELECT `title` FROM `app_category` WHERE ( `id` = 42 ) LIMIT 1   [ RunTime:0.000000s ]
SQL: SELECT `company` FROM `app_supplier` WHERE ( id="0" ) LIMIT 1   [ RunTime:0.000000s ]
SQL: SELECT `title` FROM `app_category` WHERE ( `id` = 76 ) LIMIT 1   [ RunTime:0.015625s ]
SQL: SELECT * FROM `app_warehouse` WHERE ( sid=70 ) LIMIT 1   [ RunTime:0.000000s ]
SQL: SELECT `title` FROM `app_category` WHERE ( `id` = 41 ) LIMIT 1   [ RunTime:0.000000s ]
SQL: SELECT `company` FROM `app_supplier` WHERE ( id="0" ) LIMIT 1   [ RunTime:0.000000s ]
SQL: SELECT `title` FROM `app_category` WHERE ( `id` = 64 ) LIMIT 1   [ RunTime:0.000000s ]
SQL: SELECT * FROM `app_warehouse` WHERE ( sid=69 ) LIMIT 1   [ RunTime:0.000000s ]
SQL: SELECT `title` FROM `app_category` WHERE ( `id` = 41 ) LIMIT 1   [ RunTime:0.000000s ]
SQL: SELECT `company` FROM `app_supplier` WHERE ( id="0" ) LIMIT 1   [ RunTime:0.000000s ]
SQL: SELECT `title` FROM `app_category` WHERE ( `id` = 72 ) LIMIT 1   [ RunTime:0.000000s ]
SQL: SELECT * FROM `app_warehouse` WHERE ( sid=68 ) LIMIT 1   [ RunTime:0.000000s ]
SQL: SELECT `title` FROM `app_category` WHERE ( `id` = 41 ) LIMIT 1   [ RunTime:0.000000s ]
SQL: SELECT `company` FROM `app_supplier` WHERE ( id="0" ) LIMIT 1   [ RunTime:0.000000s ]
SQL: SELECT `title` FROM `app_category` WHERE ( `id` = 71 ) LIMIT 1   [ RunTime:0.000000s ]
SQL: SELECT * FROM `app_warehouse` WHERE ( sid=67 ) LIMIT 1   [ RunTime:0.000000s ]
SQL: SELECT `title` FROM `app_category` WHERE ( `id` = 41 ) LIMIT 1   [ RunTime:0.000000s ]
SQL: SELECT `company` FROM `app_supplier` WHERE ( id="0" ) LIMIT 1   [ RunTime:0.000000s ]
SQL: SELECT `title` FROM `app_category` WHERE ( `id` = 70 ) LIMIT 1   [ RunTime:0.000000s ]
SQL: SELECT * FROM `app_warehouse` WHERE ( sid=66 ) LIMIT 1   [ RunTime:0.000000s ]
SQL: SELECT `title` FROM `app_category` WHERE ( `id` = 41 ) LIMIT 1   [ RunTime:0.000000s ]
SQL: SELECT `company` FROM `app_supplier` WHERE ( id="0" ) LIMIT 1   [ RunTime:0.000000s ]
SQL: SELECT `title` FROM `app_category` WHERE ( `id` = 69 ) LIMIT 1   [ RunTime:0.000000s ]
SQL: SELECT * FROM `app_warehouse` WHERE ( sid=65 ) LIMIT 1   [ RunTime:0.000000s ]
SQL: SELECT `title` FROM `app_category` WHERE ( `id` = 41 ) LIMIT 1   [ RunTime:0.000000s ]
SQL: SELECT `company` FROM `app_supplier` WHERE ( id="0" ) LIMIT 1   [ RunTime:0.000000s ]
SQL: SELECT `title` FROM `app_category` WHERE ( `id` = 67 ) LIMIT 1   [ RunTime:0.000000s ]
SQL: SELECT * FROM `app_warehouse` WHERE ( sid=64 ) LIMIT 1   [ RunTime:0.015625s ]
SQL: SELECT `title` FROM `app_category` WHERE ( `id` = 41 ) LIMIT 1   [ RunTime:0.000000s ]
SQL: SELECT `company` FROM `app_supplier` WHERE ( id="0" ) LIMIT 1   [ RunTime:0.000000s ]
SQL: SELECT `title` FROM `app_category` WHERE ( `id` = 65 ) LIMIT 1   [ RunTime:0.000000s ]
SQL: SELECT * FROM `app_warehouse` WHERE ( sid=63 ) LIMIT 1   [ RunTime:0.000000s ]
SQL: SELECT `title` FROM `app_category` WHERE ( `id` = 41 ) LIMIT 1   [ RunTime:0.000000s ]
SQL: SELECT `company` FROM `app_supplier` WHERE ( id="0" ) LIMIT 1   [ RunTime:0.000000s ]
SQL: SELECT `title` FROM `app_category` WHERE ( `id` = 72 ) LIMIT 1   [ RunTime:0.000000s ]
SQL: SELECT * FROM `app_warehouse` WHERE ( sid=62 ) LIMIT 1   [ RunTime:0.000000s ]
SQL: SELECT `title` FROM `app_category` WHERE ( `id` = 41 ) LIMIT 1   [ RunTime:0.000000s ]
SQL: SELECT `company` FROM `app_supplier` WHERE ( id="0" ) LIMIT 1   [ RunTime:0.000000s ]
SQL: SELECT `title` FROM `app_category` WHERE ( `id` = 71 ) LIMIT 1   [ RunTime:0.000000s ]
SQL: SELECT * FROM `app_warehouse` WHERE ( sid=61 ) LIMIT 1   [ RunTime:0.000000s ]
SQL: SELECT `title` FROM `app_category` WHERE ( `id` = 41 ) LIMIT 1   [ RunTime:0.000000s ]
SQL: SELECT `company` FROM `app_supplier` WHERE ( id="0" ) LIMIT 1   [ RunTime:0.000000s ]
SQL: SELECT `title` FROM `app_category` WHERE ( `id` = 70 ) LIMIT 1   [ RunTime:0.000000s ]
SQL: SELECT * FROM `app_warehouse` WHERE ( sid=60 ) LIMIT 1   [ RunTime:0.000000s ]
SQL: SELECT `title` FROM `app_category` WHERE ( `id` = 41 ) LIMIT 1   [ RunTime:0.000000s ]
SQL: SELECT `company` FROM `app_supplier` WHERE ( id="0" ) LIMIT 1   [ RunTime:0.000000s ]
SQL: SELECT `title` FROM `app_category` WHERE ( `id` = 69 ) LIMIT 1   [ RunTime:0.000000s ]
SQL: SELECT * FROM `app_warehouse` WHERE ( sid=59 ) LIMIT 1   [ RunTime:0.000000s ]
SQL: SELECT `title` FROM `app_category` WHERE ( `id` = 41 ) LIMIT 1   [ RunTime:0.000000s ]
SQL: SELECT `company` FROM `app_supplier` WHERE ( id="0" ) LIMIT 1   [ RunTime:0.000000s ]
SQL: SELECT `title` FROM `app_category` WHERE ( `id` = 67 ) LIMIT 1   [ RunTime:0.000000s ]
SQL: SELECT * FROM `app_warehouse` WHERE ( sid=58 ) LIMIT 1   [ RunTime:0.000000s ]
SQL: SELECT `title` FROM `app_category` WHERE ( `id` = 41 ) LIMIT 1   [ RunTime:0.000000s ]
SQL: SELECT `company` FROM `app_supplier` WHERE ( id="0" ) LIMIT 1   [ RunTime:0.000000s ]
SQL: SELECT `title` FROM `app_category` WHERE ( `id` = 66 ) LIMIT 1   [ RunTime:0.015625s ]
SQL: SELECT * FROM `app_warehouse` WHERE ( sid=57 ) LIMIT 1   [ RunTime:0.000000s ]
SQL: SELECT `title` FROM `app_category` WHERE ( `id` = 41 ) LIMIT 1   [ RunTime:0.000000s ]
SQL: SELECT `company` FROM `app_supplier` WHERE ( id="0" ) LIMIT 1   [ RunTime:0.000000s ]
SQL: SELECT `title` FROM `app_category` WHERE ( `id` = 65 ) LIMIT 1   [ RunTime:0.000000s ]
SQL: SELECT * FROM `app_warehouse` WHERE ( sid=56 ) LIMIT 1   [ RunTime:0.000000s ]
SQL: SELECT `title` FROM `app_category` WHERE ( `id` = 41 ) LIMIT 1   [ RunTime:0.000000s ]
SQL: SELECT `company` FROM `app_supplier` WHERE ( id="0" ) LIMIT 1   [ RunTime:0.000000s ]
SQL: SELECT `title` FROM `app_category` WHERE ( `id` = 64 ) LIMIT 1   [ RunTime:0.000000s ]
SQL: SELECT * FROM `app_warehouse` WHERE ( sid=55 ) LIMIT 1   [ RunTime:0.000000s ]
SQL: SELECT `title` FROM `app_category` WHERE ( `id` = 41 ) LIMIT 1   [ RunTime:0.000000s ]
SQL: SELECT `company` FROM `app_supplier` WHERE ( id="0" ) LIMIT 1   [ RunTime:0.000000s ]
SQL: SELECT `title` FROM `app_category` WHERE ( `id` = 63 ) LIMIT 1   [ RunTime:0.000000s ]
SQL: SELECT * FROM `app_warehouse` WHERE ( sid=54 ) LIMIT 1   [ RunTime:0.000000s ]
SQL: SELECT `title` FROM `app_category` WHERE ( `id` = 41 ) LIMIT 1   [ RunTime:0.000000s ]
SQL: SELECT `company` FROM `app_supplier` WHERE ( id="0" ) LIMIT 1   [ RunTime:0.000000s ]
SQL: SELECT `title` FROM `app_category` WHERE ( `id` = 62 ) LIMIT 1   [ RunTime:0.000000s ]
SQL: SELECT * FROM `app_warehouse` WHERE ( sid=53 ) LIMIT 1   [ RunTime:0.000000s ]
NOTIC: [8] Undefined variable: num_order D:\wwwroot\liuc\Application\Admin\Model\StockModel.class.php 第 75 行.
NOTIC: [8] Undefined variable: num_order D:\wwwroot\liuc\Application\Admin\Model\StockModel.class.php 第 77 行.
NOTIC: [8] Undefined variable: type D:\wwwroot\liuc\Application\Admin\Controller\PsiController.class.php 第 1722 行.
INFO: [ view_parse ] --START--
INFO: [ template_filter ] --START--
INFO: Run Behavior\ContentReplace [ RunTime:0.000000s ]
INFO: [ template_filter ] --END-- [ RunTime:0.000000s ]
INFO: Run Behavior\ParseTemplate [ RunTime:0.046875s ]
INFO: [ view_parse ] --END-- [ RunTime:0.046875s ]
INFO: [ view_filter ] --START--
INFO: Run Behavior\WriteHtmlCache [ RunTime:0.000000s ]
INFO: [ view_filter ] --END-- [ RunTime:0.000000s ]
INFO: [ app_end ] --START--
INFO: Run Behavior\ShowPageTrace [ RunTime:0.000000s ]
INFO: [ app_end ] --END-- [ RunTime:0.000000s ]

[ 2015-12-24T11:27:50+08:00 ] 58.241.142.145 /
SQL: SHOW COLUMNS FROM `app_category` [ RunTime:0.000000s ]
SQL: SELECT `id`,`name`,`title`,`pid`,`sort`,`list_row`,`meta_title`,`keywords`,`description`,`template_index`,`template_lists`,`template_detail`,`template_edit`,`model`,`type`,`link_id`,`allow_publish`,`display`,`reply`,`check`,`reply_model`,`extend`,`create_time`,`update_time`,`status`,`icon` FROM `app_category` WHERE ( `status` = 1 ) ORDER BY sort  [ RunTime:0.000000s ]
SQL: SHOW COLUMNS FROM `app_document` [ RunTime:0.000000s ]
SQL: SELECT `id`,`uid`,`name`,`title`,`category_id`,`description`,`root`,`pid`,`model_id`,`type`,`position`,`link_id`,`cover_id`,`display`,`deadline`,`attach`,`view`,`comment`,`extend`,`level`,`create_time`,`update_time`,`status` FROM `app_document` WHERE ( `status` = 1 ) AND ( `pid` = 0 ) AND ( `create_time` < 1450927670 ) AND ( deadline = 0 OR deadline > 1450927670 ) ORDER BY `id` DESC  [ RunTime:0.000000s ]
INFO: [ view_parse ] --START--
INFO: [ template_filter ] --START--
INFO: Run Behavior\ContentReplace [ RunTime:0.000000s ]
INFO: [ template_filter ] --END-- [ RunTime:0.000000s ]
INFO: Run Behavior\ParseTemplate [ RunTime:0.015625s ]
INFO: [ view_parse ] --END-- [ RunTime:0.015625s ]
INFO: [ view_filter ] --START--
INFO: Run Behavior\WriteHtmlCache [ RunTime:0.000000s ]
INFO: [ view_filter ] --END-- [ RunTime:0.000000s ]
INFO: [ app_end ] --START--
INFO: Run Behavior\ShowPageTrace [ RunTime:0.000000s ]
INFO: [ app_end ] --END-- [ RunTime:0.000000s ]

[ 2015-12-24T11:27:51+08:00 ] 58.241.142.145 /index.php?s=/Admin/Index/index.html
SQL: SHOW COLUMNS FROM `app_menu` [ RunTime:0.000000s ]
SQL: SELECT * FROM `app_menu` WHERE ( `pid` = 0 ) AND ( `hide` = 0 ) ORDER BY sort asc  [ RunTime:0.000000s ]
SQL: SELECT `id` FROM `app_menu` WHERE ( url like '%Index/index' ) LIMIT 1   [ RunTime:0.000000s ]
SQL: SHOW COLUMNS FROM `app_menu` [ RunTime:0.000000s ]
SQL: SELECT `id`,`pid`,`title` FROM `app_menu` WHERE ( id=1 ) LIMIT 1   [ RunTime:0.000000s ]
SQL: SELECT DISTINCT  `group` FROM `app_menu` WHERE ( pid = 1 )  [ RunTime:0.000000s ]
SQL: SELECT `id`,`url` FROM `app_menu` WHERE ( `pid` = 1 ) AND ( `hide` = 0 )  [ RunTime:0.000000s ]
INFO: [ view_parse ] --START--
INFO: [ template_filter ] --START--
INFO: Run Behavior\ContentReplace [ RunTime:0.000000s ]
INFO: [ template_filter ] --END-- [ RunTime:0.000000s ]
INFO: [ AdminIndex ] --START--
SQL: SHOW COLUMNS FROM `app_addons` [ RunTime:0.000000s ]
SQL: SELECT `config` FROM `app_addons` WHERE ( `name` = 'SiteStat' ) AND ( `status` = 1 ) LIMIT 1   [ RunTime:0.000000s ]
SQL: SHOW COLUMNS FROM `app_member` [ RunTime:0.000000s ]
SQL: SELECT COUNT(*) AS tp_count FROM `app_member` LIMIT 1   [ RunTime:0.000000s ]
SQL: SHOW COLUMNS FROM `app_action_log` [ RunTime:0.000000s ]
SQL: SELECT COUNT(*) AS tp_count FROM `app_action_log` LIMIT 1   [ RunTime:0.015625s ]
SQL: SHOW COLUMNS FROM `app_document` [ RunTime:0.000000s ]
SQL: SELECT COUNT(*) AS tp_count FROM `app_document` LIMIT 1   [ RunTime:0.000000s ]
SQL: SHOW COLUMNS FROM `app_category` [ RunTime:0.000000s ]
SQL: SELECT COUNT(*) AS tp_count FROM `app_category` LIMIT 1   [ RunTime:0.000000s ]
SQL: SHOW COLUMNS FROM `app_model` [ RunTime:0.000000s ]
SQL: SELECT COUNT(*) AS tp_count FROM `app_model` LIMIT 1   [ RunTime:0.000000s ]
SQL: SHOW COLUMNS FROM `app_stock` [ RunTime:0.015625s ]
SQL: SELECT COUNT(*) AS tp_count FROM `app_stock` LIMIT 1   [ RunTime:0.000000s ]
SQL: SHOW COLUMNS FROM `app_order` [ RunTime:0.000000s ]
SQL: SELECT COUNT(*) AS tp_count FROM `app_order` LIMIT 1   [ RunTime:0.000000s ]
SQL: SHOW COLUMNS FROM `app_apply` [ RunTime:0.000000s ]
SQL: SELECT COUNT(*) AS tp_count FROM `app_apply` LIMIT 1   [ RunTime:0.000000s ]
SQL: SHOW COLUMNS FROM `app_auth_group_access` [ RunTime:0.000000s ]
SQL: SELECT COUNT(*) AS tp_count FROM `app_auth_group_access` LIMIT 1   [ RunTime:0.000000s ]
SQL: SHOW COLUMNS FROM `app_warehouse` [ RunTime:0.000000s ]
SQL: SELECT COUNT(*) AS tp_count FROM `app_warehouse` WHERE (  (`num` < min_num OR (num > max_num AND max_num != 0))  ) LIMIT 1   [ RunTime:0.000000s ]
SQL: SELECT COUNT(*) AS tp_count FROM `app_warehouse` WHERE ( `warehouse` = 1 ) LIMIT 1   [ RunTime:0.000000s ]
SQL: SELECT COUNT(*) AS tp_count FROM `app_warehouse` WHERE (  (`num` < min_num OR (num > max_num AND max_num != 0))  ) AND ( `warehouse` = 1 ) LIMIT 1   [ RunTime:0.000000s ]
INFO: [ view_parse ] --START--
INFO: [ template_filter ] --START--
INFO: Run Behavior\ContentReplace [ RunTime:0.000000s ]
INFO: [ template_filter ] --END-- [ RunTime:-0.062500s ]
INFO: Run Behavior\ParseTemplate [ RunTime:0.000000s ]
INFO: [ view_parse ] --END-- [ RunTime:0.000000s ]
INFO: [ view_filter ] --START--
INFO: Run Behavior\WriteHtmlCache [ RunTime:0.000000s ]
INFO: [ view_filter ] --END-- [ RunTime:0.000000s ]
INFO: Run SiteStat [ RunTime:0.046875s ]
SQL: SELECT `config` FROM `app_addons` WHERE ( `name` = 'SystemInfo' ) AND ( `status` = 1 ) LIMIT 1   [ RunTime:0.000000s ]
INFO: [ view_parse ] --START--
INFO: [ template_filter ] --START--
INFO: Run Behavior\ContentReplace [ RunTime:0.000000s ]
INFO: [ template_filter ] --END-- [ RunTime:-0.125000s ]
SQL: select version() as v; [ RunTime:0.000000s ]
INFO: Run Behavior\ParseTemplate [ RunTime:0.000000s ]
INFO: [ view_parse ] --END-- [ RunTime:-0.062500s ]
INFO: [ view_filter ] --START--
INFO: Run Behavior\WriteHtmlCache [ RunTime:0.000000s ]
INFO: [ view_filter ] --END-- [ RunTime:-0.062500s ]
INFO: Run SystemInfo [ RunTime:0.062500s ]
INFO: [ AdminIndex ] --END-- [ RunTime:0.109375s ]
INFO: Run Behavior\ParseTemplate [ RunTime:0.000000s ]
INFO: [ view_parse ] --END-- [ RunTime:-0.062500s ]
INFO: [ view_filter ] --START--
INFO: Run Behavior\WriteHtmlCache [ RunTime:0.000000s ]
INFO: [ view_filter ] --END-- [ RunTime:-0.062500s ]
INFO: [ app_end ] --START--
INFO: Run Behavior\ShowPageTrace [ RunTime:0.000000s ]
INFO: [ app_end ] --END-- [ RunTime:0.000000s ]

[ 2015-12-24T11:31:26+08:00 ] 58.241.142.145 /index.php?s=/Admin/Public/login.html
INFO: [ view_parse ] --START--
INFO: [ template_filter ] --START--
INFO: Run Behavior\ContentReplace [ RunTime:0.000000s ]
INFO: [ template_filter ] --END-- [ RunTime:0.000000s ]
INFO: Run Behavior\ParseTemplate [ RunTime:0.015625s ]
INFO: [ view_parse ] --END-- [ RunTime:0.015625s ]
INFO: [ view_filter ] --START--
INFO: Run Behavior\WriteHtmlCache [ RunTime:0.000000s ]
INFO: [ view_filter ] --END-- [ RunTime:0.000000s ]
INFO: [ app_end ] --START--
INFO: Run Behavior\ShowPageTrace [ RunTime:0.000000s ]
INFO: [ app_end ] --END-- [ RunTime:0.000000s ]

[ 2015-12-24T11:31:56+08:00 ] 58.241.142.145 /index.php?s=/Admin/Public/login.html
INFO: [ app_begin ] --START--
INFO: Run Behavior\ReadHtmlCache [ RunTime:0.000000s ]
INFO: [ app_begin ] --END-- [ RunTime:0.000000s ]
NOTIC: [8] A session had already been started - ignoring session_start() D:\wwwroot\liuc\ThinkPHP\Common\functions.php 第 1092 行.
SQL: SHOW COLUMNS FROM `app_ucenter_member` [ RunTime:0.000000s ]
SQL: SELECT * FROM `app_ucenter_member` WHERE ( `username` = 'admin1' ) LIMIT 1   [ RunTime:0.000000s ]
SQL: UPDATE `app_ucenter_member` SET `last_login_time`=1450927916,`last_login_ip`='988909201' WHERE ( `id` = 10 ) [ RunTime:0.000000s ]
SQL: SHOW COLUMNS FROM `app_member` [ RunTime:0.000000s ]
SQL: SELECT `uid`,`nickname`,`sex`,`birthday`,`qq`,`score`,`login`,`reg_ip`,`reg_time`,`last_login_ip`,`last_login_time`,`status`,`truename`,`company`,`tel`,`address` FROM `app_member` WHERE ( `uid` = 10 ) LIMIT 1   [ RunTime:0.000000s ]
SQL: SHOW COLUMNS FROM `app_action` [ RunTime:0.000000s ]
SQL: SELECT * FROM `app_action` WHERE ( `name` = 'user_login' ) LIMIT 1   [ RunTime:0.000000s ]
SQL: UPDATE `app_member` SET `login`=`login`+1,`last_login_time`=1450927916,`last_login_ip`='988909201' WHERE ( `uid` = 10 ) [ RunTime:0.000000s ]
SQL: SHOW COLUMNS FROM `app_auth_group` [ RunTime:0.015625s ]
SQL: SHOW COLUMNS FROM `app_auth_group_access` [ RunTime:0.000000s ]
SQL: SELECT `uid`,`group_id`,`title`,`description`,`rules` FROM app_auth_group_access a INNER JOIN app_auth_group g on a.group_id=g.id  WHERE ( a.uid='10' and g.status='1' )  [ RunTime:0.000000s ]

[ 2015-12-24T11:31:57+08:00 ] 58.241.142.145 /index.php?s=/Admin/Index/index.html
SQL: SHOW COLUMNS FROM `app_auth_group_access` [ RunTime:0.000000s ]
SQL: SELECT `rules` FROM app_auth_group_access a INNER JOIN app_auth_group g on a.group_id=g.id  WHERE ( a.uid='10' and g.status='1' )  [ RunTime:0.000000s ]
SQL: SHOW COLUMNS FROM `app_auth_rule` [ RunTime:0.000000s ]
SQL: SELECT `condition`,`name` FROM `app_auth_rule` WHERE ( `id` IN ('1','2','3','4','5','7','8','9','10','11','12','13','14','15','16','17','18','19','20','21','22','23','24','25','26','27','28','29','30','31','32','33','34','35','36','37','38','39','40','41','42','43','44','45','46','47','48','49','50','51','52','53','54','55','56','57','58','59','60','61','62','63','64','65','66','67','68','69','70','71','72','73','74','79','80','81','82','83','84','86','87','88','89','90','91','92','93','94','95','100','102','103','107','108','109','110','195','205','206','207','208','209','210','211','212','213','214','215','216','217','219','220','221','222','224','225','226','227','228','229','230','231','232','233','234','235','236','237','238','239','240','241','242','243','245','246','247','248','249','250','251','252','253','254','255','256','257','258','259','260','262','263','264','265','266','267','268','269','270','271','272','273','274','275','276','277','278','279','280','281','282','283','284','285','286','287','288','289','293','294') ) AND ( `type` IN ('1','2') ) AND ( `status` = 1 )  [ RunTime:0.000000s ]
SQL: SHOW COLUMNS FROM `app_menu` [ RunTime:0.015625s ]
SQL: SELECT * FROM `app_menu` WHERE ( `pid` = 0 ) AND ( `hide` = 0 ) ORDER BY sort asc  [ RunTime:0.000000s ]
SQL: SELECT `id` FROM `app_menu` WHERE ( url like '%Index/index' ) LIMIT 1   [ RunTime:0.000000s ]
SQL: SHOW COLUMNS FROM `app_menu` [ RunTime:0.000000s ]
SQL: SELECT `id`,`pid`,`title` FROM `app_menu` WHERE ( id=1 ) LIMIT 1   [ RunTime:0.000000s ]
SQL: SHOW COLUMNS FROM `app_auth_rule` [ RunTime:0.000000s ]
SQL: SELECT `condition`,`name` FROM `app_auth_rule` WHERE ( `id` IN ('1','2','3','4','5','7','8','9','10','11','12','13','14','15','16','17','18','19','20','21','22','23','24','25','26','27','28','29','30','31','32','33','34','35','36','37','38','39','40','41','42','43','44','45','46','47','48','49','50','51','52','53','54','55','56','57','58','59','60','61','62','63','64','65','66','67','68','69','70','71','72','73','74','79','80','81','82','83','84','86','87','88','89','90','91','92','93','94','95','100','102','103','107','108','109','110','195','205','206','207','208','209','210','211','212','213','214','215','216','217','219','220','221','222','224','225','226','227','228','229','230','231','232','233','234','235','236','237','238','239','240','241','242','243','245','246','247','248','249','250','251','252','253','254','255','256','257','258','259','260','262','263','264','265','266','267','268','269','270','271','272','273','274','275','276','277','278','279','280','281','282','283','284','285','286','287','288','289','293','294') ) AND ( `type` = 2 ) AND ( `status` = 1 )  [ RunTime:0.000000s ]
SQL: SELECT DISTINCT  `group` FROM `app_menu` WHERE ( pid = 1 )  [ RunTime:0.000000s ]
SQL: SELECT `id`,`url` FROM `app_menu` WHERE ( `pid` = 1 ) AND ( `hide` = 0 )  [ RunTime:0.000000s ]
NOTIC: [2] Invalid argument supplied for foreach() D:\wwwroot\liuc\Application\Admin\Controller\AdminController.class.php 第 296 行.
INFO: [ view_parse ] --START--
INFO: [ template_filter ] --START--
INFO: Run Behavior\ContentReplace [ RunTime:0.000000s ]
INFO: [ template_filter ] --END-- [ RunTime:0.000000s ]
INFO: [ AdminIndex ] --START--
SQL: SHOW COLUMNS FROM `app_addons` [ RunTime:0.000000s ]
SQL: SELECT `config` FROM `app_addons` WHERE ( `name` = 'SiteStat' ) AND ( `status` = 1 ) LIMIT 1   [ RunTime:0.000000s ]
SQL: SHOW COLUMNS FROM `app_member` [ RunTime:0.000000s ]
SQL: SELECT COUNT(*) AS tp_count FROM `app_member` LIMIT 1   [ RunTime:0.000000s ]
SQL: SHOW COLUMNS FROM `app_action_log` [ RunTime:0.015625s ]
SQL: SELECT COUNT(*) AS tp_count FROM `app_action_log` LIMIT 1   [ RunTime:0.000000s ]
SQL: SHOW COLUMNS FROM `app_document` [ RunTime:0.000000s ]
SQL: SELECT COUNT(*) AS tp_count FROM `app_document` LIMIT 1   [ RunTime:0.000000s ]
SQL: SHOW COLUMNS FROM `app_category` [ RunTime:0.000000s ]
SQL: SELECT COUNT(*) AS tp_count FROM `app_category` LIMIT 1   [ RunTime:0.000000s ]
SQL: SHOW COLUMNS FROM `app_model` [ RunTime:0.000000s ]
SQL: SELECT COUNT(*) AS tp_count FROM `app_model` LIMIT 1   [ RunTime:0.000000s ]
SQL: SHOW COLUMNS FROM `app_stock` [ RunTime:0.015625s ]
SQL: SELECT COUNT(*) AS tp_count FROM `app_stock` LIMIT 1   [ RunTime:0.000000s ]
SQL: SHOW COLUMNS FROM `app_order` [ RunTime:0.000000s ]
SQL: SELECT COUNT(*) AS tp_count FROM `app_order` LIMIT 1   [ RunTime:0.000000s ]
SQL: SHOW COLUMNS FROM `app_apply` [ RunTime:0.000000s ]
SQL: SELECT COUNT(*) AS tp_count FROM `app_apply` LIMIT 1   [ RunTime:0.000000s ]
SQL: SHOW COLUMNS FROM `app_auth_group_access` [ RunTime:0.000000s ]
SQL: SELECT COUNT(*) AS tp_count FROM `app_auth_group_access` LIMIT 1   [ RunTime:0.000000s ]
SQL: SHOW COLUMNS FROM `app_warehouse` [ RunTime:0.015625s ]
SQL: SELECT COUNT(*) AS tp_count FROM `app_warehouse` WHERE (  (`num` < min_num OR (num > max_num AND max_num != 0))  ) LIMIT 1   [ RunTime:0.000000s ]
SQL: SELECT COUNT(*) AS tp_count FROM `app_warehouse` WHERE ( `warehouse` = 10 ) LIMIT 1   [ RunTime:0.000000s ]
SQL: SELECT COUNT(*) AS tp_count FROM `app_warehouse` WHERE (  (`num` < min_num OR (num > max_num AND max_num != 0))  ) AND ( `warehouse` = 10 ) LIMIT 1   [ RunTime:0.000000s ]
INFO: [ view_parse ] --START--
INFO: [ template_filter ] --START--
INFO: Run Behavior\ContentReplace [ RunTime:0.000000s ]
INFO: [ template_filter ] --END-- [ RunTime:-0.062500s ]
INFO: Run Behavior\ParseTemplate [ RunTime:0.000000s ]
INFO: [ view_parse ] --END-- [ RunTime:0.000000s ]
INFO: [ view_filter ] --START--
INFO: Run Behavior\WriteHtmlCache [ RunTime:0.000000s ]
INFO: [ view_filter ] --END-- [ RunTime:0.000000s ]
INFO: Run SiteStat [ RunTime:0.046875s ]
SQL: SELECT `config` FROM `app_addons` WHERE ( `name` = 'SystemInfo' ) AND ( `status` = 1 ) LIMIT 1   [ RunTime:0.000000s ]
INFO: [ view_parse ] --START--
INFO: [ template_filter ] --START--
INFO: Run Behavior\ContentReplace [ RunTime:0.000000s ]
INFO: [ template_filter ] --END-- [ RunTime:-0.125000s ]
SQL: select version() as v; [ RunTime:0.000000s ]
INFO: Run Behavior\ParseTemplate [ RunTime:0.000000s ]
INFO: [ view_parse ] --END-- [ RunTime:-0.062500s ]
INFO: [ view_filter ] --START--
INFO: Run Behavior\WriteHtmlCache [ RunTime:0.000000s ]
INFO: [ view_filter ] --END-- [ RunTime:-0.062500s ]
INFO: Run SystemInfo [ RunTime:0.062500s ]
INFO: [ AdminIndex ] --END-- [ RunTime:0.125000s ]
INFO: Run Behavior\ParseTemplate [ RunTime:0.015625s ]
INFO: [ view_parse ] --END-- [ RunTime:-0.062500s ]
INFO: [ view_filter ] --START--
INFO: Run Behavior\WriteHtmlCache [ RunTime:0.000000s ]
INFO: [ view_filter ] --END-- [ RunTime:-0.078125s ]
INFO: [ app_end ] --START--
INFO: Run Behavior\ShowPageTrace [ RunTime:0.000000s ]
INFO: [ app_end ] --END-- [ RunTime:0.000000s ]

[ 2015-12-24T11:33:01+08:00 ] 58.241.142.145 /index.php?s=/Admin/Public/login.html
INFO: [ view_parse ] --START--
INFO: [ template_filter ] --START--
INFO: Run Behavior\ContentReplace [ RunTime:0.000000s ]
INFO: [ template_filter ] --END-- [ RunTime:0.000000s ]
INFO: Run Behavior\ParseTemplate [ RunTime:0.015625s ]
INFO: [ view_parse ] --END-- [ RunTime:0.015625s ]
INFO: [ view_filter ] --START--
INFO: Run Behavior\WriteHtmlCache [ RunTime:0.000000s ]
INFO: [ view_filter ] --END-- [ RunTime:0.000000s ]
INFO: [ app_end ] --START--
INFO: Run Behavior\ShowPageTrace [ RunTime:0.000000s ]
INFO: [ app_end ] --END-- [ RunTime:0.000000s ]

