[ 2015-11-25T08:56:06+08:00 ] 218.91.152.220 /index.php?s=/Admin/Public/login.html
INFO: [ view_parse ] --START--
INFO: [ template_filter ] --START--
INFO: Run Behavior\ContentReplace [ RunTime:0.000000s ]
INFO: [ template_filter ] --END-- [ RunTime:0.000000s ]
INFO: Run Behavior\ParseTemplate [ RunTime:0.015625s ]
INFO: [ view_parse ] --END-- [ RunTime:0.015625s ]
INFO: [ view_filter ] --START--
INFO: Run Behavior\WriteHtmlCache [ RunTime:0.000000s ]
INFO: [ view_filter ] --END-- [ RunTime:0.000000s ]
INFO: [ app_end ] --START--
INFO: Run Behavior\ShowPageTrace [ RunTime:0.000000s ]
INFO: [ app_end ] --END-- [ RunTime:0.000000s ]

[ 2015-11-25T08:56:14+08:00 ] 218.91.152.220 /index.php?s=/Admin/Public/login.html
INFO: [ app_begin ] --START--
INFO: Run Behavior\ReadHtmlCache [ RunTime:0.000000s ]
INFO: [ app_begin ] --END-- [ RunTime:0.000000s ]
NOTIC: [8] A session had already been started - ignoring session_start() D:\wwwroot\liuc\ThinkPHP\Common\functions.php 第 1092 行.

[ 2015-11-25T08:56:21+08:00 ] 218.91.152.220 /index.php?s=/Admin/Public/login.html
INFO: [ app_begin ] --START--
INFO: Run Behavior\ReadHtmlCache [ RunTime:0.000000s ]
INFO: [ app_begin ] --END-- [ RunTime:0.000000s ]
NOTIC: [8] A session had already been started - ignoring session_start() D:\wwwroot\liuc\ThinkPHP\Common\functions.php 第 1092 行.
SQL: SHOW COLUMNS FROM `app_ucenter_member` [ RunTime:0.000000s ]
SQL: SELECT * FROM `app_ucenter_member` WHERE ( `username` = 'admin' ) LIMIT 1   [ RunTime:0.000000s ]
SQL: UPDATE `app_ucenter_member` SET `last_login_time`=1448412981,`last_login_ip`='3663435996' WHERE ( `id` = 1 ) [ RunTime:0.000000s ]
SQL: SHOW COLUMNS FROM `app_member` [ RunTime:0.000000s ]
SQL: SELECT `uid`,`nickname`,`sex`,`birthday`,`qq`,`score`,`login`,`reg_ip`,`reg_time`,`last_login_ip`,`last_login_time`,`status`,`truename`,`company`,`tel`,`address` FROM `app_member` WHERE ( `uid` = 1 ) LIMIT 1   [ RunTime:0.000000s ]
SQL: SHOW COLUMNS FROM `app_action` [ RunTime:0.000000s ]
SQL: SELECT * FROM `app_action` WHERE ( `name` = 'user_login' ) LIMIT 1   [ RunTime:0.000000s ]
SQL: UPDATE `app_member` SET `login`=`login`+1,`last_login_time`=1448412981,`last_login_ip`='3663435996' WHERE ( `uid` = 1 ) [ RunTime:0.000000s ]
SQL: SHOW COLUMNS FROM `app_auth_group` [ RunTime:0.000000s ]
SQL: SHOW COLUMNS FROM `app_auth_group_access` [ RunTime:0.015625s ]
SQL: SELECT `uid`,`group_id`,`title`,`description`,`rules` FROM app_auth_group_access a INNER JOIN app_auth_group g on a.group_id=g.id  WHERE ( a.uid='1' and g.status='1' )  [ RunTime:0.000000s ]
NOTIC: [8] Undefined offset: 0 D:\wwwroot\liuc\Application\Admin\Model\MemberModel.class.php 第 81 行.

[ 2015-11-25T08:56:21+08:00 ] 218.91.152.220 /index.php?s=/Admin/Index/index.html
SQL: SHOW COLUMNS FROM `app_menu` [ RunTime:0.000000s ]
SQL: SELECT * FROM `app_menu` WHERE ( `pid` = 0 ) AND ( `hide` = 0 ) ORDER BY sort asc  [ RunTime:0.000000s ]
SQL: SELECT `id` FROM `app_menu` WHERE ( url like '%Index/index' ) LIMIT 1   [ RunTime:0.000000s ]
SQL: SHOW COLUMNS FROM `app_menu` [ RunTime:0.000000s ]
SQL: SELECT `id`,`pid`,`title` FROM `app_menu` WHERE ( id=1 ) LIMIT 1   [ RunTime:0.000000s ]
SQL: SELECT DISTINCT  `group` FROM `app_menu` WHERE ( pid = 1 )  [ RunTime:0.000000s ]
SQL: SELECT `id`,`url` FROM `app_menu` WHERE ( `pid` = 1 ) AND ( `hide` = 0 )  [ RunTime:0.000000s ]
INFO: [ view_parse ] --START--
INFO: [ template_filter ] --START--
INFO: Run Behavior\ContentReplace [ RunTime:0.000000s ]
INFO: [ template_filter ] --END-- [ RunTime:0.000000s ]
INFO: [ AdminIndex ] --START--
SQL: SHOW COLUMNS FROM `app_addons` [ RunTime:0.000000s ]
SQL: SELECT `config` FROM `app_addons` WHERE ( `name` = 'SiteStat' ) AND ( `status` = 1 ) LIMIT 1   [ RunTime:0.000000s ]
SQL: SHOW COLUMNS FROM `app_member` [ RunTime:0.000000s ]
SQL: SELECT COUNT(*) AS tp_count FROM `app_member` LIMIT 1   [ RunTime:0.000000s ]
SQL: SHOW COLUMNS FROM `app_action_log` [ RunTime:0.000000s ]
SQL: SELECT COUNT(*) AS tp_count FROM `app_action_log` LIMIT 1   [ RunTime:0.000000s ]
SQL: SHOW COLUMNS FROM `app_document` [ RunTime:0.015625s ]
SQL: SELECT COUNT(*) AS tp_count FROM `app_document` LIMIT 1   [ RunTime:0.000000s ]
SQL: SHOW COLUMNS FROM `app_category` [ RunTime:0.000000s ]
SQL: SELECT COUNT(*) AS tp_count FROM `app_category` LIMIT 1   [ RunTime:0.000000s ]
SQL: SHOW COLUMNS FROM `app_model` [ RunTime:0.000000s ]
SQL: SELECT COUNT(*) AS tp_count FROM `app_model` LIMIT 1   [ RunTime:0.000000s ]
SQL: SHOW COLUMNS FROM `app_stock` [ RunTime:0.000000s ]
SQL: SELECT COUNT(*) AS tp_count FROM `app_stock` LIMIT 1   [ RunTime:0.000000s ]
SQL: SHOW COLUMNS FROM `app_order` [ RunTime:0.015625s ]
SQL: SELECT COUNT(*) AS tp_count FROM `app_order` LIMIT 1   [ RunTime:0.000000s ]
SQL: SHOW COLUMNS FROM `app_apply` [ RunTime:0.000000s ]
SQL: SELECT COUNT(*) AS tp_count FROM `app_apply` LIMIT 1   [ RunTime:0.000000s ]
SQL: SHOW COLUMNS FROM `app_auth_group_access` [ RunTime:0.000000s ]
SQL: SELECT COUNT(*) AS tp_count FROM `app_auth_group_access` LIMIT 1   [ RunTime:0.000000s ]
SQL: SHOW COLUMNS FROM `app_warehouse` [ RunTime:0.000000s ]
SQL: SELECT COUNT(*) AS tp_count FROM `app_warehouse` WHERE (  (`num` < min_num OR (num > max_num AND max_num != 0))  ) LIMIT 1   [ RunTime:0.000000s ]
SQL: SELECT COUNT(*) AS tp_count FROM `app_warehouse` WHERE ( `warehouse` = 1 ) LIMIT 1   [ RunTime:0.015625s ]
SQL: SELECT COUNT(*) AS tp_count FROM `app_warehouse` WHERE (  (`num` < min_num OR (num > max_num AND max_num != 0))  ) AND ( `warehouse` = 1 ) LIMIT 1   [ RunTime:0.000000s ]
INFO: [ view_parse ] --START--
INFO: [ template_filter ] --START--
INFO: Run Behavior\ContentReplace [ RunTime:0.000000s ]
INFO: [ template_filter ] --END-- [ RunTime:-0.062500s ]
INFO: Run Behavior\ParseTemplate [ RunTime:0.000000s ]
INFO: [ view_parse ] --END-- [ RunTime:0.000000s ]
INFO: [ view_filter ] --START--
INFO: Run Behavior\WriteHtmlCache [ RunTime:0.000000s ]
INFO: [ view_filter ] --END-- [ RunTime:0.000000s ]
INFO: Run SiteStat [ RunTime:0.062500s ]
SQL: SELECT `config` FROM `app_addons` WHERE ( `name` = 'SystemInfo' ) AND ( `status` = 1 ) LIMIT 1   [ RunTime:0.000000s ]
INFO: [ view_parse ] --START--
INFO: [ template_filter ] --START--
INFO: Run Behavior\ContentReplace [ RunTime:0.000000s ]
INFO: [ template_filter ] --END-- [ RunTime:-0.125000s ]
SQL: select version() as v; [ RunTime:0.000000s ]
INFO: Run Behavior\ParseTemplate [ RunTime:0.000000s ]
INFO: [ view_parse ] --END-- [ RunTime:-0.062500s ]
INFO: [ view_filter ] --START--
INFO: Run Behavior\WriteHtmlCache [ RunTime:0.000000s ]
INFO: [ view_filter ] --END-- [ RunTime:-0.062500s ]
INFO: Run SystemInfo [ RunTime:0.062500s ]
INFO: [ AdminIndex ] --END-- [ RunTime:0.125000s ]
INFO: Run Behavior\ParseTemplate [ RunTime:0.000000s ]
INFO: [ view_parse ] --END-- [ RunTime:-0.062500s ]
INFO: [ view_filter ] --START--
INFO: Run Behavior\WriteHtmlCache [ RunTime:0.000000s ]
INFO: [ view_filter ] --END-- [ RunTime:-0.062500s ]
INFO: [ app_end ] --START--
INFO: Run Behavior\ShowPageTrace [ RunTime:0.000000s ]
INFO: [ app_end ] --END-- [ RunTime:0.000000s ]

[ 2015-11-25T08:56:23+08:00 ] 218.91.152.220 /index.php?s=/Admin/Psi/inventory.html
SQL: SHOW COLUMNS FROM `app_menu` [ RunTime:0.000000s ]
SQL: SELECT * FROM `app_menu` WHERE ( `pid` = 0 ) AND ( `hide` = 0 ) ORDER BY sort asc  [ RunTime:0.000000s ]
SQL: SELECT `id` FROM `app_menu` WHERE ( url like '%Psi/inventory' ) LIMIT 1   [ RunTime:0.000000s ]
SQL: SHOW COLUMNS FROM `app_menu` [ RunTime:0.000000s ]
SQL: SELECT `id`,`pid`,`title` FROM `app_menu` WHERE ( id=122 ) LIMIT 1   [ RunTime:0.000000s ]
SQL: SELECT DISTINCT  `group` FROM `app_menu` WHERE ( pid = 122 )  [ RunTime:0.000000s ]
SQL: SELECT `id`,`url` FROM `app_menu` WHERE ( `pid` = 122 ) AND ( `hide` = 0 )  [ RunTime:0.000000s ]
SQL: SELECT `id`,`pid`,`title`,`url`,`tip` FROM `app_menu` WHERE ( `group` = '入库管理' ) AND ( `pid` = 122 ) AND ( `hide` = 0 ) ORDER BY sort asc  [ RunTime:0.000000s ]
SQL: SELECT `id`,`pid`,`title`,`url`,`tip` FROM `app_menu` WHERE ( `group` = '库存管理' ) AND ( `pid` = 122 ) AND ( `hide` = 0 ) ORDER BY sort asc  [ RunTime:0.000000s ]
SQL: SHOW COLUMNS FROM `app_category` [ RunTime:0.015625s ]
SQL: SELECT `id`,`name`,`title`,`pid`,`sort`,`list_row`,`meta_title`,`keywords`,`description`,`template_index`,`template_lists`,`template_detail`,`template_edit`,`model`,`type`,`link_id`,`allow_publish`,`display`,`reply`,`check`,`reply_model`,`extend`,`create_time`,`update_time`,`status`,`icon` FROM `app_category` WHERE ( `id` = 39 ) LIMIT 1   [ RunTime:0.000000s ]
SQL: SELECT `id`,`title`,`pid` FROM `app_category` WHERE ( `status` > -1 ) ORDER BY sort  [ RunTime:0.000000s ]
SQL: SHOW COLUMNS FROM `app_supplier` [ RunTime:0.000000s ]
NOTIC: [8] Undefined variable: where D:\wwwroot\liuc\Application\Admin\Controller\PsiController.class.php 第 758 行.
SQL: SELECT `id`,`company` FROM `app_supplier`  [ RunTime:0.000000s ]
SQL: SHOW COLUMNS FROM `app_member` [ RunTime:0.000000s ]
SQL: SHOW COLUMNS FROM `app_auth_group` [ RunTime:0.015625s ]
SQL: SHOW COLUMNS FROM `app_member` [ RunTime:0.000000s ]
SQL: SELECT m.uid,u.username,m.last_login_time,m.last_login_ip,m.status FROM app_member m INNER JOIN app_auth_group_access a ON m.uid=a.uid INNER JOIN app_ucenter_member u ON m.uid=u.id  WHERE ( a.group_id = '2' )  [ RunTime:0.000000s ]
SQL: SHOW COLUMNS FROM `app_ucenter_member` [ RunTime:0.000000s ]
SQL: SELECT `id`,`username`,`truename`,`company` FROM `app_ucenter_member` WHERE ( `id` = 2 ) LIMIT 1   [ RunTime:0.000000s ]
SQL: SELECT `id`,`username`,`truename`,`company` FROM `app_ucenter_member` WHERE ( `id` = 3 ) LIMIT 1   [ RunTime:0.000000s ]
SQL: SELECT `id`,`username`,`truename`,`company` FROM `app_ucenter_member` WHERE ( `id` = 4 ) LIMIT 1   [ RunTime:0.000000s ]
SQL: SELECT `id`,`username`,`truename`,`company` FROM `app_ucenter_member` WHERE ( `id` = 6 ) LIMIT 1   [ RunTime:0.000000s ]
SQL: SELECT `id`,`username`,`truename`,`company` FROM `app_ucenter_member` WHERE ( `id` = 9 ) LIMIT 1   [ RunTime:0.000000s ]
SQL: SHOW COLUMNS FROM `app_stock` [ RunTime:0.015625s ]
SQL: SELECT `id` FROM `app_stock` WHERE ( `code` LIKE '%%' ) AND ( `category` LIKE '%%' ) AND ( `supplier` LIKE '%%' )  [ RunTime:0.000000s ]
SQL: SHOW COLUMNS FROM `app_warehouse` [ RunTime:0.000000s ]
SQL: SHOW COLUMNS FROM `app_auth_group_access` [ RunTime:0.000000s ]
SQL: SELECT `uid`,`group_id`,`title`,`description`,`rules` FROM app_auth_group_access a INNER JOIN app_auth_group g on a.group_id=g.id  WHERE ( a.uid='1' and g.status='1' )  [ RunTime:0.000000s ]
NOTIC: [8] Undefined offset: 0 D:\wwwroot\liuc\Application\Admin\Model\WarehouseModel.class.php 第 178 行.
NOTIC: [8] Undefined index: sp D:\wwwroot\liuc\Application\Admin\Model\StockModel.class.php 第 138 行.
SQL: SHOW COLUMNS FROM `app_warehouse` [ RunTime:0.000000s ]
SQL: SELECT COUNT(*) as num FROM `app_warehouse` INNER JOIN app_stock ON app_warehouse.sid = app_stock.id  WHERE ( app_warehouse.sid in (12,16,17,18,19,20,21,23,24,25) AND app_warehouse.warehouse like ("%%") ) GROUP BY app_stock.id  [ RunTime:0.000000s ]
SQL: SELECT * FROM `app_warehouse` INNER JOIN app_stock ON app_warehouse.sid = app_stock.id  WHERE ( app_warehouse.sid in (12,16,17,18,19,20,21,23,24,25) AND app_warehouse.warehouse like ("%%") ) GROUP BY app_stock.id ORDER BY app_warehouse.warehouse,app_stock.category asc,app_stock.name asc LIMIT 0,30   [ RunTime:0.000000s ]
SQL: SELECT `title` FROM `app_category` WHERE ( `id` = 40 ) LIMIT 1   [ RunTime:0.000000s ]
SQL: SELECT `title` FROM `app_category` WHERE ( `id` = 50 ) LIMIT 1   [ RunTime:0.000000s ]
SQL: SELECT `title` FROM `app_category` WHERE ( `id` = 51 ) LIMIT 1   [ RunTime:0.000000s ]
SQL: SELECT `title` FROM `app_category` WHERE ( `id` = 52 ) LIMIT 1   [ RunTime:0.000000s ]
SQL: SELECT `title` FROM `app_category` WHERE ( `id` = 42 ) LIMIT 1   [ RunTime:0.000000s ]
SQL: SELECT `title` FROM `app_category` WHERE ( `id` = 51 ) LIMIT 1   [ RunTime:0.000000s ]
SQL: SELECT `title` FROM `app_category` WHERE ( `id` = 52 ) LIMIT 1   [ RunTime:0.000000s ]
SQL: SELECT `title` FROM `app_category` WHERE ( `id` = 58 ) LIMIT 1   [ RunTime:0.000000s ]
SQL: SELECT `title` FROM `app_category` WHERE ( `id` = 41 ) LIMIT 1   [ RunTime:0.000000s ]
SQL: SELECT `title` FROM `app_category` WHERE ( `id` = 48 ) LIMIT 1   [ RunTime:0.000000s ]
SQL: SELECT `nickname` FROM `app_member` WHERE ( `uid` = 3 ) LIMIT 1   [ RunTime:0.000000s ]
SQL: SELECT `title` FROM `app_category` WHERE ( `id` = 41 ) LIMIT 1   [ RunTime:0.000000s ]
SQL: SELECT `title` FROM `app_category` WHERE ( `id` = 55 ) LIMIT 1   [ RunTime:0.000000s ]
SQL: SELECT `nickname` FROM `app_member` WHERE ( `uid` = 3 ) LIMIT 1   [ RunTime:0.000000s ]
SQL: SELECT `title` FROM `app_category` WHERE ( `id` = 41 ) LIMIT 1   [ RunTime:0.000000s ]
SQL: SELECT `title` FROM `app_category` WHERE ( `id` = 50 ) LIMIT 1   [ RunTime:0.000000s ]
SQL: SELECT `title` FROM `app_category` WHERE ( `id` = 52 ) LIMIT 1   [ RunTime:0.000000s ]
SQL: SELECT `title` FROM `app_category` WHERE ( `id` = 53 ) LIMIT 1   [ RunTime:0.000000s ]
SQL: SELECT `nickname` FROM `app_member` WHERE ( `uid` = 3 ) LIMIT 1   [ RunTime:0.000000s ]
SQL: SELECT `title` FROM `app_category` WHERE ( `id` = 41 ) LIMIT 1   [ RunTime:0.000000s ]
SQL: SELECT `title` FROM `app_category` WHERE ( `id` = 53 ) LIMIT 1   [ RunTime:0.000000s ]
SQL: SELECT `title` FROM `app_category` WHERE ( `id` = 54 ) LIMIT 1   [ RunTime:0.000000s ]
SQL: SELECT `title` FROM `app_category` WHERE ( `id` = 55 ) LIMIT 1   [ RunTime:0.000000s ]
SQL: SELECT `nickname` FROM `app_member` WHERE ( `uid` = 3 ) LIMIT 1   [ RunTime:0.000000s ]
SQL: SELECT `title` FROM `app_category` WHERE ( `id` = 41 ) LIMIT 1   [ RunTime:0.000000s ]
SQL: SELECT `title` FROM `app_category` WHERE ( `id` = 49 ) LIMIT 1   [ RunTime:0.000000s ]
SQL: SELECT `title` FROM `app_category` WHERE ( `id` = 48 ) LIMIT 1   [ RunTime:0.000000s ]
SQL: SELECT `nickname` FROM `app_member` WHERE ( `uid` = 3 ) LIMIT 1   [ RunTime:0.000000s ]
SQL: SELECT `title` FROM `app_category` WHERE ( `id` = 42 ) LIMIT 1   [ RunTime:0.015625s ]
SQL: SELECT `title` FROM `app_category` WHERE ( `id` = 52 ) LIMIT 1   [ RunTime:0.000000s ]
SQL: SELECT `nickname` FROM `app_member` WHERE ( `uid` = 3 ) LIMIT 1   [ RunTime:0.000000s ]
SQL: SELECT `title` FROM `app_category` WHERE ( `id` = 42 ) LIMIT 1   [ RunTime:0.000000s ]
SQL: SELECT `title` FROM `app_category` WHERE ( `id` = 53 ) LIMIT 1   [ RunTime:0.000000s ]
SQL: SELECT `title` FROM `app_category` WHERE ( `id` = 54 ) LIMIT 1   [ RunTime:0.000000s ]
SQL: SELECT `nickname` FROM `app_member` WHERE ( `uid` = 3 ) LIMIT 1   [ RunTime:0.000000s ]
SQL: SELECT `title` FROM `app_category` WHERE ( `id` = 46 ) LIMIT 1   [ RunTime:0.000000s ]
SQL: SELECT `title` FROM `app_category` WHERE ( `id` = 57 ) LIMIT 1   [ RunTime:0.000000s ]
SQL: SELECT `title` FROM `app_category` WHERE ( `id` = 49 ) LIMIT 1   [ RunTime:0.000000s ]
SQL: SELECT `title` FROM `app_category` WHERE ( `id` = 48 ) LIMIT 1   [ RunTime:0.000000s ]
SQL: SELECT `nickname` FROM `app_member` WHERE ( `uid` = 3 ) LIMIT 1   [ RunTime:0.000000s ]
INFO: [ view_parse ] --START--
INFO: [ template_filter ] --START--
INFO: Run Behavior\ContentReplace [ RunTime:0.015625s ]
INFO: [ template_filter ] --END-- [ RunTime:0.015625s ]
INFO: Run Behavior\ParseTemplate [ RunTime:0.031250s ]
INFO: [ view_parse ] --END-- [ RunTime:0.031250s ]
INFO: [ view_filter ] --START--
INFO: Run Behavior\WriteHtmlCache [ RunTime:0.000000s ]
INFO: [ view_filter ] --END-- [ RunTime:0.000000s ]
INFO: [ app_end ] --START--
INFO: Run Behavior\ShowPageTrace [ RunTime:0.000000s ]
INFO: [ app_end ] --END-- [ RunTime:0.000000s ]

[ 2015-11-25T16:07:56+08:00 ] 218.91.152.220 /index.php?s=/Admin/Public/login.html
INFO: [ view_parse ] --START--
INFO: [ template_filter ] --START--
INFO: Run Behavior\ContentReplace [ RunTime:0.000000s ]
INFO: [ template_filter ] --END-- [ RunTime:0.000000s ]
INFO: Run Behavior\ParseTemplate [ RunTime:0.015625s ]
INFO: [ view_parse ] --END-- [ RunTime:0.015625s ]
INFO: [ view_filter ] --START--
INFO: Run Behavior\WriteHtmlCache [ RunTime:0.000000s ]
INFO: [ view_filter ] --END-- [ RunTime:0.000000s ]
INFO: [ app_end ] --START--
INFO: Run Behavior\ShowPageTrace [ RunTime:0.000000s ]
INFO: [ app_end ] --END-- [ RunTime:0.000000s ]

