[ 2016-01-12T16:58:49+08:00 ] 58.241.142.145 /index.php?s=/Admin/Psi/stock_edit.html&id=55
SQL: SHOW COLUMNS FROM `app_menu` [ RunTime:0.000000s ]
SQL: SELECT * FROM `app_menu` WHERE ( `pid` = 0 ) AND ( `hide` = 0 ) ORDER BY sort asc  [ RunTime:0.000000s ]
SQL: SELECT `id` FROM `app_menu` WHERE ( url like '%Psi/stock_edit' ) LIMIT 1   [ RunTime:0.000000s ]
SQL: SHOW COLUMNS FROM `app_menu` [ RunTime:0.000000s ]
SQL: SELECT `id`,`pid`,`title` FROM `app_menu` WHERE ( id=164 ) LIMIT 1   [ RunTime:0.000000s ]
SQL: SELECT `id`,`pid`,`title` FROM `app_menu` WHERE ( id=130 ) LIMIT 1   [ RunTime:0.000000s ]
SQL: SELECT `id`,`pid`,`title` FROM `app_menu` WHERE ( id=141 ) LIMIT 1   [ RunTime:0.000000s ]
SQL: SELECT DISTINCT  `group` FROM `app_menu` WHERE ( pid = 141 )  [ RunTime:0.000000s ]
SQL: SELECT `id`,`url` FROM `app_menu` WHERE ( `pid` = 141 ) AND ( `hide` = 0 )  [ RunTime:0.015625s ]
SQL: SELECT `id`,`pid`,`title`,`url`,`tip` FROM `app_menu` WHERE ( `group` = '商品管理' ) AND ( `url` IN ('Psi/stock_add','Psi/stock','Psi/exstock_add','Psi/exstock_record') ) AND ( `pid` = 141 ) AND ( `hide` = 0 ) ORDER BY sort asc  [ RunTime:0.000000s ]
SQL: SELECT `id`,`pid`,`title`,`url`,`tip` FROM `app_menu` WHERE ( `group` = '包装品管理' ) AND ( `url` IN ('Psi/stock_add','Psi/stock','Psi/exstock_add','Psi/exstock_record') ) AND ( `pid` = 141 ) AND ( `hide` = 0 ) ORDER BY sort asc  [ RunTime:0.000000s ]
SQL: SHOW COLUMNS FROM `app_stock` [ RunTime:0.000000s ]
SQL: SHOW COLUMNS FROM `app_category` [ RunTime:0.000000s ]
SQL: SHOW COLUMNS FROM `app_supplier` [ RunTime:0.000000s ]
SQL: SELECT * FROM `app_stock` WHERE ( `id` = 55 ) LIMIT 1   [ RunTime:0.000000s ]
SQL: SELECT `title` FROM `app_category` WHERE ( `id` = 41 ) LIMIT 1   [ RunTime:0.000000s ]
SQL: SELECT `company` FROM `app_supplier` WHERE ( id="0" ) LIMIT 1   [ RunTime:0.000000s ]
SQL: SELECT `title` FROM `app_category` WHERE ( `id` = 141 ) LIMIT 1   [ RunTime:0.000000s ]
SQL: SELECT `id`,`name`,`title`,`pid`,`sort`,`list_row`,`meta_title`,`keywords`,`description`,`template_index`,`template_lists`,`template_detail`,`template_edit`,`model`,`type`,`link_id`,`allow_publish`,`display`,`reply`,`check`,`reply_model`,`extend`,`create_time`,`update_time`,`status`,`icon` FROM `app_category` WHERE ( `id` = 39 ) LIMIT 1   [ RunTime:0.000000s ]
SQL: SELECT `id`,`title`,`pid` FROM `app_category` WHERE ( `status` > -1 ) ORDER BY sort  [ RunTime:0.000000s ]
SQL: SELECT `id`,`name`,`title`,`pid`,`sort`,`list_row`,`meta_title`,`keywords`,`description`,`template_index`,`template_lists`,`template_detail`,`template_edit`,`model`,`type`,`link_id`,`allow_publish`,`display`,`reply`,`check`,`reply_model`,`extend`,`create_time`,`update_time`,`status`,`icon` FROM `app_category` WHERE ( `id` = 47 ) LIMIT 1   [ RunTime:0.000000s ]
SQL: SELECT `id`,`title`,`pid` FROM `app_category` WHERE ( `status` > -1 ) ORDER BY sort  [ RunTime:0.000000s ]
SQL: SELECT `id`,`company` FROM `app_supplier`  [ RunTime:0.000000s ]
INFO: [ view_parse ] --START--
INFO: [ template_filter ] --START--
INFO: Run Behavior\ContentReplace [ RunTime:0.000000s ]
INFO: [ template_filter ] --END-- [ RunTime:0.000000s ]
INFO: Run Behavior\ParseTemplate [ RunTime:0.031250s ]
INFO: [ view_parse ] --END-- [ RunTime:0.031250s ]
INFO: [ view_filter ] --START--
INFO: Run Behavior\WriteHtmlCache [ RunTime:0.000000s ]
INFO: [ view_filter ] --END-- [ RunTime:0.000000s ]
INFO: [ app_end ] --START--
INFO: Run Behavior\ShowPageTrace [ RunTime:0.000000s ]
INFO: [ app_end ] --END-- [ RunTime:0.000000s ]

[ 2016-01-12T16:58:49+08:00 ] 58.241.142.145 /
SQL: SHOW COLUMNS FROM `app_category` [ RunTime:0.000000s ]
SQL: SELECT `id`,`name`,`title`,`pid`,`sort`,`list_row`,`meta_title`,`keywords`,`description`,`template_index`,`template_lists`,`template_detail`,`template_edit`,`model`,`type`,`link_id`,`allow_publish`,`display`,`reply`,`check`,`reply_model`,`extend`,`create_time`,`update_time`,`status`,`icon` FROM `app_category` WHERE ( `status` = 1 ) ORDER BY sort  [ RunTime:0.015625s ]
SQL: SHOW COLUMNS FROM `app_document` [ RunTime:0.000000s ]
SQL: SELECT `id`,`uid`,`name`,`title`,`category_id`,`description`,`root`,`pid`,`model_id`,`type`,`position`,`link_id`,`cover_id`,`display`,`deadline`,`attach`,`view`,`comment`,`extend`,`level`,`create_time`,`update_time`,`status` FROM `app_document` WHERE ( `status` = 1 ) AND ( `pid` = 0 ) AND ( `create_time` < 1452589129 ) AND ( deadline = 0 OR deadline > 1452589129 ) ORDER BY `id` DESC  [ RunTime:0.000000s ]
INFO: [ view_parse ] --START--
INFO: [ template_filter ] --START--
INFO: Run Behavior\ContentReplace [ RunTime:0.000000s ]
INFO: [ template_filter ] --END-- [ RunTime:0.000000s ]
INFO: Run Behavior\ParseTemplate [ RunTime:0.015625s ]
INFO: [ view_parse ] --END-- [ RunTime:0.015625s ]
INFO: [ view_filter ] --START--
INFO: Run Behavior\WriteHtmlCache [ RunTime:0.000000s ]
INFO: [ view_filter ] --END-- [ RunTime:0.000000s ]
INFO: [ app_end ] --START--
INFO: Run Behavior\ShowPageTrace [ RunTime:0.000000s ]
INFO: [ app_end ] --END-- [ RunTime:0.000000s ]

[ 2016-01-12T16:58:49+08:00 ] 58.241.142.145 /index.php?s=/Admin/Index/index.html
SQL: SHOW COLUMNS FROM `app_menu` [ RunTime:0.000000s ]
SQL: SELECT * FROM `app_menu` WHERE ( `pid` = 0 ) AND ( `hide` = 0 ) ORDER BY sort asc  [ RunTime:0.000000s ]
SQL: SELECT `id` FROM `app_menu` WHERE ( url like '%Index/index' ) LIMIT 1   [ RunTime:0.000000s ]
SQL: SHOW COLUMNS FROM `app_menu` [ RunTime:0.000000s ]
SQL: SELECT `id`,`pid`,`title` FROM `app_menu` WHERE ( id=1 ) LIMIT 1   [ RunTime:0.000000s ]
SQL: SELECT DISTINCT  `group` FROM `app_menu` WHERE ( pid = 1 )  [ RunTime:0.000000s ]
SQL: SELECT `id`,`url` FROM `app_menu` WHERE ( `pid` = 1 ) AND ( `hide` = 0 )  [ RunTime:0.000000s ]
NOTIC: [2] Invalid argument supplied for foreach() D:\wwwroot\liuc\Application\Admin\Controller\AdminController.class.php 第 296 行.
INFO: [ view_parse ] --START--
INFO: [ template_filter ] --START--
INFO: Run Behavior\ContentReplace [ RunTime:0.000000s ]
INFO: [ template_filter ] --END-- [ RunTime:0.000000s ]
INFO: [ AdminIndex ] --START--
SQL: SHOW COLUMNS FROM `app_addons` [ RunTime:0.000000s ]
SQL: SELECT `config` FROM `app_addons` WHERE ( `name` = 'SiteStat' ) AND ( `status` = 1 ) LIMIT 1   [ RunTime:0.000000s ]
SQL: SHOW COLUMNS FROM `app_member` [ RunTime:0.000000s ]
SQL: SELECT COUNT(*) AS tp_count FROM `app_member` LIMIT 1   [ RunTime:0.000000s ]
SQL: SHOW COLUMNS FROM `app_action_log` [ RunTime:0.000000s ]
SQL: SELECT COUNT(*) AS tp_count FROM `app_action_log` LIMIT 1   [ RunTime:0.000000s ]
SQL: SHOW COLUMNS FROM `app_document` [ RunTime:0.015625s ]
SQL: SELECT COUNT(*) AS tp_count FROM `app_document` LIMIT 1   [ RunTime:0.000000s ]
SQL: SHOW COLUMNS FROM `app_category` [ RunTime:0.000000s ]
SQL: SELECT COUNT(*) AS tp_count FROM `app_category` LIMIT 1   [ RunTime:0.000000s ]
SQL: SHOW COLUMNS FROM `app_model` [ RunTime:0.000000s ]
SQL: SELECT COUNT(*) AS tp_count FROM `app_model` LIMIT 1   [ RunTime:0.000000s ]
SQL: SHOW COLUMNS FROM `app_stock` [ RunTime:0.015625s ]
SQL: SELECT COUNT(*) AS tp_count FROM `app_stock` LIMIT 1   [ RunTime:0.000000s ]
SQL: SHOW COLUMNS FROM `app_order` [ RunTime:0.000000s ]
SQL: SELECT COUNT(*) AS tp_count FROM `app_order` LIMIT 1   [ RunTime:0.000000s ]
SQL: SHOW COLUMNS FROM `app_apply` [ RunTime:0.000000s ]
SQL: SELECT COUNT(*) AS tp_count FROM `app_apply` LIMIT 1   [ RunTime:0.000000s ]
SQL: SHOW COLUMNS FROM `app_auth_group_access` [ RunTime:0.000000s ]
SQL: SELECT COUNT(*) AS tp_count FROM `app_auth_group_access` LIMIT 1   [ RunTime:0.000000s ]
SQL: SHOW COLUMNS FROM `app_warehouse` [ RunTime:0.015625s ]
SQL: SELECT COUNT(*) AS tp_count FROM `app_warehouse` WHERE (  (`num` < min_num OR (num > max_num AND max_num != 0))  ) LIMIT 1   [ RunTime:0.000000s ]
SQL: SELECT COUNT(*) AS tp_count FROM `app_warehouse` WHERE ( `warehouse` = 10 ) LIMIT 1   [ RunTime:0.000000s ]
SQL: SELECT COUNT(*) AS tp_count FROM `app_warehouse` WHERE (  (`num` < min_num OR (num > max_num AND max_num != 0))  ) AND ( `warehouse` = 10 ) LIMIT 1   [ RunTime:0.000000s ]
INFO: [ view_parse ] --START--
INFO: [ template_filter ] --START--
INFO: Run Behavior\ContentReplace [ RunTime:0.000000s ]
INFO: [ template_filter ] --END-- [ RunTime:-0.062500s ]
INFO: Run Behavior\ParseTemplate [ RunTime:0.000000s ]
INFO: [ view_parse ] --END-- [ RunTime:0.000000s ]
INFO: [ view_filter ] --START--
INFO: Run Behavior\WriteHtmlCache [ RunTime:0.000000s ]
INFO: [ view_filter ] --END-- [ RunTime:0.000000s ]
INFO: Run SiteStat [ RunTime:0.046875s ]
SQL: SELECT `config` FROM `app_addons` WHERE ( `name` = 'SystemInfo' ) AND ( `status` = 1 ) LIMIT 1   [ RunTime:0.000000s ]
INFO: [ view_parse ] --START--
INFO: [ template_filter ] --START--
INFO: Run Behavior\ContentReplace [ RunTime:0.000000s ]
INFO: [ template_filter ] --END-- [ RunTime:-0.109375s ]
SQL: select version() as v; [ RunTime:0.000000s ]
INFO: Run Behavior\ParseTemplate [ RunTime:0.015625s ]
INFO: [ view_parse ] --END-- [ RunTime:-0.031250s ]
INFO: [ view_filter ] --START--
INFO: Run Behavior\WriteHtmlCache [ RunTime:0.000000s ]
INFO: [ view_filter ] --END-- [ RunTime:-0.046875s ]
INFO: Run SystemInfo [ RunTime:0.046875s ]
INFO: [ AdminIndex ] --END-- [ RunTime:0.093750s ]
INFO: Run Behavior\ParseTemplate [ RunTime:0.015625s ]
INFO: [ view_parse ] --END-- [ RunTime:-0.031250s ]
INFO: [ view_filter ] --START--
INFO: Run Behavior\WriteHtmlCache [ RunTime:0.000000s ]
INFO: [ view_filter ] --END-- [ RunTime:-0.046875s ]
INFO: [ app_end ] --START--
INFO: Run Behavior\ShowPageTrace [ RunTime:0.000000s ]
INFO: [ app_end ] --END-- [ RunTime:0.000000s ]

[ 2016-01-12T16:58:56+08:00 ] 58.241.142.145 /index.php?s=/Admin/Psi/stock_edit.html
INFO: [ app_begin ] --START--
INFO: Run Behavior\ReadHtmlCache [ RunTime:0.000000s ]
INFO: [ app_begin ] --END-- [ RunTime:0.000000s ]
NOTIC: [8] A session had already been started - ignoring session_start() D:\wwwroot\liuc\ThinkPHP\Common\functions.php 第 1092 行.
SQL: SHOW COLUMNS FROM `app_menu` [ RunTime:0.000000s ]
SQL: SELECT * FROM `app_menu` WHERE ( `pid` = 0 ) AND ( `hide` = 0 ) ORDER BY sort asc  [ RunTime:0.000000s ]
SQL: SELECT `id` FROM `app_menu` WHERE ( url like '%Psi/stock_edit' ) LIMIT 1   [ RunTime:0.000000s ]
SQL: SHOW COLUMNS FROM `app_menu` [ RunTime:0.000000s ]
SQL: SELECT `id`,`pid`,`title` FROM `app_menu` WHERE ( id=164 ) LIMIT 1   [ RunTime:0.000000s ]
SQL: SELECT `id`,`pid`,`title` FROM `app_menu` WHERE ( id=130 ) LIMIT 1   [ RunTime:0.000000s ]
SQL: SELECT `id`,`pid`,`title` FROM `app_menu` WHERE ( id=141 ) LIMIT 1   [ RunTime:0.000000s ]
SQL: SELECT DISTINCT  `group` FROM `app_menu` WHERE ( pid = 141 )  [ RunTime:0.000000s ]
SQL: SELECT `id`,`url` FROM `app_menu` WHERE ( `pid` = 141 ) AND ( `hide` = 0 )  [ RunTime:0.000000s ]
SQL: SELECT `id`,`pid`,`title`,`url`,`tip` FROM `app_menu` WHERE ( `group` = '商品管理' ) AND ( `url` IN ('Psi/stock_add','Psi/stock','Psi/exstock_add','Psi/exstock_record') ) AND ( `pid` = 141 ) AND ( `hide` = 0 ) ORDER BY sort asc  [ RunTime:0.000000s ]
SQL: SELECT `id`,`pid`,`title`,`url`,`tip` FROM `app_menu` WHERE ( `group` = '包装品管理' ) AND ( `url` IN ('Psi/stock_add','Psi/stock','Psi/exstock_add','Psi/exstock_record') ) AND ( `pid` = 141 ) AND ( `hide` = 0 ) ORDER BY sort asc  [ RunTime:0.000000s ]
SQL: SHOW COLUMNS FROM `app_stock` [ RunTime:0.000000s ]
SQL: SHOW COLUMNS FROM `app_category` [ RunTime:0.000000s ]
SQL: SHOW COLUMNS FROM `app_supplier` [ RunTime:0.000000s ]
NOTIC: [2] Invalid argument supplied for foreach() D:\wwwroot\liuc\Application\Admin\Controller\PsiController.class.php 第 1761 行.
NOTIC: [8] Undefined variable: tmp D:\wwwroot\liuc\Application\Admin\Controller\PsiController.class.php 第 1767 行.
SQL: UPDATE `app_stock` SET `code`='AMD-DPJ-BZS-L02',`name`='半轴总成/左/6D',`store_no`='D5-02-04',`unit`='根',`category`=41,`supplier`=15,`supplier_no`='GM-8-877',`purch_price`=0,`purch_price_off`=190,`sale_price`=0,`sale_price_off`=255,`warranty`='无质保',`bag_size`='',`box_size`='12*12*83',`bag_price`=0,`box_price`=8.3,`OE`='0',`status`=1,`note`='外齿33 内齿34',`note_2`='',`id`=55,`standard`='a:1:{i:0;s:3:\"141\";}',`thumb_1`='N;' WHERE ( id=55 ) [ RunTime:0.000000s ]

[ 2016-01-12T16:58:58+08:00 ] 58.241.142.145 /index.php?s=/Admin/Psi/stock.html
SQL: SHOW COLUMNS FROM `app_menu` [ RunTime:0.000000s ]
SQL: SELECT * FROM `app_menu` WHERE ( `pid` = 0 ) AND ( `hide` = 0 ) ORDER BY sort asc  [ RunTime:0.000000s ]
SQL: SELECT `id` FROM `app_menu` WHERE ( url like '%Psi/stock' ) LIMIT 1   [ RunTime:0.000000s ]
SQL: SHOW COLUMNS FROM `app_menu` [ RunTime:0.000000s ]
SQL: SELECT `id`,`pid`,`title` FROM `app_menu` WHERE ( id=130 ) LIMIT 1   [ RunTime:0.000000s ]
SQL: SELECT `id`,`pid`,`title` FROM `app_menu` WHERE ( id=141 ) LIMIT 1   [ RunTime:0.000000s ]
SQL: SELECT DISTINCT  `group` FROM `app_menu` WHERE ( pid = 141 )  [ RunTime:0.000000s ]
SQL: SELECT `id`,`url` FROM `app_menu` WHERE ( `pid` = 141 ) AND ( `hide` = 0 )  [ RunTime:0.000000s ]
SQL: SELECT `id`,`pid`,`title`,`url`,`tip` FROM `app_menu` WHERE ( `group` = '商品管理' ) AND ( `url` IN ('Psi/stock_add','Psi/stock','Psi/exstock_add','Psi/exstock_record') ) AND ( `pid` = 141 ) AND ( `hide` = 0 ) ORDER BY sort asc  [ RunTime:0.000000s ]
SQL: SELECT `id`,`pid`,`title`,`url`,`tip` FROM `app_menu` WHERE ( `group` = '包装品管理' ) AND ( `url` IN ('Psi/stock_add','Psi/stock','Psi/exstock_add','Psi/exstock_record') ) AND ( `pid` = 141 ) AND ( `hide` = 0 ) ORDER BY sort asc  [ RunTime:0.000000s ]
SQL: SHOW COLUMNS FROM `app_category` [ RunTime:0.000000s ]
SQL: SELECT `id`,`name`,`title`,`pid`,`sort`,`list_row`,`meta_title`,`keywords`,`description`,`template_index`,`template_lists`,`template_detail`,`template_edit`,`model`,`type`,`link_id`,`allow_publish`,`display`,`reply`,`check`,`reply_model`,`extend`,`create_time`,`update_time`,`status`,`icon` FROM `app_category` WHERE ( `id` = 39 ) LIMIT 1   [ RunTime:0.000000s ]
SQL: SELECT `id`,`title`,`pid` FROM `app_category` WHERE ( `status` > -1 ) ORDER BY sort  [ RunTime:0.000000s ]
SQL: SHOW COLUMNS FROM `app_supplier` [ RunTime:0.015625s ]
NOTIC: [8] Undefined variable: where D:\wwwroot\liuc\Application\Admin\Controller\PsiController.class.php 第 1684 行.
SQL: SELECT `id`,`company` FROM `app_supplier`  [ RunTime:0.000000s ]
SQL: SHOW COLUMNS FROM `app_stock` [ RunTime:0.000000s ]
SQL: SELECT COUNT(*) AS tp_count FROM `app_stock` WHERE ( `category` LIKE '%%' ) AND ( `supplier` LIKE '%%' ) AND ( `status` LIKE '%%' ) ORDER BY id desc LIMIT 1   [ RunTime:0.000000s ]
SQL: SELECT `id`,`code`,`name`,`category`,`supplier`,`standard`,`OE`,`sale_price`,`sale_price_off`,`status` FROM `app_stock` WHERE ( `category` LIKE '%%' ) AND ( `supplier` LIKE '%%' ) AND ( `status` LIKE '%%' ) ORDER BY id desc LIMIT 0,20   [ RunTime:0.000000s ]
SQL: SELECT `title` FROM `app_category` WHERE ( `id` = 45 ) LIMIT 1   [ RunTime:0.000000s ]
SQL: SELECT `company` FROM `app_supplier` WHERE ( id="46" ) LIMIT 1   [ RunTime:0.000000s ]
SQL: SELECT `title` FROM `app_category` WHERE ( `id` = 69 ) LIMIT 1   [ RunTime:0.000000s ]
SQL: SHOW COLUMNS FROM `app_warehouse` [ RunTime:0.000000s ]
SQL: SELECT * FROM `app_warehouse` WHERE ( sid=1265 ) LIMIT 1   [ RunTime:0.000000s ]
SQL: SELECT `title` FROM `app_category` WHERE ( `id` = 0 ) LIMIT 1   [ RunTime:0.000000s ]
SQL: SELECT `company` FROM `app_supplier` WHERE ( id="19" ) LIMIT 1   [ RunTime:0.000000s ]
SQL: SELECT `title` FROM `app_category` WHERE ( `id` = 250 ) LIMIT 1   [ RunTime:0.000000s ]
SQL: SELECT `title` FROM `app_category` WHERE ( `id` = 169 ) LIMIT 1   [ RunTime:0.000000s ]
SQL: SELECT * FROM `app_warehouse` WHERE ( sid=1264 ) LIMIT 1   [ RunTime:0.000000s ]
SQL: SELECT `title` FROM `app_category` WHERE ( `id` = 45 ) LIMIT 1   [ RunTime:0.000000s ]
SQL: SELECT `company` FROM `app_supplier` WHERE ( id="46" ) LIMIT 1   [ RunTime:0.000000s ]
SQL: SELECT `title` FROM `app_category` WHERE ( `id` = 77 ) LIMIT 1   [ RunTime:0.000000s ]
SQL: SELECT * FROM `app_warehouse` WHERE ( sid=1263 ) LIMIT 1   [ RunTime:0.000000s ]
SQL: SELECT `title` FROM `app_category` WHERE ( `id` = 45 ) LIMIT 1   [ RunTime:0.000000s ]
SQL: SELECT `company` FROM `app_supplier` WHERE ( id="46" ) LIMIT 1   [ RunTime:0.000000s ]
SQL: SELECT `title` FROM `app_category` WHERE ( `id` = 77 ) LIMIT 1   [ RunTime:0.000000s ]
SQL: SELECT * FROM `app_warehouse` WHERE ( sid=1262 ) LIMIT 1   [ RunTime:0.015625s ]
SQL: SELECT `title` FROM `app_category` WHERE ( `id` = 41 ) LIMIT 1   [ RunTime:0.000000s ]
SQL: SELECT `company` FROM `app_supplier` WHERE ( id="93" ) LIMIT 1   [ RunTime:0.000000s ]
SQL: SELECT `title` FROM `app_category` WHERE ( `id` = 77 ) LIMIT 1   [ RunTime:0.000000s ]
SQL: SELECT * FROM `app_warehouse` WHERE ( sid=1261 ) LIMIT 1   [ RunTime:0.000000s ]
SQL: SELECT `title` FROM `app_category` WHERE ( `id` = 43 ) LIMIT 1   [ RunTime:0.000000s ]
SQL: SELECT `company` FROM `app_supplier` WHERE ( id="63" ) LIMIT 1   [ RunTime:0.000000s ]
SQL: SELECT `title` FROM `app_category` WHERE ( `id` = 117 ) LIMIT 1   [ RunTime:0.000000s ]
SQL: SELECT * FROM `app_warehouse` WHERE ( sid=1260 ) LIMIT 1   [ RunTime:0.000000s ]
SQL: SELECT `title` FROM `app_category` WHERE ( `id` = 43 ) LIMIT 1   [ RunTime:0.000000s ]
SQL: SELECT `company` FROM `app_supplier` WHERE ( id="44" ) LIMIT 1   [ RunTime:0.000000s ]
SQL: SELECT `title` FROM `app_category` WHERE ( `id` = 379 ) LIMIT 1   [ RunTime:0.000000s ]
SQL: SELECT * FROM `app_warehouse` WHERE ( sid=1259 ) LIMIT 1   [ RunTime:0.000000s ]
SQL: SELECT `title` FROM `app_category` WHERE ( `id` = 43 ) LIMIT 1   [ RunTime:0.000000s ]
SQL: SELECT `company` FROM `app_supplier` WHERE ( id="44" ) LIMIT 1   [ RunTime:0.000000s ]
SQL: SELECT `title` FROM `app_category` WHERE ( `id` = 378 ) LIMIT 1   [ RunTime:0.000000s ]
SQL: SELECT * FROM `app_warehouse` WHERE ( sid=1258 ) LIMIT 1   [ RunTime:0.000000s ]
SQL: SELECT `title` FROM `app_category` WHERE ( `id` = 43 ) LIMIT 1   [ RunTime:0.000000s ]
SQL: SELECT `company` FROM `app_supplier` WHERE ( id="44" ) LIMIT 1   [ RunTime:0.000000s ]
SQL: SELECT `title` FROM `app_category` WHERE ( `id` = 377 ) LIMIT 1   [ RunTime:0.000000s ]
SQL: SELECT * FROM `app_warehouse` WHERE ( sid=1257 ) LIMIT 1   [ RunTime:0.000000s ]
SQL: SELECT `title` FROM `app_category` WHERE ( `id` = 43 ) LIMIT 1   [ RunTime:0.000000s ]
SQL: SELECT `company` FROM `app_supplier` WHERE ( id="44" ) LIMIT 1   [ RunTime:0.000000s ]
SQL: SELECT `title` FROM `app_category` WHERE ( `id` = 376 ) LIMIT 1   [ RunTime:0.000000s ]
SQL: SELECT * FROM `app_warehouse` WHERE ( sid=1256 ) LIMIT 1   [ RunTime:0.000000s ]
SQL: SELECT `title` FROM `app_category` WHERE ( `id` = 43 ) LIMIT 1   [ RunTime:0.000000s ]
SQL: SELECT `company` FROM `app_supplier` WHERE ( id="44" ) LIMIT 1   [ RunTime:0.000000s ]
SQL: SELECT `title` FROM `app_category` WHERE ( `id` = 375 ) LIMIT 1   [ RunTime:0.000000s ]
SQL: SELECT * FROM `app_warehouse` WHERE ( sid=1255 ) LIMIT 1   [ RunTime:0.000000s ]
SQL: SELECT `title` FROM `app_category` WHERE ( `id` = 43 ) LIMIT 1   [ RunTime:0.000000s ]
SQL: SELECT `company` FROM `app_supplier` WHERE ( id="44" ) LIMIT 1   [ RunTime:0.000000s ]
SQL: SELECT `title` FROM `app_category` WHERE ( `id` = 374 ) LIMIT 1   [ RunTime:0.000000s ]
SQL: SELECT * FROM `app_warehouse` WHERE ( sid=1254 ) LIMIT 1   [ RunTime:0.000000s ]
SQL: SELECT `title` FROM `app_category` WHERE ( `id` = 43 ) LIMIT 1   [ RunTime:0.000000s ]
SQL: SELECT `company` FROM `app_supplier` WHERE ( id="44" ) LIMIT 1   [ RunTime:0.000000s ]
SQL: SELECT `title` FROM `app_category` WHERE ( `id` = 373 ) LIMIT 1   [ RunTime:0.000000s ]
SQL: SELECT * FROM `app_warehouse` WHERE ( sid=1253 ) LIMIT 1   [ RunTime:0.000000s ]
SQL: SELECT `title` FROM `app_category` WHERE ( `id` = 43 ) LIMIT 1   [ RunTime:0.000000s ]
SQL: SELECT `company` FROM `app_supplier` WHERE ( id="44" ) LIMIT 1   [ RunTime:0.000000s ]
SQL: SELECT `title` FROM `app_category` WHERE ( `id` = 372 ) LIMIT 1   [ RunTime:0.000000s ]
SQL: SELECT * FROM `app_warehouse` WHERE ( sid=1252 ) LIMIT 1   [ RunTime:0.000000s ]
SQL: SELECT `title` FROM `app_category` WHERE ( `id` = 43 ) LIMIT 1   [ RunTime:0.000000s ]
SQL: SELECT `company` FROM `app_supplier` WHERE ( id="44" ) LIMIT 1   [ RunTime:0.000000s ]
SQL: SELECT `title` FROM `app_category` WHERE ( `id` = 371 ) LIMIT 1   [ RunTime:0.000000s ]
SQL: SELECT * FROM `app_warehouse` WHERE ( sid=1251 ) LIMIT 1   [ RunTime:0.000000s ]
SQL: SELECT `title` FROM `app_category` WHERE ( `id` = 43 ) LIMIT 1   [ RunTime:0.000000s ]
SQL: SELECT `company` FROM `app_supplier` WHERE ( id="44" ) LIMIT 1   [ RunTime:0.000000s ]
SQL: SELECT `title` FROM `app_category` WHERE ( `id` = 370 ) LIMIT 1   [ RunTime:0.000000s ]
SQL: SELECT * FROM `app_warehouse` WHERE ( sid=1250 ) LIMIT 1   [ RunTime:0.000000s ]
SQL: SELECT `title` FROM `app_category` WHERE ( `id` = 43 ) LIMIT 1   [ RunTime:0.000000s ]
SQL: SELECT `company` FROM `app_supplier` WHERE ( id="44" ) LIMIT 1   [ RunTime:0.000000s ]
SQL: SELECT `title` FROM `app_category` WHERE ( `id` = 369 ) LIMIT 1   [ RunTime:0.000000s ]
SQL: SELECT * FROM `app_warehouse` WHERE ( sid=1249 ) LIMIT 1   [ RunTime:0.000000s ]
SQL: SELECT `title` FROM `app_category` WHERE ( `id` = 44 ) LIMIT 1   [ RunTime:0.000000s ]
SQL: SELECT `company` FROM `app_supplier` WHERE ( id="75" ) LIMIT 1   [ RunTime:0.000000s ]
SQL: SELECT `title` FROM `app_category` WHERE ( `id` = 77 ) LIMIT 1   [ RunTime:0.000000s ]
SQL: SELECT `title` FROM `app_category` WHERE ( `id` = 207 ) LIMIT 1   [ RunTime:0.000000s ]
SQL: SELECT `title` FROM `app_category` WHERE ( `id` = 146 ) LIMIT 1   [ RunTime:0.000000s ]
SQL: SELECT * FROM `app_warehouse` WHERE ( sid=1248 ) LIMIT 1   [ RunTime:0.000000s ]
SQL: SELECT `title` FROM `app_category` WHERE ( `id` = 45 ) LIMIT 1   [ RunTime:0.000000s ]
SQL: SELECT `company` FROM `app_supplier` WHERE ( id="46" ) LIMIT 1   [ RunTime:0.000000s ]
SQL: SELECT `title` FROM `app_category` WHERE ( `id` = 247 ) LIMIT 1   [ RunTime:0.000000s ]
SQL: SELECT `title` FROM `app_category` WHERE ( `id` = 158 ) LIMIT 1   [ RunTime:0.000000s ]
SQL: SELECT * FROM `app_warehouse` WHERE ( sid=1247 ) LIMIT 1   [ RunTime:0.000000s ]
SQL: SELECT `title` FROM `app_category` WHERE ( `id` = 45 ) LIMIT 1   [ RunTime:0.000000s ]
SQL: SELECT `company` FROM `app_supplier` WHERE ( id="46" ) LIMIT 1   [ RunTime:0.000000s ]
SQL: SELECT `title` FROM `app_category` WHERE ( `id` = 69 ) LIMIT 1   [ RunTime:0.000000s ]
SQL: SELECT * FROM `app_warehouse` WHERE ( sid=1246 ) LIMIT 1   [ RunTime:0.000000s ]
NOTIC: [8] Undefined variable: num_order D:\wwwroot\liuc\Application\Admin\Model\StockModel.class.php 第 75 行.
NOTIC: [8] Undefined variable: num_order D:\wwwroot\liuc\Application\Admin\Model\StockModel.class.php 第 77 行.
NOTIC: [8] Undefined variable: type D:\wwwroot\liuc\Application\Admin\Controller\PsiController.class.php 第 1722 行.
INFO: [ view_parse ] --START--
INFO: [ template_filter ] --START--
INFO: Run Behavior\ContentReplace [ RunTime:0.000000s ]
INFO: [ template_filter ] --END-- [ RunTime:0.000000s ]
INFO: Run Behavior\ParseTemplate [ RunTime:0.031250s ]
INFO: [ view_parse ] --END-- [ RunTime:0.031250s ]
INFO: [ view_filter ] --START--
INFO: Run Behavior\WriteHtmlCache [ RunTime:0.015625s ]
INFO: [ view_filter ] --END-- [ RunTime:0.015625s ]
INFO: [ app_end ] --START--
INFO: Run Behavior\ShowPageTrace [ RunTime:0.000000s ]
INFO: [ app_end ] --END-- [ RunTime:0.000000s ]

[ 2016-01-12T16:58:58+08:00 ] 58.241.142.145 /index.php?s=/Admin/Psi/stock.html
SQL: SHOW COLUMNS FROM `app_menu` [ RunTime:0.000000s ]
SQL: SELECT * FROM `app_menu` WHERE ( `pid` = 0 ) AND ( `hide` = 0 ) ORDER BY sort asc  [ RunTime:0.000000s ]
SQL: SELECT `id` FROM `app_menu` WHERE ( url like '%Psi/stock' ) LIMIT 1   [ RunTime:0.000000s ]
SQL: SHOW COLUMNS FROM `app_menu` [ RunTime:0.015625s ]
SQL: SELECT `id`,`pid`,`title` FROM `app_menu` WHERE ( id=130 ) LIMIT 1   [ RunTime:0.000000s ]
SQL: SELECT `id`,`pid`,`title` FROM `app_menu` WHERE ( id=141 ) LIMIT 1   [ RunTime:0.000000s ]
SQL: SELECT DISTINCT  `group` FROM `app_menu` WHERE ( pid = 141 )  [ RunTime:0.000000s ]
SQL: SELECT `id`,`url` FROM `app_menu` WHERE ( `pid` = 141 ) AND ( `hide` = 0 )  [ RunTime:0.000000s ]
SQL: SELECT `id`,`pid`,`title`,`url`,`tip` FROM `app_menu` WHERE ( `group` = '商品管理' ) AND ( `url` IN ('Psi/stock_add','Psi/stock','Psi/exstock_add','Psi/exstock_record') ) AND ( `pid` = 141 ) AND ( `hide` = 0 ) ORDER BY sort asc  [ RunTime:0.000000s ]
SQL: SELECT `id`,`pid`,`title`,`url`,`tip` FROM `app_menu` WHERE ( `group` = '包装品管理' ) AND ( `url` IN ('Psi/stock_add','Psi/stock','Psi/exstock_add','Psi/exstock_record') ) AND ( `pid` = 141 ) AND ( `hide` = 0 ) ORDER BY sort asc  [ RunTime:0.000000s ]
SQL: SHOW COLUMNS FROM `app_category` [ RunTime:0.000000s ]
SQL: SELECT `id`,`name`,`title`,`pid`,`sort`,`list_row`,`meta_title`,`keywords`,`description`,`template_index`,`template_lists`,`template_detail`,`template_edit`,`model`,`type`,`link_id`,`allow_publish`,`display`,`reply`,`check`,`reply_model`,`extend`,`create_time`,`update_time`,`status`,`icon` FROM `app_category` WHERE ( `id` = 39 ) LIMIT 1   [ RunTime:0.000000s ]
SQL: SELECT `id`,`title`,`pid` FROM `app_category` WHERE ( `status` > -1 ) ORDER BY sort  [ RunTime:0.000000s ]
SQL: SHOW COLUMNS FROM `app_supplier` [ RunTime:0.000000s ]
NOTIC: [8] Undefined variable: where D:\wwwroot\liuc\Application\Admin\Controller\PsiController.class.php 第 1684 行.
SQL: SELECT `id`,`company` FROM `app_supplier`  [ RunTime:0.000000s ]
SQL: SHOW COLUMNS FROM `app_stock` [ RunTime:0.015625s ]
SQL: SELECT COUNT(*) AS tp_count FROM `app_stock` WHERE ( `category` LIKE '%%' ) AND ( `supplier` LIKE '%%' ) AND ( `status` LIKE '%%' ) ORDER BY id desc LIMIT 1   [ RunTime:0.000000s ]
SQL: SELECT `id`,`code`,`name`,`category`,`supplier`,`standard`,`OE`,`sale_price`,`sale_price_off`,`status` FROM `app_stock` WHERE ( `category` LIKE '%%' ) AND ( `supplier` LIKE '%%' ) AND ( `status` LIKE '%%' ) ORDER BY id desc LIMIT 0,20   [ RunTime:0.000000s ]
SQL: SELECT `title` FROM `app_category` WHERE ( `id` = 45 ) LIMIT 1   [ RunTime:0.000000s ]
SQL: SELECT `company` FROM `app_supplier` WHERE ( id="46" ) LIMIT 1   [ RunTime:0.000000s ]
SQL: SELECT `title` FROM `app_category` WHERE ( `id` = 69 ) LIMIT 1   [ RunTime:0.000000s ]
SQL: SHOW COLUMNS FROM `app_warehouse` [ RunTime:0.000000s ]
SQL: SELECT * FROM `app_warehouse` WHERE ( sid=1265 ) LIMIT 1   [ RunTime:0.000000s ]
SQL: SELECT `title` FROM `app_category` WHERE ( `id` = 0 ) LIMIT 1   [ RunTime:0.000000s ]
SQL: SELECT `company` FROM `app_supplier` WHERE ( id="19" ) LIMIT 1   [ RunTime:0.015625s ]
SQL: SELECT `title` FROM `app_category` WHERE ( `id` = 250 ) LIMIT 1   [ RunTime:0.000000s ]
SQL: SELECT `title` FROM `app_category` WHERE ( `id` = 169 ) LIMIT 1   [ RunTime:0.000000s ]
SQL: SELECT * FROM `app_warehouse` WHERE ( sid=1264 ) LIMIT 1   [ RunTime:0.000000s ]
SQL: SELECT `title` FROM `app_category` WHERE ( `id` = 45 ) LIMIT 1   [ RunTime:0.000000s ]
SQL: SELECT `company` FROM `app_supplier` WHERE ( id="46" ) LIMIT 1   [ RunTime:0.000000s ]
SQL: SELECT `title` FROM `app_category` WHERE ( `id` = 77 ) LIMIT 1   [ RunTime:0.000000s ]
SQL: SELECT * FROM `app_warehouse` WHERE ( sid=1263 ) LIMIT 1   [ RunTime:0.000000s ]
SQL: SELECT `title` FROM `app_category` WHERE ( `id` = 45 ) LIMIT 1   [ RunTime:0.000000s ]
SQL: SELECT `company` FROM `app_supplier` WHERE ( id="46" ) LIMIT 1   [ RunTime:0.000000s ]
SQL: SELECT `title` FROM `app_category` WHERE ( `id` = 77 ) LIMIT 1   [ RunTime:0.000000s ]
SQL: SELECT * FROM `app_warehouse` WHERE ( sid=1262 ) LIMIT 1   [ RunTime:0.000000s ]
SQL: SELECT `title` FROM `app_category` WHERE ( `id` = 41 ) LIMIT 1   [ RunTime:0.000000s ]
SQL: SELECT `company` FROM `app_supplier` WHERE ( id="93" ) LIMIT 1   [ RunTime:0.000000s ]
SQL: SELECT `title` FROM `app_category` WHERE ( `id` = 77 ) LIMIT 1   [ RunTime:0.000000s ]
SQL: SELECT * FROM `app_warehouse` WHERE ( sid=1261 ) LIMIT 1   [ RunTime:0.000000s ]
SQL: SELECT `title` FROM `app_category` WHERE ( `id` = 43 ) LIMIT 1   [ RunTime:0.000000s ]
SQL: SELECT `company` FROM `app_supplier` WHERE ( id="63" ) LIMIT 1   [ RunTime:0.000000s ]
SQL: SELECT `title` FROM `app_category` WHERE ( `id` = 117 ) LIMIT 1   [ RunTime:0.000000s ]
SQL: SELECT * FROM `app_warehouse` WHERE ( sid=1260 ) LIMIT 1   [ RunTime:0.015625s ]
SQL: SELECT `title` FROM `app_category` WHERE ( `id` = 43 ) LIMIT 1   [ RunTime:0.000000s ]
SQL: SELECT `company` FROM `app_supplier` WHERE ( id="44" ) LIMIT 1   [ RunTime:0.000000s ]
SQL: SELECT `title` FROM `app_category` WHERE ( `id` = 379 ) LIMIT 1   [ RunTime:0.000000s ]
SQL: SELECT * FROM `app_warehouse` WHERE ( sid=1259 ) LIMIT 1   [ RunTime:0.000000s ]
SQL: SELECT `title` FROM `app_category` WHERE ( `id` = 43 ) LIMIT 1   [ RunTime:0.000000s ]
SQL: SELECT `company` FROM `app_supplier` WHERE ( id="44" ) LIMIT 1   [ RunTime:0.000000s ]
SQL: SELECT `title` FROM `app_category` WHERE ( `id` = 378 ) LIMIT 1   [ RunTime:0.000000s ]
SQL: SELECT * FROM `app_warehouse` WHERE ( sid=1258 ) LIMIT 1   [ RunTime:0.000000s ]
SQL: SELECT `title` FROM `app_category` WHERE ( `id` = 43 ) LIMIT 1   [ RunTime:0.000000s ]
SQL: SELECT `company` FROM `app_supplier` WHERE ( id="44" ) LIMIT 1   [ RunTime:0.000000s ]
SQL: SELECT `title` FROM `app_category` WHERE ( `id` = 377 ) LIMIT 1   [ RunTime:0.000000s ]
SQL: SELECT * FROM `app_warehouse` WHERE ( sid=1257 ) LIMIT 1   [ RunTime:0.000000s ]
SQL: SELECT `title` FROM `app_category` WHERE ( `id` = 43 ) LIMIT 1   [ RunTime:0.000000s ]
SQL: SELECT `company` FROM `app_supplier` WHERE ( id="44" ) LIMIT 1   [ RunTime:0.000000s ]
SQL: SELECT `title` FROM `app_category` WHERE ( `id` = 376 ) LIMIT 1   [ RunTime:0.000000s ]
SQL: SELECT * FROM `app_warehouse` WHERE ( sid=1256 ) LIMIT 1   [ RunTime:0.000000s ]
SQL: SELECT `title` FROM `app_category` WHERE ( `id` = 43 ) LIMIT 1   [ RunTime:0.000000s ]
SQL: SELECT `company` FROM `app_supplier` WHERE ( id="44" ) LIMIT 1   [ RunTime:0.000000s ]
SQL: SELECT `title` FROM `app_category` WHERE ( `id` = 375 ) LIMIT 1   [ RunTime:0.000000s ]
SQL: SELECT * FROM `app_warehouse` WHERE ( sid=1255 ) LIMIT 1   [ RunTime:0.000000s ]
SQL: SELECT `title` FROM `app_category` WHERE ( `id` = 43 ) LIMIT 1   [ RunTime:0.000000s ]
SQL: SELECT `company` FROM `app_supplier` WHERE ( id="44" ) LIMIT 1   [ RunTime:0.000000s ]
SQL: SELECT `title` FROM `app_category` WHERE ( `id` = 374 ) LIMIT 1   [ RunTime:0.000000s ]
SQL: SELECT * FROM `app_warehouse` WHERE ( sid=1254 ) LIMIT 1   [ RunTime:0.000000s ]
SQL: SELECT `title` FROM `app_category` WHERE ( `id` = 43 ) LIMIT 1   [ RunTime:0.000000s ]
SQL: SELECT `company` FROM `app_supplier` WHERE ( id="44" ) LIMIT 1   [ RunTime:0.000000s ]
SQL: SELECT `title` FROM `app_category` WHERE ( `id` = 373 ) LIMIT 1   [ RunTime:0.000000s ]
SQL: SELECT * FROM `app_warehouse` WHERE ( sid=1253 ) LIMIT 1   [ RunTime:0.000000s ]
SQL: SELECT `title` FROM `app_category` WHERE ( `id` = 43 ) LIMIT 1   [ RunTime:0.000000s ]
SQL: SELECT `company` FROM `app_supplier` WHERE ( id="44" ) LIMIT 1   [ RunTime:0.000000s ]
SQL: SELECT `title` FROM `app_category` WHERE ( `id` = 372 ) LIMIT 1   [ RunTime:0.000000s ]
SQL: SELECT * FROM `app_warehouse` WHERE ( sid=1252 ) LIMIT 1   [ RunTime:0.000000s ]
SQL: SELECT `title` FROM `app_category` WHERE ( `id` = 43 ) LIMIT 1   [ RunTime:0.000000s ]
SQL: SELECT `company` FROM `app_supplier` WHERE ( id="44" ) LIMIT 1   [ RunTime:0.000000s ]
SQL: SELECT `title` FROM `app_category` WHERE ( `id` = 371 ) LIMIT 1   [ RunTime:0.000000s ]
SQL: SELECT * FROM `app_warehouse` WHERE ( sid=1251 ) LIMIT 1   [ RunTime:0.000000s ]
SQL: SELECT `title` FROM `app_category` WHERE ( `id` = 43 ) LIMIT 1   [ RunTime:0.000000s ]
SQL: SELECT `company` FROM `app_supplier` WHERE ( id="44" ) LIMIT 1   [ RunTime:0.000000s ]
SQL: SELECT `title` FROM `app_category` WHERE ( `id` = 370 ) LIMIT 1   [ RunTime:0.000000s ]
SQL: SELECT * FROM `app_warehouse` WHERE ( sid=1250 ) LIMIT 1   [ RunTime:0.000000s ]
SQL: SELECT `title` FROM `app_category` WHERE ( `id` = 43 ) LIMIT 1   [ RunTime:0.000000s ]
SQL: SELECT `company` FROM `app_supplier` WHERE ( id="44" ) LIMIT 1   [ RunTime:0.015625s ]
SQL: SELECT `title` FROM `app_category` WHERE ( `id` = 369 ) LIMIT 1   [ RunTime:0.000000s ]
SQL: SELECT * FROM `app_warehouse` WHERE ( sid=1249 ) LIMIT 1   [ RunTime:0.000000s ]
SQL: SELECT `title` FROM `app_category` WHERE ( `id` = 44 ) LIMIT 1   [ RunTime:0.000000s ]
SQL: SELECT `company` FROM `app_supplier` WHERE ( id="75" ) LIMIT 1   [ RunTime:0.000000s ]
SQL: SELECT `title` FROM `app_category` WHERE ( `id` = 77 ) LIMIT 1   [ RunTime:0.000000s ]
SQL: SELECT `title` FROM `app_category` WHERE ( `id` = 207 ) LIMIT 1   [ RunTime:0.000000s ]
SQL: SELECT `title` FROM `app_category` WHERE ( `id` = 146 ) LIMIT 1   [ RunTime:0.000000s ]
SQL: SELECT * FROM `app_warehouse` WHERE ( sid=1248 ) LIMIT 1   [ RunTime:0.000000s ]
SQL: SELECT `title` FROM `app_category` WHERE ( `id` = 45 ) LIMIT 1   [ RunTime:0.000000s ]
SQL: SELECT `company` FROM `app_supplier` WHERE ( id="46" ) LIMIT 1   [ RunTime:0.000000s ]
SQL: SELECT `title` FROM `app_category` WHERE ( `id` = 247 ) LIMIT 1   [ RunTime:0.000000s ]
SQL: SELECT `title` FROM `app_category` WHERE ( `id` = 158 ) LIMIT 1   [ RunTime:0.000000s ]
SQL: SELECT * FROM `app_warehouse` WHERE ( sid=1247 ) LIMIT 1   [ RunTime:0.000000s ]
SQL: SELECT `title` FROM `app_category` WHERE ( `id` = 45 ) LIMIT 1   [ RunTime:0.000000s ]
SQL: SELECT `company` FROM `app_supplier` WHERE ( id="46" ) LIMIT 1   [ RunTime:0.000000s ]
SQL: SELECT `title` FROM `app_category` WHERE ( `id` = 69 ) LIMIT 1   [ RunTime:0.000000s ]
SQL: SELECT * FROM `app_warehouse` WHERE ( sid=1246 ) LIMIT 1   [ RunTime:0.000000s ]
NOTIC: [8] Undefined variable: num_order D:\wwwroot\liuc\Application\Admin\Model\StockModel.class.php 第 75 行.
NOTIC: [8] Undefined variable: num_order D:\wwwroot\liuc\Application\Admin\Model\StockModel.class.php 第 77 行.
NOTIC: [8] Undefined variable: type D:\wwwroot\liuc\Application\Admin\Controller\PsiController.class.php 第 1722 行.
INFO: [ view_parse ] --START--
INFO: [ template_filter ] --START--
INFO: Run Behavior\ContentReplace [ RunTime:0.000000s ]
INFO: [ template_filter ] --END-- [ RunTime:0.000000s ]
INFO: Run Behavior\ParseTemplate [ RunTime:0.046875s ]
INFO: [ view_parse ] --END-- [ RunTime:0.046875s ]
INFO: [ view_filter ] --START--
INFO: Run Behavior\WriteHtmlCache [ RunTime:0.000000s ]
INFO: [ view_filter ] --END-- [ RunTime:0.000000s ]
INFO: [ app_end ] --START--
INFO: Run Behavior\ShowPageTrace [ RunTime:0.000000s ]
INFO: [ app_end ] --END-- [ RunTime:0.000000s ]

[ 2016-01-12T16:59:08+08:00 ] 58.241.142.145 /index.php?s=/Admin/Psi/stock.html&keyword=AMD-DPJ-BZA-L08&ask=1
SQL: SHOW COLUMNS FROM `app_menu` [ RunTime:0.000000s ]
SQL: SELECT * FROM `app_menu` WHERE ( `pid` = 0 ) AND ( `hide` = 0 ) ORDER BY sort asc  [ RunTime:0.000000s ]
SQL: SELECT `id` FROM `app_menu` WHERE ( url like '%Psi/stock' ) LIMIT 1   [ RunTime:0.000000s ]
SQL: SHOW COLUMNS FROM `app_menu` [ RunTime:0.000000s ]
SQL: SELECT `id`,`pid`,`title` FROM `app_menu` WHERE ( id=130 ) LIMIT 1   [ RunTime:0.000000s ]
SQL: SELECT `id`,`pid`,`title` FROM `app_menu` WHERE ( id=141 ) LIMIT 1   [ RunTime:0.000000s ]
SQL: SELECT DISTINCT  `group` FROM `app_menu` WHERE ( pid = 141 )  [ RunTime:0.015625s ]
SQL: SELECT `id`,`url` FROM `app_menu` WHERE ( `pid` = 141 ) AND ( `hide` = 0 )  [ RunTime:0.000000s ]
SQL: SELECT `id`,`pid`,`title`,`url`,`tip` FROM `app_menu` WHERE ( `group` = '商品管理' ) AND ( `url` IN ('Psi/stock_add','Psi/stock','Psi/exstock_add','Psi/exstock_record') ) AND ( `pid` = 141 ) AND ( `hide` = 0 ) ORDER BY sort asc  [ RunTime:0.000000s ]
SQL: SELECT `id`,`pid`,`title`,`url`,`tip` FROM `app_menu` WHERE ( `group` = '包装品管理' ) AND ( `url` IN ('Psi/stock_add','Psi/stock','Psi/exstock_add','Psi/exstock_record') ) AND ( `pid` = 141 ) AND ( `hide` = 0 ) ORDER BY sort asc  [ RunTime:0.000000s ]
SQL: SHOW COLUMNS FROM `app_category` [ RunTime:0.000000s ]
SQL: SELECT `id`,`name`,`title`,`pid`,`sort`,`list_row`,`meta_title`,`keywords`,`description`,`template_index`,`template_lists`,`template_detail`,`template_edit`,`model`,`type`,`link_id`,`allow_publish`,`display`,`reply`,`check`,`reply_model`,`extend`,`create_time`,`update_time`,`status`,`icon` FROM `app_category` WHERE ( `id` = 39 ) LIMIT 1   [ RunTime:0.000000s ]
SQL: SELECT `id`,`title`,`pid` FROM `app_category` WHERE ( `status` > -1 ) ORDER BY sort  [ RunTime:0.000000s ]
SQL: SHOW COLUMNS FROM `app_supplier` [ RunTime:0.000000s ]
NOTIC: [8] Undefined variable: where D:\wwwroot\liuc\Application\Admin\Controller\PsiController.class.php 第 1684 行.
SQL: SELECT `id`,`company` FROM `app_supplier`  [ RunTime:0.000000s ]
SQL: SHOW COLUMNS FROM `app_stock` [ RunTime:0.000000s ]
SQL: SELECT COUNT(*) AS tp_count FROM `app_stock` WHERE ( `code` LIKE '%AMD-DPJ-BZA-L08%' ) AND ( `category` LIKE '%%' ) AND ( `supplier` LIKE '%%' ) AND ( `status` LIKE '%%' ) ORDER BY id desc LIMIT 1   [ RunTime:0.015625s ]
SQL: SELECT `id`,`code`,`name`,`category`,`supplier`,`standard`,`OE`,`sale_price`,`sale_price_off`,`status` FROM `app_stock` WHERE ( `code` LIKE '%AMD-DPJ-BZA-L08%' ) AND ( `category` LIKE '%%' ) AND ( `supplier` LIKE '%%' ) AND ( `status` LIKE '%%' ) ORDER BY id desc LIMIT 0,20   [ RunTime:0.000000s ]
SQL: SELECT `title` FROM `app_category` WHERE ( `id` = 41 ) LIMIT 1   [ RunTime:0.000000s ]
SQL: SELECT `company` FROM `app_supplier` WHERE ( id="0" ) LIMIT 1   [ RunTime:0.000000s ]
SQL: SELECT `title` FROM `app_category` WHERE ( `id` = 65 ) LIMIT 1   [ RunTime:0.000000s ]
SQL: SELECT `title` FROM `app_category` WHERE ( `id` = 189 ) LIMIT 1   [ RunTime:0.000000s ]
SQL: SHOW COLUMNS FROM `app_warehouse` [ RunTime:0.000000s ]
SQL: SELECT * FROM `app_warehouse` WHERE ( sid=56 ) LIMIT 1   [ RunTime:0.000000s ]
NOTIC: [8] Undefined variable: num_order D:\wwwroot\liuc\Application\Admin\Model\StockModel.class.php 第 75 行.
NOTIC: [8] Undefined variable: num_order D:\wwwroot\liuc\Application\Admin\Model\StockModel.class.php 第 77 行.
INFO: [ view_parse ] --START--
INFO: [ template_filter ] --START--
INFO: Run Behavior\ContentReplace [ RunTime:0.000000s ]
INFO: [ template_filter ] --END-- [ RunTime:0.000000s ]
INFO: Run Behavior\ParseTemplate [ RunTime:0.031250s ]
INFO: [ view_parse ] --END-- [ RunTime:0.031250s ]
INFO: [ view_filter ] --START--
INFO: Run Behavior\WriteHtmlCache [ RunTime:0.000000s ]
INFO: [ view_filter ] --END-- [ RunTime:0.000000s ]
INFO: [ app_end ] --START--
INFO: Run Behavior\ShowPageTrace [ RunTime:0.000000s ]
INFO: [ app_end ] --END-- [ RunTime:0.000000s ]

[ 2016-01-12T16:59:09+08:00 ] 58.241.142.145 /index.php?s=/Admin/Psi/stock_edit.html&id=56
SQL: SHOW COLUMNS FROM `app_menu` [ RunTime:0.000000s ]
SQL: SELECT * FROM `app_menu` WHERE ( `pid` = 0 ) AND ( `hide` = 0 ) ORDER BY sort asc  [ RunTime:0.000000s ]
SQL: SELECT `id` FROM `app_menu` WHERE ( url like '%Psi/stock_edit' ) LIMIT 1   [ RunTime:0.000000s ]
SQL: SHOW COLUMNS FROM `app_menu` [ RunTime:0.000000s ]
SQL: SELECT `id`,`pid`,`title` FROM `app_menu` WHERE ( id=164 ) LIMIT 1   [ RunTime:0.000000s ]
SQL: SELECT `id`,`pid`,`title` FROM `app_menu` WHERE ( id=130 ) LIMIT 1   [ RunTime:0.000000s ]
SQL: SELECT `id`,`pid`,`title` FROM `app_menu` WHERE ( id=141 ) LIMIT 1   [ RunTime:0.000000s ]
SQL: SELECT DISTINCT  `group` FROM `app_menu` WHERE ( pid = 141 )  [ RunTime:0.000000s ]
SQL: SELECT `id`,`url` FROM `app_menu` WHERE ( `pid` = 141 ) AND ( `hide` = 0 )  [ RunTime:0.000000s ]
SQL: SELECT `id`,`pid`,`title`,`url`,`tip` FROM `app_menu` WHERE ( `group` = '商品管理' ) AND ( `url` IN ('Psi/stock_add','Psi/stock','Psi/exstock_add','Psi/exstock_record') ) AND ( `pid` = 141 ) AND ( `hide` = 0 ) ORDER BY sort asc  [ RunTime:0.000000s ]
SQL: SELECT `id`,`pid`,`title`,`url`,`tip` FROM `app_menu` WHERE ( `group` = '包装品管理' ) AND ( `url` IN ('Psi/stock_add','Psi/stock','Psi/exstock_add','Psi/exstock_record') ) AND ( `pid` = 141 ) AND ( `hide` = 0 ) ORDER BY sort asc  [ RunTime:0.000000s ]
SQL: SHOW COLUMNS FROM `app_stock` [ RunTime:0.000000s ]
SQL: SHOW COLUMNS FROM `app_category` [ RunTime:0.000000s ]
SQL: SHOW COLUMNS FROM `app_supplier` [ RunTime:0.015625s ]
SQL: SELECT * FROM `app_stock` WHERE ( `id` = 56 ) LIMIT 1   [ RunTime:0.000000s ]
SQL: SELECT `title` FROM `app_category` WHERE ( `id` = 41 ) LIMIT 1   [ RunTime:0.000000s ]
SQL: SELECT `company` FROM `app_supplier` WHERE ( id="0" ) LIMIT 1   [ RunTime:0.000000s ]
SQL: SELECT `title` FROM `app_category` WHERE ( `id` = 65 ) LIMIT 1   [ RunTime:0.000000s ]
SQL: SELECT `title` FROM `app_category` WHERE ( `id` = 189 ) LIMIT 1   [ RunTime:0.000000s ]
SQL: SELECT `id`,`name`,`title`,`pid`,`sort`,`list_row`,`meta_title`,`keywords`,`description`,`template_index`,`template_lists`,`template_detail`,`template_edit`,`model`,`type`,`link_id`,`allow_publish`,`display`,`reply`,`check`,`reply_model`,`extend`,`create_time`,`update_time`,`status`,`icon` FROM `app_category` WHERE ( `id` = 39 ) LIMIT 1   [ RunTime:0.000000s ]
SQL: SELECT `id`,`title`,`pid` FROM `app_category` WHERE ( `status` > -1 ) ORDER BY sort  [ RunTime:0.000000s ]
SQL: SELECT `id`,`name`,`title`,`pid`,`sort`,`list_row`,`meta_title`,`keywords`,`description`,`template_index`,`template_lists`,`template_detail`,`template_edit`,`model`,`type`,`link_id`,`allow_publish`,`display`,`reply`,`check`,`reply_model`,`extend`,`create_time`,`update_time`,`status`,`icon` FROM `app_category` WHERE ( `id` = 47 ) LIMIT 1   [ RunTime:0.000000s ]
SQL: SELECT `id`,`title`,`pid` FROM `app_category` WHERE ( `status` > -1 ) ORDER BY sort  [ RunTime:0.000000s ]
SQL: SELECT `id`,`company` FROM `app_supplier`  [ RunTime:0.000000s ]
INFO: [ view_parse ] --START--
INFO: [ template_filter ] --START--
INFO: Run Behavior\ContentReplace [ RunTime:0.000000s ]
INFO: [ template_filter ] --END-- [ RunTime:0.000000s ]
INFO: Run Behavior\ParseTemplate [ RunTime:0.031250s ]
INFO: [ view_parse ] --END-- [ RunTime:0.031250s ]
INFO: [ view_filter ] --START--
INFO: Run Behavior\WriteHtmlCache [ RunTime:0.000000s ]
INFO: [ view_filter ] --END-- [ RunTime:0.000000s ]
INFO: [ app_end ] --START--
INFO: Run Behavior\ShowPageTrace [ RunTime:0.000000s ]
INFO: [ app_end ] --END-- [ RunTime:0.000000s ]

[ 2016-01-12T16:59:10+08:00 ] 58.241.142.145 /
SQL: SHOW COLUMNS FROM `app_category` [ RunTime:0.000000s ]
SQL: SELECT `id`,`name`,`title`,`pid`,`sort`,`list_row`,`meta_title`,`keywords`,`description`,`template_index`,`template_lists`,`template_detail`,`template_edit`,`model`,`type`,`link_id`,`allow_publish`,`display`,`reply`,`check`,`reply_model`,`extend`,`create_time`,`update_time`,`status`,`icon` FROM `app_category` WHERE ( `status` = 1 ) ORDER BY sort  [ RunTime:0.015625s ]
SQL: SHOW COLUMNS FROM `app_document` [ RunTime:0.000000s ]
SQL: SELECT `id`,`uid`,`name`,`title`,`category_id`,`description`,`root`,`pid`,`model_id`,`type`,`position`,`link_id`,`cover_id`,`display`,`deadline`,`attach`,`view`,`comment`,`extend`,`level`,`create_time`,`update_time`,`status` FROM `app_document` WHERE ( `status` = 1 ) AND ( `pid` = 0 ) AND ( `create_time` < 1452589150 ) AND ( deadline = 0 OR deadline > 1452589150 ) ORDER BY `id` DESC  [ RunTime:0.000000s ]
INFO: [ view_parse ] --START--
INFO: [ template_filter ] --START--
INFO: Run Behavior\ContentReplace [ RunTime:0.000000s ]
INFO: [ template_filter ] --END-- [ RunTime:0.000000s ]
INFO: Run Behavior\ParseTemplate [ RunTime:0.015625s ]
INFO: [ view_parse ] --END-- [ RunTime:0.015625s ]
INFO: [ view_filter ] --START--
INFO: Run Behavior\WriteHtmlCache [ RunTime:0.000000s ]
INFO: [ view_filter ] --END-- [ RunTime:0.000000s ]
INFO: [ app_end ] --START--
INFO: Run Behavior\ShowPageTrace [ RunTime:0.000000s ]
INFO: [ app_end ] --END-- [ RunTime:0.000000s ]

[ 2016-01-12T16:59:10+08:00 ] 58.241.142.145 /index.php?s=/Admin/Index/index.html
SQL: SHOW COLUMNS FROM `app_menu` [ RunTime:0.000000s ]
SQL: SELECT * FROM `app_menu` WHERE ( `pid` = 0 ) AND ( `hide` = 0 ) ORDER BY sort asc  [ RunTime:0.000000s ]
SQL: SELECT `id` FROM `app_menu` WHERE ( url like '%Index/index' ) LIMIT 1   [ RunTime:0.000000s ]
SQL: SHOW COLUMNS FROM `app_menu` [ RunTime:0.000000s ]
SQL: SELECT `id`,`pid`,`title` FROM `app_menu` WHERE ( id=1 ) LIMIT 1   [ RunTime:0.000000s ]
SQL: SELECT DISTINCT  `group` FROM `app_menu` WHERE ( pid = 1 )  [ RunTime:0.000000s ]
SQL: SELECT `id`,`url` FROM `app_menu` WHERE ( `pid` = 1 ) AND ( `hide` = 0 )  [ RunTime:0.000000s ]
NOTIC: [2] Invalid argument supplied for foreach() D:\wwwroot\liuc\Application\Admin\Controller\AdminController.class.php 第 296 行.
INFO: [ view_parse ] --START--
INFO: [ template_filter ] --START--
INFO: Run Behavior\ContentReplace [ RunTime:0.000000s ]
INFO: [ template_filter ] --END-- [ RunTime:0.000000s ]
INFO: [ AdminIndex ] --START--
SQL: SHOW COLUMNS FROM `app_addons` [ RunTime:0.000000s ]
SQL: SELECT `config` FROM `app_addons` WHERE ( `name` = 'SiteStat' ) AND ( `status` = 1 ) LIMIT 1   [ RunTime:0.000000s ]
SQL: SHOW COLUMNS FROM `app_member` [ RunTime:0.000000s ]
SQL: SELECT COUNT(*) AS tp_count FROM `app_member` LIMIT 1   [ RunTime:0.000000s ]
SQL: SHOW COLUMNS FROM `app_action_log` [ RunTime:0.000000s ]
SQL: SELECT COUNT(*) AS tp_count FROM `app_action_log` LIMIT 1   [ RunTime:0.000000s ]
SQL: SHOW COLUMNS FROM `app_document` [ RunTime:0.015625s ]
SQL: SELECT COUNT(*) AS tp_count FROM `app_document` LIMIT 1   [ RunTime:0.000000s ]
SQL: SHOW COLUMNS FROM `app_category` [ RunTime:0.000000s ]
SQL: SELECT COUNT(*) AS tp_count FROM `app_category` LIMIT 1   [ RunTime:0.000000s ]
SQL: SHOW COLUMNS FROM `app_model` [ RunTime:0.000000s ]
SQL: SELECT COUNT(*) AS tp_count FROM `app_model` LIMIT 1   [ RunTime:0.000000s ]
SQL: SHOW COLUMNS FROM `app_stock` [ RunTime:0.015625s ]
SQL: SELECT COUNT(*) AS tp_count FROM `app_stock` LIMIT 1   [ RunTime:0.000000s ]
SQL: SHOW COLUMNS FROM `app_order` [ RunTime:0.000000s ]
SQL: SELECT COUNT(*) AS tp_count FROM `app_order` LIMIT 1   [ RunTime:0.000000s ]
SQL: SHOW COLUMNS FROM `app_apply` [ RunTime:0.000000s ]
SQL: SELECT COUNT(*) AS tp_count FROM `app_apply` LIMIT 1   [ RunTime:0.000000s ]
SQL: SHOW COLUMNS FROM `app_auth_group_access` [ RunTime:0.000000s ]
SQL: SELECT COUNT(*) AS tp_count FROM `app_auth_group_access` LIMIT 1   [ RunTime:0.000000s ]
SQL: SHOW COLUMNS FROM `app_warehouse` [ RunTime:0.015625s ]
SQL: SELECT COUNT(*) AS tp_count FROM `app_warehouse` WHERE (  (`num` < min_num OR (num > max_num AND max_num != 0))  ) LIMIT 1   [ RunTime:0.000000s ]
SQL: SELECT COUNT(*) AS tp_count FROM `app_warehouse` WHERE ( `warehouse` = 10 ) LIMIT 1   [ RunTime:0.000000s ]
SQL: SELECT COUNT(*) AS tp_count FROM `app_warehouse` WHERE (  (`num` < min_num OR (num > max_num AND max_num != 0))  ) AND ( `warehouse` = 10 ) LIMIT 1   [ RunTime:0.000000s ]
INFO: [ view_parse ] --START--
INFO: [ template_filter ] --START--
INFO: Run Behavior\ContentReplace [ RunTime:0.000000s ]
INFO: [ template_filter ] --END-- [ RunTime:-0.062500s ]
INFO: Run Behavior\ParseTemplate [ RunTime:0.000000s ]
INFO: [ view_parse ] --END-- [ RunTime:0.000000s ]
INFO: [ view_filter ] --START--
INFO: Run Behavior\WriteHtmlCache [ RunTime:0.000000s ]
INFO: [ view_filter ] --END-- [ RunTime:0.000000s ]
INFO: Run SiteStat [ RunTime:0.046875s ]
SQL: SELECT `config` FROM `app_addons` WHERE ( `name` = 'SystemInfo' ) AND ( `status` = 1 ) LIMIT 1   [ RunTime:0.000000s ]
INFO: [ view_parse ] --START--
INFO: [ template_filter ] --START--
INFO: Run Behavior\ContentReplace [ RunTime:0.000000s ]
INFO: [ template_filter ] --END-- [ RunTime:-0.140625s ]
SQL: select version() as v; [ RunTime:0.000000s ]
INFO: Run Behavior\ParseTemplate [ RunTime:0.015625s ]
INFO: [ view_parse ] --END-- [ RunTime:-0.062500s ]
INFO: [ view_filter ] --START--
INFO: Run Behavior\WriteHtmlCache [ RunTime:0.000000s ]
INFO: [ view_filter ] --END-- [ RunTime:-0.078125s ]
INFO: Run SystemInfo [ RunTime:0.078125s ]
INFO: [ AdminIndex ] --END-- [ RunTime:0.125000s ]
INFO: Run Behavior\ParseTemplate [ RunTime:0.015625s ]
INFO: [ view_parse ] --END-- [ RunTime:-0.062500s ]
INFO: [ view_filter ] --START--
INFO: Run Behavior\WriteHtmlCache [ RunTime:0.000000s ]
INFO: [ view_filter ] --END-- [ RunTime:-0.078125s ]
INFO: [ app_end ] --START--
INFO: Run Behavior\ShowPageTrace [ RunTime:0.000000s ]
INFO: [ app_end ] --END-- [ RunTime:0.000000s ]

[ 2016-01-12T16:59:17+08:00 ] 58.241.142.145 /index.php?s=/Admin/Psi/stock_edit.html
INFO: [ app_begin ] --START--
INFO: Run Behavior\ReadHtmlCache [ RunTime:0.000000s ]
INFO: [ app_begin ] --END-- [ RunTime:0.000000s ]
NOTIC: [8] A session had already been started - ignoring session_start() D:\wwwroot\liuc\ThinkPHP\Common\functions.php 第 1092 行.
SQL: SHOW COLUMNS FROM `app_menu` [ RunTime:0.000000s ]
SQL: SELECT * FROM `app_menu` WHERE ( `pid` = 0 ) AND ( `hide` = 0 ) ORDER BY sort asc  [ RunTime:0.000000s ]
SQL: SELECT `id` FROM `app_menu` WHERE ( url like '%Psi/stock_edit' ) LIMIT 1   [ RunTime:0.000000s ]
SQL: SHOW COLUMNS FROM `app_menu` [ RunTime:0.000000s ]
SQL: SELECT `id`,`pid`,`title` FROM `app_menu` WHERE ( id=164 ) LIMIT 1   [ RunTime:0.000000s ]
SQL: SELECT `id`,`pid`,`title` FROM `app_menu` WHERE ( id=130 ) LIMIT 1   [ RunTime:0.000000s ]
SQL: SELECT `id`,`pid`,`title` FROM `app_menu` WHERE ( id=141 ) LIMIT 1   [ RunTime:0.000000s ]
SQL: SELECT DISTINCT  `group` FROM `app_menu` WHERE ( pid = 141 )  [ RunTime:0.015625s ]
SQL: SELECT `id`,`url` FROM `app_menu` WHERE ( `pid` = 141 ) AND ( `hide` = 0 )  [ RunTime:0.000000s ]
SQL: SELECT `id`,`pid`,`title`,`url`,`tip` FROM `app_menu` WHERE ( `group` = '商品管理' ) AND ( `url` IN ('Psi/stock_add','Psi/stock','Psi/exstock_add','Psi/exstock_record') ) AND ( `pid` = 141 ) AND ( `hide` = 0 ) ORDER BY sort asc  [ RunTime:0.000000s ]
SQL: SELECT `id`,`pid`,`title`,`url`,`tip` FROM `app_menu` WHERE ( `group` = '包装品管理' ) AND ( `url` IN ('Psi/stock_add','Psi/stock','Psi/exstock_add','Psi/exstock_record') ) AND ( `pid` = 141 ) AND ( `hide` = 0 ) ORDER BY sort asc  [ RunTime:0.000000s ]
SQL: SHOW COLUMNS FROM `app_stock` [ RunTime:0.000000s ]
SQL: SHOW COLUMNS FROM `app_category` [ RunTime:0.015625s ]
SQL: SHOW COLUMNS FROM `app_supplier` [ RunTime:0.000000s ]
NOTIC: [2] Invalid argument supplied for foreach() D:\wwwroot\liuc\Application\Admin\Controller\PsiController.class.php 第 1761 行.
NOTIC: [8] Undefined variable: tmp D:\wwwroot\liuc\Application\Admin\Controller\PsiController.class.php 第 1767 行.
SQL: UPDATE `app_stock` SET `code`='AMD-DPJ-BZA-L08',`name`='半轴总成/左/AT',`store_no`='D5-01-01',`unit`='根',`category`=41,`supplier`=15,`supplier_no`='OP-8-994',`purch_price`=0,`purch_price_off`=191,`sale_price`=0,`sale_price_off`=255,`warranty`='一年',`bag_size`='',`box_size`='12*12*83',`bag_price`=0,`box_price`=8.3,`OE`='0',`status`=1,`note`='外齿33 内齿34',`note_2`='',`id`=56,`standard`='a:2:{i:0;s:2:\"65\";i:1;s:3:\"189\";}',`thumb_1`='N;' WHERE ( id=56 ) [ RunTime:0.000000s ]

[ 2016-01-12T16:59:19+08:00 ] 58.241.142.145 /index.php?s=/Admin/Psi/stock_edit.html&id=56
SQL: SHOW COLUMNS FROM `app_menu` [ RunTime:0.000000s ]
SQL: SELECT * FROM `app_menu` WHERE ( `pid` = 0 ) AND ( `hide` = 0 ) ORDER BY sort asc  [ RunTime:0.000000s ]
SQL: SELECT `id` FROM `app_menu` WHERE ( url like '%Psi/stock_edit' ) LIMIT 1   [ RunTime:0.000000s ]
SQL: SHOW COLUMNS FROM `app_menu` [ RunTime:0.000000s ]
SQL: SELECT `id`,`pid`,`title` FROM `app_menu` WHERE ( id=164 ) LIMIT 1   [ RunTime:0.000000s ]
SQL: SELECT `id`,`pid`,`title` FROM `app_menu` WHERE ( id=130 ) LIMIT 1   [ RunTime:0.000000s ]
SQL: SELECT `id`,`pid`,`title` FROM `app_menu` WHERE ( id=141 ) LIMIT 1   [ RunTime:0.000000s ]
SQL: SELECT DISTINCT  `group` FROM `app_menu` WHERE ( pid = 141 )  [ RunTime:0.015625s ]
SQL: SELECT `id`,`url` FROM `app_menu` WHERE ( `pid` = 141 ) AND ( `hide` = 0 )  [ RunTime:0.000000s ]
SQL: SELECT `id`,`pid`,`title`,`url`,`tip` FROM `app_menu` WHERE ( `group` = '商品管理' ) AND ( `url` IN ('Psi/stock_add','Psi/stock','Psi/exstock_add','Psi/exstock_record') ) AND ( `pid` = 141 ) AND ( `hide` = 0 ) ORDER BY sort asc  [ RunTime:0.000000s ]
SQL: SELECT `id`,`pid`,`title`,`url`,`tip` FROM `app_menu` WHERE ( `group` = '包装品管理' ) AND ( `url` IN ('Psi/stock_add','Psi/stock','Psi/exstock_add','Psi/exstock_record') ) AND ( `pid` = 141 ) AND ( `hide` = 0 ) ORDER BY sort asc  [ RunTime:0.000000s ]
SQL: SHOW COLUMNS FROM `app_stock` [ RunTime:0.000000s ]
SQL: SHOW COLUMNS FROM `app_category` [ RunTime:0.015625s ]
SQL: SHOW COLUMNS FROM `app_supplier` [ RunTime:0.000000s ]
SQL: SELECT * FROM `app_stock` WHERE ( `id` = 56 ) LIMIT 1   [ RunTime:0.000000s ]
SQL: SELECT `title` FROM `app_category` WHERE ( `id` = 41 ) LIMIT 1   [ RunTime:0.000000s ]
SQL: SELECT `company` FROM `app_supplier` WHERE ( id="15" ) LIMIT 1   [ RunTime:0.000000s ]
SQL: SELECT `title` FROM `app_category` WHERE ( `id` = 65 ) LIMIT 1   [ RunTime:0.000000s ]
SQL: SELECT `title` FROM `app_category` WHERE ( `id` = 189 ) LIMIT 1   [ RunTime:0.000000s ]
SQL: SELECT `id`,`name`,`title`,`pid`,`sort`,`list_row`,`meta_title`,`keywords`,`description`,`template_index`,`template_lists`,`template_detail`,`template_edit`,`model`,`type`,`link_id`,`allow_publish`,`display`,`reply`,`check`,`reply_model`,`extend`,`create_time`,`update_time`,`status`,`icon` FROM `app_category` WHERE ( `id` = 39 ) LIMIT 1   [ RunTime:0.000000s ]
SQL: SELECT `id`,`title`,`pid` FROM `app_category` WHERE ( `status` > -1 ) ORDER BY sort  [ RunTime:0.000000s ]
SQL: SELECT `id`,`name`,`title`,`pid`,`sort`,`list_row`,`meta_title`,`keywords`,`description`,`template_index`,`template_lists`,`template_detail`,`template_edit`,`model`,`type`,`link_id`,`allow_publish`,`display`,`reply`,`check`,`reply_model`,`extend`,`create_time`,`update_time`,`status`,`icon` FROM `app_category` WHERE ( `id` = 47 ) LIMIT 1   [ RunTime:0.000000s ]
SQL: SELECT `id`,`title`,`pid` FROM `app_category` WHERE ( `status` > -1 ) ORDER BY sort  [ RunTime:0.015625s ]
SQL: SELECT `id`,`company` FROM `app_supplier`  [ RunTime:0.000000s ]
INFO: [ view_parse ] --START--
INFO: [ template_filter ] --START--
INFO: Run Behavior\ContentReplace [ RunTime:0.000000s ]
INFO: [ template_filter ] --END-- [ RunTime:0.000000s ]
INFO: Run Behavior\ParseTemplate [ RunTime:0.031250s ]
INFO: [ view_parse ] --END-- [ RunTime:0.031250s ]
INFO: [ view_filter ] --START--
INFO: Run Behavior\WriteHtmlCache [ RunTime:0.000000s ]
INFO: [ view_filter ] --END-- [ RunTime:0.000000s ]
INFO: [ app_end ] --START--
INFO: Run Behavior\ShowPageTrace [ RunTime:0.000000s ]
INFO: [ app_end ] --END-- [ RunTime:0.000000s ]

[ 2016-01-12T16:59:19+08:00 ] 58.241.142.145 /
SQL: SHOW COLUMNS FROM `app_category` [ RunTime:0.000000s ]
SQL: SELECT `id`,`name`,`title`,`pid`,`sort`,`list_row`,`meta_title`,`keywords`,`description`,`template_index`,`template_lists`,`template_detail`,`template_edit`,`model`,`type`,`link_id`,`allow_publish`,`display`,`reply`,`check`,`reply_model`,`extend`,`create_time`,`update_time`,`status`,`icon` FROM `app_category` WHERE ( `status` = 1 ) ORDER BY sort  [ RunTime:0.015625s ]
SQL: SHOW COLUMNS FROM `app_document` [ RunTime:0.000000s ]
SQL: SELECT `id`,`uid`,`name`,`title`,`category_id`,`description`,`root`,`pid`,`model_id`,`type`,`position`,`link_id`,`cover_id`,`display`,`deadline`,`attach`,`view`,`comment`,`extend`,`level`,`create_time`,`update_time`,`status` FROM `app_document` WHERE ( `status` = 1 ) AND ( `pid` = 0 ) AND ( `create_time` < 1452589159 ) AND ( deadline = 0 OR deadline > 1452589159 ) ORDER BY `id` DESC  [ RunTime:0.000000s ]
INFO: [ view_parse ] --START--
INFO: [ template_filter ] --START--
INFO: Run Behavior\ContentReplace [ RunTime:0.000000s ]
INFO: [ template_filter ] --END-- [ RunTime:0.000000s ]
INFO: Run Behavior\ParseTemplate [ RunTime:0.015625s ]
INFO: [ view_parse ] --END-- [ RunTime:0.015625s ]
INFO: [ view_filter ] --START--
INFO: Run Behavior\WriteHtmlCache [ RunTime:0.000000s ]
INFO: [ view_filter ] --END-- [ RunTime:0.000000s ]
INFO: [ app_end ] --START--
INFO: Run Behavior\ShowPageTrace [ RunTime:0.000000s ]
INFO: [ app_end ] --END-- [ RunTime:0.000000s ]

[ 2016-01-12T16:59:20+08:00 ] 58.241.142.145 /index.php?s=/Admin/Index/index.html
SQL: SHOW COLUMNS FROM `app_menu` [ RunTime:0.000000s ]
SQL: SELECT * FROM `app_menu` WHERE ( `pid` = 0 ) AND ( `hide` = 0 ) ORDER BY sort asc  [ RunTime:0.000000s ]
SQL: SELECT `id` FROM `app_menu` WHERE ( url like '%Index/index' ) LIMIT 1   [ RunTime:0.000000s ]
SQL: SHOW COLUMNS FROM `app_menu` [ RunTime:0.000000s ]
SQL: SELECT `id`,`pid`,`title` FROM `app_menu` WHERE ( id=1 ) LIMIT 1   [ RunTime:0.000000s ]
SQL: SELECT DISTINCT  `group` FROM `app_menu` WHERE ( pid = 1 )  [ RunTime:0.000000s ]
SQL: SELECT `id`,`url` FROM `app_menu` WHERE ( `pid` = 1 ) AND ( `hide` = 0 )  [ RunTime:0.000000s ]
NOTIC: [2] Invalid argument supplied for foreach() D:\wwwroot\liuc\Application\Admin\Controller\AdminController.class.php 第 296 行.
INFO: [ view_parse ] --START--
INFO: [ template_filter ] --START--
INFO: Run Behavior\ContentReplace [ RunTime:0.000000s ]
INFO: [ template_filter ] --END-- [ RunTime:0.000000s ]
INFO: [ AdminIndex ] --START--
SQL: SHOW COLUMNS FROM `app_addons` [ RunTime:0.000000s ]
SQL: SELECT `config` FROM `app_addons` WHERE ( `name` = 'SiteStat' ) AND ( `status` = 1 ) LIMIT 1   [ RunTime:0.000000s ]
SQL: SHOW COLUMNS FROM `app_member` [ RunTime:0.000000s ]
SQL: SELECT COUNT(*) AS tp_count FROM `app_member` LIMIT 1   [ RunTime:0.000000s ]
SQL: SHOW COLUMNS FROM `app_action_log` [ RunTime:0.000000s ]
SQL: SELECT COUNT(*) AS tp_count FROM `app_action_log` LIMIT 1   [ RunTime:0.015625s ]
SQL: SHOW COLUMNS FROM `app_document` [ RunTime:0.000000s ]
SQL: SELECT COUNT(*) AS tp_count FROM `app_document` LIMIT 1   [ RunTime:0.000000s ]
SQL: SHOW COLUMNS FROM `app_category` [ RunTime:0.000000s ]
SQL: SELECT COUNT(*) AS tp_count FROM `app_category` LIMIT 1   [ RunTime:0.000000s ]
SQL: SHOW COLUMNS FROM `app_model` [ RunTime:0.000000s ]
SQL: SELECT COUNT(*) AS tp_count FROM `app_model` LIMIT 1   [ RunTime:0.000000s ]
SQL: SHOW COLUMNS FROM `app_stock` [ RunTime:0.015625s ]
SQL: SELECT COUNT(*) AS tp_count FROM `app_stock` LIMIT 1   [ RunTime:0.000000s ]
SQL: SHOW COLUMNS FROM `app_order` [ RunTime:0.000000s ]
SQL: SELECT COUNT(*) AS tp_count FROM `app_order` LIMIT 1   [ RunTime:0.000000s ]
SQL: SHOW COLUMNS FROM `app_apply` [ RunTime:0.000000s ]
SQL: SELECT COUNT(*) AS tp_count FROM `app_apply` LIMIT 1   [ RunTime:0.000000s ]
SQL: SHOW COLUMNS FROM `app_auth_group_access` [ RunTime:0.000000s ]
SQL: SELECT COUNT(*) AS tp_count FROM `app_auth_group_access` LIMIT 1   [ RunTime:0.000000s ]
SQL: SHOW COLUMNS FROM `app_warehouse` [ RunTime:0.000000s ]
SQL: SELECT COUNT(*) AS tp_count FROM `app_warehouse` WHERE (  (`num` < min_num OR (num > max_num AND max_num != 0))  ) LIMIT 1   [ RunTime:0.000000s ]
SQL: SELECT COUNT(*) AS tp_count FROM `app_warehouse` WHERE ( `warehouse` = 10 ) LIMIT 1   [ RunTime:0.000000s ]
SQL: SELECT COUNT(*) AS tp_count FROM `app_warehouse` WHERE (  (`num` < min_num OR (num > max_num AND max_num != 0))  ) AND ( `warehouse` = 10 ) LIMIT 1   [ RunTime:0.000000s ]
INFO: [ view_parse ] --START--
INFO: [ template_filter ] --START--
INFO: Run Behavior\ContentReplace [ RunTime:0.000000s ]
INFO: [ template_filter ] --END-- [ RunTime:-0.062500s ]
INFO: Run Behavior\ParseTemplate [ RunTime:0.000000s ]
INFO: [ view_parse ] --END-- [ RunTime:0.000000s ]
INFO: [ view_filter ] --START--
INFO: Run Behavior\WriteHtmlCache [ RunTime:0.000000s ]
INFO: [ view_filter ] --END-- [ RunTime:0.000000s ]
INFO: Run SiteStat [ RunTime:0.046875s ]
SQL: SELECT `config` FROM `app_addons` WHERE ( `name` = 'SystemInfo' ) AND ( `status` = 1 ) LIMIT 1   [ RunTime:0.000000s ]
INFO: [ view_parse ] --START--
INFO: [ template_filter ] --START--
INFO: Run Behavior\ContentReplace [ RunTime:0.000000s ]
INFO: [ template_filter ] --END-- [ RunTime:-0.125000s ]
SQL: select version() as v; [ RunTime:0.000000s ]
INFO: Run Behavior\ParseTemplate [ RunTime:0.015625s ]
INFO: [ view_parse ] --END-- [ RunTime:-0.046875s ]
INFO: [ view_filter ] --START--
INFO: Run Behavior\WriteHtmlCache [ RunTime:0.000000s ]
INFO: [ view_filter ] --END-- [ RunTime:-0.062500s ]
INFO: Run SystemInfo [ RunTime:0.062500s ]
INFO: [ AdminIndex ] --END-- [ RunTime:0.109375s ]
INFO: Run Behavior\ParseTemplate [ RunTime:0.015625s ]
INFO: [ view_parse ] --END-- [ RunTime:-0.046875s ]
INFO: [ view_filter ] --START--
INFO: Run Behavior\WriteHtmlCache [ RunTime:0.000000s ]
INFO: [ view_filter ] --END-- [ RunTime:-0.062500s ]
INFO: [ app_end ] --START--
INFO: Run Behavior\ShowPageTrace [ RunTime:0.000000s ]
INFO: [ app_end ] --END-- [ RunTime:0.000000s ]

[ 2016-01-12T16:59:29+08:00 ] 58.241.142.145 /index.php?s=/Admin/Psi/stock_edit.html
INFO: [ app_begin ] --START--
INFO: Run Behavior\ReadHtmlCache [ RunTime:0.000000s ]
INFO: [ app_begin ] --END-- [ RunTime:0.000000s ]
NOTIC: [8] A session had already been started - ignoring session_start() D:\wwwroot\liuc\ThinkPHP\Common\functions.php 第 1092 行.
SQL: SHOW COLUMNS FROM `app_menu` [ RunTime:0.000000s ]
SQL: SELECT * FROM `app_menu` WHERE ( `pid` = 0 ) AND ( `hide` = 0 ) ORDER BY sort asc  [ RunTime:0.000000s ]
SQL: SELECT `id` FROM `app_menu` WHERE ( url like '%Psi/stock_edit' ) LIMIT 1   [ RunTime:0.000000s ]
SQL: SHOW COLUMNS FROM `app_menu` [ RunTime:0.000000s ]
SQL: SELECT `id`,`pid`,`title` FROM `app_menu` WHERE ( id=164 ) LIMIT 1   [ RunTime:0.000000s ]
SQL: SELECT `id`,`pid`,`title` FROM `app_menu` WHERE ( id=130 ) LIMIT 1   [ RunTime:0.000000s ]
SQL: SELECT `id`,`pid`,`title` FROM `app_menu` WHERE ( id=141 ) LIMIT 1   [ RunTime:0.000000s ]
SQL: SELECT DISTINCT  `group` FROM `app_menu` WHERE ( pid = 141 )  [ RunTime:0.000000s ]
SQL: SELECT `id`,`url` FROM `app_menu` WHERE ( `pid` = 141 ) AND ( `hide` = 0 )  [ RunTime:0.000000s ]
SQL: SELECT `id`,`pid`,`title`,`url`,`tip` FROM `app_menu` WHERE ( `group` = '商品管理' ) AND ( `url` IN ('Psi/stock_add','Psi/stock','Psi/exstock_add','Psi/exstock_record') ) AND ( `pid` = 141 ) AND ( `hide` = 0 ) ORDER BY sort asc  [ RunTime:0.000000s ]
SQL: SELECT `id`,`pid`,`title`,`url`,`tip` FROM `app_menu` WHERE ( `group` = '包装品管理' ) AND ( `url` IN ('Psi/stock_add','Psi/stock','Psi/exstock_add','Psi/exstock_record') ) AND ( `pid` = 141 ) AND ( `hide` = 0 ) ORDER BY sort asc  [ RunTime:0.000000s ]
SQL: SHOW COLUMNS FROM `app_stock` [ RunTime:0.000000s ]
SQL: SHOW COLUMNS FROM `app_category` [ RunTime:0.015625s ]
SQL: SHOW COLUMNS FROM `app_supplier` [ RunTime:0.000000s ]
NOTIC: [2] Invalid argument supplied for foreach() D:\wwwroot\liuc\Application\Admin\Controller\PsiController.class.php 第 1761 行.
NOTIC: [8] Undefined variable: tmp D:\wwwroot\liuc\Application\Admin\Controller\PsiController.class.php 第 1767 行.
SQL: UPDATE `app_stock` SET `code`='AMD-DPJ-BZA-L08',`name`='半轴总成/左/AT',`store_no`='D5-01-01',`unit`='根',`category`=41,`supplier`=15,`supplier_no`='OP-8-994',`purch_price`=0,`purch_price_off`=191,`sale_price`=0,`sale_price_off`=255,`warranty`='一年',`bag_size`='',`box_size`='12*12*83',`bag_price`=0,`box_price`=8.3,`OE`='0',`status`=1,`note`='外齿33 内齿34',`note_2`='',`id`=56,`standard`='a:2:{i:0;s:2:\"65\";i:1;s:3:\"189\";}',`thumb_1`='N;' WHERE ( id=56 ) [ RunTime:0.000000s ]

[ 2016-01-12T16:59:30+08:00 ] 58.241.142.145 /index.php?s=/Admin/Psi/stock.html
SQL: SHOW COLUMNS FROM `app_menu` [ RunTime:0.000000s ]
SQL: SELECT * FROM `app_menu` WHERE ( `pid` = 0 ) AND ( `hide` = 0 ) ORDER BY sort asc  [ RunTime:0.000000s ]
SQL: SELECT `id` FROM `app_menu` WHERE ( url like '%Psi/stock' ) LIMIT 1   [ RunTime:0.000000s ]
SQL: SHOW COLUMNS FROM `app_menu` [ RunTime:0.000000s ]
SQL: SELECT `id`,`pid`,`title` FROM `app_menu` WHERE ( id=130 ) LIMIT 1   [ RunTime:0.000000s ]
SQL: SELECT `id`,`pid`,`title` FROM `app_menu` WHERE ( id=141 ) LIMIT 1   [ RunTime:0.000000s ]
SQL: SELECT DISTINCT  `group` FROM `app_menu` WHERE ( pid = 141 )  [ RunTime:0.000000s ]
SQL: SELECT `id`,`url` FROM `app_menu` WHERE ( `pid` = 141 ) AND ( `hide` = 0 )  [ RunTime:0.000000s ]
SQL: SELECT `id`,`pid`,`title`,`url`,`tip` FROM `app_menu` WHERE ( `group` = '商品管理' ) AND ( `url` IN ('Psi/stock_add','Psi/stock','Psi/exstock_add','Psi/exstock_record') ) AND ( `pid` = 141 ) AND ( `hide` = 0 ) ORDER BY sort asc  [ RunTime:0.000000s ]
SQL: SELECT `id`,`pid`,`title`,`url`,`tip` FROM `app_menu` WHERE ( `group` = '包装品管理' ) AND ( `url` IN ('Psi/stock_add','Psi/stock','Psi/exstock_add','Psi/exstock_record') ) AND ( `pid` = 141 ) AND ( `hide` = 0 ) ORDER BY sort asc  [ RunTime:0.000000s ]
SQL: SHOW COLUMNS FROM `app_category` [ RunTime:0.000000s ]
SQL: SELECT `id`,`name`,`title`,`pid`,`sort`,`list_row`,`meta_title`,`keywords`,`description`,`template_index`,`template_lists`,`template_detail`,`template_edit`,`model`,`type`,`link_id`,`allow_publish`,`display`,`reply`,`check`,`reply_model`,`extend`,`create_time`,`update_time`,`status`,`icon` FROM `app_category` WHERE ( `id` = 39 ) LIMIT 1   [ RunTime:0.000000s ]
SQL: SELECT `id`,`title`,`pid` FROM `app_category` WHERE ( `status` > -1 ) ORDER BY sort  [ RunTime:0.000000s ]
SQL: SHOW COLUMNS FROM `app_supplier` [ RunTime:0.015625s ]
NOTIC: [8] Undefined variable: where D:\wwwroot\liuc\Application\Admin\Controller\PsiController.class.php 第 1684 行.
SQL: SELECT `id`,`company` FROM `app_supplier`  [ RunTime:0.000000s ]
SQL: SHOW COLUMNS FROM `app_stock` [ RunTime:0.000000s ]
SQL: SELECT COUNT(*) AS tp_count FROM `app_stock` WHERE ( `category` LIKE '%%' ) AND ( `supplier` LIKE '%%' ) AND ( `status` LIKE '%%' ) ORDER BY id desc LIMIT 1   [ RunTime:0.000000s ]
SQL: SELECT `id`,`code`,`name`,`category`,`supplier`,`standard`,`OE`,`sale_price`,`sale_price_off`,`status` FROM `app_stock` WHERE ( `category` LIKE '%%' ) AND ( `supplier` LIKE '%%' ) AND ( `status` LIKE '%%' ) ORDER BY id desc LIMIT 0,20   [ RunTime:0.000000s ]
SQL: SELECT `title` FROM `app_category` WHERE ( `id` = 45 ) LIMIT 1   [ RunTime:0.000000s ]
SQL: SELECT `company` FROM `app_supplier` WHERE ( id="46" ) LIMIT 1   [ RunTime:0.000000s ]
SQL: SELECT `title` FROM `app_category` WHERE ( `id` = 69 ) LIMIT 1   [ RunTime:0.000000s ]
SQL: SHOW COLUMNS FROM `app_warehouse` [ RunTime:0.000000s ]
SQL: SELECT * FROM `app_warehouse` WHERE ( sid=1265 ) LIMIT 1   [ RunTime:0.000000s ]
SQL: SELECT `title` FROM `app_category` WHERE ( `id` = 0 ) LIMIT 1   [ RunTime:0.000000s ]
SQL: SELECT `company` FROM `app_supplier` WHERE ( id="19" ) LIMIT 1   [ RunTime:0.000000s ]
SQL: SELECT `title` FROM `app_category` WHERE ( `id` = 250 ) LIMIT 1   [ RunTime:0.000000s ]
SQL: SELECT `title` FROM `app_category` WHERE ( `id` = 169 ) LIMIT 1   [ RunTime:0.000000s ]
SQL: SELECT * FROM `app_warehouse` WHERE ( sid=1264 ) LIMIT 1   [ RunTime:0.000000s ]
SQL: SELECT `title` FROM `app_category` WHERE ( `id` = 45 ) LIMIT 1   [ RunTime:0.000000s ]
SQL: SELECT `company` FROM `app_supplier` WHERE ( id="46" ) LIMIT 1   [ RunTime:0.000000s ]
SQL: SELECT `title` FROM `app_category` WHERE ( `id` = 77 ) LIMIT 1   [ RunTime:0.000000s ]
SQL: SELECT * FROM `app_warehouse` WHERE ( sid=1263 ) LIMIT 1   [ RunTime:0.000000s ]
SQL: SELECT `title` FROM `app_category` WHERE ( `id` = 45 ) LIMIT 1   [ RunTime:0.000000s ]
SQL: SELECT `company` FROM `app_supplier` WHERE ( id="46" ) LIMIT 1   [ RunTime:0.000000s ]
SQL: SELECT `title` FROM `app_category` WHERE ( `id` = 77 ) LIMIT 1   [ RunTime:0.000000s ]
SQL: SELECT * FROM `app_warehouse` WHERE ( sid=1262 ) LIMIT 1   [ RunTime:0.000000s ]
SQL: SELECT `title` FROM `app_category` WHERE ( `id` = 41 ) LIMIT 1   [ RunTime:0.000000s ]
SQL: SELECT `company` FROM `app_supplier` WHERE ( id="93" ) LIMIT 1   [ RunTime:0.000000s ]
SQL: SELECT `title` FROM `app_category` WHERE ( `id` = 77 ) LIMIT 1   [ RunTime:0.000000s ]
SQL: SELECT * FROM `app_warehouse` WHERE ( sid=1261 ) LIMIT 1   [ RunTime:0.000000s ]
SQL: SELECT `title` FROM `app_category` WHERE ( `id` = 43 ) LIMIT 1   [ RunTime:0.000000s ]
SQL: SELECT `company` FROM `app_supplier` WHERE ( id="63" ) LIMIT 1   [ RunTime:0.000000s ]
SQL: SELECT `title` FROM `app_category` WHERE ( `id` = 117 ) LIMIT 1   [ RunTime:0.000000s ]
SQL: SELECT * FROM `app_warehouse` WHERE ( sid=1260 ) LIMIT 1   [ RunTime:0.000000s ]
SQL: SELECT `title` FROM `app_category` WHERE ( `id` = 43 ) LIMIT 1   [ RunTime:0.000000s ]
SQL: SELECT `company` FROM `app_supplier` WHERE ( id="44" ) LIMIT 1   [ RunTime:0.000000s ]
SQL: SELECT `title` FROM `app_category` WHERE ( `id` = 379 ) LIMIT 1   [ RunTime:0.000000s ]
SQL: SELECT * FROM `app_warehouse` WHERE ( sid=1259 ) LIMIT 1   [ RunTime:0.000000s ]
SQL: SELECT `title` FROM `app_category` WHERE ( `id` = 43 ) LIMIT 1   [ RunTime:0.000000s ]
SQL: SELECT `company` FROM `app_supplier` WHERE ( id="44" ) LIMIT 1   [ RunTime:0.000000s ]
SQL: SELECT `title` FROM `app_category` WHERE ( `id` = 378 ) LIMIT 1   [ RunTime:0.000000s ]
SQL: SELECT * FROM `app_warehouse` WHERE ( sid=1258 ) LIMIT 1   [ RunTime:0.000000s ]
SQL: SELECT `title` FROM `app_category` WHERE ( `id` = 43 ) LIMIT 1   [ RunTime:0.000000s ]
SQL: SELECT `company` FROM `app_supplier` WHERE ( id="44" ) LIMIT 1   [ RunTime:0.000000s ]
SQL: SELECT `title` FROM `app_category` WHERE ( `id` = 377 ) LIMIT 1   [ RunTime:0.000000s ]
SQL: SELECT * FROM `app_warehouse` WHERE ( sid=1257 ) LIMIT 1   [ RunTime:0.000000s ]
SQL: SELECT `title` FROM `app_category` WHERE ( `id` = 43 ) LIMIT 1   [ RunTime:0.000000s ]
SQL: SELECT `company` FROM `app_supplier` WHERE ( id="44" ) LIMIT 1   [ RunTime:0.000000s ]
SQL: SELECT `title` FROM `app_category` WHERE ( `id` = 376 ) LIMIT 1   [ RunTime:0.000000s ]
SQL: SELECT * FROM `app_warehouse` WHERE ( sid=1256 ) LIMIT 1   [ RunTime:0.000000s ]
SQL: SELECT `title` FROM `app_category` WHERE ( `id` = 43 ) LIMIT 1   [ RunTime:0.000000s ]
SQL: SELECT `company` FROM `app_supplier` WHERE ( id="44" ) LIMIT 1   [ RunTime:0.000000s ]
SQL: SELECT `title` FROM `app_category` WHERE ( `id` = 375 ) LIMIT 1   [ RunTime:0.015625s ]
SQL: SELECT * FROM `app_warehouse` WHERE ( sid=1255 ) LIMIT 1   [ RunTime:0.000000s ]
SQL: SELECT `title` FROM `app_category` WHERE ( `id` = 43 ) LIMIT 1   [ RunTime:0.000000s ]
SQL: SELECT `company` FROM `app_supplier` WHERE ( id="44" ) LIMIT 1   [ RunTime:0.000000s ]
SQL: SELECT `title` FROM `app_category` WHERE ( `id` = 374 ) LIMIT 1   [ RunTime:0.000000s ]
SQL: SELECT * FROM `app_warehouse` WHERE ( sid=1254 ) LIMIT 1   [ RunTime:0.000000s ]
SQL: SELECT `title` FROM `app_category` WHERE ( `id` = 43 ) LIMIT 1   [ RunTime:0.000000s ]
SQL: SELECT `company` FROM `app_supplier` WHERE ( id="44" ) LIMIT 1   [ RunTime:0.000000s ]
SQL: SELECT `title` FROM `app_category` WHERE ( `id` = 373 ) LIMIT 1   [ RunTime:0.000000s ]
SQL: SELECT * FROM `app_warehouse` WHERE ( sid=1253 ) LIMIT 1   [ RunTime:0.000000s ]
SQL: SELECT `title` FROM `app_category` WHERE ( `id` = 43 ) LIMIT 1   [ RunTime:0.000000s ]
SQL: SELECT `company` FROM `app_supplier` WHERE ( id="44" ) LIMIT 1   [ RunTime:0.000000s ]
SQL: SELECT `title` FROM `app_category` WHERE ( `id` = 372 ) LIMIT 1   [ RunTime:0.000000s ]
SQL: SELECT * FROM `app_warehouse` WHERE ( sid=1252 ) LIMIT 1   [ RunTime:0.000000s ]
SQL: SELECT `title` FROM `app_category` WHERE ( `id` = 43 ) LIMIT 1   [ RunTime:0.000000s ]
SQL: SELECT `company` FROM `app_supplier` WHERE ( id="44" ) LIMIT 1   [ RunTime:0.000000s ]
SQL: SELECT `title` FROM `app_category` WHERE ( `id` = 371 ) LIMIT 1   [ RunTime:0.000000s ]
SQL: SELECT * FROM `app_warehouse` WHERE ( sid=1251 ) LIMIT 1   [ RunTime:0.000000s ]
SQL: SELECT `title` FROM `app_category` WHERE ( `id` = 43 ) LIMIT 1   [ RunTime:0.000000s ]
SQL: SELECT `company` FROM `app_supplier` WHERE ( id="44" ) LIMIT 1   [ RunTime:0.000000s ]
SQL: SELECT `title` FROM `app_category` WHERE ( `id` = 370 ) LIMIT 1   [ RunTime:0.000000s ]
SQL: SELECT * FROM `app_warehouse` WHERE ( sid=1250 ) LIMIT 1   [ RunTime:0.000000s ]
SQL: SELECT `title` FROM `app_category` WHERE ( `id` = 43 ) LIMIT 1   [ RunTime:0.000000s ]
SQL: SELECT `company` FROM `app_supplier` WHERE ( id="44" ) LIMIT 1   [ RunTime:0.000000s ]
SQL: SELECT `title` FROM `app_category` WHERE ( `id` = 369 ) LIMIT 1   [ RunTime:0.000000s ]
SQL: SELECT * FROM `app_warehouse` WHERE ( sid=1249 ) LIMIT 1   [ RunTime:0.015625s ]
SQL: SELECT `title` FROM `app_category` WHERE ( `id` = 44 ) LIMIT 1   [ RunTime:0.000000s ]
SQL: SELECT `company` FROM `app_supplier` WHERE ( id="75" ) LIMIT 1   [ RunTime:0.000000s ]
SQL: SELECT `title` FROM `app_category` WHERE ( `id` = 77 ) LIMIT 1   [ RunTime:0.000000s ]
SQL: SELECT `title` FROM `app_category` WHERE ( `id` = 207 ) LIMIT 1   [ RunTime:0.000000s ]
SQL: SELECT `title` FROM `app_category` WHERE ( `id` = 146 ) LIMIT 1   [ RunTime:0.000000s ]
SQL: SELECT * FROM `app_warehouse` WHERE ( sid=1248 ) LIMIT 1   [ RunTime:0.000000s ]
SQL: SELECT `title` FROM `app_category` WHERE ( `id` = 45 ) LIMIT 1   [ RunTime:0.000000s ]
SQL: SELECT `company` FROM `app_supplier` WHERE ( id="46" ) LIMIT 1   [ RunTime:0.000000s ]
SQL: SELECT `title` FROM `app_category` WHERE ( `id` = 247 ) LIMIT 1   [ RunTime:0.000000s ]
SQL: SELECT `title` FROM `app_category` WHERE ( `id` = 158 ) LIMIT 1   [ RunTime:0.000000s ]
SQL: SELECT * FROM `app_warehouse` WHERE ( sid=1247 ) LIMIT 1   [ RunTime:0.000000s ]
SQL: SELECT `title` FROM `app_category` WHERE ( `id` = 45 ) LIMIT 1   [ RunTime:0.000000s ]
SQL: SELECT `company` FROM `app_supplier` WHERE ( id="46" ) LIMIT 1   [ RunTime:0.000000s ]
SQL: SELECT `title` FROM `app_category` WHERE ( `id` = 69 ) LIMIT 1   [ RunTime:0.000000s ]
SQL: SELECT * FROM `app_warehouse` WHERE ( sid=1246 ) LIMIT 1   [ RunTime:0.000000s ]
NOTIC: [8] Undefined variable: num_order D:\wwwroot\liuc\Application\Admin\Model\StockModel.class.php 第 75 行.
NOTIC: [8] Undefined variable: num_order D:\wwwroot\liuc\Application\Admin\Model\StockModel.class.php 第 77 行.
NOTIC: [8] Undefined variable: type D:\wwwroot\liuc\Application\Admin\Controller\PsiController.class.php 第 1722 行.
INFO: [ view_parse ] --START--
INFO: [ template_filter ] --START--
INFO: Run Behavior\ContentReplace [ RunTime:0.000000s ]
INFO: [ template_filter ] --END-- [ RunTime:0.000000s ]
INFO: Run Behavior\ParseTemplate [ RunTime:0.046875s ]
INFO: [ view_parse ] --END-- [ RunTime:0.046875s ]
INFO: [ view_filter ] --START--
INFO: Run Behavior\WriteHtmlCache [ RunTime:0.000000s ]
INFO: [ view_filter ] --END-- [ RunTime:0.000000s ]
INFO: [ app_end ] --START--
INFO: Run Behavior\ShowPageTrace [ RunTime:0.000000s ]
INFO: [ app_end ] --END-- [ RunTime:0.000000s ]

