[ 2016-02-27T08:42:10+08:00 ] 58.241.142.145 /index.php?s=/Admin/Public/login.html
INFO: [ view_parse ] --START--
INFO: [ template_filter ] --START--
INFO: Run Behavior\ContentReplace [ RunTime:0.000000s ]
INFO: [ template_filter ] --END-- [ RunTime:0.000000s ]
INFO: Run Behavior\ParseTemplate [ RunTime:0.015623s ]
INFO: [ view_parse ] --END-- [ RunTime:0.015623s ]
INFO: [ view_filter ] --START--
INFO: Run Behavior\WriteHtmlCache [ RunTime:0.000000s ]
INFO: [ view_filter ] --END-- [ RunTime:0.000000s ]
INFO: [ app_end ] --START--
INFO: Run Behavior\ShowPageTrace [ RunTime:0.000000s ]
INFO: [ app_end ] --END-- [ RunTime:0.000000s ]

[ 2016-02-27T08:42:20+08:00 ] 58.241.142.145 /index.php?s=/Admin/Public/login.html
INFO: [ app_begin ] --START--
INFO: Run Behavior\ReadHtmlCache [ RunTime:0.000000s ]
INFO: [ app_begin ] --END-- [ RunTime:0.000000s ]
NOTIC: [8] A session had already been started - ignoring session_start() D:\wwwroot\liuc\ThinkPHP\Common\functions.php 第 1092 行.
SQL: SHOW COLUMNS FROM `app_ucenter_member` [ RunTime:0.000000s ]
SQL: SELECT * FROM `app_ucenter_member` WHERE ( `username` = 'user11' ) LIMIT 1   [ RunTime:0.000000s ]
SQL: UPDATE `app_ucenter_member` SET `last_login_time`=1456533739,`last_login_ip`='988909201' WHERE ( `id` = 7 ) [ RunTime:0.000000s ]
SQL: SHOW COLUMNS FROM `app_member` [ RunTime:0.000000s ]
SQL: SELECT `uid`,`nickname`,`sex`,`birthday`,`qq`,`score`,`login`,`reg_ip`,`reg_time`,`last_login_ip`,`last_login_time`,`status`,`truename`,`company`,`tel`,`address` FROM `app_member` WHERE ( `uid` = 7 ) LIMIT 1   [ RunTime:0.000000s ]
SQL: SHOW COLUMNS FROM `app_action` [ RunTime:0.000000s ]
SQL: SELECT * FROM `app_action` WHERE ( `name` = 'user_login' ) LIMIT 1   [ RunTime:0.000000s ]
SQL: UPDATE `app_member` SET `login`=`login`+1,`last_login_time`=1456533739,`last_login_ip`='988909201' WHERE ( `uid` = 7 ) [ RunTime:0.000000s ]
SQL: SHOW COLUMNS FROM `app_auth_group` [ RunTime:0.015623s ]
SQL: SHOW COLUMNS FROM `app_auth_group_access` [ RunTime:0.000000s ]
SQL: SELECT `uid`,`group_id`,`title`,`description`,`rules` FROM app_auth_group_access a INNER JOIN app_auth_group g on a.group_id=g.id  WHERE ( a.uid='7' and g.status='1' )  [ RunTime:0.000000s ]

[ 2016-02-27T08:42:20+08:00 ] 58.241.142.145 /index.php?s=/Admin/Index/index.html
SQL: SHOW COLUMNS FROM `app_auth_group_access` [ RunTime:0.000000s ]
SQL: SELECT `rules` FROM app_auth_group_access a INNER JOIN app_auth_group g on a.group_id=g.id  WHERE ( a.uid='7' and g.status='1' )  [ RunTime:0.000000s ]
SQL: SHOW COLUMNS FROM `app_auth_rule` [ RunTime:0.000000s ]
SQL: SELECT `condition`,`name` FROM `app_auth_rule` WHERE ( `id` IN ('1','2','3','4','5','7','8','9','10','11','12','13','14','15','16','17','18','19','20','21','22','23','24','25','26','27','28','29','30','31','32','33','34','35','36','37','38','39','40','41','42','43','44','45','46','47','48','49','50','51','52','53','54','55','56','57','58','59','60','61','62','63','64','65','66','67','68','69','70','71','72','73','74','79','80','81','82','83','84','86','87','88','89','90','91','92','93','94','95','100','102','103','107','108','109','110','195','205','206','207','208','209','210','211','212','213','214','215','216','217','219','220','221','222','224','225','226','227','228','229','230','231','232','233','234','235','236','237','238','239','240','241','242','243','245','246','247','248','249','250','251','252','253','254','255','256','257','258','259','260','262','263','264','265','266','267','268','269','270','271','272','273','274','275','276','277','278','279','280','281','282','283','284','285','286','287','288','289','293','294') ) AND ( `type` IN ('1','2') ) AND ( `status` = 1 )  [ RunTime:0.000000s ]
SQL: SHOW COLUMNS FROM `app_menu` [ RunTime:0.015623s ]
SQL: SELECT * FROM `app_menu` WHERE ( `pid` = 0 ) AND ( `hide` = 0 ) ORDER BY sort asc  [ RunTime:0.000000s ]
SQL: SELECT `id` FROM `app_menu` WHERE ( url like '%Index/index' ) LIMIT 1   [ RunTime:0.000000s ]
SQL: SHOW COLUMNS FROM `app_menu` [ RunTime:0.000000s ]
SQL: SELECT `id`,`pid`,`title` FROM `app_menu` WHERE ( id=1 ) LIMIT 1   [ RunTime:0.000000s ]
SQL: SHOW COLUMNS FROM `app_auth_rule` [ RunTime:0.000000s ]
SQL: SELECT `condition`,`name` FROM `app_auth_rule` WHERE ( `id` IN ('1','2','3','4','5','7','8','9','10','11','12','13','14','15','16','17','18','19','20','21','22','23','24','25','26','27','28','29','30','31','32','33','34','35','36','37','38','39','40','41','42','43','44','45','46','47','48','49','50','51','52','53','54','55','56','57','58','59','60','61','62','63','64','65','66','67','68','69','70','71','72','73','74','79','80','81','82','83','84','86','87','88','89','90','91','92','93','94','95','100','102','103','107','108','109','110','195','205','206','207','208','209','210','211','212','213','214','215','216','217','219','220','221','222','224','225','226','227','228','229','230','231','232','233','234','235','236','237','238','239','240','241','242','243','245','246','247','248','249','250','251','252','253','254','255','256','257','258','259','260','262','263','264','265','266','267','268','269','270','271','272','273','274','275','276','277','278','279','280','281','282','283','284','285','286','287','288','289','293','294') ) AND ( `type` = 2 ) AND ( `status` = 1 )  [ RunTime:0.000000s ]
SQL: SELECT DISTINCT  `group` FROM `app_menu` WHERE ( pid = 1 )  [ RunTime:0.015622s ]
SQL: SELECT `id`,`url` FROM `app_menu` WHERE ( `pid` = 1 ) AND ( `hide` = 0 )  [ RunTime:0.000000s ]
NOTIC: [2] Invalid argument supplied for foreach() D:\wwwroot\liuc\Application\Admin\Controller\AdminController.class.php 第 296 行.
INFO: [ view_parse ] --START--
INFO: [ template_filter ] --START--
INFO: Run Behavior\ContentReplace [ RunTime:0.000000s ]
INFO: [ template_filter ] --END-- [ RunTime:0.000000s ]
INFO: [ AdminIndex ] --START--
SQL: SHOW COLUMNS FROM `app_addons` [ RunTime:0.000000s ]
SQL: SELECT `config` FROM `app_addons` WHERE ( `name` = 'SiteStat' ) AND ( `status` = 1 ) LIMIT 1   [ RunTime:0.000000s ]
SQL: SHOW COLUMNS FROM `app_member` [ RunTime:0.015623s ]
SQL: SELECT COUNT(*) AS tp_count FROM `app_member` LIMIT 1   [ RunTime:0.000000s ]
SQL: SHOW COLUMNS FROM `app_action_log` [ RunTime:0.000000s ]
SQL: SELECT COUNT(*) AS tp_count FROM `app_action_log` LIMIT 1   [ RunTime:0.000000s ]
SQL: SHOW COLUMNS FROM `app_document` [ RunTime:0.000000s ]
SQL: SELECT COUNT(*) AS tp_count FROM `app_document` LIMIT 1   [ RunTime:0.000000s ]
SQL: SHOW COLUMNS FROM `app_category` [ RunTime:0.000000s ]
SQL: SELECT COUNT(*) AS tp_count FROM `app_category` LIMIT 1   [ RunTime:0.000000s ]
SQL: SHOW COLUMNS FROM `app_model` [ RunTime:0.015623s ]
SQL: SELECT COUNT(*) AS tp_count FROM `app_model` LIMIT 1   [ RunTime:0.000000s ]
SQL: SHOW COLUMNS FROM `app_stock` [ RunTime:0.000000s ]
SQL: SELECT COUNT(*) AS tp_count FROM `app_stock` LIMIT 1   [ RunTime:0.000000s ]
SQL: SHOW COLUMNS FROM `app_order` [ RunTime:0.000000s ]
SQL: SELECT COUNT(*) AS tp_count FROM `app_order` LIMIT 1   [ RunTime:0.000000s ]
SQL: SHOW COLUMNS FROM `app_apply` [ RunTime:0.015623s ]
SQL: SELECT COUNT(*) AS tp_count FROM `app_apply` LIMIT 1   [ RunTime:0.000000s ]
SQL: SHOW COLUMNS FROM `app_auth_group_access` [ RunTime:0.000000s ]
SQL: SELECT COUNT(*) AS tp_count FROM `app_auth_group_access` LIMIT 1   [ RunTime:0.000000s ]
SQL: SHOW COLUMNS FROM `app_warehouse` [ RunTime:0.000000s ]
SQL: SELECT COUNT(*) AS tp_count FROM `app_warehouse` WHERE (  (`num` < min_num OR (num > max_num AND max_num != 0))  ) LIMIT 1   [ RunTime:0.000000s ]
SQL: SELECT COUNT(*) AS tp_count FROM `app_warehouse` WHERE ( `warehouse` = 7 ) LIMIT 1   [ RunTime:0.000000s ]
SQL: SELECT COUNT(*) AS tp_count FROM `app_warehouse` WHERE (  (`num` < min_num OR (num > max_num AND max_num != 0))  ) AND ( `warehouse` = 7 ) LIMIT 1   [ RunTime:0.000000s ]
INFO: [ view_parse ] --START--
INFO: [ template_filter ] --START--
INFO: Run Behavior\ContentReplace [ RunTime:0.000000s ]
INFO: [ template_filter ] --END-- [ RunTime:-0.046869s ]
INFO: Run Behavior\ParseTemplate [ RunTime:0.015622s ]
INFO: [ view_parse ] --END-- [ RunTime:0.015622s ]
INFO: [ view_filter ] --START--
INFO: Run Behavior\WriteHtmlCache [ RunTime:0.000000s ]
INFO: [ view_filter ] --END-- [ RunTime:0.000000s ]
INFO: Run SiteStat [ RunTime:0.062491s ]
SQL: SELECT `config` FROM `app_addons` WHERE ( `name` = 'SystemInfo' ) AND ( `status` = 1 ) LIMIT 1   [ RunTime:0.000000s ]
INFO: [ view_parse ] --START--
INFO: [ template_filter ] --START--
INFO: Run Behavior\ContentReplace [ RunTime:0.000000s ]
INFO: [ template_filter ] --END-- [ RunTime:-0.109360s ]
SQL: select version() as v; [ RunTime:0.000000s ]
INFO: Run Behavior\ParseTemplate [ RunTime:0.015623s ]
INFO: [ view_parse ] --END-- [ RunTime:-0.046869s ]
INFO: [ view_filter ] --START--
INFO: Run Behavior\WriteHtmlCache [ RunTime:0.000000s ]
INFO: [ view_filter ] --END-- [ RunTime:-0.062492s ]
INFO: Run SystemInfo [ RunTime:0.062492s ]
INFO: [ AdminIndex ] --END-- [ RunTime:0.124983s ]
INFO: Run Behavior\ParseTemplate [ RunTime:0.015623s ]
INFO: [ view_parse ] --END-- [ RunTime:-0.046869s ]
INFO: [ view_filter ] --START--
INFO: Run Behavior\WriteHtmlCache [ RunTime:0.000000s ]
INFO: [ view_filter ] --END-- [ RunTime:-0.062492s ]
INFO: [ app_end ] --START--
INFO: Run Behavior\ShowPageTrace [ RunTime:0.000000s ]
INFO: [ app_end ] --END-- [ RunTime:0.000000s ]

[ 2016-02-27T08:42:24+08:00 ] 58.241.142.145 /index.php?s=/Admin/Psi/order.html
SQL: SHOW COLUMNS FROM `app_menu` [ RunTime:0.000000s ]
SQL: SELECT * FROM `app_menu` WHERE ( `pid` = 0 ) AND ( `hide` = 0 ) ORDER BY sort asc  [ RunTime:0.000000s ]
SQL: SELECT `id` FROM `app_menu` WHERE ( url like '%Psi/order' ) LIMIT 1   [ RunTime:0.000000s ]
SQL: SHOW COLUMNS FROM `app_menu` [ RunTime:0.000000s ]
SQL: SELECT `id`,`pid`,`title` FROM `app_menu` WHERE ( id=128 ) LIMIT 1   [ RunTime:0.000000s ]
SQL: SELECT `id`,`pid`,`title` FROM `app_menu` WHERE ( id=149 ) LIMIT 1   [ RunTime:0.000000s ]
SQL: SELECT DISTINCT  `group` FROM `app_menu` WHERE ( pid = 149 )  [ RunTime:0.000000s ]
SQL: SELECT `id`,`url` FROM `app_menu` WHERE ( `pid` = 149 ) AND ( `hide` = 0 )  [ RunTime:0.000000s ]
SQL: SHOW COLUMNS FROM `app_auth_group_access` [ RunTime:0.015623s ]
SQL: SELECT `rules` FROM app_auth_group_access a INNER JOIN app_auth_group g on a.group_id=g.id  WHERE ( a.uid='7' and g.status='1' )  [ RunTime:0.000000s ]
SQL: SHOW COLUMNS FROM `app_auth_rule` [ RunTime:0.000000s ]
SQL: SELECT `condition`,`name` FROM `app_auth_rule` WHERE ( `id` IN ('1','2','3','4','5','7','8','9','10','11','12','13','14','15','16','17','18','19','20','21','22','23','24','25','26','27','28','29','30','31','32','33','34','35','36','37','38','39','40','41','42','43','44','45','46','47','48','49','50','51','52','53','54','55','56','57','58','59','60','61','62','63','64','65','66','67','68','69','70','71','72','73','74','79','80','81','82','83','84','86','87','88','89','90','91','92','93','94','95','100','102','103','107','108','109','110','195','205','206','207','208','209','210','211','212','213','214','215','216','217','219','220','221','222','224','225','226','227','228','229','230','231','232','233','234','235','236','237','238','239','240','241','242','243','245','246','247','248','249','250','251','252','253','254','255','256','257','258','259','260','262','263','264','265','266','267','268','269','270','271','272','273','274','275','276','277','278','279','280','281','282','283','284','285','286','287','288','289','293','294') ) AND ( `type` = 1 ) AND ( `status` = 1 )  [ RunTime:0.000000s ]
SQL: SELECT `id`,`pid`,`title`,`url`,`tip` FROM `app_menu` WHERE ( `group` = '销售出库' ) AND ( `url` IN ('Psi/sale','Psi/order','Psi/sale_record','Psi/out_order','Psi/out_list') ) AND ( `pid` = 149 ) AND ( `hide` = 0 ) ORDER BY sort asc  [ RunTime:0.000000s ]
SQL: SELECT `id`,`pid`,`title`,`url`,`tip` FROM `app_menu` WHERE ( `group` = '订单管理' ) AND ( `url` IN ('Psi/sale','Psi/order','Psi/sale_record','Psi/out_order','Psi/out_list') ) AND ( `pid` = 149 ) AND ( `hide` = 0 ) ORDER BY sort asc  [ RunTime:0.000000s ]
SQL: SHOW COLUMNS FROM `app_warehouse` [ RunTime:0.000000s ]
SQL: SHOW COLUMNS FROM `app_auth_group` [ RunTime:0.000000s ]
SQL: SHOW COLUMNS FROM `app_auth_group_access` [ RunTime:0.000000s ]
SQL: SELECT `uid`,`group_id`,`title`,`description`,`rules` FROM app_auth_group_access a INNER JOIN app_auth_group g on a.group_id=g.id  WHERE ( a.uid='7' and g.status='1' )  [ RunTime:0.000000s ]
NOTIC: [8] Undefined variable: map D:\wwwroot\liuc\Application\Admin\Controller\PsiController.class.php 第 1414 行.
SQL: SHOW COLUMNS FROM `app_order` [ RunTime:0.015623s ]
SQL: SELECT COUNT(*) AS tp_count FROM `app_order` WHERE ( `status` >= 0 ) LIMIT 1   [ RunTime:0.000000s ]
SQL: SELECT `id`,`order_id`,`goods`,`uid`,`company`,`name`,`tel`,`address`,`status`,`date`,`note` FROM `app_order` WHERE ( `status` >= 0 ) ORDER BY id desc LIMIT 0,10   [ RunTime:0.000000s ]
SQL: SHOW COLUMNS FROM `app_order` [ RunTime:0.000000s ]
SQL: SELECT * FROM `app_order` WHERE ( `id` = 27 ) LIMIT 1   [ RunTime:0.000000s ]
SQL: SHOW COLUMNS FROM `app_stock` [ RunTime:0.000000s ]
SQL: SHOW COLUMNS FROM `app_supplier` [ RunTime:0.015623s ]
SQL: SHOW COLUMNS FROM `app_category` [ RunTime:0.000000s ]
SQL: SELECT * FROM `app_stock` WHERE ( `id` = 1265 ) LIMIT 1   [ RunTime:0.000000s ]
SQL: SELECT `title` FROM `app_category` WHERE ( `id` = 45 ) LIMIT 1   [ RunTime:0.000000s ]
SQL: SELECT `company` FROM `app_supplier` WHERE ( id="46" ) LIMIT 1   [ RunTime:0.000000s ]
SQL: SELECT `title` FROM `app_category` WHERE ( `id` = 69 ) LIMIT 1   [ RunTime:0.000000s ]
NOTIC: [8] Undefined index: money D:\wwwroot\liuc\Application\Admin\Model\OrderModel.class.php 第 134 行.
SQL: SELECT * FROM `app_stock` WHERE ( `id` = 1263 ) LIMIT 1   [ RunTime:0.000000s ]
SQL: SELECT `title` FROM `app_category` WHERE ( `id` = 45 ) LIMIT 1   [ RunTime:0.000000s ]
SQL: SELECT `company` FROM `app_supplier` WHERE ( id="46" ) LIMIT 1   [ RunTime:0.000000s ]
SQL: SELECT `title` FROM `app_category` WHERE ( `id` = 77 ) LIMIT 1   [ RunTime:0.000000s ]
SQL: SELECT * FROM `app_stock` WHERE ( `id` = 1262 ) LIMIT 1   [ RunTime:0.000000s ]
SQL: SELECT `title` FROM `app_category` WHERE ( `id` = 45 ) LIMIT 1   [ RunTime:0.000000s ]
SQL: SELECT `company` FROM `app_supplier` WHERE ( id="46" ) LIMIT 1   [ RunTime:0.000000s ]
SQL: SELECT `title` FROM `app_category` WHERE ( `id` = 77 ) LIMIT 1   [ RunTime:0.000000s ]
SQL: SELECT * FROM `app_order` WHERE ( `id` = 26 ) LIMIT 1   [ RunTime:0.000000s ]
SQL: SELECT * FROM `app_stock` WHERE ( `id` = 1259 ) LIMIT 1   [ RunTime:0.000000s ]
SQL: SELECT `title` FROM `app_category` WHERE ( `id` = 43 ) LIMIT 1   [ RunTime:0.000000s ]
SQL: SELECT `company` FROM `app_supplier` WHERE ( id="44" ) LIMIT 1   [ RunTime:0.000000s ]
SQL: SELECT `title` FROM `app_category` WHERE ( `id` = 379 ) LIMIT 1   [ RunTime:0.000000s ]
NOTIC: [8] Undefined index: money D:\wwwroot\liuc\Application\Admin\Model\OrderModel.class.php 第 134 行.
SQL: SELECT * FROM `app_stock` WHERE ( `id` = 1258 ) LIMIT 1   [ RunTime:0.000000s ]
SQL: SELECT `title` FROM `app_category` WHERE ( `id` = 43 ) LIMIT 1   [ RunTime:0.000000s ]
SQL: SELECT `company` FROM `app_supplier` WHERE ( id="44" ) LIMIT 1   [ RunTime:0.000000s ]
SQL: SELECT `title` FROM `app_category` WHERE ( `id` = 378 ) LIMIT 1   [ RunTime:0.000000s ]
SQL: SELECT * FROM `app_stock` WHERE ( `id` = 1223 ) LIMIT 1   [ RunTime:0.000000s ]
SQL: SELECT `title` FROM `app_category` WHERE ( `id` = 42 ) LIMIT 1   [ RunTime:0.000000s ]
SQL: SELECT `company` FROM `app_supplier` WHERE ( id="48" ) LIMIT 1   [ RunTime:0.000000s ]
SQL: SELECT `title` FROM `app_category` WHERE ( `id` = 354 ) LIMIT 1   [ RunTime:0.000000s ]
SQL: SELECT * FROM `app_stock` WHERE ( `id` = 1222 ) LIMIT 1   [ RunTime:0.000000s ]
SQL: SELECT `title` FROM `app_category` WHERE ( `id` = 42 ) LIMIT 1   [ RunTime:0.000000s ]
SQL: SELECT `company` FROM `app_supplier` WHERE ( id="76" ) LIMIT 1   [ RunTime:0.000000s ]
SQL: SELECT `title` FROM `app_category` WHERE ( `id` = 99 ) LIMIT 1   [ RunTime:0.000000s ]
SQL: SELECT `title` FROM `app_category` WHERE ( `id` = 194 ) LIMIT 1   [ RunTime:0.000000s ]
SQL: SELECT * FROM `app_stock` WHERE ( `id` = 1054 ) LIMIT 1   [ RunTime:0.000000s ]
SQL: SELECT `title` FROM `app_category` WHERE ( `id` = 41 ) LIMIT 1   [ RunTime:0.000000s ]
SQL: SELECT `company` FROM `app_supplier` WHERE ( id="31" ) LIMIT 1   [ RunTime:0.015623s ]
SQL: SELECT `title` FROM `app_category` WHERE ( `id` = 77 ) LIMIT 1   [ RunTime:0.000000s ]
SQL: SELECT * FROM `app_stock` WHERE ( `id` = 1041 ) LIMIT 1   [ RunTime:0.000000s ]
SQL: SELECT `title` FROM `app_category` WHERE ( `id` = 41 ) LIMIT 1   [ RunTime:0.000000s ]
SQL: SELECT `company` FROM `app_supplier` WHERE ( id="69" ) LIMIT 1   [ RunTime:0.000000s ]
SQL: SELECT `title` FROM `app_category` WHERE ( `id` = 95 ) LIMIT 1   [ RunTime:0.000000s ]
SQL: SELECT * FROM `app_order` WHERE ( `id` = 25 ) LIMIT 1   [ RunTime:0.000000s ]
SQL: SELECT * FROM `app_stock` WHERE ( `id` = 1226 ) LIMIT 1   [ RunTime:0.000000s ]
SQL: SELECT `title` FROM `app_category` WHERE ( `id` = 42 ) LIMIT 1   [ RunTime:0.000000s ]
SQL: SELECT `company` FROM `app_supplier` WHERE ( id="55" ) LIMIT 1   [ RunTime:0.000000s ]
SQL: SELECT `title` FROM `app_category` WHERE ( `id` = 149 ) LIMIT 1   [ RunTime:0.000000s ]
NOTIC: [8] Undefined index: money D:\wwwroot\liuc\Application\Admin\Model\OrderModel.class.php 第 134 行.
SQL: SELECT * FROM `app_stock` WHERE ( `id` = 764 ) LIMIT 1   [ RunTime:0.000000s ]
SQL: SELECT `title` FROM `app_category` WHERE ( `id` = 40 ) LIMIT 1   [ RunTime:0.000000s ]
SQL: SELECT `company` FROM `app_supplier` WHERE ( id="95" ) LIMIT 1   [ RunTime:0.000000s ]
SQL: SELECT `title` FROM `app_category` WHERE ( `id` = 71 ) LIMIT 1   [ RunTime:0.000000s ]
SQL: SELECT * FROM `app_stock` WHERE ( `id` = 763 ) LIMIT 1   [ RunTime:0.000000s ]
SQL: SELECT `title` FROM `app_category` WHERE ( `id` = 40 ) LIMIT 1   [ RunTime:0.000000s ]
SQL: SELECT `company` FROM `app_supplier` WHERE ( id="95" ) LIMIT 1   [ RunTime:0.000000s ]
SQL: SELECT `title` FROM `app_category` WHERE ( `id` = 284 ) LIMIT 1   [ RunTime:0.000000s ]
SQL: SELECT * FROM `app_stock` WHERE ( `id` = 741 ) LIMIT 1   [ RunTime:0.000000s ]
SQL: SELECT `title` FROM `app_category` WHERE ( `id` = 40 ) LIMIT 1   [ RunTime:0.000000s ]
SQL: SELECT `company` FROM `app_supplier` WHERE ( id="87" ) LIMIT 1   [ RunTime:0.000000s ]
SQL: SELECT `title` FROM `app_category` WHERE ( `id` = 204 ) LIMIT 1   [ RunTime:0.000000s ]
SQL: SELECT * FROM `app_stock` WHERE ( `id` = 88 ) LIMIT 1   [ RunTime:0.000000s ]
SQL: SELECT `title` FROM `app_category` WHERE ( `id` = 43 ) LIMIT 1   [ RunTime:0.000000s ]
SQL: SELECT `company` FROM `app_supplier` WHERE ( id="96" ) LIMIT 1   [ RunTime:0.015622s ]
SQL: SELECT `title` FROM `app_category` WHERE ( `id` = 88 ) LIMIT 1   [ RunTime:0.000000s ]
SQL: SELECT * FROM `app_stock` WHERE ( `id` = 84 ) LIMIT 1   [ RunTime:0.000000s ]
SQL: SELECT `title` FROM `app_category` WHERE ( `id` = 43 ) LIMIT 1   [ RunTime:0.000000s ]
SQL: SELECT `company` FROM `app_supplier` WHERE ( id="96" ) LIMIT 1   [ RunTime:0.000000s ]
SQL: SELECT `title` FROM `app_category` WHERE ( `id` = 86 ) LIMIT 1   [ RunTime:0.000000s ]
INFO: [ view_parse ] --START--
INFO: [ template_filter ] --START--
INFO: Run Behavior\ContentReplace [ RunTime:0.000000s ]
INFO: [ template_filter ] --END-- [ RunTime:0.000000s ]
INFO: Run Behavior\ParseTemplate [ RunTime:0.031246s ]
INFO: [ view_parse ] --END-- [ RunTime:0.031246s ]
INFO: [ view_filter ] --START--
INFO: Run Behavior\WriteHtmlCache [ RunTime:0.000000s ]
INFO: [ view_filter ] --END-- [ RunTime:0.000000s ]
INFO: [ app_end ] --START--
INFO: Run Behavior\ShowPageTrace [ RunTime:0.000000s ]
INFO: [ app_end ] --END-- [ RunTime:0.000000s ]

[ 2016-02-27T08:42:27+08:00 ] 58.241.142.145 /index.php?s=/Admin/Index/index.html
SQL: SHOW COLUMNS FROM `app_menu` [ RunTime:0.000000s ]
SQL: SELECT * FROM `app_menu` WHERE ( `pid` = 0 ) AND ( `hide` = 0 ) ORDER BY sort asc  [ RunTime:0.000000s ]
SQL: SELECT `id` FROM `app_menu` WHERE ( url like '%Index/index' ) LIMIT 1   [ RunTime:0.000000s ]
SQL: SHOW COLUMNS FROM `app_menu` [ RunTime:0.000000s ]
SQL: SELECT `id`,`pid`,`title` FROM `app_menu` WHERE ( id=1 ) LIMIT 1   [ RunTime:0.000000s ]
SQL: SELECT DISTINCT  `group` FROM `app_menu` WHERE ( pid = 1 )  [ RunTime:0.000000s ]
SQL: SELECT `id`,`url` FROM `app_menu` WHERE ( `pid` = 1 ) AND ( `hide` = 0 )  [ RunTime:0.000000s ]
NOTIC: [2] Invalid argument supplied for foreach() D:\wwwroot\liuc\Application\Admin\Controller\AdminController.class.php 第 296 行.
INFO: [ view_parse ] --START--
INFO: [ template_filter ] --START--
INFO: Run Behavior\ContentReplace [ RunTime:0.000000s ]
INFO: [ template_filter ] --END-- [ RunTime:0.000000s ]
INFO: [ AdminIndex ] --START--
SQL: SHOW COLUMNS FROM `app_addons` [ RunTime:0.000000s ]
SQL: SELECT `config` FROM `app_addons` WHERE ( `name` = 'SiteStat' ) AND ( `status` = 1 ) LIMIT 1   [ RunTime:0.000000s ]
SQL: SHOW COLUMNS FROM `app_member` [ RunTime:0.000000s ]
SQL: SELECT COUNT(*) AS tp_count FROM `app_member` LIMIT 1   [ RunTime:0.000000s ]
SQL: SHOW COLUMNS FROM `app_action_log` [ RunTime:0.000000s ]
SQL: SELECT COUNT(*) AS tp_count FROM `app_action_log` LIMIT 1   [ RunTime:0.015623s ]
SQL: SHOW COLUMNS FROM `app_document` [ RunTime:0.000000s ]
SQL: SELECT COUNT(*) AS tp_count FROM `app_document` LIMIT 1   [ RunTime:0.000000s ]
SQL: SHOW COLUMNS FROM `app_category` [ RunTime:0.000000s ]
SQL: SELECT COUNT(*) AS tp_count FROM `app_category` LIMIT 1   [ RunTime:0.000000s ]
SQL: SHOW COLUMNS FROM `app_model` [ RunTime:0.000000s ]
SQL: SELECT COUNT(*) AS tp_count FROM `app_model` LIMIT 1   [ RunTime:0.000000s ]
SQL: SHOW COLUMNS FROM `app_stock` [ RunTime:0.015623s ]
SQL: SELECT COUNT(*) AS tp_count FROM `app_stock` LIMIT 1   [ RunTime:0.000000s ]
SQL: SHOW COLUMNS FROM `app_order` [ RunTime:0.000000s ]
SQL: SELECT COUNT(*) AS tp_count FROM `app_order` LIMIT 1   [ RunTime:0.000000s ]
SQL: SHOW COLUMNS FROM `app_apply` [ RunTime:0.000000s ]
SQL: SELECT COUNT(*) AS tp_count FROM `app_apply` LIMIT 1   [ RunTime:0.000000s ]
SQL: SHOW COLUMNS FROM `app_auth_group_access` [ RunTime:0.000000s ]
SQL: SELECT COUNT(*) AS tp_count FROM `app_auth_group_access` LIMIT 1   [ RunTime:0.000000s ]
SQL: SHOW COLUMNS FROM `app_warehouse` [ RunTime:0.015623s ]
SQL: SELECT COUNT(*) AS tp_count FROM `app_warehouse` WHERE (  (`num` < min_num OR (num > max_num AND max_num != 0))  ) LIMIT 1   [ RunTime:0.000000s ]
SQL: SELECT COUNT(*) AS tp_count FROM `app_warehouse` WHERE ( `warehouse` = 7 ) LIMIT 1   [ RunTime:0.000000s ]
SQL: SELECT COUNT(*) AS tp_count FROM `app_warehouse` WHERE (  (`num` < min_num OR (num > max_num AND max_num != 0))  ) AND ( `warehouse` = 7 ) LIMIT 1   [ RunTime:0.000000s ]
INFO: [ view_parse ] --START--
INFO: [ template_filter ] --START--
INFO: Run Behavior\ContentReplace [ RunTime:0.000000s ]
INFO: [ template_filter ] --END-- [ RunTime:-0.062492s ]
INFO: Run Behavior\ParseTemplate [ RunTime:0.000000s ]
INFO: [ view_parse ] --END-- [ RunTime:0.000000s ]
INFO: [ view_filter ] --START--
INFO: Run Behavior\WriteHtmlCache [ RunTime:0.000000s ]
INFO: [ view_filter ] --END-- [ RunTime:0.000000s ]
INFO: Run SiteStat [ RunTime:0.046869s ]
SQL: SELECT `config` FROM `app_addons` WHERE ( `name` = 'SystemInfo' ) AND ( `status` = 1 ) LIMIT 1   [ RunTime:0.000000s ]
INFO: [ view_parse ] --START--
INFO: [ template_filter ] --START--
INFO: Run Behavior\ContentReplace [ RunTime:0.000000s ]
INFO: [ template_filter ] --END-- [ RunTime:-0.109360s ]
SQL: select version() as v; [ RunTime:0.000000s ]
INFO: Run Behavior\ParseTemplate [ RunTime:0.015623s ]
INFO: [ view_parse ] --END-- [ RunTime:-0.031245s ]
INFO: [ view_filter ] --START--
INFO: Run Behavior\WriteHtmlCache [ RunTime:0.000000s ]
INFO: [ view_filter ] --END-- [ RunTime:-0.046868s ]
INFO: Run SystemInfo [ RunTime:0.046868s ]
INFO: [ AdminIndex ] --END-- [ RunTime:0.093737s ]
INFO: Run Behavior\ParseTemplate [ RunTime:0.015623s ]
INFO: [ view_parse ] --END-- [ RunTime:-0.031245s ]
INFO: [ view_filter ] --START--
INFO: Run Behavior\WriteHtmlCache [ RunTime:0.000000s ]
INFO: [ view_filter ] --END-- [ RunTime:-0.046868s ]
INFO: [ app_end ] --START--
INFO: Run Behavior\ShowPageTrace [ RunTime:0.000000s ]
INFO: [ app_end ] --END-- [ RunTime:0.000000s ]

[ 2016-02-27T08:42:31+08:00 ] 58.241.142.145 /index.php?s=/Admin/Psi/stock.html
SQL: SHOW COLUMNS FROM `app_menu` [ RunTime:0.000000s ]
SQL: SELECT * FROM `app_menu` WHERE ( `pid` = 0 ) AND ( `hide` = 0 ) ORDER BY sort asc  [ RunTime:0.000000s ]
SQL: SELECT `id` FROM `app_menu` WHERE ( url like '%Psi/stock' ) LIMIT 1   [ RunTime:0.000000s ]
SQL: SHOW COLUMNS FROM `app_menu` [ RunTime:0.000000s ]
SQL: SELECT `id`,`pid`,`title` FROM `app_menu` WHERE ( id=130 ) LIMIT 1   [ RunTime:0.000000s ]
SQL: SELECT `id`,`pid`,`title` FROM `app_menu` WHERE ( id=141 ) LIMIT 1   [ RunTime:0.000000s ]
SQL: SELECT DISTINCT  `group` FROM `app_menu` WHERE ( pid = 141 )  [ RunTime:0.000000s ]
SQL: SELECT `id`,`url` FROM `app_menu` WHERE ( `pid` = 141 ) AND ( `hide` = 0 )  [ RunTime:0.000000s ]
SQL: SELECT `id`,`pid`,`title`,`url`,`tip` FROM `app_menu` WHERE ( `group` = '商品管理' ) AND ( `url` IN ('Psi/stock_add','Psi/stock','Psi/exstock_add','Psi/exstock_record') ) AND ( `pid` = 141 ) AND ( `hide` = 0 ) ORDER BY sort asc  [ RunTime:0.000000s ]
SQL: SELECT `id`,`pid`,`title`,`url`,`tip` FROM `app_menu` WHERE ( `group` = '包装品管理' ) AND ( `url` IN ('Psi/stock_add','Psi/stock','Psi/exstock_add','Psi/exstock_record') ) AND ( `pid` = 141 ) AND ( `hide` = 0 ) ORDER BY sort asc  [ RunTime:0.000000s ]
SQL: SHOW COLUMNS FROM `app_category` [ RunTime:0.000000s ]
SQL: SELECT `id`,`name`,`title`,`pid`,`sort`,`list_row`,`meta_title`,`keywords`,`description`,`template_index`,`template_lists`,`template_detail`,`template_edit`,`model`,`type`,`link_id`,`allow_publish`,`display`,`reply`,`check`,`reply_model`,`extend`,`create_time`,`update_time`,`status`,`icon` FROM `app_category` WHERE ( `id` = 39 ) LIMIT 1   [ RunTime:0.000000s ]
SQL: SELECT `id`,`title`,`pid` FROM `app_category` WHERE ( `status` > -1 ) ORDER BY sort  [ RunTime:0.000000s ]
SQL: SHOW COLUMNS FROM `app_supplier` [ RunTime:0.015623s ]
NOTIC: [8] Undefined variable: where D:\wwwroot\liuc\Application\Admin\Controller\PsiController.class.php 第 1695 行.
SQL: SELECT `id`,`company` FROM `app_supplier`  [ RunTime:0.000000s ]
SQL: SHOW COLUMNS FROM `app_stock` [ RunTime:0.000000s ]
SQL: SELECT COUNT(*) AS tp_count FROM `app_stock` WHERE ( `category` LIKE '%%' ) AND ( `supplier` LIKE '%%' ) AND ( `status` LIKE '%%' ) ORDER BY category asc LIMIT 1   [ RunTime:0.000000s ]
SQL: SELECT `id`,`code`,`name`,`category`,`supplier`,`standard`,`OE`,`sale_price`,`sale_price_off`,`status` FROM `app_stock` WHERE ( `category` LIKE '%%' ) AND ( `supplier` LIKE '%%' ) AND ( `status` LIKE '%%' ) ORDER BY category asc LIMIT 0,20   [ RunTime:0.000000s ]
SQL: SELECT `title` FROM `app_category` WHERE ( `id` = 40 ) LIMIT 1   [ RunTime:0.000000s ]
SQL: SELECT `company` FROM `app_supplier` WHERE ( id="0" ) LIMIT 1   [ RunTime:0.000000s ]
SQL: SELECT `title` FROM `app_category` WHERE ( `id` = 101 ) LIMIT 1   [ RunTime:0.000000s ]
SQL: SELECT `title` FROM `app_category` WHERE ( `id` = 99 ) LIMIT 1   [ RunTime:0.000000s ]
SQL: SELECT `title` FROM `app_category` WHERE ( `id` = 194 ) LIMIT 1   [ RunTime:0.000000s ]
SQL: SHOW COLUMNS FROM `app_warehouse` [ RunTime:0.000000s ]
SQL: SELECT * FROM `app_warehouse` WHERE ( sid=97 ) LIMIT 1   [ RunTime:0.000000s ]
SQL: SELECT `title` FROM `app_category` WHERE ( `id` = 40 ) LIMIT 1   [ RunTime:0.000000s ]
SQL: SELECT `company` FROM `app_supplier` WHERE ( id="21" ) LIMIT 1   [ RunTime:0.000000s ]
SQL: SELECT `title` FROM `app_category` WHERE ( `id` = 70 ) LIMIT 1   [ RunTime:0.000000s ]
SQL: SELECT * FROM `app_warehouse` WHERE ( sid=154 ) LIMIT 1   [ RunTime:0.000000s ]
SQL: SELECT `title` FROM `app_category` WHERE ( `id` = 40 ) LIMIT 1   [ RunTime:0.015623s ]
SQL: SELECT `company` FROM `app_supplier` WHERE ( id="97" ) LIMIT 1   [ RunTime:0.000000s ]
SQL: SELECT `title` FROM `app_category` WHERE ( `id` = 174 ) LIMIT 1   [ RunTime:0.000000s ]
SQL: SELECT `title` FROM `app_category` WHERE ( `id` = 169 ) LIMIT 1   [ RunTime:0.000000s ]
SQL: SELECT `title` FROM `app_category` WHERE ( `id` = 173 ) LIMIT 1   [ RunTime:0.000000s ]
SQL: SELECT * FROM `app_warehouse` WHERE ( sid=155 ) LIMIT 1   [ RunTime:0.000000s ]
SQL: SELECT `title` FROM `app_category` WHERE ( `id` = 40 ) LIMIT 1   [ RunTime:0.000000s ]
SQL: SELECT `company` FROM `app_supplier` WHERE ( id="97" ) LIMIT 1   [ RunTime:0.000000s ]
SQL: SELECT `title` FROM `app_category` WHERE ( `id` = 93 ) LIMIT 1   [ RunTime:0.000000s ]
SQL: SELECT * FROM `app_warehouse` WHERE ( sid=156 ) LIMIT 1   [ RunTime:0.000000s ]
SQL: SELECT `title` FROM `app_category` WHERE ( `id` = 40 ) LIMIT 1   [ RunTime:0.000000s ]
SQL: SELECT `company` FROM `app_supplier` WHERE ( id="97" ) LIMIT 1   [ RunTime:0.000000s ]
SQL: SELECT `title` FROM `app_category` WHERE ( `id` = 101 ) LIMIT 1   [ RunTime:0.000000s ]
SQL: SELECT `title` FROM `app_category` WHERE ( `id` = 84 ) LIMIT 1   [ RunTime:0.000000s ]
SQL: SELECT * FROM `app_warehouse` WHERE ( sid=157 ) LIMIT 1   [ RunTime:0.000000s ]
SQL: SELECT `title` FROM `app_category` WHERE ( `id` = 40 ) LIMIT 1   [ RunTime:0.000000s ]
SQL: SELECT `company` FROM `app_supplier` WHERE ( id="97" ) LIMIT 1   [ RunTime:0.000000s ]
SQL: SELECT `title` FROM `app_category` WHERE ( `id` = 116 ) LIMIT 1   [ RunTime:0.000000s ]
SQL: SELECT * FROM `app_warehouse` WHERE ( sid=161 ) LIMIT 1   [ RunTime:0.000000s ]
SQL: SELECT `title` FROM `app_category` WHERE ( `id` = 40 ) LIMIT 1   [ RunTime:0.000000s ]
SQL: SELECT `company` FROM `app_supplier` WHERE ( id="97" ) LIMIT 1   [ RunTime:0.000000s ]
SQL: SELECT `title` FROM `app_category` WHERE ( `id` = 60 ) LIMIT 1   [ RunTime:0.000000s ]
SQL: SELECT * FROM `app_warehouse` WHERE ( sid=163 ) LIMIT 1   [ RunTime:0.015622s ]
SQL: SELECT `title` FROM `app_category` WHERE ( `id` = 40 ) LIMIT 1   [ RunTime:0.000000s ]
SQL: SELECT `company` FROM `app_supplier` WHERE ( id="97" ) LIMIT 1   [ RunTime:0.000000s ]
SQL: SELECT `title` FROM `app_category` WHERE ( `id` = 117 ) LIMIT 1   [ RunTime:0.000000s ]
SQL: SELECT * FROM `app_warehouse` WHERE ( sid=167 ) LIMIT 1   [ RunTime:0.000000s ]
SQL: SELECT `title` FROM `app_category` WHERE ( `id` = 40 ) LIMIT 1   [ RunTime:0.000000s ]
SQL: SELECT `company` FROM `app_supplier` WHERE ( id="97" ) LIMIT 1   [ RunTime:0.000000s ]
SQL: SELECT `title` FROM `app_category` WHERE ( `id` = 163 ) LIMIT 1   [ RunTime:0.000000s ]
SQL: SELECT * FROM `app_warehouse` WHERE ( sid=168 ) LIMIT 1   [ RunTime:0.000000s ]
SQL: SELECT `title` FROM `app_category` WHERE ( `id` = 40 ) LIMIT 1   [ RunTime:0.000000s ]
SQL: SELECT `company` FROM `app_supplier` WHERE ( id="97" ) LIMIT 1   [ RunTime:0.000000s ]
SQL: SELECT `title` FROM `app_category` WHERE ( `id` = 108 ) LIMIT 1   [ RunTime:0.000000s ]
SQL: SELECT * FROM `app_warehouse` WHERE ( sid=169 ) LIMIT 1   [ RunTime:0.000000s ]
SQL: SELECT `title` FROM `app_category` WHERE ( `id` = 40 ) LIMIT 1   [ RunTime:0.000000s ]
SQL: SELECT `company` FROM `app_supplier` WHERE ( id="97" ) LIMIT 1   [ RunTime:0.000000s ]
SQL: SELECT `title` FROM `app_category` WHERE ( `id` = 69 ) LIMIT 1   [ RunTime:0.000000s ]
SQL: SELECT * FROM `app_warehouse` WHERE ( sid=170 ) LIMIT 1   [ RunTime:0.000000s ]
SQL: SELECT `title` FROM `app_category` WHERE ( `id` = 40 ) LIMIT 1   [ RunTime:0.000000s ]
SQL: SELECT `company` FROM `app_supplier` WHERE ( id="97" ) LIMIT 1   [ RunTime:0.000000s ]
SQL: SELECT `title` FROM `app_category` WHERE ( `id` = 70 ) LIMIT 1   [ RunTime:0.000000s ]
SQL: SELECT `title` FROM `app_category` WHERE ( `id` = 71 ) LIMIT 1   [ RunTime:0.000000s ]
SQL: SELECT * FROM `app_warehouse` WHERE ( sid=172 ) LIMIT 1   [ RunTime:0.000000s ]
SQL: SELECT `title` FROM `app_category` WHERE ( `id` = 40 ) LIMIT 1   [ RunTime:0.000000s ]
SQL: SELECT `company` FROM `app_supplier` WHERE ( id="97" ) LIMIT 1   [ RunTime:0.000000s ]
SQL: SELECT `title` FROM `app_category` WHERE ( `id` = 204 ) LIMIT 1   [ RunTime:0.000000s ]
SQL: SELECT * FROM `app_warehouse` WHERE ( sid=173 ) LIMIT 1   [ RunTime:0.015623s ]
SQL: SELECT `title` FROM `app_category` WHERE ( `id` = 40 ) LIMIT 1   [ RunTime:0.000000s ]
SQL: SELECT `company` FROM `app_supplier` WHERE ( id="21" ) LIMIT 1   [ RunTime:0.000000s ]
SQL: SELECT `title` FROM `app_category` WHERE ( `id` = 123 ) LIMIT 1   [ RunTime:0.000000s ]
SQL: SELECT * FROM `app_warehouse` WHERE ( sid=184 ) LIMIT 1   [ RunTime:0.000000s ]
SQL: SELECT `title` FROM `app_category` WHERE ( `id` = 40 ) LIMIT 1   [ RunTime:0.000000s ]
SQL: SELECT `company` FROM `app_supplier` WHERE ( id="21" ) LIMIT 1   [ RunTime:0.000000s ]
SQL: SELECT `title` FROM `app_category` WHERE ( `id` = 123 ) LIMIT 1   [ RunTime:0.000000s ]
SQL: SELECT * FROM `app_warehouse` WHERE ( sid=187 ) LIMIT 1   [ RunTime:0.000000s ]
SQL: SELECT `title` FROM `app_category` WHERE ( `id` = 40 ) LIMIT 1   [ RunTime:0.000000s ]
SQL: SELECT `company` FROM `app_supplier` WHERE ( id="0" ) LIMIT 1   [ RunTime:0.000000s ]
SQL: SELECT `title` FROM `app_category` WHERE ( `id` = 126 ) LIMIT 1   [ RunTime:0.000000s ]
SQL: SELECT * FROM `app_warehouse` WHERE ( sid=198 ) LIMIT 1   [ RunTime:0.000000s ]
SQL: SELECT `title` FROM `app_category` WHERE ( `id` = 40 ) LIMIT 1   [ RunTime:0.000000s ]
SQL: SELECT `company` FROM `app_supplier` WHERE ( id="22" ) LIMIT 1   [ RunTime:0.000000s ]
SQL: SELECT `title` FROM `app_category` WHERE ( `id` = 141 ) LIMIT 1   [ RunTime:0.000000s ]
SQL: SELECT * FROM `app_warehouse` WHERE ( sid=200 ) LIMIT 1   [ RunTime:0.000000s ]
SQL: SELECT `title` FROM `app_category` WHERE ( `id` = 40 ) LIMIT 1   [ RunTime:0.000000s ]
SQL: SELECT `company` FROM `app_supplier` WHERE ( id="22" ) LIMIT 1   [ RunTime:0.000000s ]
SQL: SELECT `title` FROM `app_category` WHERE ( `id` = 202 ) LIMIT 1   [ RunTime:0.000000s ]
SQL: SELECT * FROM `app_warehouse` WHERE ( sid=202 ) LIMIT 1   [ RunTime:0.000000s ]
SQL: SELECT `title` FROM `app_category` WHERE ( `id` = 40 ) LIMIT 1   [ RunTime:0.000000s ]
SQL: SELECT `company` FROM `app_supplier` WHERE ( id="22" ) LIMIT 1   [ RunTime:0.000000s ]
SQL: SELECT `title` FROM `app_category` WHERE ( `id` = 130 ) LIMIT 1   [ RunTime:0.015623s ]
SQL: SELECT * FROM `app_warehouse` WHERE ( sid=203 ) LIMIT 1   [ RunTime:0.000000s ]
SQL: SELECT `title` FROM `app_category` WHERE ( `id` = 40 ) LIMIT 1   [ RunTime:0.000000s ]
SQL: SELECT `company` FROM `app_supplier` WHERE ( id="22" ) LIMIT 1   [ RunTime:0.000000s ]
SQL: SELECT `title` FROM `app_category` WHERE ( `id` = 68 ) LIMIT 1   [ RunTime:0.000000s ]
SQL: SELECT * FROM `app_warehouse` WHERE ( sid=205 ) LIMIT 1   [ RunTime:0.000000s ]
NOTIC: [8] Undefined variable: num_order D:\wwwroot\liuc\Application\Admin\Model\StockModel.class.php 第 75 行.
NOTIC: [8] Undefined variable: num_order D:\wwwroot\liuc\Application\Admin\Model\StockModel.class.php 第 77 行.
NOTIC: [8] Undefined variable: type D:\wwwroot\liuc\Application\Admin\Controller\PsiController.class.php 第 1733 行.
INFO: [ view_parse ] --START--
INFO: [ template_filter ] --START--
INFO: Run Behavior\ContentReplace [ RunTime:0.015623s ]
INFO: [ template_filter ] --END-- [ RunTime:0.015623s ]
NOTIC: [8] Undefined index: _ D:\wwwroot\liuc\Runtime\Cache\Admin\daf31f5aa91096b46715ab3cacf07374.php 第 152 行.
NOTIC: [8] Undefined index: _ D:\wwwroot\liuc\Runtime\Cache\Admin\daf31f5aa91096b46715ab3cacf07374.php 第 152 行.
NOTIC: [8] Undefined index: _ D:\wwwroot\liuc\Runtime\Cache\Admin\daf31f5aa91096b46715ab3cacf07374.php 第 152 行.
NOTIC: [8] Undefined index: _ D:\wwwroot\liuc\Runtime\Cache\Admin\daf31f5aa91096b46715ab3cacf07374.php 第 152 行.
NOTIC: [8] Undefined index: _ D:\wwwroot\liuc\Runtime\Cache\Admin\daf31f5aa91096b46715ab3cacf07374.php 第 152 行.
NOTIC: [8] Undefined index: _ D:\wwwroot\liuc\Runtime\Cache\Admin\daf31f5aa91096b46715ab3cacf07374.php 第 152 行.
INFO: Run Behavior\ParseTemplate [ RunTime:0.031246s ]
INFO: [ view_parse ] --END-- [ RunTime:0.031246s ]
INFO: [ view_filter ] --START--
INFO: Run Behavior\WriteHtmlCache [ RunTime:0.000000s ]
INFO: [ view_filter ] --END-- [ RunTime:0.000000s ]
INFO: [ app_end ] --START--
INFO: Run Behavior\ShowPageTrace [ RunTime:0.000000s ]
INFO: [ app_end ] --END-- [ RunTime:0.000000s ]

[ 2016-02-27T08:42:41+08:00 ] 58.241.142.145 /index.php?s=/Admin/Psi/stock/p/2.html
SQL: SHOW COLUMNS FROM `app_menu` [ RunTime:0.000000s ]
SQL: SELECT * FROM `app_menu` WHERE ( `pid` = 0 ) AND ( `hide` = 0 ) ORDER BY sort asc  [ RunTime:0.000000s ]
SQL: SELECT `id` FROM `app_menu` WHERE ( url like '%Psi/stock' ) LIMIT 1   [ RunTime:0.000000s ]
SQL: SHOW COLUMNS FROM `app_menu` [ RunTime:0.000000s ]
SQL: SELECT `id`,`pid`,`title` FROM `app_menu` WHERE ( id=130 ) LIMIT 1   [ RunTime:0.000000s ]
SQL: SELECT `id`,`pid`,`title` FROM `app_menu` WHERE ( id=141 ) LIMIT 1   [ RunTime:0.000000s ]
SQL: SELECT DISTINCT  `group` FROM `app_menu` WHERE ( pid = 141 )  [ RunTime:0.015623s ]
SQL: SELECT `id`,`url` FROM `app_menu` WHERE ( `pid` = 141 ) AND ( `hide` = 0 )  [ RunTime:0.000000s ]
SQL: SELECT `id`,`pid`,`title`,`url`,`tip` FROM `app_menu` WHERE ( `group` = '商品管理' ) AND ( `url` IN ('Psi/stock_add','Psi/stock','Psi/exstock_add','Psi/exstock_record') ) AND ( `pid` = 141 ) AND ( `hide` = 0 ) ORDER BY sort asc  [ RunTime:0.000000s ]
SQL: SELECT `id`,`pid`,`title`,`url`,`tip` FROM `app_menu` WHERE ( `group` = '包装品管理' ) AND ( `url` IN ('Psi/stock_add','Psi/stock','Psi/exstock_add','Psi/exstock_record') ) AND ( `pid` = 141 ) AND ( `hide` = 0 ) ORDER BY sort asc  [ RunTime:0.000000s ]
SQL: SHOW COLUMNS FROM `app_category` [ RunTime:0.000000s ]
SQL: SELECT `id`,`name`,`title`,`pid`,`sort`,`list_row`,`meta_title`,`keywords`,`description`,`template_index`,`template_lists`,`template_detail`,`template_edit`,`model`,`type`,`link_id`,`allow_publish`,`display`,`reply`,`check`,`reply_model`,`extend`,`create_time`,`update_time`,`status`,`icon` FROM `app_category` WHERE ( `id` = 39 ) LIMIT 1   [ RunTime:0.000000s ]
SQL: SELECT `id`,`title`,`pid` FROM `app_category` WHERE ( `status` > -1 ) ORDER BY sort  [ RunTime:0.000000s ]
SQL: SHOW COLUMNS FROM `app_supplier` [ RunTime:0.000000s ]
NOTIC: [8] Undefined variable: where D:\wwwroot\liuc\Application\Admin\Controller\PsiController.class.php 第 1695 行.
SQL: SELECT `id`,`company` FROM `app_supplier`  [ RunTime:0.000000s ]
SQL: SHOW COLUMNS FROM `app_stock` [ RunTime:0.000000s ]
SQL: SELECT COUNT(*) AS tp_count FROM `app_stock` WHERE ( `category` LIKE '%%' ) AND ( `supplier` LIKE '%%' ) AND ( `status` LIKE '%%' ) ORDER BY category asc LIMIT 1   [ RunTime:0.015623s ]
SQL: SELECT `id`,`code`,`name`,`category`,`supplier`,`standard`,`OE`,`sale_price`,`sale_price_off`,`status` FROM `app_stock` WHERE ( `category` LIKE '%%' ) AND ( `supplier` LIKE '%%' ) AND ( `status` LIKE '%%' ) ORDER BY category asc LIMIT 20,20   [ RunTime:0.000000s ]
SQL: SELECT `title` FROM `app_category` WHERE ( `id` = 40 ) LIMIT 1   [ RunTime:0.000000s ]
SQL: SELECT `company` FROM `app_supplier` WHERE ( id="22" ) LIMIT 1   [ RunTime:0.000000s ]
SQL: SELECT `title` FROM `app_category` WHERE ( `id` = 204 ) LIMIT 1   [ RunTime:0.000000s ]
SQL: SHOW COLUMNS FROM `app_warehouse` [ RunTime:0.000000s ]
SQL: SELECT * FROM `app_warehouse` WHERE ( sid=207 ) LIMIT 1   [ RunTime:0.000000s ]
SQL: SELECT `title` FROM `app_category` WHERE ( `id` = 40 ) LIMIT 1   [ RunTime:0.015622s ]
SQL: SELECT `company` FROM `app_supplier` WHERE ( id="22" ) LIMIT 1   [ RunTime:0.000000s ]
SQL: SELECT `title` FROM `app_category` WHERE ( `id` = 101 ) LIMIT 1   [ RunTime:0.000000s ]
SQL: SELECT `title` FROM `app_category` WHERE ( `id` = 146 ) LIMIT 1   [ RunTime:0.000000s ]
SQL: SELECT * FROM `app_warehouse` WHERE ( sid=208 ) LIMIT 1   [ RunTime:0.000000s ]
SQL: SELECT `title` FROM `app_category` WHERE ( `id` = 40 ) LIMIT 1   [ RunTime:0.000000s ]
SQL: SELECT `company` FROM `app_supplier` WHERE ( id="22" ) LIMIT 1   [ RunTime:0.000000s ]
SQL: SELECT `title` FROM `app_category` WHERE ( `id` = 101 ) LIMIT 1   [ RunTime:0.000000s ]
SQL: SELECT `title` FROM `app_category` WHERE ( `id` = 99 ) LIMIT 1   [ RunTime:0.000000s ]
SQL: SELECT `title` FROM `app_category` WHERE ( `id` = 194 ) LIMIT 1   [ RunTime:0.000000s ]
SQL: SELECT * FROM `app_warehouse` WHERE ( sid=210 ) LIMIT 1   [ RunTime:0.000000s ]
SQL: SELECT `title` FROM `app_category` WHERE ( `id` = 40 ) LIMIT 1   [ RunTime:0.000000s ]
SQL: SELECT `company` FROM `app_supplier` WHERE ( id="22" ) LIMIT 1   [ RunTime:0.000000s ]
SQL: SELECT `title` FROM `app_category` WHERE ( `id` = 69 ) LIMIT 1   [ RunTime:0.000000s ]
SQL: SELECT `title` FROM `app_category` WHERE ( `id` = 175 ) LIMIT 1   [ RunTime:0.000000s ]
SQL: SELECT * FROM `app_warehouse` WHERE ( sid=211 ) LIMIT 1   [ RunTime:0.000000s ]
SQL: SELECT `title` FROM `app_category` WHERE ( `id` = 40 ) LIMIT 1   [ RunTime:0.000000s ]
SQL: SELECT `company` FROM `app_supplier` WHERE ( id="22" ) LIMIT 1   [ RunTime:0.000000s ]
SQL: SELECT `title` FROM `app_category` WHERE ( `id` = 70 ) LIMIT 1   [ RunTime:0.000000s ]
SQL: SELECT * FROM `app_warehouse` WHERE ( sid=213 ) LIMIT 1   [ RunTime:0.000000s ]
SQL: SELECT `title` FROM `app_category` WHERE ( `id` = 40 ) LIMIT 1   [ RunTime:0.000000s ]
SQL: SELECT `company` FROM `app_supplier` WHERE ( id="21" ) LIMIT 1   [ RunTime:0.000000s ]
SQL: SELECT `title` FROM `app_category` WHERE ( `id` = 175 ) LIMIT 1   [ RunTime:0.000000s ]
SQL: SELECT * FROM `app_warehouse` WHERE ( sid=223 ) LIMIT 1   [ RunTime:0.000000s ]
SQL: SELECT `title` FROM `app_category` WHERE ( `id` = 40 ) LIMIT 1   [ RunTime:0.000000s ]
SQL: SELECT `company` FROM `app_supplier` WHERE ( id="71" ) LIMIT 1   [ RunTime:0.000000s ]
SQL: SELECT `title` FROM `app_category` WHERE ( `id` = 77 ) LIMIT 1   [ RunTime:0.000000s ]
SQL: SELECT * FROM `app_warehouse` WHERE ( sid=224 ) LIMIT 1   [ RunTime:0.000000s ]
SQL: SELECT `title` FROM `app_category` WHERE ( `id` = 40 ) LIMIT 1   [ RunTime:0.000000s ]
SQL: SELECT `company` FROM `app_supplier` WHERE ( id="71" ) LIMIT 1   [ RunTime:0.000000s ]
SQL: SELECT `title` FROM `app_category` WHERE ( `id` = 117 ) LIMIT 1   [ RunTime:0.000000s ]
SQL: SELECT * FROM `app_warehouse` WHERE ( sid=226 ) LIMIT 1   [ RunTime:0.000000s ]
SQL: SELECT `title` FROM `app_category` WHERE ( `id` = 40 ) LIMIT 1   [ RunTime:0.000000s ]
SQL: SELECT `company` FROM `app_supplier` WHERE ( id="77" ) LIMIT 1   [ RunTime:0.000000s ]
SQL: SELECT `title` FROM `app_category` WHERE ( `id` = 202 ) LIMIT 1   [ RunTime:0.000000s ]
SQL: SELECT `title` FROM `app_category` WHERE ( `id` = 193 ) LIMIT 1   [ RunTime:0.000000s ]
SQL: SELECT * FROM `app_warehouse` WHERE ( sid=317 ) LIMIT 1   [ RunTime:0.000000s ]
SQL: SELECT `title` FROM `app_category` WHERE ( `id` = 40 ) LIMIT 1   [ RunTime:0.000000s ]
SQL: SELECT `company` FROM `app_supplier` WHERE ( id="29" ) LIMIT 1   [ RunTime:0.000000s ]
SQL: SELECT `title` FROM `app_category` WHERE ( `id` = 77 ) LIMIT 1   [ RunTime:0.000000s ]
SQL: SELECT `title` FROM `app_category` WHERE ( `id` = 207 ) LIMIT 1   [ RunTime:0.000000s ]
SQL: SELECT `title` FROM `app_category` WHERE ( `id` = 204 ) LIMIT 1   [ RunTime:0.000000s ]
SQL: SELECT * FROM `app_warehouse` WHERE ( sid=322 ) LIMIT 1   [ RunTime:0.000000s ]
SQL: SELECT `title` FROM `app_category` WHERE ( `id` = 40 ) LIMIT 1   [ RunTime:0.000000s ]
SQL: SELECT `company` FROM `app_supplier` WHERE ( id="29" ) LIMIT 1   [ RunTime:0.000000s ]
SQL: SELECT `title` FROM `app_category` WHERE ( `id` = 69 ) LIMIT 1   [ RunTime:0.000000s ]
SQL: SELECT `title` FROM `app_category` WHERE ( `id` = 175 ) LIMIT 1   [ RunTime:0.000000s ]
SQL: SELECT * FROM `app_warehouse` WHERE ( sid=323 ) LIMIT 1   [ RunTime:0.000000s ]
SQL: SELECT `title` FROM `app_category` WHERE ( `id` = 40 ) LIMIT 1   [ RunTime:0.000000s ]
SQL: SELECT `company` FROM `app_supplier` WHERE ( id="29" ) LIMIT 1   [ RunTime:0.000000s ]
SQL: SELECT `title` FROM `app_category` WHERE ( `id` = 69 ) LIMIT 1   [ RunTime:0.015623s ]
SQL: SELECT `title` FROM `app_category` WHERE ( `id` = 175 ) LIMIT 1   [ RunTime:0.000000s ]
SQL: SELECT * FROM `app_warehouse` WHERE ( sid=324 ) LIMIT 1   [ RunTime:0.000000s ]
SQL: SELECT `title` FROM `app_category` WHERE ( `id` = 40 ) LIMIT 1   [ RunTime:0.000000s ]
SQL: SELECT `company` FROM `app_supplier` WHERE ( id="29" ) LIMIT 1   [ RunTime:0.000000s ]
SQL: SELECT `title` FROM `app_category` WHERE ( `id` = 70 ) LIMIT 1   [ RunTime:0.000000s ]
SQL: SELECT `title` FROM `app_category` WHERE ( `id` = 207 ) LIMIT 1   [ RunTime:0.000000s ]
SQL: SELECT `title` FROM `app_category` WHERE ( `id` = 204 ) LIMIT 1   [ RunTime:0.000000s ]
SQL: SELECT * FROM `app_warehouse` WHERE ( sid=325 ) LIMIT 1   [ RunTime:0.000000s ]
SQL: SELECT `title` FROM `app_category` WHERE ( `id` = 40 ) LIMIT 1   [ RunTime:0.000000s ]
SQL: SELECT `company` FROM `app_supplier` WHERE ( id="29" ) LIMIT 1   [ RunTime:0.000000s ]
SQL: SELECT `title` FROM `app_category` WHERE ( `id` = 141 ) LIMIT 1   [ RunTime:0.000000s ]
SQL: SELECT * FROM `app_warehouse` WHERE ( sid=339 ) LIMIT 1   [ RunTime:0.000000s ]
SQL: SELECT `title` FROM `app_category` WHERE ( `id` = 40 ) LIMIT 1   [ RunTime:0.000000s ]
SQL: SELECT `company` FROM `app_supplier` WHERE ( id="29" ) LIMIT 1   [ RunTime:0.000000s ]
SQL: SELECT `title` FROM `app_category` WHERE ( `id` = 202 ) LIMIT 1   [ RunTime:0.000000s ]
SQL: SELECT `title` FROM `app_category` WHERE ( `id` = 193 ) LIMIT 1   [ RunTime:0.000000s ]
SQL: SELECT * FROM `app_warehouse` WHERE ( sid=335 ) LIMIT 1   [ RunTime:0.000000s ]
SQL: SELECT `title` FROM `app_category` WHERE ( `id` = 40 ) LIMIT 1   [ RunTime:0.000000s ]
SQL: SELECT `company` FROM `app_supplier` WHERE ( id="29" ) LIMIT 1   [ RunTime:0.000000s ]
SQL: SELECT `title` FROM `app_category` WHERE ( `id` = 117 ) LIMIT 1   [ RunTime:0.000000s ]
SQL: SELECT * FROM `app_warehouse` WHERE ( sid=336 ) LIMIT 1   [ RunTime:0.015623s ]
SQL: SELECT `title` FROM `app_category` WHERE ( `id` = 40 ) LIMIT 1   [ RunTime:0.000000s ]
SQL: SELECT `company` FROM `app_supplier` WHERE ( id="29" ) LIMIT 1   [ RunTime:0.000000s ]
SQL: SELECT `title` FROM `app_category` WHERE ( `id` = 141 ) LIMIT 1   [ RunTime:0.000000s ]
SQL: SELECT * FROM `app_warehouse` WHERE ( sid=338 ) LIMIT 1   [ RunTime:0.000000s ]
SQL: SELECT `title` FROM `app_category` WHERE ( `id` = 40 ) LIMIT 1   [ RunTime:0.000000s ]
SQL: SELECT `company` FROM `app_supplier` WHERE ( id="45" ) LIMIT 1   [ RunTime:0.000000s ]
SQL: SELECT `title` FROM `app_category` WHERE ( `id` = 69 ) LIMIT 1   [ RunTime:0.000000s ]
SQL: SELECT `title` FROM `app_category` WHERE ( `id` = 175 ) LIMIT 1   [ RunTime:0.000000s ]
SQL: SELECT * FROM `app_warehouse` WHERE ( sid=480 ) LIMIT 1   [ RunTime:0.000000s ]
SQL: SELECT `title` FROM `app_category` WHERE ( `id` = 40 ) LIMIT 1   [ RunTime:0.000000s ]
SQL: SELECT `company` FROM `app_supplier` WHERE ( id="45" ) LIMIT 1   [ RunTime:0.000000s ]
SQL: SELECT `title` FROM `app_category` WHERE ( `id` = 202 ) LIMIT 1   [ RunTime:0.000000s ]
SQL: SELECT `title` FROM `app_category` WHERE ( `id` = 193 ) LIMIT 1   [ RunTime:0.000000s ]
SQL: SELECT * FROM `app_warehouse` WHERE ( sid=483 ) LIMIT 1   [ RunTime:0.000000s ]
SQL: SELECT `title` FROM `app_category` WHERE ( `id` = 40 ) LIMIT 1   [ RunTime:0.000000s ]
SQL: SELECT `company` FROM `app_supplier` WHERE ( id="45" ) LIMIT 1   [ RunTime:0.000000s ]
SQL: SELECT `title` FROM `app_category` WHERE ( `id` = 215 ) LIMIT 1   [ RunTime:0.000000s ]
SQL: SELECT `title` FROM `app_category` WHERE ( `id` = 207 ) LIMIT 1   [ RunTime:0.000000s ]
SQL: SELECT `title` FROM `app_category` WHERE ( `id` = 204 ) LIMIT 1   [ RunTime:0.000000s ]
SQL: SELECT * FROM `app_warehouse` WHERE ( sid=486 ) LIMIT 1   [ RunTime:0.000000s ]
NOTIC: [8] Undefined variable: num_order D:\wwwroot\liuc\Application\Admin\Model\StockModel.class.php 第 75 行.
NOTIC: [8] Undefined variable: num_order D:\wwwroot\liuc\Application\Admin\Model\StockModel.class.php 第 77 行.
NOTIC: [8] Undefined variable: type D:\wwwroot\liuc\Application\Admin\Controller\PsiController.class.php 第 1733 行.
INFO: [ view_parse ] --START--
INFO: [ template_filter ] --START--
INFO: Run Behavior\ContentReplace [ RunTime:0.000000s ]
INFO: [ template_filter ] --END-- [ RunTime:0.000000s ]
NOTIC: [8] Undefined index: _ D:\wwwroot\liuc\Runtime\Cache\Admin\daf31f5aa91096b46715ab3cacf07374.php 第 152 行.
NOTIC: [8] Undefined index: _ D:\wwwroot\liuc\Runtime\Cache\Admin\daf31f5aa91096b46715ab3cacf07374.php 第 152 行.
NOTIC: [8] Undefined index: _ D:\wwwroot\liuc\Runtime\Cache\Admin\daf31f5aa91096b46715ab3cacf07374.php 第 152 行.
NOTIC: [8] Undefined index: _ D:\wwwroot\liuc\Runtime\Cache\Admin\daf31f5aa91096b46715ab3cacf07374.php 第 152 行.
NOTIC: [8] Undefined index: _ D:\wwwroot\liuc\Runtime\Cache\Admin\daf31f5aa91096b46715ab3cacf07374.php 第 152 行.
NOTIC: [8] Undefined index: _ D:\wwwroot\liuc\Runtime\Cache\Admin\daf31f5aa91096b46715ab3cacf07374.php 第 152 行.
INFO: Run Behavior\ParseTemplate [ RunTime:0.046868s ]
INFO: [ view_parse ] --END-- [ RunTime:0.046868s ]
INFO: [ view_filter ] --START--
INFO: Run Behavior\WriteHtmlCache [ RunTime:0.000000s ]
INFO: [ view_filter ] --END-- [ RunTime:0.000000s ]
INFO: [ app_end ] --START--
INFO: Run Behavior\ShowPageTrace [ RunTime:0.000000s ]
INFO: [ app_end ] --END-- [ RunTime:0.000000s ]

