[ 2016-02-21T13:44:53+08:00 ] 58.241.142.145 /index.php?s=/Admin/Public/login.html
INFO: [ view_parse ] --START--
INFO: [ template_filter ] --START--
INFO: Run Behavior\ContentReplace [ RunTime:0.000000s ]
INFO: [ template_filter ] --END-- [ RunTime:0.000000s ]
INFO: Run Behavior\ParseTemplate [ RunTime:0.015625s ]
INFO: [ view_parse ] --END-- [ RunTime:0.015625s ]
INFO: [ view_filter ] --START--
INFO: Run Behavior\WriteHtmlCache [ RunTime:0.000000s ]
INFO: [ view_filter ] --END-- [ RunTime:0.000000s ]
INFO: [ app_end ] --START--
INFO: Run Behavior\ShowPageTrace [ RunTime:0.000000s ]
INFO: [ app_end ] --END-- [ RunTime:0.000000s ]

[ 2016-02-21T13:45:00+08:00 ] 58.241.142.145 /index.php?s=/Admin/Public/login.html
INFO: [ app_begin ] --START--
INFO: Run Behavior\ReadHtmlCache [ RunTime:0.000000s ]
INFO: [ app_begin ] --END-- [ RunTime:0.000000s ]
NOTIC: [8] A session had already been started - ignoring session_start() D:\wwwroot\liuc\ThinkPHP\Common\functions.php 第 1092 行.
SQL: SHOW COLUMNS FROM `app_ucenter_member` [ RunTime:0.000000s ]
SQL: SELECT * FROM `app_ucenter_member` WHERE ( `username` = 'user33' ) LIMIT 1   [ RunTime:0.000000s ]
SQL: UPDATE `app_ucenter_member` SET `last_login_time`=1456033500,`last_login_ip`='988909201' WHERE ( `id` = 9 ) [ RunTime:0.000000s ]
SQL: SHOW COLUMNS FROM `app_member` [ RunTime:0.000000s ]
SQL: SELECT `uid`,`nickname`,`sex`,`birthday`,`qq`,`score`,`login`,`reg_ip`,`reg_time`,`last_login_ip`,`last_login_time`,`status`,`truename`,`company`,`tel`,`address` FROM `app_member` WHERE ( `uid` = 9 ) LIMIT 1   [ RunTime:0.000000s ]
SQL: SHOW COLUMNS FROM `app_action` [ RunTime:0.000000s ]
SQL: SELECT * FROM `app_action` WHERE ( `name` = 'user_login' ) LIMIT 1   [ RunTime:0.000000s ]
SQL: UPDATE `app_member` SET `login`=`login`+1,`last_login_time`=1456033500,`last_login_ip`='988909201' WHERE ( `uid` = 9 ) [ RunTime:0.000000s ]
SQL: SHOW COLUMNS FROM `app_auth_group` [ RunTime:0.015625s ]
SQL: SHOW COLUMNS FROM `app_auth_group_access` [ RunTime:0.000000s ]
SQL: SELECT `uid`,`group_id`,`title`,`description`,`rules` FROM app_auth_group_access a INNER JOIN app_auth_group g on a.group_id=g.id  WHERE ( a.uid='9' and g.status='1' )  [ RunTime:0.000000s ]

[ 2016-02-21T13:45:00+08:00 ] 58.241.142.145 /index.php?s=/Admin/Index/index.html
SQL: SHOW COLUMNS FROM `app_auth_group_access` [ RunTime:0.000000s ]
SQL: SELECT `rules` FROM app_auth_group_access a INNER JOIN app_auth_group g on a.group_id=g.id  WHERE ( a.uid='9' and g.status='1' )  [ RunTime:0.000000s ]
SQL: SHOW COLUMNS FROM `app_auth_rule` [ RunTime:0.000000s ]
SQL: SELECT `condition`,`name` FROM `app_auth_rule` WHERE ( `id` IN ('1','219','224','226','229','231','232','233','235','242','245','264','268','269','295','296') ) AND ( `type` IN ('1','2') ) AND ( `status` = 1 )  [ RunTime:0.000000s ]
SQL: SHOW COLUMNS FROM `app_menu` [ RunTime:0.000000s ]
SQL: SELECT * FROM `app_menu` WHERE ( `pid` = 0 ) AND ( `hide` = 0 ) ORDER BY sort asc  [ RunTime:0.000000s ]
SQL: SELECT `id` FROM `app_menu` WHERE ( url like '%Index/index' ) LIMIT 1   [ RunTime:0.000000s ]
SQL: SHOW COLUMNS FROM `app_menu` [ RunTime:0.000000s ]
SQL: SELECT `id`,`pid`,`title` FROM `app_menu` WHERE ( id=1 ) LIMIT 1   [ RunTime:0.000000s ]
SQL: SHOW COLUMNS FROM `app_auth_rule` [ RunTime:0.000000s ]
SQL: SELECT `condition`,`name` FROM `app_auth_rule` WHERE ( `id` IN ('1','219','224','226','229','231','232','233','235','242','245','264','268','269','295','296') ) AND ( `type` = 2 ) AND ( `status` = 1 )  [ RunTime:0.000000s ]
SQL: SELECT DISTINCT  `group` FROM `app_menu` WHERE ( pid = 1 )  [ RunTime:0.000000s ]
SQL: SELECT `id`,`url` FROM `app_menu` WHERE ( `pid` = 1 ) AND ( `hide` = 0 )  [ RunTime:0.000000s ]
NOTIC: [2] Invalid argument supplied for foreach() D:\wwwroot\liuc\Application\Admin\Controller\AdminController.class.php 第 296 行.
INFO: [ view_parse ] --START--
INFO: [ template_filter ] --START--
INFO: Run Behavior\ContentReplace [ RunTime:0.000000s ]
INFO: [ template_filter ] --END-- [ RunTime:0.000000s ]
INFO: Run Behavior\ParseTemplate [ RunTime:0.031250s ]
INFO: [ view_parse ] --END-- [ RunTime:0.031250s ]
INFO: [ view_filter ] --START--
INFO: Run Behavior\WriteHtmlCache [ RunTime:0.000000s ]
INFO: [ view_filter ] --END-- [ RunTime:0.000000s ]
INFO: [ app_end ] --START--
INFO: Run Behavior\ShowPageTrace [ RunTime:0.000000s ]
INFO: [ app_end ] --END-- [ RunTime:0.000000s ]

[ 2016-02-21T13:46:49+08:00 ] 58.241.142.145 /index.php?s=/Admin/Psi/stock.html
SQL: SHOW COLUMNS FROM `app_menu` [ RunTime:0.000000s ]
SQL: SELECT * FROM `app_menu` WHERE ( `pid` = 0 ) AND ( `hide` = 0 ) ORDER BY sort asc  [ RunTime:0.000000s ]
SQL: SELECT `id` FROM `app_menu` WHERE ( url like '%Psi/stock' ) LIMIT 1   [ RunTime:0.000000s ]
SQL: SHOW COLUMNS FROM `app_menu` [ RunTime:0.000000s ]
SQL: SELECT `id`,`pid`,`title` FROM `app_menu` WHERE ( id=130 ) LIMIT 1   [ RunTime:0.000000s ]
SQL: SELECT `id`,`pid`,`title` FROM `app_menu` WHERE ( id=141 ) LIMIT 1   [ RunTime:0.000000s ]
SQL: SELECT DISTINCT  `group` FROM `app_menu` WHERE ( pid = 141 )  [ RunTime:0.000000s ]
SQL: SELECT `id`,`url` FROM `app_menu` WHERE ( `pid` = 141 ) AND ( `hide` = 0 )  [ RunTime:0.015625s ]
SQL: SHOW COLUMNS FROM `app_auth_group_access` [ RunTime:0.000000s ]
SQL: SELECT `rules` FROM app_auth_group_access a INNER JOIN app_auth_group g on a.group_id=g.id  WHERE ( a.uid='9' and g.status='1' )  [ RunTime:0.000000s ]
SQL: SHOW COLUMNS FROM `app_auth_rule` [ RunTime:0.000000s ]
SQL: SELECT `condition`,`name` FROM `app_auth_rule` WHERE ( `id` IN ('1','219','224','226','229','231','232','233','235','242','245','264','268','269','295','296') ) AND ( `type` = 1 ) AND ( `status` = 1 )  [ RunTime:0.000000s ]
SQL: SELECT `id`,`pid`,`title`,`url`,`tip` FROM `app_menu` WHERE ( `group` = '商品管理' ) AND ( `url` IN ('Psi/stock') ) AND ( `pid` = 141 ) AND ( `hide` = 0 ) ORDER BY sort asc  [ RunTime:0.000000s ]
SQL: SELECT `id`,`pid`,`title`,`url`,`tip` FROM `app_menu` WHERE ( `group` = '包装品管理' ) AND ( `url` IN ('Psi/stock') ) AND ( `pid` = 141 ) AND ( `hide` = 0 ) ORDER BY sort asc  [ RunTime:0.000000s ]
SQL: SHOW COLUMNS FROM `app_category` [ RunTime:0.015625s ]
SQL: SELECT `id`,`name`,`title`,`pid`,`sort`,`list_row`,`meta_title`,`keywords`,`description`,`template_index`,`template_lists`,`template_detail`,`template_edit`,`model`,`type`,`link_id`,`allow_publish`,`display`,`reply`,`check`,`reply_model`,`extend`,`create_time`,`update_time`,`status`,`icon` FROM `app_category` WHERE ( `id` = 39 ) LIMIT 1   [ RunTime:0.000000s ]
SQL: SELECT `id`,`title`,`pid` FROM `app_category` WHERE ( `status` > -1 ) ORDER BY sort  [ RunTime:0.000000s ]
SQL: SHOW COLUMNS FROM `app_supplier` [ RunTime:0.000000s ]
NOTIC: [8] Undefined variable: where D:\wwwroot\liuc\Application\Admin\Controller\PsiController.class.php 第 1684 行.
SQL: SELECT `id`,`company` FROM `app_supplier`  [ RunTime:0.000000s ]
SQL: SHOW COLUMNS FROM `app_stock` [ RunTime:0.015625s ]
SQL: SELECT COUNT(*) AS tp_count FROM `app_stock` WHERE ( `category` LIKE '%%' ) AND ( `supplier` LIKE '%%' ) AND ( `status` LIKE '%%' ) ORDER BY id desc LIMIT 1   [ RunTime:0.000000s ]
SQL: SELECT `id`,`code`,`name`,`category`,`supplier`,`standard`,`OE`,`sale_price`,`sale_price_off`,`status` FROM `app_stock` WHERE ( `category` LIKE '%%' ) AND ( `supplier` LIKE '%%' ) AND ( `status` LIKE '%%' ) ORDER BY id desc LIMIT 0,20   [ RunTime:0.000000s ]
SQL: SELECT `title` FROM `app_category` WHERE ( `id` = 45 ) LIMIT 1   [ RunTime:0.000000s ]
SQL: SELECT `company` FROM `app_supplier` WHERE ( id="46" ) LIMIT 1   [ RunTime:0.000000s ]
SQL: SELECT `title` FROM `app_category` WHERE ( `id` = 69 ) LIMIT 1   [ RunTime:0.000000s ]
SQL: SHOW COLUMNS FROM `app_warehouse` [ RunTime:0.000000s ]
SQL: SELECT * FROM `app_warehouse` WHERE ( sid=1265 ) LIMIT 1   [ RunTime:0.000000s ]
SQL: SELECT `title` FROM `app_category` WHERE ( `id` = 0 ) LIMIT 1   [ RunTime:0.000000s ]
SQL: SELECT `company` FROM `app_supplier` WHERE ( id="19" ) LIMIT 1   [ RunTime:0.000000s ]
SQL: SELECT `title` FROM `app_category` WHERE ( `id` = 250 ) LIMIT 1   [ RunTime:0.000000s ]
SQL: SELECT `title` FROM `app_category` WHERE ( `id` = 169 ) LIMIT 1   [ RunTime:0.000000s ]
SQL: SELECT * FROM `app_warehouse` WHERE ( sid=1264 ) LIMIT 1   [ RunTime:0.000000s ]
SQL: SELECT `title` FROM `app_category` WHERE ( `id` = 45 ) LIMIT 1   [ RunTime:0.000000s ]
SQL: SELECT `company` FROM `app_supplier` WHERE ( id="46" ) LIMIT 1   [ RunTime:0.000000s ]
SQL: SELECT `title` FROM `app_category` WHERE ( `id` = 77 ) LIMIT 1   [ RunTime:0.000000s ]
SQL: SELECT * FROM `app_warehouse` WHERE ( sid=1263 ) LIMIT 1   [ RunTime:0.000000s ]
SQL: SELECT `title` FROM `app_category` WHERE ( `id` = 45 ) LIMIT 1   [ RunTime:0.000000s ]
SQL: SELECT `company` FROM `app_supplier` WHERE ( id="46" ) LIMIT 1   [ RunTime:0.000000s ]
SQL: SELECT `title` FROM `app_category` WHERE ( `id` = 77 ) LIMIT 1   [ RunTime:0.000000s ]
SQL: SELECT * FROM `app_warehouse` WHERE ( sid=1262 ) LIMIT 1   [ RunTime:0.000000s ]
SQL: SELECT `title` FROM `app_category` WHERE ( `id` = 41 ) LIMIT 1   [ RunTime:0.000000s ]
SQL: SELECT `company` FROM `app_supplier` WHERE ( id="93" ) LIMIT 1   [ RunTime:0.000000s ]
SQL: SELECT `title` FROM `app_category` WHERE ( `id` = 77 ) LIMIT 1   [ RunTime:0.000000s ]
SQL: SELECT * FROM `app_warehouse` WHERE ( sid=1261 ) LIMIT 1   [ RunTime:0.000000s ]
SQL: SELECT `title` FROM `app_category` WHERE ( `id` = 43 ) LIMIT 1   [ RunTime:0.000000s ]
SQL: SELECT `company` FROM `app_supplier` WHERE ( id="63" ) LIMIT 1   [ RunTime:0.000000s ]
SQL: SELECT `title` FROM `app_category` WHERE ( `id` = 117 ) LIMIT 1   [ RunTime:0.000000s ]
SQL: SELECT * FROM `app_warehouse` WHERE ( sid=1260 ) LIMIT 1   [ RunTime:0.000000s ]
SQL: SELECT `title` FROM `app_category` WHERE ( `id` = 43 ) LIMIT 1   [ RunTime:0.000000s ]
SQL: SELECT `company` FROM `app_supplier` WHERE ( id="44" ) LIMIT 1   [ RunTime:0.000000s ]
SQL: SELECT `title` FROM `app_category` WHERE ( `id` = 379 ) LIMIT 1   [ RunTime:0.000000s ]
SQL: SELECT * FROM `app_warehouse` WHERE ( sid=1259 ) LIMIT 1   [ RunTime:0.000000s ]
SQL: SELECT `title` FROM `app_category` WHERE ( `id` = 43 ) LIMIT 1   [ RunTime:0.000000s ]
SQL: SELECT `company` FROM `app_supplier` WHERE ( id="44" ) LIMIT 1   [ RunTime:0.000000s ]
SQL: SELECT `title` FROM `app_category` WHERE ( `id` = 378 ) LIMIT 1   [ RunTime:0.000000s ]
SQL: SELECT * FROM `app_warehouse` WHERE ( sid=1258 ) LIMIT 1   [ RunTime:0.000000s ]
SQL: SELECT `title` FROM `app_category` WHERE ( `id` = 43 ) LIMIT 1   [ RunTime:0.000000s ]
SQL: SELECT `company` FROM `app_supplier` WHERE ( id="44" ) LIMIT 1   [ RunTime:0.000000s ]
SQL: SELECT `title` FROM `app_category` WHERE ( `id` = 377 ) LIMIT 1   [ RunTime:0.000000s ]
SQL: SELECT * FROM `app_warehouse` WHERE ( sid=1257 ) LIMIT 1   [ RunTime:0.000000s ]
SQL: SELECT `title` FROM `app_category` WHERE ( `id` = 43 ) LIMIT 1   [ RunTime:0.000000s ]
SQL: SELECT `company` FROM `app_supplier` WHERE ( id="44" ) LIMIT 1   [ RunTime:0.000000s ]
SQL: SELECT `title` FROM `app_category` WHERE ( `id` = 376 ) LIMIT 1   [ RunTime:0.000000s ]
SQL: SELECT * FROM `app_warehouse` WHERE ( sid=1256 ) LIMIT 1   [ RunTime:0.000000s ]
SQL: SELECT `title` FROM `app_category` WHERE ( `id` = 43 ) LIMIT 1   [ RunTime:0.000000s ]
SQL: SELECT `company` FROM `app_supplier` WHERE ( id="44" ) LIMIT 1   [ RunTime:0.000000s ]
SQL: SELECT `title` FROM `app_category` WHERE ( `id` = 375 ) LIMIT 1   [ RunTime:0.000000s ]
SQL: SELECT * FROM `app_warehouse` WHERE ( sid=1255 ) LIMIT 1   [ RunTime:0.000000s ]
SQL: SELECT `title` FROM `app_category` WHERE ( `id` = 43 ) LIMIT 1   [ RunTime:0.000000s ]
SQL: SELECT `company` FROM `app_supplier` WHERE ( id="44" ) LIMIT 1   [ RunTime:0.000000s ]
SQL: SELECT `title` FROM `app_category` WHERE ( `id` = 374 ) LIMIT 1   [ RunTime:0.000000s ]
SQL: SELECT * FROM `app_warehouse` WHERE ( sid=1254 ) LIMIT 1   [ RunTime:0.000000s ]
SQL: SELECT `title` FROM `app_category` WHERE ( `id` = 43 ) LIMIT 1   [ RunTime:0.000000s ]
SQL: SELECT `company` FROM `app_supplier` WHERE ( id="44" ) LIMIT 1   [ RunTime:0.000000s ]
SQL: SELECT `title` FROM `app_category` WHERE ( `id` = 373 ) LIMIT 1   [ RunTime:0.000000s ]
SQL: SELECT * FROM `app_warehouse` WHERE ( sid=1253 ) LIMIT 1   [ RunTime:0.000000s ]
SQL: SELECT `title` FROM `app_category` WHERE ( `id` = 43 ) LIMIT 1   [ RunTime:0.000000s ]
SQL: SELECT `company` FROM `app_supplier` WHERE ( id="44" ) LIMIT 1   [ RunTime:0.015625s ]
SQL: SELECT `title` FROM `app_category` WHERE ( `id` = 372 ) LIMIT 1   [ RunTime:0.000000s ]
SQL: SELECT * FROM `app_warehouse` WHERE ( sid=1252 ) LIMIT 1   [ RunTime:0.000000s ]
SQL: SELECT `title` FROM `app_category` WHERE ( `id` = 43 ) LIMIT 1   [ RunTime:0.000000s ]
SQL: SELECT `company` FROM `app_supplier` WHERE ( id="44" ) LIMIT 1   [ RunTime:0.000000s ]
SQL: SELECT `title` FROM `app_category` WHERE ( `id` = 371 ) LIMIT 1   [ RunTime:0.000000s ]
SQL: SELECT * FROM `app_warehouse` WHERE ( sid=1251 ) LIMIT 1   [ RunTime:0.000000s ]
SQL: SELECT `title` FROM `app_category` WHERE ( `id` = 43 ) LIMIT 1   [ RunTime:0.000000s ]
SQL: SELECT `company` FROM `app_supplier` WHERE ( id="44" ) LIMIT 1   [ RunTime:0.000000s ]
SQL: SELECT `title` FROM `app_category` WHERE ( `id` = 370 ) LIMIT 1   [ RunTime:0.000000s ]
SQL: SELECT * FROM `app_warehouse` WHERE ( sid=1250 ) LIMIT 1   [ RunTime:0.000000s ]
SQL: SELECT `title` FROM `app_category` WHERE ( `id` = 43 ) LIMIT 1   [ RunTime:0.000000s ]
SQL: SELECT `company` FROM `app_supplier` WHERE ( id="44" ) LIMIT 1   [ RunTime:0.000000s ]
SQL: SELECT `title` FROM `app_category` WHERE ( `id` = 369 ) LIMIT 1   [ RunTime:0.000000s ]
SQL: SELECT * FROM `app_warehouse` WHERE ( sid=1249 ) LIMIT 1   [ RunTime:0.000000s ]
SQL: SELECT `title` FROM `app_category` WHERE ( `id` = 44 ) LIMIT 1   [ RunTime:0.000000s ]
SQL: SELECT `company` FROM `app_supplier` WHERE ( id="75" ) LIMIT 1   [ RunTime:0.000000s ]
SQL: SELECT `title` FROM `app_category` WHERE ( `id` = 77 ) LIMIT 1   [ RunTime:0.000000s ]
SQL: SELECT `title` FROM `app_category` WHERE ( `id` = 207 ) LIMIT 1   [ RunTime:0.000000s ]
SQL: SELECT `title` FROM `app_category` WHERE ( `id` = 146 ) LIMIT 1   [ RunTime:0.000000s ]
SQL: SELECT * FROM `app_warehouse` WHERE ( sid=1248 ) LIMIT 1   [ RunTime:0.000000s ]
SQL: SELECT `title` FROM `app_category` WHERE ( `id` = 45 ) LIMIT 1   [ RunTime:0.000000s ]
SQL: SELECT `company` FROM `app_supplier` WHERE ( id="46" ) LIMIT 1   [ RunTime:0.000000s ]
SQL: SELECT `title` FROM `app_category` WHERE ( `id` = 247 ) LIMIT 1   [ RunTime:0.000000s ]
SQL: SELECT `title` FROM `app_category` WHERE ( `id` = 158 ) LIMIT 1   [ RunTime:0.000000s ]
SQL: SELECT * FROM `app_warehouse` WHERE ( sid=1247 ) LIMIT 1   [ RunTime:0.000000s ]
SQL: SELECT `title` FROM `app_category` WHERE ( `id` = 45 ) LIMIT 1   [ RunTime:0.000000s ]
SQL: SELECT `company` FROM `app_supplier` WHERE ( id="46" ) LIMIT 1   [ RunTime:0.000000s ]
SQL: SELECT `title` FROM `app_category` WHERE ( `id` = 69 ) LIMIT 1   [ RunTime:0.000000s ]
SQL: SELECT * FROM `app_warehouse` WHERE ( sid=1246 ) LIMIT 1   [ RunTime:0.000000s ]
NOTIC: [8] Undefined variable: num_order D:\wwwroot\liuc\Application\Admin\Model\StockModel.class.php 第 75 行.
NOTIC: [8] Undefined variable: num_order D:\wwwroot\liuc\Application\Admin\Model\StockModel.class.php 第 77 行.
NOTIC: [8] Undefined variable: type D:\wwwroot\liuc\Application\Admin\Controller\PsiController.class.php 第 1722 行.
INFO: [ view_parse ] --START--
INFO: [ template_filter ] --START--
INFO: Run Behavior\ContentReplace [ RunTime:0.000000s ]
INFO: [ template_filter ] --END-- [ RunTime:0.000000s ]
NOTIC: [2] in_array() expects parameter 2 to be array, null given D:\wwwroot\liuc\Runtime\Cache\Admin\daf31f5aa91096b46715ab3cacf07374.php 第 203 行.
NOTIC: [2] in_array() expects parameter 2 to be array, null given D:\wwwroot\liuc\Runtime\Cache\Admin\daf31f5aa91096b46715ab3cacf07374.php 第 203 行.
NOTIC: [2] in_array() expects parameter 2 to be array, null given D:\wwwroot\liuc\Runtime\Cache\Admin\daf31f5aa91096b46715ab3cacf07374.php 第 203 行.
NOTIC: [2] in_array() expects parameter 2 to be array, null given D:\wwwroot\liuc\Runtime\Cache\Admin\daf31f5aa91096b46715ab3cacf07374.php 第 203 行.
NOTIC: [2] in_array() expects parameter 2 to be array, null given D:\wwwroot\liuc\Runtime\Cache\Admin\daf31f5aa91096b46715ab3cacf07374.php 第 203 行.
NOTIC: [2] in_array() expects parameter 2 to be array, null given D:\wwwroot\liuc\Runtime\Cache\Admin\daf31f5aa91096b46715ab3cacf07374.php 第 203 行.
NOTIC: [2] in_array() expects parameter 2 to be array, null given D:\wwwroot\liuc\Runtime\Cache\Admin\daf31f5aa91096b46715ab3cacf07374.php 第 203 行.
NOTIC: [2] in_array() expects parameter 2 to be array, null given D:\wwwroot\liuc\Runtime\Cache\Admin\daf31f5aa91096b46715ab3cacf07374.php 第 203 行.
NOTIC: [2] in_array() expects parameter 2 to be array, null given D:\wwwroot\liuc\Runtime\Cache\Admin\daf31f5aa91096b46715ab3cacf07374.php 第 203 行.
NOTIC: [2] in_array() expects parameter 2 to be array, null given D:\wwwroot\liuc\Runtime\Cache\Admin\daf31f5aa91096b46715ab3cacf07374.php 第 203 行.
NOTIC: [2] in_array() expects parameter 2 to be array, null given D:\wwwroot\liuc\Runtime\Cache\Admin\daf31f5aa91096b46715ab3cacf07374.php 第 203 行.
NOTIC: [2] in_array() expects parameter 2 to be array, null given D:\wwwroot\liuc\Runtime\Cache\Admin\daf31f5aa91096b46715ab3cacf07374.php 第 203 行.
NOTIC: [2] in_array() expects parameter 2 to be array, null given D:\wwwroot\liuc\Runtime\Cache\Admin\daf31f5aa91096b46715ab3cacf07374.php 第 203 行.
NOTIC: [2] in_array() expects parameter 2 to be array, null given D:\wwwroot\liuc\Runtime\Cache\Admin\daf31f5aa91096b46715ab3cacf07374.php 第 203 行.
NOTIC: [2] in_array() expects parameter 2 to be array, null given D:\wwwroot\liuc\Runtime\Cache\Admin\daf31f5aa91096b46715ab3cacf07374.php 第 203 行.
NOTIC: [2] in_array() expects parameter 2 to be array, null given D:\wwwroot\liuc\Runtime\Cache\Admin\daf31f5aa91096b46715ab3cacf07374.php 第 203 行.
NOTIC: [2] in_array() expects parameter 2 to be array, null given D:\wwwroot\liuc\Runtime\Cache\Admin\daf31f5aa91096b46715ab3cacf07374.php 第 203 行.
NOTIC: [2] in_array() expects parameter 2 to be array, null given D:\wwwroot\liuc\Runtime\Cache\Admin\daf31f5aa91096b46715ab3cacf07374.php 第 203 行.
NOTIC: [2] in_array() expects parameter 2 to be array, null given D:\wwwroot\liuc\Runtime\Cache\Admin\daf31f5aa91096b46715ab3cacf07374.php 第 203 行.
NOTIC: [2] in_array() expects parameter 2 to be array, null given D:\wwwroot\liuc\Runtime\Cache\Admin\daf31f5aa91096b46715ab3cacf07374.php 第 203 行.
INFO: Run Behavior\ParseTemplate [ RunTime:0.031250s ]
INFO: [ view_parse ] --END-- [ RunTime:0.031250s ]
INFO: [ view_filter ] --START--
INFO: Run Behavior\WriteHtmlCache [ RunTime:0.000000s ]
INFO: [ view_filter ] --END-- [ RunTime:0.000000s ]
INFO: [ app_end ] --START--
INFO: Run Behavior\ShowPageTrace [ RunTime:0.000000s ]
INFO: [ app_end ] --END-- [ RunTime:0.000000s ]

[ 2016-02-21T15:26:09+08:00 ] 58.241.142.145 /index.php?s=/Admin/Psi/stock_info.html&id=1253
SQL: SHOW COLUMNS FROM `app_menu` [ RunTime:0.000000s ]
SQL: SELECT * FROM `app_menu` WHERE ( `pid` = 0 ) AND ( `hide` = 0 ) ORDER BY sort asc  [ RunTime:0.000000s ]
SQL: SELECT `id` FROM `app_menu` WHERE ( url like '%Psi/stock_info' ) LIMIT 1   [ RunTime:0.000000s ]
SQL: SHOW COLUMNS FROM `app_menu` [ RunTime:0.000000s ]
SQL: SELECT `id`,`pid`,`title` FROM `app_menu` WHERE ( id=134 ) LIMIT 1   [ RunTime:0.000000s ]
SQL: SELECT `id`,`pid`,`title` FROM `app_menu` WHERE ( id=130 ) LIMIT 1   [ RunTime:0.000000s ]
SQL: SELECT `id`,`pid`,`title` FROM `app_menu` WHERE ( id=141 ) LIMIT 1   [ RunTime:0.000000s ]
SQL: SELECT DISTINCT  `group` FROM `app_menu` WHERE ( pid = 141 )  [ RunTime:0.000000s ]
SQL: SELECT `id`,`url` FROM `app_menu` WHERE ( `pid` = 141 ) AND ( `hide` = 0 )  [ RunTime:0.000000s ]
SQL: SELECT `id`,`pid`,`title`,`url`,`tip` FROM `app_menu` WHERE ( `group` = '商品管理' ) AND ( `url` IN ('Psi/stock') ) AND ( `pid` = 141 ) AND ( `hide` = 0 ) ORDER BY sort asc  [ RunTime:0.000000s ]
SQL: SELECT `id`,`pid`,`title`,`url`,`tip` FROM `app_menu` WHERE ( `group` = '包装品管理' ) AND ( `url` IN ('Psi/stock') ) AND ( `pid` = 141 ) AND ( `hide` = 0 ) ORDER BY sort asc  [ RunTime:0.000000s ]
SQL: SHOW COLUMNS FROM `app_stock` [ RunTime:0.000000s ]
SQL: SHOW COLUMNS FROM `app_supplier` [ RunTime:0.000000s ]
SQL: SHOW COLUMNS FROM `app_category` [ RunTime:0.015625s ]
SQL: SELECT * FROM `app_stock` WHERE ( `id` = 1253 ) LIMIT 1   [ RunTime:0.000000s ]
SQL: SELECT `title` FROM `app_category` WHERE ( `id` = 43 ) LIMIT 1   [ RunTime:0.000000s ]
SQL: SELECT `company` FROM `app_supplier` WHERE ( id="44" ) LIMIT 1   [ RunTime:0.000000s ]
SQL: SELECT `title` FROM `app_category` WHERE ( `id` = 373 ) LIMIT 1   [ RunTime:0.000000s ]
INFO: [ view_parse ] --START--
INFO: [ template_filter ] --START--
INFO: Run Behavior\ContentReplace [ RunTime:0.000000s ]
INFO: [ template_filter ] --END-- [ RunTime:0.000000s ]
INFO: Run Behavior\ParseTemplate [ RunTime:0.031250s ]
INFO: [ view_parse ] --END-- [ RunTime:0.031250s ]
INFO: [ view_filter ] --START--
INFO: Run Behavior\WriteHtmlCache [ RunTime:0.000000s ]
INFO: [ view_filter ] --END-- [ RunTime:0.000000s ]
INFO: [ app_end ] --START--
INFO: Run Behavior\ShowPageTrace [ RunTime:0.000000s ]
INFO: [ app_end ] --END-- [ RunTime:0.000000s ]

[ 2016-02-21T15:31:02+08:00 ] 58.241.142.145 /index.php?s=/Admin/Psi/inventory.html
SQL: SHOW COLUMNS FROM `app_menu` [ RunTime:0.000000s ]
SQL: SELECT * FROM `app_menu` WHERE ( `pid` = 0 ) AND ( `hide` = 0 ) ORDER BY sort asc  [ RunTime:0.000000s ]
SQL: SELECT `id` FROM `app_menu` WHERE ( url like '%Psi/inventory' ) LIMIT 1   [ RunTime:0.000000s ]
SQL: SHOW COLUMNS FROM `app_menu` [ RunTime:0.000000s ]
SQL: SELECT `id`,`pid`,`title` FROM `app_menu` WHERE ( id=122 ) LIMIT 1   [ RunTime:0.000000s ]
SQL: SELECT DISTINCT  `group` FROM `app_menu` WHERE ( pid = 122 )  [ RunTime:0.000000s ]
SQL: SELECT `id`,`url` FROM `app_menu` WHERE ( `pid` = 122 ) AND ( `hide` = 0 )  [ RunTime:0.000000s ]
SQL: SELECT `id`,`pid`,`title`,`url`,`tip` FROM `app_menu` WHERE ( `group` = '入库管理' ) AND ( `url` IN ('Psi/inventory') ) AND ( `pid` = 122 ) AND ( `hide` = 0 ) ORDER BY sort asc  [ RunTime:0.000000s ]
SQL: SELECT `id`,`pid`,`title`,`url`,`tip` FROM `app_menu` WHERE ( `group` = '库存管理' ) AND ( `url` IN ('Psi/inventory') ) AND ( `pid` = 122 ) AND ( `hide` = 0 ) ORDER BY sort asc  [ RunTime:0.000000s ]
SQL: SHOW COLUMNS FROM `app_category` [ RunTime:0.000000s ]
SQL: SELECT `id`,`name`,`title`,`pid`,`sort`,`list_row`,`meta_title`,`keywords`,`description`,`template_index`,`template_lists`,`template_detail`,`template_edit`,`model`,`type`,`link_id`,`allow_publish`,`display`,`reply`,`check`,`reply_model`,`extend`,`create_time`,`update_time`,`status`,`icon` FROM `app_category` WHERE ( `id` = 39 ) LIMIT 1   [ RunTime:0.000000s ]
SQL: SELECT `id`,`title`,`pid` FROM `app_category` WHERE ( `status` > -1 ) ORDER BY sort  [ RunTime:0.000000s ]
SQL: SHOW COLUMNS FROM `app_supplier` [ RunTime:0.015625s ]
NOTIC: [8] Undefined variable: where D:\wwwroot\liuc\Application\Admin\Controller\PsiController.class.php 第 758 行.
SQL: SELECT `id`,`company` FROM `app_supplier`  [ RunTime:0.000000s ]
SQL: SHOW COLUMNS FROM `app_member` [ RunTime:0.000000s ]
SQL: SHOW COLUMNS FROM `app_auth_group` [ RunTime:0.000000s ]
SQL: SHOW COLUMNS FROM `app_member` [ RunTime:0.015625s ]
SQL: SELECT m.uid,u.username,m.last_login_time,m.last_login_ip,m.status FROM app_member m INNER JOIN app_auth_group_access a ON m.uid=a.uid INNER JOIN app_ucenter_member u ON m.uid=u.id  WHERE ( a.group_id = '2' )  [ RunTime:0.000000s ]
SQL: SHOW COLUMNS FROM `app_ucenter_member` [ RunTime:0.000000s ]
SQL: SELECT `id`,`username`,`truename`,`company` FROM `app_ucenter_member` WHERE ( `id` = 2 ) LIMIT 1   [ RunTime:0.000000s ]
SQL: SELECT `id`,`username`,`truename`,`company` FROM `app_ucenter_member` WHERE ( `id` = 3 ) LIMIT 1   [ RunTime:0.000000s ]
SQL: SELECT `id`,`username`,`truename`,`company` FROM `app_ucenter_member` WHERE ( `id` = 4 ) LIMIT 1   [ RunTime:0.000000s ]
SQL: SELECT `id`,`username`,`truename`,`company` FROM `app_ucenter_member` WHERE ( `id` = 6 ) LIMIT 1   [ RunTime:0.000000s ]
SQL: SELECT `id`,`username`,`truename`,`company` FROM `app_ucenter_member` WHERE ( `id` = 9 ) LIMIT 1   [ RunTime:0.000000s ]
SQL: SHOW COLUMNS FROM `app_stock` [ RunTime:0.015625s ]
SQL: SELECT `id` FROM `app_stock` WHERE ( `code` LIKE '%%' ) AND ( `category` LIKE '%%' ) AND ( `supplier` LIKE '%%' )  [ RunTime:0.000000s ]
SQL: SHOW COLUMNS FROM `app_warehouse` [ RunTime:0.015625s ]
SQL: SHOW COLUMNS FROM `app_auth_group_access` [ RunTime:0.000000s ]
SQL: SELECT `uid`,`group_id`,`title`,`description`,`rules` FROM app_auth_group_access a INNER JOIN app_auth_group g on a.group_id=g.id  WHERE ( a.uid='9' and g.status='1' )  [ RunTime:0.000000s ]
NOTIC: [8] Undefined index: sp D:\wwwroot\liuc\Application\Admin\Model\StockModel.class.php 第 144 行.
SQL: SHOW COLUMNS FROM `app_warehouse` [ RunTime:0.000000s ]
SQL: SELECT COUNT(*) as num FROM `app_warehouse` INNER JOIN app_stock ON app_warehouse.sid = app_stock.id  WHERE ( app_warehouse.sid in (31,32,33,34,35,36,37,38,39,40,41,42,43,44,45,46,47,48,49,50,51,52,53,54,55,56,57,58,59,60,61,62,63,64,65,66,67,68,69,70,71,72,73,74,75,76,77,78,79,80,81,82,83,84,85,86,87,88,89,90,91,92,93,94,95,96,97,98,99,100,101,102,103,104,105,106,107,108,109,110,111,112,113,114,115,116,117,118,119,120,121,122,123,124,125,126,127,128,129,130,131,132,133,134,135,136,137,138,139,140,141,142,143,144,145,146,147,148,149,150,151,152,153,154,155,156,157,158,159,160,161,162,163,164,167,166,168,169,170,171,172,173,174,175,176,177,178,179,180,181,182,183,184,185,186,187,188,189,190,191,192,193,194,195,196,197,198,199,200,201,202,203,204,205,206,207,208,209,210,211,212,213,215,216,217,225,218,219,348,220,221,222,223,224,226,227,228,229,230,231,232,233,234,235,236,237,238,239,240,241,242,243,244,245,246,247,248,249,250,251,252,253,254,255,256,257,258,259,260,261,262,263,264,265,266,267,268,269,270,271,272,273,274,275,276,277,278,279,280,281,282,283,284,285,286,287,288,289,290,291,292,293,294,295,296,297,298,299,300,301,302,303,304,305,306,307,308,309,310,311,312,313,314,315,316,317,318,319,321,322,323,324,325,339,326,327,328,329,330,331,332,333,334,335,336,337,338,340,341,342,343,344,345,346,347,349,350,351,352,353,354,355,356,357,358,360,359,361,362,363,364,365,366,367,368,369,370,371,372,373,374,375,376,377,378,379,380,381,382,383,384,385,386,387,388,389,390,391,392,393,394,395,396,397,398,399,400,401,402,403,404,405,406,407,408,409,410,411,412,413,414,415,416,417,418,419,420,421,422,423,424,425,426,427,428,429,430,431,432,433,434,435,436,437,438,439,440,441,442,443,444,445,446,447,448,449,450,451,452,453,454,455,456,457,458,459,460,461,462,463,464,465,466,467,468,469,470,471,472,473,474,475,476,477,478,479,480,481,482,483,484,485,486,487,488,489,490,491,492,493,494,495,496,497,498,499,500,501,502,503,504,505,506,507,508,509,510,511,512,513,514,515,516,517,518,519,520,521,522,523,524,525,526,527,528,529,530,531,532,533,534,535,536,537,538,539,540,541,542,543,544,545,546,547,548,549,550,551,552,553,554,555,556,557,558,559,560,561,562,563,564,565,566,567,568,569,570,571,572,573,574,575,576,577,578,579,580,581,582,583,584,585,586,587,588,589,590,591,592,593,594,595,596,597,598,599,600,601,602,603,604,605,606,607,608,609,610,611,612,613,614,615,616,617,618,619,620,621,622,623,624,625,626,627,628,629,630,631,632,633,634,635,636,637,638,639,640,641,642,643,644,645,646,647,648,649,650,651,652,653,654,655,656,657,658,659,660,661,662,663,664,665,666,667,668,669,670,671,1260,673,674,675,676,677,678,679,680,681,682,683,684,685,686,687,688,689,690,691,692,693,694,695,696,697,698,699,700,701,702,703,704,705,706,707,708,709,710,711,712,713,714,715,716,717,718,719,720,721,722,723,724,725,726,727,728,729,730,731,732,733,734,735,736,737,738,739,740,741,742,743,744,745,746,747,748,749,750,751,752,753,754,755,756,757,758,759,760,761,762,763,764,765,766,767,768,769,770,771,772,773,774,775,776,777,778,779,780,781,782,783,784,785,786,787,788,789,790,791,792,793,794,795,796,797,798,799,800,801,802,803,804,805,806,807,808,809,810,811,812,813,814,815,816,817,818,819,820,821,822,823,824,825,826,827,828,829,830,831,832,833,834,835,836,837,838,839,840,841,842,843,844,845,846,847,848,849,850,851,852,853,854,855,856,857,858,859,860,861,862,863,864,865,866,867,868,869,870,871,872,873,874,875,876,877,878,879,880,881,882,883,884,885,886,887,888,889,890,891,892,893,894,895,896,897,898,899,900,901,902,903,904,905,906,907,908,909,910,911,912,913,914,915,916,917,918,919,920,921,922,923,924,925,926,927,928,929,930,931,932,933,934,935,936,937,938,939,940,941,942,943,944,945,946,947,948,949,950,951,952,953,954,955,956,957,958,959,960,961,962,963,964,965,966,967,968,969,970,971,972,973,974,975,976,977,978,979,980,981,982,983,984,985,986,987,988,989,990,991,992,993,994,995,996,997,998,999,1000,1001,1002,1003,1004,1005,1006,1007,1008,1009,1010,1011,1012,1013,1014,1015,1016,1017,1018,1019,1020,1021,1022,1023,1024,1025,1026,1027,1028,1029,1030,1031,1032,1033,1034,1035,1036,1037,1038,1039,1040,1041,1042,1043,1044,1045,1046,1047,1048,1049,1050,1051,1052,1053,1054,1055,1056,1057,1058,1059,1060,1061,1062,1063,1064,1065,1066,1067,1068,1069,1070,1071,1072,1073,1074,1075,1076,1077,1078,1079,1080,1081,1082,1083,1084,1085,1086,1087,1088,1089,1090,1091,1092,1093,1094,1095,1096,1097,1098,1099,1100,1101,1102,1103,1104,1105,1106,1107,1108,1109,1110,1111,1112,1113,1114,1115,1116,1117,1118,1119,1120,1121,1122,1123,1124,1125,1126,1127,1128,1129,1130,1131,1132,1133,1134,1135,1136,1137,1138,1139,1140,1141,1142,1143,1144,1145,1146,1147,1148,1149,1150,1151,1152,1153,1154,1155,1156,1157,1158,1159,1160,1161,1162,1163,1164,1165,1166,1167,1168,1169,1170,1171,1172,1173,1174,1175,1176,1177,1178,1179,1180,1181,1182,1183,1184,1185,1186,1187,1188,1189,1190,1191,1192,1193,1194,1195,1196,1197,1198,1199,1200,1201,1202,1203,1204,1205,1206,1207,1208,1209,1210,1211,1212,1213,1214,1215,1216,1217,1218,1219,1220,1221,1222,1223,1224,1225,1226,1227,1228,1229,1230,1231,1232,1233,1234,1235,1236,1237,1238,1240,1241,1242,1243,1244,1245,1246,1247,1248,1249,1250,1251,1252,1253,1254,1255,1256,1257,1258,1259,1261,1262,1263,1264,1265) AND app_warehouse.warehouse  =  9 ) GROUP BY app_stock.id  [ RunTime:0.000000s ]
SQL: SELECT * FROM `app_warehouse` INNER JOIN app_stock ON app_warehouse.sid = app_stock.id  WHERE ( app_warehouse.sid in (31,32,33,34,35,36,37,38,39,40,41,42,43,44,45,46,47,48,49,50,51,52,53,54,55,56,57,58,59,60,61,62,63,64,65,66,67,68,69,70,71,72,73,74,75,76,77,78,79,80,81,82,83,84,85,86,87,88,89,90,91,92,93,94,95,96,97,98,99,100,101,102,103,104,105,106,107,108,109,110,111,112,113,114,115,116,117,118,119,120,121,122,123,124,125,126,127,128,129,130,131,132,133,134,135,136,137,138,139,140,141,142,143,144,145,146,147,148,149,150,151,152,153,154,155,156,157,158,159,160,161,162,163,164,167,166,168,169,170,171,172,173,174,175,176,177,178,179,180,181,182,183,184,185,186,187,188,189,190,191,192,193,194,195,196,197,198,199,200,201,202,203,204,205,206,207,208,209,210,211,212,213,215,216,217,225,218,219,348,220,221,222,223,224,226,227,228,229,230,231,232,233,234,235,236,237,238,239,240,241,242,243,244,245,246,247,248,249,250,251,252,253,254,255,256,257,258,259,260,261,262,263,264,265,266,267,268,269,270,271,272,273,274,275,276,277,278,279,280,281,282,283,284,285,286,287,288,289,290,291,292,293,294,295,296,297,298,299,300,301,302,303,304,305,306,307,308,309,310,311,312,313,314,315,316,317,318,319,321,322,323,324,325,339,326,327,328,329,330,331,332,333,334,335,336,337,338,340,341,342,343,344,345,346,347,349,350,351,352,353,354,355,356,357,358,360,359,361,362,363,364,365,366,367,368,369,370,371,372,373,374,375,376,377,378,379,380,381,382,383,384,385,386,387,388,389,390,391,392,393,394,395,396,397,398,399,400,401,402,403,404,405,406,407,408,409,410,411,412,413,414,415,416,417,418,419,420,421,422,423,424,425,426,427,428,429,430,431,432,433,434,435,436,437,438,439,440,441,442,443,444,445,446,447,448,449,450,451,452,453,454,455,456,457,458,459,460,461,462,463,464,465,466,467,468,469,470,471,472,473,474,475,476,477,478,479,480,481,482,483,484,485,486,487,488,489,490,491,492,493,494,495,496,497,498,499,500,501,502,503,504,505,506,507,508,509,510,511,512,513,514,515,516,517,518,519,520,521,522,523,524,525,526,527,528,529,530,531,532,533,534,535,536,537,538,539,540,541,542,543,544,545,546,547,548,549,550,551,552,553,554,555,556,557,558,559,560,561,562,563,564,565,566,567,568,569,570,571,572,573,574,575,576,577,578,579,580,581,582,583,584,585,586,587,588,589,590,591,592,593,594,595,596,597,598,599,600,601,602,603,604,605,606,607,608,609,610,611,612,613,614,615,616,617,618,619,620,621,622,623,624,625,626,627,628,629,630,631,632,633,634,635,636,637,638,639,640,641,642,643,644,645,646,647,648,649,650,651,652,653,654,655,656,657,658,659,660,661,662,663,664,665,666,667,668,669,670,671,1260,673,674,675,676,677,678,679,680,681,682,683,684,685,686,687,688,689,690,691,692,693,694,695,696,697,698,699,700,701,702,703,704,705,706,707,708,709,710,711,712,713,714,715,716,717,718,719,720,721,722,723,724,725,726,727,728,729,730,731,732,733,734,735,736,737,738,739,740,741,742,743,744,745,746,747,748,749,750,751,752,753,754,755,756,757,758,759,760,761,762,763,764,765,766,767,768,769,770,771,772,773,774,775,776,777,778,779,780,781,782,783,784,785,786,787,788,789,790,791,792,793,794,795,796,797,798,799,800,801,802,803,804,805,806,807,808,809,810,811,812,813,814,815,816,817,818,819,820,821,822,823,824,825,826,827,828,829,830,831,832,833,834,835,836,837,838,839,840,841,842,843,844,845,846,847,848,849,850,851,852,853,854,855,856,857,858,859,860,861,862,863,864,865,866,867,868,869,870,871,872,873,874,875,876,877,878,879,880,881,882,883,884,885,886,887,888,889,890,891,892,893,894,895,896,897,898,899,900,901,902,903,904,905,906,907,908,909,910,911,912,913,914,915,916,917,918,919,920,921,922,923,924,925,926,927,928,929,930,931,932,933,934,935,936,937,938,939,940,941,942,943,944,945,946,947,948,949,950,951,952,953,954,955,956,957,958,959,960,961,962,963,964,965,966,967,968,969,970,971,972,973,974,975,976,977,978,979,980,981,982,983,984,985,986,987,988,989,990,991,992,993,994,995,996,997,998,999,1000,1001,1002,1003,1004,1005,1006,1007,1008,1009,1010,1011,1012,1013,1014,1015,1016,1017,1018,1019,1020,1021,1022,1023,1024,1025,1026,1027,1028,1029,1030,1031,1032,1033,1034,1035,1036,1037,1038,1039,1040,1041,1042,1043,1044,1045,1046,1047,1048,1049,1050,1051,1052,1053,1054,1055,1056,1057,1058,1059,1060,1061,1062,1063,1064,1065,1066,1067,1068,1069,1070,1071,1072,1073,1074,1075,1076,1077,1078,1079,1080,1081,1082,1083,1084,1085,1086,1087,1088,1089,1090,1091,1092,1093,1094,1095,1096,1097,1098,1099,1100,1101,1102,1103,1104,1105,1106,1107,1108,1109,1110,1111,1112,1113,1114,1115,1116,1117,1118,1119,1120,1121,1122,1123,1124,1125,1126,1127,1128,1129,1130,1131,1132,1133,1134,1135,1136,1137,1138,1139,1140,1141,1142,1143,1144,1145,1146,1147,1148,1149,1150,1151,1152,1153,1154,1155,1156,1157,1158,1159,1160,1161,1162,1163,1164,1165,1166,1167,1168,1169,1170,1171,1172,1173,1174,1175,1176,1177,1178,1179,1180,1181,1182,1183,1184,1185,1186,1187,1188,1189,1190,1191,1192,1193,1194,1195,1196,1197,1198,1199,1200,1201,1202,1203,1204,1205,1206,1207,1208,1209,1210,1211,1212,1213,1214,1215,1216,1217,1218,1219,1220,1221,1222,1223,1224,1225,1226,1227,1228,1229,1230,1231,1232,1233,1234,1235,1236,1237,1238,1240,1241,1242,1243,1244,1245,1246,1247,1248,1249,1250,1251,1252,1253,1254,1255,1256,1257,1258,1259,1261,1262,1263,1264,1265) AND app_warehouse.warehouse  =  9 ) GROUP BY app_stock.id ORDER BY app_warehouse.warehouse,app_stock.category asc,app_stock.name asc LIMIT 0,30   [ RunTime:0.000000s ]
NOTIC: [2] Invalid argument supplied for foreach() D:\wwwroot\liuc\Application\Admin\Model\StockModel.class.php 第 161 行.
INFO: [ view_parse ] --START--
INFO: [ template_filter ] --START--
INFO: Run Behavior\ContentReplace [ RunTime:0.000000s ]
INFO: [ template_filter ] --END-- [ RunTime:0.000000s ]
INFO: Run Behavior\ParseTemplate [ RunTime:0.031250s ]
INFO: [ view_parse ] --END-- [ RunTime:0.031250s ]
INFO: [ view_filter ] --START--
INFO: Run Behavior\WriteHtmlCache [ RunTime:0.000000s ]
INFO: [ view_filter ] --END-- [ RunTime:0.000000s ]
INFO: [ app_end ] --START--
INFO: Run Behavior\ShowPageTrace [ RunTime:0.000000s ]
INFO: [ app_end ] --END-- [ RunTime:0.000000s ]

[ 2016-02-21T15:31:04+08:00 ] 58.241.142.145 /index.php?s=/Admin/Psi/stock.html
SQL: SHOW COLUMNS FROM `app_menu` [ RunTime:0.000000s ]
SQL: SELECT * FROM `app_menu` WHERE ( `pid` = 0 ) AND ( `hide` = 0 ) ORDER BY sort asc  [ RunTime:0.000000s ]
SQL: SELECT `id` FROM `app_menu` WHERE ( url like '%Psi/stock' ) LIMIT 1   [ RunTime:0.000000s ]
SQL: SHOW COLUMNS FROM `app_menu` [ RunTime:0.000000s ]
SQL: SELECT `id`,`pid`,`title` FROM `app_menu` WHERE ( id=130 ) LIMIT 1   [ RunTime:0.000000s ]
SQL: SELECT `id`,`pid`,`title` FROM `app_menu` WHERE ( id=141 ) LIMIT 1   [ RunTime:0.000000s ]
SQL: SELECT DISTINCT  `group` FROM `app_menu` WHERE ( pid = 141 )  [ RunTime:0.000000s ]
SQL: SELECT `id`,`url` FROM `app_menu` WHERE ( `pid` = 141 ) AND ( `hide` = 0 )  [ RunTime:0.000000s ]
SQL: SELECT `id`,`pid`,`title`,`url`,`tip` FROM `app_menu` WHERE ( `group` = '商品管理' ) AND ( `url` IN ('Psi/stock') ) AND ( `pid` = 141 ) AND ( `hide` = 0 ) ORDER BY sort asc  [ RunTime:0.015625s ]
SQL: SELECT `id`,`pid`,`title`,`url`,`tip` FROM `app_menu` WHERE ( `group` = '包装品管理' ) AND ( `url` IN ('Psi/stock') ) AND ( `pid` = 141 ) AND ( `hide` = 0 ) ORDER BY sort asc  [ RunTime:0.000000s ]
SQL: SHOW COLUMNS FROM `app_category` [ RunTime:0.000000s ]
SQL: SELECT `id`,`name`,`title`,`pid`,`sort`,`list_row`,`meta_title`,`keywords`,`description`,`template_index`,`template_lists`,`template_detail`,`template_edit`,`model`,`type`,`link_id`,`allow_publish`,`display`,`reply`,`check`,`reply_model`,`extend`,`create_time`,`update_time`,`status`,`icon` FROM `app_category` WHERE ( `id` = 39 ) LIMIT 1   [ RunTime:0.000000s ]
SQL: SELECT `id`,`title`,`pid` FROM `app_category` WHERE ( `status` > -1 ) ORDER BY sort  [ RunTime:0.000000s ]
SQL: SHOW COLUMNS FROM `app_supplier` [ RunTime:0.015625s ]
NOTIC: [8] Undefined variable: where D:\wwwroot\liuc\Application\Admin\Controller\PsiController.class.php 第 1684 行.
SQL: SELECT `id`,`company` FROM `app_supplier`  [ RunTime:0.000000s ]
SQL: SHOW COLUMNS FROM `app_stock` [ RunTime:0.000000s ]
SQL: SELECT COUNT(*) AS tp_count FROM `app_stock` WHERE ( `category` LIKE '%%' ) AND ( `supplier` LIKE '%%' ) AND ( `status` LIKE '%%' ) ORDER BY id desc LIMIT 1   [ RunTime:0.000000s ]
SQL: SELECT `id`,`code`,`name`,`category`,`supplier`,`standard`,`OE`,`sale_price`,`sale_price_off`,`status` FROM `app_stock` WHERE ( `category` LIKE '%%' ) AND ( `supplier` LIKE '%%' ) AND ( `status` LIKE '%%' ) ORDER BY id desc LIMIT 0,20   [ RunTime:0.000000s ]
SQL: SELECT `title` FROM `app_category` WHERE ( `id` = 45 ) LIMIT 1   [ RunTime:0.000000s ]
SQL: SELECT `company` FROM `app_supplier` WHERE ( id="46" ) LIMIT 1   [ RunTime:0.000000s ]
SQL: SELECT `title` FROM `app_category` WHERE ( `id` = 69 ) LIMIT 1   [ RunTime:0.000000s ]
SQL: SHOW COLUMNS FROM `app_warehouse` [ RunTime:0.000000s ]
SQL: SELECT * FROM `app_warehouse` WHERE ( sid=1265 ) LIMIT 1   [ RunTime:0.000000s ]
SQL: SELECT `title` FROM `app_category` WHERE ( `id` = 0 ) LIMIT 1   [ RunTime:0.000000s ]
SQL: SELECT `company` FROM `app_supplier` WHERE ( id="19" ) LIMIT 1   [ RunTime:0.000000s ]
SQL: SELECT `title` FROM `app_category` WHERE ( `id` = 250 ) LIMIT 1   [ RunTime:0.000000s ]
SQL: SELECT `title` FROM `app_category` WHERE ( `id` = 169 ) LIMIT 1   [ RunTime:0.000000s ]
SQL: SELECT * FROM `app_warehouse` WHERE ( sid=1264 ) LIMIT 1   [ RunTime:0.000000s ]
SQL: SELECT `title` FROM `app_category` WHERE ( `id` = 45 ) LIMIT 1   [ RunTime:0.000000s ]
SQL: SELECT `company` FROM `app_supplier` WHERE ( id="46" ) LIMIT 1   [ RunTime:0.000000s ]
SQL: SELECT `title` FROM `app_category` WHERE ( `id` = 77 ) LIMIT 1   [ RunTime:0.000000s ]
SQL: SELECT * FROM `app_warehouse` WHERE ( sid=1263 ) LIMIT 1   [ RunTime:0.000000s ]
SQL: SELECT `title` FROM `app_category` WHERE ( `id` = 45 ) LIMIT 1   [ RunTime:0.000000s ]
SQL: SELECT `company` FROM `app_supplier` WHERE ( id="46" ) LIMIT 1   [ RunTime:0.000000s ]
SQL: SELECT `title` FROM `app_category` WHERE ( `id` = 77 ) LIMIT 1   [ RunTime:0.000000s ]
SQL: SELECT * FROM `app_warehouse` WHERE ( sid=1262 ) LIMIT 1   [ RunTime:0.000000s ]
SQL: SELECT `title` FROM `app_category` WHERE ( `id` = 41 ) LIMIT 1   [ RunTime:0.000000s ]
SQL: SELECT `company` FROM `app_supplier` WHERE ( id="93" ) LIMIT 1   [ RunTime:0.000000s ]
SQL: SELECT `title` FROM `app_category` WHERE ( `id` = 77 ) LIMIT 1   [ RunTime:0.000000s ]
SQL: SELECT * FROM `app_warehouse` WHERE ( sid=1261 ) LIMIT 1   [ RunTime:0.000000s ]
SQL: SELECT `title` FROM `app_category` WHERE ( `id` = 43 ) LIMIT 1   [ RunTime:0.000000s ]
SQL: SELECT `company` FROM `app_supplier` WHERE ( id="63" ) LIMIT 1   [ RunTime:0.000000s ]
SQL: SELECT `title` FROM `app_category` WHERE ( `id` = 117 ) LIMIT 1   [ RunTime:0.000000s ]
SQL: SELECT * FROM `app_warehouse` WHERE ( sid=1260 ) LIMIT 1   [ RunTime:0.000000s ]
SQL: SELECT `title` FROM `app_category` WHERE ( `id` = 43 ) LIMIT 1   [ RunTime:0.000000s ]
SQL: SELECT `company` FROM `app_supplier` WHERE ( id="44" ) LIMIT 1   [ RunTime:0.000000s ]
SQL: SELECT `title` FROM `app_category` WHERE ( `id` = 379 ) LIMIT 1   [ RunTime:0.000000s ]
SQL: SELECT * FROM `app_warehouse` WHERE ( sid=1259 ) LIMIT 1   [ RunTime:0.000000s ]
SQL: SELECT `title` FROM `app_category` WHERE ( `id` = 43 ) LIMIT 1   [ RunTime:0.000000s ]
SQL: SELECT `company` FROM `app_supplier` WHERE ( id="44" ) LIMIT 1   [ RunTime:0.000000s ]
SQL: SELECT `title` FROM `app_category` WHERE ( `id` = 378 ) LIMIT 1   [ RunTime:0.000000s ]
SQL: SELECT * FROM `app_warehouse` WHERE ( sid=1258 ) LIMIT 1   [ RunTime:0.000000s ]
SQL: SELECT `title` FROM `app_category` WHERE ( `id` = 43 ) LIMIT 1   [ RunTime:0.000000s ]
SQL: SELECT `company` FROM `app_supplier` WHERE ( id="44" ) LIMIT 1   [ RunTime:0.000000s ]
SQL: SELECT `title` FROM `app_category` WHERE ( `id` = 377 ) LIMIT 1   [ RunTime:0.000000s ]
SQL: SELECT * FROM `app_warehouse` WHERE ( sid=1257 ) LIMIT 1   [ RunTime:0.000000s ]
SQL: SELECT `title` FROM `app_category` WHERE ( `id` = 43 ) LIMIT 1   [ RunTime:0.000000s ]
SQL: SELECT `company` FROM `app_supplier` WHERE ( id="44" ) LIMIT 1   [ RunTime:0.000000s ]
SQL: SELECT `title` FROM `app_category` WHERE ( `id` = 376 ) LIMIT 1   [ RunTime:0.000000s ]
SQL: SELECT * FROM `app_warehouse` WHERE ( sid=1256 ) LIMIT 1   [ RunTime:0.000000s ]
SQL: SELECT `title` FROM `app_category` WHERE ( `id` = 43 ) LIMIT 1   [ RunTime:0.000000s ]
SQL: SELECT `company` FROM `app_supplier` WHERE ( id="44" ) LIMIT 1   [ RunTime:0.015625s ]
SQL: SELECT `title` FROM `app_category` WHERE ( `id` = 375 ) LIMIT 1   [ RunTime:0.000000s ]
SQL: SELECT * FROM `app_warehouse` WHERE ( sid=1255 ) LIMIT 1   [ RunTime:0.000000s ]
SQL: SELECT `title` FROM `app_category` WHERE ( `id` = 43 ) LIMIT 1   [ RunTime:0.000000s ]
SQL: SELECT `company` FROM `app_supplier` WHERE ( id="44" ) LIMIT 1   [ RunTime:0.000000s ]
SQL: SELECT `title` FROM `app_category` WHERE ( `id` = 374 ) LIMIT 1   [ RunTime:0.000000s ]
SQL: SELECT * FROM `app_warehouse` WHERE ( sid=1254 ) LIMIT 1   [ RunTime:0.000000s ]
SQL: SELECT `title` FROM `app_category` WHERE ( `id` = 43 ) LIMIT 1   [ RunTime:0.000000s ]
SQL: SELECT `company` FROM `app_supplier` WHERE ( id="44" ) LIMIT 1   [ RunTime:0.000000s ]
SQL: SELECT `title` FROM `app_category` WHERE ( `id` = 373 ) LIMIT 1   [ RunTime:0.000000s ]
SQL: SELECT * FROM `app_warehouse` WHERE ( sid=1253 ) LIMIT 1   [ RunTime:0.000000s ]
SQL: SELECT `title` FROM `app_category` WHERE ( `id` = 43 ) LIMIT 1   [ RunTime:0.000000s ]
SQL: SELECT `company` FROM `app_supplier` WHERE ( id="44" ) LIMIT 1   [ RunTime:0.000000s ]
SQL: SELECT `title` FROM `app_category` WHERE ( `id` = 372 ) LIMIT 1   [ RunTime:0.000000s ]
SQL: SELECT * FROM `app_warehouse` WHERE ( sid=1252 ) LIMIT 1   [ RunTime:0.000000s ]
SQL: SELECT `title` FROM `app_category` WHERE ( `id` = 43 ) LIMIT 1   [ RunTime:0.000000s ]
SQL: SELECT `company` FROM `app_supplier` WHERE ( id="44" ) LIMIT 1   [ RunTime:0.000000s ]
SQL: SELECT `title` FROM `app_category` WHERE ( `id` = 371 ) LIMIT 1   [ RunTime:0.000000s ]
SQL: SELECT * FROM `app_warehouse` WHERE ( sid=1251 ) LIMIT 1   [ RunTime:0.000000s ]
SQL: SELECT `title` FROM `app_category` WHERE ( `id` = 43 ) LIMIT 1   [ RunTime:0.000000s ]
SQL: SELECT `company` FROM `app_supplier` WHERE ( id="44" ) LIMIT 1   [ RunTime:0.000000s ]
SQL: SELECT `title` FROM `app_category` WHERE ( `id` = 370 ) LIMIT 1   [ RunTime:0.000000s ]
SQL: SELECT * FROM `app_warehouse` WHERE ( sid=1250 ) LIMIT 1   [ RunTime:0.000000s ]
SQL: SELECT `title` FROM `app_category` WHERE ( `id` = 43 ) LIMIT 1   [ RunTime:0.015625s ]
SQL: SELECT `company` FROM `app_supplier` WHERE ( id="44" ) LIMIT 1   [ RunTime:0.000000s ]
SQL: SELECT `title` FROM `app_category` WHERE ( `id` = 369 ) LIMIT 1   [ RunTime:0.000000s ]
SQL: SELECT * FROM `app_warehouse` WHERE ( sid=1249 ) LIMIT 1   [ RunTime:0.000000s ]
SQL: SELECT `title` FROM `app_category` WHERE ( `id` = 44 ) LIMIT 1   [ RunTime:0.000000s ]
SQL: SELECT `company` FROM `app_supplier` WHERE ( id="75" ) LIMIT 1   [ RunTime:0.000000s ]
SQL: SELECT `title` FROM `app_category` WHERE ( `id` = 77 ) LIMIT 1   [ RunTime:0.000000s ]
SQL: SELECT `title` FROM `app_category` WHERE ( `id` = 207 ) LIMIT 1   [ RunTime:0.000000s ]
SQL: SELECT `title` FROM `app_category` WHERE ( `id` = 146 ) LIMIT 1   [ RunTime:0.000000s ]
SQL: SELECT * FROM `app_warehouse` WHERE ( sid=1248 ) LIMIT 1   [ RunTime:0.000000s ]
SQL: SELECT `title` FROM `app_category` WHERE ( `id` = 45 ) LIMIT 1   [ RunTime:0.000000s ]
SQL: SELECT `company` FROM `app_supplier` WHERE ( id="46" ) LIMIT 1   [ RunTime:0.000000s ]
SQL: SELECT `title` FROM `app_category` WHERE ( `id` = 247 ) LIMIT 1   [ RunTime:0.000000s ]
SQL: SELECT `title` FROM `app_category` WHERE ( `id` = 158 ) LIMIT 1   [ RunTime:0.000000s ]
SQL: SELECT * FROM `app_warehouse` WHERE ( sid=1247 ) LIMIT 1   [ RunTime:0.000000s ]
SQL: SELECT `title` FROM `app_category` WHERE ( `id` = 45 ) LIMIT 1   [ RunTime:0.000000s ]
SQL: SELECT `company` FROM `app_supplier` WHERE ( id="46" ) LIMIT 1   [ RunTime:0.000000s ]
SQL: SELECT `title` FROM `app_category` WHERE ( `id` = 69 ) LIMIT 1   [ RunTime:0.000000s ]
SQL: SELECT * FROM `app_warehouse` WHERE ( sid=1246 ) LIMIT 1   [ RunTime:0.000000s ]
NOTIC: [8] Undefined variable: num_order D:\wwwroot\liuc\Application\Admin\Model\StockModel.class.php 第 75 行.
NOTIC: [8] Undefined variable: num_order D:\wwwroot\liuc\Application\Admin\Model\StockModel.class.php 第 77 行.
NOTIC: [8] Undefined variable: type D:\wwwroot\liuc\Application\Admin\Controller\PsiController.class.php 第 1722 行.
INFO: [ view_parse ] --START--
INFO: [ template_filter ] --START--
INFO: Run Behavior\ContentReplace [ RunTime:0.000000s ]
INFO: [ template_filter ] --END-- [ RunTime:0.000000s ]
NOTIC: [2] in_array() expects parameter 2 to be array, null given D:\wwwroot\liuc\Runtime\Cache\Admin\daf31f5aa91096b46715ab3cacf07374.php 第 203 行.
NOTIC: [2] in_array() expects parameter 2 to be array, null given D:\wwwroot\liuc\Runtime\Cache\Admin\daf31f5aa91096b46715ab3cacf07374.php 第 203 行.
NOTIC: [2] in_array() expects parameter 2 to be array, null given D:\wwwroot\liuc\Runtime\Cache\Admin\daf31f5aa91096b46715ab3cacf07374.php 第 203 行.
NOTIC: [2] in_array() expects parameter 2 to be array, null given D:\wwwroot\liuc\Runtime\Cache\Admin\daf31f5aa91096b46715ab3cacf07374.php 第 203 行.
NOTIC: [2] in_array() expects parameter 2 to be array, null given D:\wwwroot\liuc\Runtime\Cache\Admin\daf31f5aa91096b46715ab3cacf07374.php 第 203 行.
NOTIC: [2] in_array() expects parameter 2 to be array, null given D:\wwwroot\liuc\Runtime\Cache\Admin\daf31f5aa91096b46715ab3cacf07374.php 第 203 行.
NOTIC: [2] in_array() expects parameter 2 to be array, null given D:\wwwroot\liuc\Runtime\Cache\Admin\daf31f5aa91096b46715ab3cacf07374.php 第 203 行.
NOTIC: [2] in_array() expects parameter 2 to be array, null given D:\wwwroot\liuc\Runtime\Cache\Admin\daf31f5aa91096b46715ab3cacf07374.php 第 203 行.
NOTIC: [2] in_array() expects parameter 2 to be array, null given D:\wwwroot\liuc\Runtime\Cache\Admin\daf31f5aa91096b46715ab3cacf07374.php 第 203 行.
NOTIC: [2] in_array() expects parameter 2 to be array, null given D:\wwwroot\liuc\Runtime\Cache\Admin\daf31f5aa91096b46715ab3cacf07374.php 第 203 行.
NOTIC: [2] in_array() expects parameter 2 to be array, null given D:\wwwroot\liuc\Runtime\Cache\Admin\daf31f5aa91096b46715ab3cacf07374.php 第 203 行.
NOTIC: [2] in_array() expects parameter 2 to be array, null given D:\wwwroot\liuc\Runtime\Cache\Admin\daf31f5aa91096b46715ab3cacf07374.php 第 203 行.
NOTIC: [2] in_array() expects parameter 2 to be array, null given D:\wwwroot\liuc\Runtime\Cache\Admin\daf31f5aa91096b46715ab3cacf07374.php 第 203 行.
NOTIC: [2] in_array() expects parameter 2 to be array, null given D:\wwwroot\liuc\Runtime\Cache\Admin\daf31f5aa91096b46715ab3cacf07374.php 第 203 行.
NOTIC: [2] in_array() expects parameter 2 to be array, null given D:\wwwroot\liuc\Runtime\Cache\Admin\daf31f5aa91096b46715ab3cacf07374.php 第 203 行.
NOTIC: [2] in_array() expects parameter 2 to be array, null given D:\wwwroot\liuc\Runtime\Cache\Admin\daf31f5aa91096b46715ab3cacf07374.php 第 203 行.
NOTIC: [2] in_array() expects parameter 2 to be array, null given D:\wwwroot\liuc\Runtime\Cache\Admin\daf31f5aa91096b46715ab3cacf07374.php 第 203 行.
NOTIC: [2] in_array() expects parameter 2 to be array, null given D:\wwwroot\liuc\Runtime\Cache\Admin\daf31f5aa91096b46715ab3cacf07374.php 第 203 行.
NOTIC: [2] in_array() expects parameter 2 to be array, null given D:\wwwroot\liuc\Runtime\Cache\Admin\daf31f5aa91096b46715ab3cacf07374.php 第 203 行.
NOTIC: [2] in_array() expects parameter 2 to be array, null given D:\wwwroot\liuc\Runtime\Cache\Admin\daf31f5aa91096b46715ab3cacf07374.php 第 203 行.
INFO: Run Behavior\ParseTemplate [ RunTime:0.046875s ]
INFO: [ view_parse ] --END-- [ RunTime:0.046875s ]
INFO: [ view_filter ] --START--
INFO: Run Behavior\WriteHtmlCache [ RunTime:0.000000s ]
INFO: [ view_filter ] --END-- [ RunTime:0.000000s ]
INFO: [ app_end ] --START--
INFO: Run Behavior\ShowPageTrace [ RunTime:0.000000s ]
INFO: [ app_end ] --END-- [ RunTime:0.000000s ]

[ 2016-02-21T15:31:06+08:00 ] 58.241.142.145 /index.php?s=/Admin/Psi/inventory.html
SQL: SHOW COLUMNS FROM `app_menu` [ RunTime:0.000000s ]
SQL: SELECT * FROM `app_menu` WHERE ( `pid` = 0 ) AND ( `hide` = 0 ) ORDER BY sort asc  [ RunTime:0.000000s ]
SQL: SELECT `id` FROM `app_menu` WHERE ( url like '%Psi/inventory' ) LIMIT 1   [ RunTime:0.000000s ]
SQL: SHOW COLUMNS FROM `app_menu` [ RunTime:0.000000s ]
SQL: SELECT `id`,`pid`,`title` FROM `app_menu` WHERE ( id=122 ) LIMIT 1   [ RunTime:0.000000s ]
SQL: SELECT DISTINCT  `group` FROM `app_menu` WHERE ( pid = 122 )  [ RunTime:0.000000s ]
SQL: SELECT `id`,`url` FROM `app_menu` WHERE ( `pid` = 122 ) AND ( `hide` = 0 )  [ RunTime:0.015625s ]
SQL: SELECT `id`,`pid`,`title`,`url`,`tip` FROM `app_menu` WHERE ( `group` = '入库管理' ) AND ( `url` IN ('Psi/inventory') ) AND ( `pid` = 122 ) AND ( `hide` = 0 ) ORDER BY sort asc  [ RunTime:0.000000s ]
SQL: SELECT `id`,`pid`,`title`,`url`,`tip` FROM `app_menu` WHERE ( `group` = '库存管理' ) AND ( `url` IN ('Psi/inventory') ) AND ( `pid` = 122 ) AND ( `hide` = 0 ) ORDER BY sort asc  [ RunTime:0.000000s ]
SQL: SHOW COLUMNS FROM `app_category` [ RunTime:0.000000s ]
SQL: SELECT `id`,`name`,`title`,`pid`,`sort`,`list_row`,`meta_title`,`keywords`,`description`,`template_index`,`template_lists`,`template_detail`,`template_edit`,`model`,`type`,`link_id`,`allow_publish`,`display`,`reply`,`check`,`reply_model`,`extend`,`create_time`,`update_time`,`status`,`icon` FROM `app_category` WHERE ( `id` = 39 ) LIMIT 1   [ RunTime:0.000000s ]
SQL: SELECT `id`,`title`,`pid` FROM `app_category` WHERE ( `status` > -1 ) ORDER BY sort  [ RunTime:0.000000s ]
SQL: SHOW COLUMNS FROM `app_supplier` [ RunTime:0.015625s ]
NOTIC: [8] Undefined variable: where D:\wwwroot\liuc\Application\Admin\Controller\PsiController.class.php 第 758 行.
SQL: SELECT `id`,`company` FROM `app_supplier`  [ RunTime:0.000000s ]
SQL: SHOW COLUMNS FROM `app_member` [ RunTime:0.000000s ]
SQL: SHOW COLUMNS FROM `app_auth_group` [ RunTime:0.000000s ]
SQL: SHOW COLUMNS FROM `app_member` [ RunTime:0.015625s ]
SQL: SELECT m.uid,u.username,m.last_login_time,m.last_login_ip,m.status FROM app_member m INNER JOIN app_auth_group_access a ON m.uid=a.uid INNER JOIN app_ucenter_member u ON m.uid=u.id  WHERE ( a.group_id = '2' )  [ RunTime:0.000000s ]
SQL: SHOW COLUMNS FROM `app_ucenter_member` [ RunTime:0.000000s ]
SQL: SELECT `id`,`username`,`truename`,`company` FROM `app_ucenter_member` WHERE ( `id` = 2 ) LIMIT 1   [ RunTime:0.000000s ]
SQL: SELECT `id`,`username`,`truename`,`company` FROM `app_ucenter_member` WHERE ( `id` = 3 ) LIMIT 1   [ RunTime:0.000000s ]
SQL: SELECT `id`,`username`,`truename`,`company` FROM `app_ucenter_member` WHERE ( `id` = 4 ) LIMIT 1   [ RunTime:0.000000s ]
SQL: SELECT `id`,`username`,`truename`,`company` FROM `app_ucenter_member` WHERE ( `id` = 6 ) LIMIT 1   [ RunTime:0.000000s ]
SQL: SELECT `id`,`username`,`truename`,`company` FROM `app_ucenter_member` WHERE ( `id` = 9 ) LIMIT 1   [ RunTime:0.000000s ]
SQL: SHOW COLUMNS FROM `app_stock` [ RunTime:0.015625s ]
SQL: SELECT `id` FROM `app_stock` WHERE ( `code` LIKE '%%' ) AND ( `category` LIKE '%%' ) AND ( `supplier` LIKE '%%' )  [ RunTime:0.000000s ]
SQL: SHOW COLUMNS FROM `app_warehouse` [ RunTime:0.015625s ]
SQL: SHOW COLUMNS FROM `app_auth_group_access` [ RunTime:0.000000s ]
SQL: SELECT `uid`,`group_id`,`title`,`description`,`rules` FROM app_auth_group_access a INNER JOIN app_auth_group g on a.group_id=g.id  WHERE ( a.uid='9' and g.status='1' )  [ RunTime:0.000000s ]
NOTIC: [8] Undefined index: sp D:\wwwroot\liuc\Application\Admin\Model\StockModel.class.php 第 144 行.
SQL: SHOW COLUMNS FROM `app_warehouse` [ RunTime:0.000000s ]
SQL: SELECT COUNT(*) as num FROM `app_warehouse` INNER JOIN app_stock ON app_warehouse.sid = app_stock.id  WHERE ( app_warehouse.sid in (31,32,33,34,35,36,37,38,39,40,41,42,43,44,45,46,47,48,49,50,51,52,53,54,55,56,57,58,59,60,61,62,63,64,65,66,67,68,69,70,71,72,73,74,75,76,77,78,79,80,81,82,83,84,85,86,87,88,89,90,91,92,93,94,95,96,97,98,99,100,101,102,103,104,105,106,107,108,109,110,111,112,113,114,115,116,117,118,119,120,121,122,123,124,125,126,127,128,129,130,131,132,133,134,135,136,137,138,139,140,141,142,143,144,145,146,147,148,149,150,151,152,153,154,155,156,157,158,159,160,161,162,163,164,167,166,168,169,170,171,172,173,174,175,176,177,178,179,180,181,182,183,184,185,186,187,188,189,190,191,192,193,194,195,196,197,198,199,200,201,202,203,204,205,206,207,208,209,210,211,212,213,215,216,217,225,218,219,348,220,221,222,223,224,226,227,228,229,230,231,232,233,234,235,236,237,238,239,240,241,242,243,244,245,246,247,248,249,250,251,252,253,254,255,256,257,258,259,260,261,262,263,264,265,266,267,268,269,270,271,272,273,274,275,276,277,278,279,280,281,282,283,284,285,286,287,288,289,290,291,292,293,294,295,296,297,298,299,300,301,302,303,304,305,306,307,308,309,310,311,312,313,314,315,316,317,318,319,321,322,323,324,325,339,326,327,328,329,330,331,332,333,334,335,336,337,338,340,341,342,343,344,345,346,347,349,350,351,352,353,354,355,356,357,358,360,359,361,362,363,364,365,366,367,368,369,370,371,372,373,374,375,376,377,378,379,380,381,382,383,384,385,386,387,388,389,390,391,392,393,394,395,396,397,398,399,400,401,402,403,404,405,406,407,408,409,410,411,412,413,414,415,416,417,418,419,420,421,422,423,424,425,426,427,428,429,430,431,432,433,434,435,436,437,438,439,440,441,442,443,444,445,446,447,448,449,450,451,452,453,454,455,456,457,458,459,460,461,462,463,464,465,466,467,468,469,470,471,472,473,474,475,476,477,478,479,480,481,482,483,484,485,486,487,488,489,490,491,492,493,494,495,496,497,498,499,500,501,502,503,504,505,506,507,508,509,510,511,512,513,514,515,516,517,518,519,520,521,522,523,524,525,526,527,528,529,530,531,532,533,534,535,536,537,538,539,540,541,542,543,544,545,546,547,548,549,550,551,552,553,554,555,556,557,558,559,560,561,562,563,564,565,566,567,568,569,570,571,572,573,574,575,576,577,578,579,580,581,582,583,584,585,586,587,588,589,590,591,592,593,594,595,596,597,598,599,600,601,602,603,604,605,606,607,608,609,610,611,612,613,614,615,616,617,618,619,620,621,622,623,624,625,626,627,628,629,630,631,632,633,634,635,636,637,638,639,640,641,642,643,644,645,646,647,648,649,650,651,652,653,654,655,656,657,658,659,660,661,662,663,664,665,666,667,668,669,670,671,1260,673,674,675,676,677,678,679,680,681,682,683,684,685,686,687,688,689,690,691,692,693,694,695,696,697,698,699,700,701,702,703,704,705,706,707,708,709,710,711,712,713,714,715,716,717,718,719,720,721,722,723,724,725,726,727,728,729,730,731,732,733,734,735,736,737,738,739,740,741,742,743,744,745,746,747,748,749,750,751,752,753,754,755,756,757,758,759,760,761,762,763,764,765,766,767,768,769,770,771,772,773,774,775,776,777,778,779,780,781,782,783,784,785,786,787,788,789,790,791,792,793,794,795,796,797,798,799,800,801,802,803,804,805,806,807,808,809,810,811,812,813,814,815,816,817,818,819,820,821,822,823,824,825,826,827,828,829,830,831,832,833,834,835,836,837,838,839,840,841,842,843,844,845,846,847,848,849,850,851,852,853,854,855,856,857,858,859,860,861,862,863,864,865,866,867,868,869,870,871,872,873,874,875,876,877,878,879,880,881,882,883,884,885,886,887,888,889,890,891,892,893,894,895,896,897,898,899,900,901,902,903,904,905,906,907,908,909,910,911,912,913,914,915,916,917,918,919,920,921,922,923,924,925,926,927,928,929,930,931,932,933,934,935,936,937,938,939,940,941,942,943,944,945,946,947,948,949,950,951,952,953,954,955,956,957,958,959,960,961,962,963,964,965,966,967,968,969,970,971,972,973,974,975,976,977,978,979,980,981,982,983,984,985,986,987,988,989,990,991,992,993,994,995,996,997,998,999,1000,1001,1002,1003,1004,1005,1006,1007,1008,1009,1010,1011,1012,1013,1014,1015,1016,1017,1018,1019,1020,1021,1022,1023,1024,1025,1026,1027,1028,1029,1030,1031,1032,1033,1034,1035,1036,1037,1038,1039,1040,1041,1042,1043,1044,1045,1046,1047,1048,1049,1050,1051,1052,1053,1054,1055,1056,1057,1058,1059,1060,1061,1062,1063,1064,1065,1066,1067,1068,1069,1070,1071,1072,1073,1074,1075,1076,1077,1078,1079,1080,1081,1082,1083,1084,1085,1086,1087,1088,1089,1090,1091,1092,1093,1094,1095,1096,1097,1098,1099,1100,1101,1102,1103,1104,1105,1106,1107,1108,1109,1110,1111,1112,1113,1114,1115,1116,1117,1118,1119,1120,1121,1122,1123,1124,1125,1126,1127,1128,1129,1130,1131,1132,1133,1134,1135,1136,1137,1138,1139,1140,1141,1142,1143,1144,1145,1146,1147,1148,1149,1150,1151,1152,1153,1154,1155,1156,1157,1158,1159,1160,1161,1162,1163,1164,1165,1166,1167,1168,1169,1170,1171,1172,1173,1174,1175,1176,1177,1178,1179,1180,1181,1182,1183,1184,1185,1186,1187,1188,1189,1190,1191,1192,1193,1194,1195,1196,1197,1198,1199,1200,1201,1202,1203,1204,1205,1206,1207,1208,1209,1210,1211,1212,1213,1214,1215,1216,1217,1218,1219,1220,1221,1222,1223,1224,1225,1226,1227,1228,1229,1230,1231,1232,1233,1234,1235,1236,1237,1238,1240,1241,1242,1243,1244,1245,1246,1247,1248,1249,1250,1251,1252,1253,1254,1255,1256,1257,1258,1259,1261,1262,1263,1264,1265) AND app_warehouse.warehouse  =  9 ) GROUP BY app_stock.id  [ RunTime:0.000000s ]
SQL: SELECT * FROM `app_warehouse` INNER JOIN app_stock ON app_warehouse.sid = app_stock.id  WHERE ( app_warehouse.sid in (31,32,33,34,35,36,37,38,39,40,41,42,43,44,45,46,47,48,49,50,51,52,53,54,55,56,57,58,59,60,61,62,63,64,65,66,67,68,69,70,71,72,73,74,75,76,77,78,79,80,81,82,83,84,85,86,87,88,89,90,91,92,93,94,95,96,97,98,99,100,101,102,103,104,105,106,107,108,109,110,111,112,113,114,115,116,117,118,119,120,121,122,123,124,125,126,127,128,129,130,131,132,133,134,135,136,137,138,139,140,141,142,143,144,145,146,147,148,149,150,151,152,153,154,155,156,157,158,159,160,161,162,163,164,167,166,168,169,170,171,172,173,174,175,176,177,178,179,180,181,182,183,184,185,186,187,188,189,190,191,192,193,194,195,196,197,198,199,200,201,202,203,204,205,206,207,208,209,210,211,212,213,215,216,217,225,218,219,348,220,221,222,223,224,226,227,228,229,230,231,232,233,234,235,236,237,238,239,240,241,242,243,244,245,246,247,248,249,250,251,252,253,254,255,256,257,258,259,260,261,262,263,264,265,266,267,268,269,270,271,272,273,274,275,276,277,278,279,280,281,282,283,284,285,286,287,288,289,290,291,292,293,294,295,296,297,298,299,300,301,302,303,304,305,306,307,308,309,310,311,312,313,314,315,316,317,318,319,321,322,323,324,325,339,326,327,328,329,330,331,332,333,334,335,336,337,338,340,341,342,343,344,345,346,347,349,350,351,352,353,354,355,356,357,358,360,359,361,362,363,364,365,366,367,368,369,370,371,372,373,374,375,376,377,378,379,380,381,382,383,384,385,386,387,388,389,390,391,392,393,394,395,396,397,398,399,400,401,402,403,404,405,406,407,408,409,410,411,412,413,414,415,416,417,418,419,420,421,422,423,424,425,426,427,428,429,430,431,432,433,434,435,436,437,438,439,440,441,442,443,444,445,446,447,448,449,450,451,452,453,454,455,456,457,458,459,460,461,462,463,464,465,466,467,468,469,470,471,472,473,474,475,476,477,478,479,480,481,482,483,484,485,486,487,488,489,490,491,492,493,494,495,496,497,498,499,500,501,502,503,504,505,506,507,508,509,510,511,512,513,514,515,516,517,518,519,520,521,522,523,524,525,526,527,528,529,530,531,532,533,534,535,536,537,538,539,540,541,542,543,544,545,546,547,548,549,550,551,552,553,554,555,556,557,558,559,560,561,562,563,564,565,566,567,568,569,570,571,572,573,574,575,576,577,578,579,580,581,582,583,584,585,586,587,588,589,590,591,592,593,594,595,596,597,598,599,600,601,602,603,604,605,606,607,608,609,610,611,612,613,614,615,616,617,618,619,620,621,622,623,624,625,626,627,628,629,630,631,632,633,634,635,636,637,638,639,640,641,642,643,644,645,646,647,648,649,650,651,652,653,654,655,656,657,658,659,660,661,662,663,664,665,666,667,668,669,670,671,1260,673,674,675,676,677,678,679,680,681,682,683,684,685,686,687,688,689,690,691,692,693,694,695,696,697,698,699,700,701,702,703,704,705,706,707,708,709,710,711,712,713,714,715,716,717,718,719,720,721,722,723,724,725,726,727,728,729,730,731,732,733,734,735,736,737,738,739,740,741,742,743,744,745,746,747,748,749,750,751,752,753,754,755,756,757,758,759,760,761,762,763,764,765,766,767,768,769,770,771,772,773,774,775,776,777,778,779,780,781,782,783,784,785,786,787,788,789,790,791,792,793,794,795,796,797,798,799,800,801,802,803,804,805,806,807,808,809,810,811,812,813,814,815,816,817,818,819,820,821,822,823,824,825,826,827,828,829,830,831,832,833,834,835,836,837,838,839,840,841,842,843,844,845,846,847,848,849,850,851,852,853,854,855,856,857,858,859,860,861,862,863,864,865,866,867,868,869,870,871,872,873,874,875,876,877,878,879,880,881,882,883,884,885,886,887,888,889,890,891,892,893,894,895,896,897,898,899,900,901,902,903,904,905,906,907,908,909,910,911,912,913,914,915,916,917,918,919,920,921,922,923,924,925,926,927,928,929,930,931,932,933,934,935,936,937,938,939,940,941,942,943,944,945,946,947,948,949,950,951,952,953,954,955,956,957,958,959,960,961,962,963,964,965,966,967,968,969,970,971,972,973,974,975,976,977,978,979,980,981,982,983,984,985,986,987,988,989,990,991,992,993,994,995,996,997,998,999,1000,1001,1002,1003,1004,1005,1006,1007,1008,1009,1010,1011,1012,1013,1014,1015,1016,1017,1018,1019,1020,1021,1022,1023,1024,1025,1026,1027,1028,1029,1030,1031,1032,1033,1034,1035,1036,1037,1038,1039,1040,1041,1042,1043,1044,1045,1046,1047,1048,1049,1050,1051,1052,1053,1054,1055,1056,1057,1058,1059,1060,1061,1062,1063,1064,1065,1066,1067,1068,1069,1070,1071,1072,1073,1074,1075,1076,1077,1078,1079,1080,1081,1082,1083,1084,1085,1086,1087,1088,1089,1090,1091,1092,1093,1094,1095,1096,1097,1098,1099,1100,1101,1102,1103,1104,1105,1106,1107,1108,1109,1110,1111,1112,1113,1114,1115,1116,1117,1118,1119,1120,1121,1122,1123,1124,1125,1126,1127,1128,1129,1130,1131,1132,1133,1134,1135,1136,1137,1138,1139,1140,1141,1142,1143,1144,1145,1146,1147,1148,1149,1150,1151,1152,1153,1154,1155,1156,1157,1158,1159,1160,1161,1162,1163,1164,1165,1166,1167,1168,1169,1170,1171,1172,1173,1174,1175,1176,1177,1178,1179,1180,1181,1182,1183,1184,1185,1186,1187,1188,1189,1190,1191,1192,1193,1194,1195,1196,1197,1198,1199,1200,1201,1202,1203,1204,1205,1206,1207,1208,1209,1210,1211,1212,1213,1214,1215,1216,1217,1218,1219,1220,1221,1222,1223,1224,1225,1226,1227,1228,1229,1230,1231,1232,1233,1234,1235,1236,1237,1238,1240,1241,1242,1243,1244,1245,1246,1247,1248,1249,1250,1251,1252,1253,1254,1255,1256,1257,1258,1259,1261,1262,1263,1264,1265) AND app_warehouse.warehouse  =  9 ) GROUP BY app_stock.id ORDER BY app_warehouse.warehouse,app_stock.category asc,app_stock.name asc LIMIT 0,30   [ RunTime:0.015625s ]
NOTIC: [2] Invalid argument supplied for foreach() D:\wwwroot\liuc\Application\Admin\Model\StockModel.class.php 第 161 行.
INFO: [ view_parse ] --START--
INFO: [ template_filter ] --START--
INFO: Run Behavior\ContentReplace [ RunTime:0.000000s ]
INFO: [ template_filter ] --END-- [ RunTime:0.000000s ]
INFO: Run Behavior\ParseTemplate [ RunTime:0.031250s ]
INFO: [ view_parse ] --END-- [ RunTime:0.031250s ]
INFO: [ view_filter ] --START--
INFO: Run Behavior\WriteHtmlCache [ RunTime:0.000000s ]
INFO: [ view_filter ] --END-- [ RunTime:0.000000s ]
INFO: [ app_end ] --START--
INFO: Run Behavior\ShowPageTrace [ RunTime:0.000000s ]
INFO: [ app_end ] --END-- [ RunTime:0.000000s ]

[ 2016-02-21T15:31:07+08:00 ] 58.241.142.145 /index.php?s=/Admin/Psi/stock.html
SQL: SHOW COLUMNS FROM `app_menu` [ RunTime:0.000000s ]
SQL: SELECT * FROM `app_menu` WHERE ( `pid` = 0 ) AND ( `hide` = 0 ) ORDER BY sort asc  [ RunTime:0.000000s ]
SQL: SELECT `id` FROM `app_menu` WHERE ( url like '%Psi/stock' ) LIMIT 1   [ RunTime:0.015625s ]
SQL: SHOW COLUMNS FROM `app_menu` [ RunTime:0.000000s ]
SQL: SELECT `id`,`pid`,`title` FROM `app_menu` WHERE ( id=130 ) LIMIT 1   [ RunTime:0.000000s ]
SQL: SELECT `id`,`pid`,`title` FROM `app_menu` WHERE ( id=141 ) LIMIT 1   [ RunTime:0.000000s ]
SQL: SELECT DISTINCT  `group` FROM `app_menu` WHERE ( pid = 141 )  [ RunTime:0.000000s ]
SQL: SELECT `id`,`url` FROM `app_menu` WHERE ( `pid` = 141 ) AND ( `hide` = 0 )  [ RunTime:0.000000s ]
SQL: SELECT `id`,`pid`,`title`,`url`,`tip` FROM `app_menu` WHERE ( `group` = '商品管理' ) AND ( `url` IN ('Psi/stock') ) AND ( `pid` = 141 ) AND ( `hide` = 0 ) ORDER BY sort asc  [ RunTime:0.000000s ]
SQL: SELECT `id`,`pid`,`title`,`url`,`tip` FROM `app_menu` WHERE ( `group` = '包装品管理' ) AND ( `url` IN ('Psi/stock') ) AND ( `pid` = 141 ) AND ( `hide` = 0 ) ORDER BY sort asc  [ RunTime:0.000000s ]
SQL: SHOW COLUMNS FROM `app_category` [ RunTime:0.015625s ]
SQL: SELECT `id`,`name`,`title`,`pid`,`sort`,`list_row`,`meta_title`,`keywords`,`description`,`template_index`,`template_lists`,`template_detail`,`template_edit`,`model`,`type`,`link_id`,`allow_publish`,`display`,`reply`,`check`,`reply_model`,`extend`,`create_time`,`update_time`,`status`,`icon` FROM `app_category` WHERE ( `id` = 39 ) LIMIT 1   [ RunTime:0.000000s ]
SQL: SELECT `id`,`title`,`pid` FROM `app_category` WHERE ( `status` > -1 ) ORDER BY sort  [ RunTime:0.000000s ]
SQL: SHOW COLUMNS FROM `app_supplier` [ RunTime:0.000000s ]
NOTIC: [8] Undefined variable: where D:\wwwroot\liuc\Application\Admin\Controller\PsiController.class.php 第 1684 行.
SQL: SELECT `id`,`company` FROM `app_supplier`  [ RunTime:0.000000s ]
SQL: SHOW COLUMNS FROM `app_stock` [ RunTime:0.015625s ]
SQL: SELECT COUNT(*) AS tp_count FROM `app_stock` WHERE ( `category` LIKE '%%' ) AND ( `supplier` LIKE '%%' ) AND ( `status` LIKE '%%' ) ORDER BY id desc LIMIT 1   [ RunTime:0.000000s ]
SQL: SELECT `id`,`code`,`name`,`category`,`supplier`,`standard`,`OE`,`sale_price`,`sale_price_off`,`status` FROM `app_stock` WHERE ( `category` LIKE '%%' ) AND ( `supplier` LIKE '%%' ) AND ( `status` LIKE '%%' ) ORDER BY id desc LIMIT 0,20   [ RunTime:0.000000s ]
SQL: SELECT `title` FROM `app_category` WHERE ( `id` = 45 ) LIMIT 1   [ RunTime:0.000000s ]
SQL: SELECT `company` FROM `app_supplier` WHERE ( id="46" ) LIMIT 1   [ RunTime:0.000000s ]
SQL: SELECT `title` FROM `app_category` WHERE ( `id` = 69 ) LIMIT 1   [ RunTime:0.000000s ]
SQL: SHOW COLUMNS FROM `app_warehouse` [ RunTime:0.000000s ]
SQL: SELECT * FROM `app_warehouse` WHERE ( sid=1265 ) LIMIT 1   [ RunTime:0.000000s ]
SQL: SELECT `title` FROM `app_category` WHERE ( `id` = 0 ) LIMIT 1   [ RunTime:0.000000s ]
SQL: SELECT `company` FROM `app_supplier` WHERE ( id="19" ) LIMIT 1   [ RunTime:0.000000s ]
SQL: SELECT `title` FROM `app_category` WHERE ( `id` = 250 ) LIMIT 1   [ RunTime:0.015625s ]
SQL: SELECT `title` FROM `app_category` WHERE ( `id` = 169 ) LIMIT 1   [ RunTime:0.000000s ]
SQL: SELECT * FROM `app_warehouse` WHERE ( sid=1264 ) LIMIT 1   [ RunTime:0.000000s ]
SQL: SELECT `title` FROM `app_category` WHERE ( `id` = 45 ) LIMIT 1   [ RunTime:0.000000s ]
SQL: SELECT `company` FROM `app_supplier` WHERE ( id="46" ) LIMIT 1   [ RunTime:0.000000s ]
SQL: SELECT `title` FROM `app_category` WHERE ( `id` = 77 ) LIMIT 1   [ RunTime:0.000000s ]
SQL: SELECT * FROM `app_warehouse` WHERE ( sid=1263 ) LIMIT 1   [ RunTime:0.000000s ]
SQL: SELECT `title` FROM `app_category` WHERE ( `id` = 45 ) LIMIT 1   [ RunTime:0.000000s ]
SQL: SELECT `company` FROM `app_supplier` WHERE ( id="46" ) LIMIT 1   [ RunTime:0.000000s ]
SQL: SELECT `title` FROM `app_category` WHERE ( `id` = 77 ) LIMIT 1   [ RunTime:0.000000s ]
SQL: SELECT * FROM `app_warehouse` WHERE ( sid=1262 ) LIMIT 1   [ RunTime:0.000000s ]
SQL: SELECT `title` FROM `app_category` WHERE ( `id` = 41 ) LIMIT 1   [ RunTime:0.000000s ]
SQL: SELECT `company` FROM `app_supplier` WHERE ( id="93" ) LIMIT 1   [ RunTime:0.000000s ]
SQL: SELECT `title` FROM `app_category` WHERE ( `id` = 77 ) LIMIT 1   [ RunTime:0.000000s ]
SQL: SELECT * FROM `app_warehouse` WHERE ( sid=1261 ) LIMIT 1   [ RunTime:0.000000s ]
SQL: SELECT `title` FROM `app_category` WHERE ( `id` = 43 ) LIMIT 1   [ RunTime:0.000000s ]
SQL: SELECT `company` FROM `app_supplier` WHERE ( id="63" ) LIMIT 1   [ RunTime:0.000000s ]
SQL: SELECT `title` FROM `app_category` WHERE ( `id` = 117 ) LIMIT 1   [ RunTime:0.000000s ]
SQL: SELECT * FROM `app_warehouse` WHERE ( sid=1260 ) LIMIT 1   [ RunTime:0.000000s ]
SQL: SELECT `title` FROM `app_category` WHERE ( `id` = 43 ) LIMIT 1   [ RunTime:0.000000s ]
SQL: SELECT `company` FROM `app_supplier` WHERE ( id="44" ) LIMIT 1   [ RunTime:0.000000s ]
SQL: SELECT `title` FROM `app_category` WHERE ( `id` = 379 ) LIMIT 1   [ RunTime:0.000000s ]
SQL: SELECT * FROM `app_warehouse` WHERE ( sid=1259 ) LIMIT 1   [ RunTime:0.000000s ]
SQL: SELECT `title` FROM `app_category` WHERE ( `id` = 43 ) LIMIT 1   [ RunTime:0.015625s ]
SQL: SELECT `company` FROM `app_supplier` WHERE ( id="44" ) LIMIT 1   [ RunTime:0.000000s ]
SQL: SELECT `title` FROM `app_category` WHERE ( `id` = 378 ) LIMIT 1   [ RunTime:0.000000s ]
SQL: SELECT * FROM `app_warehouse` WHERE ( sid=1258 ) LIMIT 1   [ RunTime:0.000000s ]
SQL: SELECT `title` FROM `app_category` WHERE ( `id` = 43 ) LIMIT 1   [ RunTime:0.000000s ]
SQL: SELECT `company` FROM `app_supplier` WHERE ( id="44" ) LIMIT 1   [ RunTime:0.000000s ]
SQL: SELECT `title` FROM `app_category` WHERE ( `id` = 377 ) LIMIT 1   [ RunTime:0.000000s ]
SQL: SELECT * FROM `app_warehouse` WHERE ( sid=1257 ) LIMIT 1   [ RunTime:0.000000s ]
SQL: SELECT `title` FROM `app_category` WHERE ( `id` = 43 ) LIMIT 1   [ RunTime:0.000000s ]
SQL: SELECT `company` FROM `app_supplier` WHERE ( id="44" ) LIMIT 1   [ RunTime:0.000000s ]
SQL: SELECT `title` FROM `app_category` WHERE ( `id` = 376 ) LIMIT 1   [ RunTime:0.000000s ]
SQL: SELECT * FROM `app_warehouse` WHERE ( sid=1256 ) LIMIT 1   [ RunTime:0.000000s ]
SQL: SELECT `title` FROM `app_category` WHERE ( `id` = 43 ) LIMIT 1   [ RunTime:0.000000s ]
SQL: SELECT `company` FROM `app_supplier` WHERE ( id="44" ) LIMIT 1   [ RunTime:0.000000s ]
SQL: SELECT `title` FROM `app_category` WHERE ( `id` = 375 ) LIMIT 1   [ RunTime:0.000000s ]
SQL: SELECT * FROM `app_warehouse` WHERE ( sid=1255 ) LIMIT 1   [ RunTime:0.000000s ]
SQL: SELECT `title` FROM `app_category` WHERE ( `id` = 43 ) LIMIT 1   [ RunTime:0.000000s ]
SQL: SELECT `company` FROM `app_supplier` WHERE ( id="44" ) LIMIT 1   [ RunTime:0.000000s ]
SQL: SELECT `title` FROM `app_category` WHERE ( `id` = 374 ) LIMIT 1   [ RunTime:0.000000s ]
SQL: SELECT * FROM `app_warehouse` WHERE ( sid=1254 ) LIMIT 1   [ RunTime:0.000000s ]
SQL: SELECT `title` FROM `app_category` WHERE ( `id` = 43 ) LIMIT 1   [ RunTime:0.000000s ]
SQL: SELECT `company` FROM `app_supplier` WHERE ( id="44" ) LIMIT 1   [ RunTime:0.000000s ]
SQL: SELECT `title` FROM `app_category` WHERE ( `id` = 373 ) LIMIT 1   [ RunTime:0.000000s ]
SQL: SELECT * FROM `app_warehouse` WHERE ( sid=1253 ) LIMIT 1   [ RunTime:0.000000s ]
SQL: SELECT `title` FROM `app_category` WHERE ( `id` = 43 ) LIMIT 1   [ RunTime:0.000000s ]
SQL: SELECT `company` FROM `app_supplier` WHERE ( id="44" ) LIMIT 1   [ RunTime:0.000000s ]
SQL: SELECT `title` FROM `app_category` WHERE ( `id` = 372 ) LIMIT 1   [ RunTime:0.000000s ]
SQL: SELECT * FROM `app_warehouse` WHERE ( sid=1252 ) LIMIT 1   [ RunTime:0.000000s ]
SQL: SELECT `title` FROM `app_category` WHERE ( `id` = 43 ) LIMIT 1   [ RunTime:0.000000s ]
SQL: SELECT `company` FROM `app_supplier` WHERE ( id="44" ) LIMIT 1   [ RunTime:0.000000s ]
SQL: SELECT `title` FROM `app_category` WHERE ( `id` = 371 ) LIMIT 1   [ RunTime:0.000000s ]
SQL: SELECT * FROM `app_warehouse` WHERE ( sid=1251 ) LIMIT 1   [ RunTime:0.000000s ]
SQL: SELECT `title` FROM `app_category` WHERE ( `id` = 43 ) LIMIT 1   [ RunTime:0.000000s ]
SQL: SELECT `company` FROM `app_supplier` WHERE ( id="44" ) LIMIT 1   [ RunTime:0.000000s ]
SQL: SELECT `title` FROM `app_category` WHERE ( `id` = 370 ) LIMIT 1   [ RunTime:0.000000s ]
SQL: SELECT * FROM `app_warehouse` WHERE ( sid=1250 ) LIMIT 1   [ RunTime:0.000000s ]
SQL: SELECT `title` FROM `app_category` WHERE ( `id` = 43 ) LIMIT 1   [ RunTime:0.000000s ]
SQL: SELECT `company` FROM `app_supplier` WHERE ( id="44" ) LIMIT 1   [ RunTime:0.000000s ]
SQL: SELECT `title` FROM `app_category` WHERE ( `id` = 369 ) LIMIT 1   [ RunTime:0.000000s ]
SQL: SELECT * FROM `app_warehouse` WHERE ( sid=1249 ) LIMIT 1   [ RunTime:0.000000s ]
SQL: SELECT `title` FROM `app_category` WHERE ( `id` = 44 ) LIMIT 1   [ RunTime:0.000000s ]
SQL: SELECT `company` FROM `app_supplier` WHERE ( id="75" ) LIMIT 1   [ RunTime:0.000000s ]
SQL: SELECT `title` FROM `app_category` WHERE ( `id` = 77 ) LIMIT 1   [ RunTime:0.000000s ]
SQL: SELECT `title` FROM `app_category` WHERE ( `id` = 207 ) LIMIT 1   [ RunTime:0.000000s ]
SQL: SELECT `title` FROM `app_category` WHERE ( `id` = 146 ) LIMIT 1   [ RunTime:0.000000s ]
SQL: SELECT * FROM `app_warehouse` WHERE ( sid=1248 ) LIMIT 1   [ RunTime:0.000000s ]
SQL: SELECT `title` FROM `app_category` WHERE ( `id` = 45 ) LIMIT 1   [ RunTime:0.000000s ]
SQL: SELECT `company` FROM `app_supplier` WHERE ( id="46" ) LIMIT 1   [ RunTime:0.000000s ]
SQL: SELECT `title` FROM `app_category` WHERE ( `id` = 247 ) LIMIT 1   [ RunTime:0.000000s ]
SQL: SELECT `title` FROM `app_category` WHERE ( `id` = 158 ) LIMIT 1   [ RunTime:0.000000s ]
SQL: SELECT * FROM `app_warehouse` WHERE ( sid=1247 ) LIMIT 1   [ RunTime:0.000000s ]
SQL: SELECT `title` FROM `app_category` WHERE ( `id` = 45 ) LIMIT 1   [ RunTime:0.000000s ]
SQL: SELECT `company` FROM `app_supplier` WHERE ( id="46" ) LIMIT 1   [ RunTime:0.000000s ]
SQL: SELECT `title` FROM `app_category` WHERE ( `id` = 69 ) LIMIT 1   [ RunTime:0.000000s ]
SQL: SELECT * FROM `app_warehouse` WHERE ( sid=1246 ) LIMIT 1   [ RunTime:0.000000s ]
NOTIC: [8] Undefined variable: num_order D:\wwwroot\liuc\Application\Admin\Model\StockModel.class.php 第 75 行.
NOTIC: [8] Undefined variable: num_order D:\wwwroot\liuc\Application\Admin\Model\StockModel.class.php 第 77 行.
NOTIC: [8] Undefined variable: type D:\wwwroot\liuc\Application\Admin\Controller\PsiController.class.php 第 1722 行.
INFO: [ view_parse ] --START--
INFO: [ template_filter ] --START--
INFO: Run Behavior\ContentReplace [ RunTime:0.000000s ]
INFO: [ template_filter ] --END-- [ RunTime:0.000000s ]
NOTIC: [2] in_array() expects parameter 2 to be array, null given D:\wwwroot\liuc\Runtime\Cache\Admin\daf31f5aa91096b46715ab3cacf07374.php 第 203 行.
NOTIC: [2] in_array() expects parameter 2 to be array, null given D:\wwwroot\liuc\Runtime\Cache\Admin\daf31f5aa91096b46715ab3cacf07374.php 第 203 行.
NOTIC: [2] in_array() expects parameter 2 to be array, null given D:\wwwroot\liuc\Runtime\Cache\Admin\daf31f5aa91096b46715ab3cacf07374.php 第 203 行.
NOTIC: [2] in_array() expects parameter 2 to be array, null given D:\wwwroot\liuc\Runtime\Cache\Admin\daf31f5aa91096b46715ab3cacf07374.php 第 203 行.
NOTIC: [2] in_array() expects parameter 2 to be array, null given D:\wwwroot\liuc\Runtime\Cache\Admin\daf31f5aa91096b46715ab3cacf07374.php 第 203 行.
NOTIC: [2] in_array() expects parameter 2 to be array, null given D:\wwwroot\liuc\Runtime\Cache\Admin\daf31f5aa91096b46715ab3cacf07374.php 第 203 行.
NOTIC: [2] in_array() expects parameter 2 to be array, null given D:\wwwroot\liuc\Runtime\Cache\Admin\daf31f5aa91096b46715ab3cacf07374.php 第 203 行.
NOTIC: [2] in_array() expects parameter 2 to be array, null given D:\wwwroot\liuc\Runtime\Cache\Admin\daf31f5aa91096b46715ab3cacf07374.php 第 203 行.
NOTIC: [2] in_array() expects parameter 2 to be array, null given D:\wwwroot\liuc\Runtime\Cache\Admin\daf31f5aa91096b46715ab3cacf07374.php 第 203 行.
NOTIC: [2] in_array() expects parameter 2 to be array, null given D:\wwwroot\liuc\Runtime\Cache\Admin\daf31f5aa91096b46715ab3cacf07374.php 第 203 行.
NOTIC: [2] in_array() expects parameter 2 to be array, null given D:\wwwroot\liuc\Runtime\Cache\Admin\daf31f5aa91096b46715ab3cacf07374.php 第 203 行.
NOTIC: [2] in_array() expects parameter 2 to be array, null given D:\wwwroot\liuc\Runtime\Cache\Admin\daf31f5aa91096b46715ab3cacf07374.php 第 203 行.
NOTIC: [2] in_array() expects parameter 2 to be array, null given D:\wwwroot\liuc\Runtime\Cache\Admin\daf31f5aa91096b46715ab3cacf07374.php 第 203 行.
NOTIC: [2] in_array() expects parameter 2 to be array, null given D:\wwwroot\liuc\Runtime\Cache\Admin\daf31f5aa91096b46715ab3cacf07374.php 第 203 行.
NOTIC: [2] in_array() expects parameter 2 to be array, null given D:\wwwroot\liuc\Runtime\Cache\Admin\daf31f5aa91096b46715ab3cacf07374.php 第 203 行.
NOTIC: [2] in_array() expects parameter 2 to be array, null given D:\wwwroot\liuc\Runtime\Cache\Admin\daf31f5aa91096b46715ab3cacf07374.php 第 203 行.
NOTIC: [2] in_array() expects parameter 2 to be array, null given D:\wwwroot\liuc\Runtime\Cache\Admin\daf31f5aa91096b46715ab3cacf07374.php 第 203 行.
NOTIC: [2] in_array() expects parameter 2 to be array, null given D:\wwwroot\liuc\Runtime\Cache\Admin\daf31f5aa91096b46715ab3cacf07374.php 第 203 行.
NOTIC: [2] in_array() expects parameter 2 to be array, null given D:\wwwroot\liuc\Runtime\Cache\Admin\daf31f5aa91096b46715ab3cacf07374.php 第 203 行.
NOTIC: [2] in_array() expects parameter 2 to be array, null given D:\wwwroot\liuc\Runtime\Cache\Admin\daf31f5aa91096b46715ab3cacf07374.php 第 203 行.
INFO: Run Behavior\ParseTemplate [ RunTime:0.031250s ]
INFO: [ view_parse ] --END-- [ RunTime:0.031250s ]
INFO: [ view_filter ] --START--
INFO: Run Behavior\WriteHtmlCache [ RunTime:0.000000s ]
INFO: [ view_filter ] --END-- [ RunTime:0.000000s ]
INFO: [ app_end ] --START--
INFO: Run Behavior\ShowPageTrace [ RunTime:0.000000s ]
INFO: [ app_end ] --END-- [ RunTime:0.000000s ]

[ 2016-02-21T16:37:19+08:00 ] 58.241.142.145 /index.php?s=/Admin/Public/login.html
INFO: [ view_parse ] --START--
INFO: [ template_filter ] --START--
INFO: Run Behavior\ContentReplace [ RunTime:0.000000s ]
INFO: [ template_filter ] --END-- [ RunTime:0.000000s ]
INFO: Run Behavior\ParseTemplate [ RunTime:0.000000s ]
INFO: [ view_parse ] --END-- [ RunTime:0.000000s ]
INFO: [ view_filter ] --START--
INFO: Run Behavior\WriteHtmlCache [ RunTime:0.000000s ]
INFO: [ view_filter ] --END-- [ RunTime:0.000000s ]
INFO: [ app_end ] --START--
INFO: Run Behavior\ShowPageTrace [ RunTime:0.000000s ]
INFO: [ app_end ] --END-- [ RunTime:0.000000s ]

[ 2016-02-21T16:37:32+08:00 ] 58.241.142.145 /index.php?s=/Admin/Public/login.html
INFO: [ app_begin ] --START--
INFO: Run Behavior\ReadHtmlCache [ RunTime:0.015625s ]
INFO: [ app_begin ] --END-- [ RunTime:0.015625s ]
NOTIC: [8] A session had already been started - ignoring session_start() D:\wwwroot\liuc\ThinkPHP\Common\functions.php 第 1092 行.
SQL: SHOW COLUMNS FROM `app_ucenter_member` [ RunTime:0.000000s ]
SQL: SELECT * FROM `app_ucenter_member` WHERE ( `username` = 'user33' ) LIMIT 1   [ RunTime:0.000000s ]
SQL: UPDATE `app_ucenter_member` SET `last_login_time`=1456043852,`last_login_ip`='988909201' WHERE ( `id` = 9 ) [ RunTime:0.000000s ]
SQL: SHOW COLUMNS FROM `app_member` [ RunTime:0.000000s ]
SQL: SELECT `uid`,`nickname`,`sex`,`birthday`,`qq`,`score`,`login`,`reg_ip`,`reg_time`,`last_login_ip`,`last_login_time`,`status`,`truename`,`company`,`tel`,`address` FROM `app_member` WHERE ( `uid` = 9 ) LIMIT 1   [ RunTime:0.000000s ]
SQL: SHOW COLUMNS FROM `app_action` [ RunTime:0.000000s ]
SQL: SELECT * FROM `app_action` WHERE ( `name` = 'user_login' ) LIMIT 1   [ RunTime:0.000000s ]
SQL: UPDATE `app_member` SET `login`=`login`+1,`last_login_time`=1456043852,`last_login_ip`='988909201' WHERE ( `uid` = 9 ) [ RunTime:0.000000s ]
SQL: SHOW COLUMNS FROM `app_auth_group` [ RunTime:0.000000s ]
SQL: SHOW COLUMNS FROM `app_auth_group_access` [ RunTime:0.000000s ]
SQL: SELECT `uid`,`group_id`,`title`,`description`,`rules` FROM app_auth_group_access a INNER JOIN app_auth_group g on a.group_id=g.id  WHERE ( a.uid='9' and g.status='1' )  [ RunTime:0.000000s ]

[ 2016-02-21T16:37:32+08:00 ] 58.241.142.145 /index.php?s=/Admin/Index/index.html
SQL: SHOW COLUMNS FROM `app_auth_group_access` [ RunTime:0.000000s ]
SQL: SELECT `rules` FROM app_auth_group_access a INNER JOIN app_auth_group g on a.group_id=g.id  WHERE ( a.uid='9' and g.status='1' )  [ RunTime:0.000000s ]
SQL: SHOW COLUMNS FROM `app_auth_rule` [ RunTime:0.000000s ]
SQL: SELECT `condition`,`name` FROM `app_auth_rule` WHERE ( `id` IN ('1','219','224','226','229','231','232','233','235','242','245','264','268','269','295','296') ) AND ( `type` IN ('1','2') ) AND ( `status` = 1 )  [ RunTime:0.000000s ]
SQL: SHOW COLUMNS FROM `app_menu` [ RunTime:0.000000s ]
SQL: SELECT * FROM `app_menu` WHERE ( `pid` = 0 ) AND ( `hide` = 0 ) ORDER BY sort asc  [ RunTime:0.000000s ]
SQL: SELECT `id` FROM `app_menu` WHERE ( url like '%Index/index' ) LIMIT 1   [ RunTime:0.000000s ]
SQL: SHOW COLUMNS FROM `app_menu` [ RunTime:0.000000s ]
SQL: SELECT `id`,`pid`,`title` FROM `app_menu` WHERE ( id=1 ) LIMIT 1   [ RunTime:0.000000s ]
SQL: SHOW COLUMNS FROM `app_auth_rule` [ RunTime:0.000000s ]
SQL: SELECT `condition`,`name` FROM `app_auth_rule` WHERE ( `id` IN ('1','219','224','226','229','231','232','233','235','242','245','264','268','269','295','296') ) AND ( `type` = 2 ) AND ( `status` = 1 )  [ RunTime:0.000000s ]
SQL: SELECT DISTINCT  `group` FROM `app_menu` WHERE ( pid = 1 )  [ RunTime:0.000000s ]
SQL: SELECT `id`,`url` FROM `app_menu` WHERE ( `pid` = 1 ) AND ( `hide` = 0 )  [ RunTime:0.000000s ]
NOTIC: [2] Invalid argument supplied for foreach() D:\wwwroot\liuc\Application\Admin\Controller\AdminController.class.php 第 296 行.
INFO: [ view_parse ] --START--
INFO: [ template_filter ] --START--
INFO: Run Behavior\ContentReplace [ RunTime:0.000000s ]
INFO: [ template_filter ] --END-- [ RunTime:0.000000s ]
INFO: Run Behavior\ParseTemplate [ RunTime:0.031250s ]
INFO: [ view_parse ] --END-- [ RunTime:0.031250s ]
INFO: [ view_filter ] --START--
INFO: Run Behavior\WriteHtmlCache [ RunTime:0.000000s ]
INFO: [ view_filter ] --END-- [ RunTime:0.000000s ]
INFO: [ app_end ] --START--
INFO: Run Behavior\ShowPageTrace [ RunTime:0.000000s ]
INFO: [ app_end ] --END-- [ RunTime:0.000000s ]

[ 2016-02-21T16:37:35+08:00 ] 58.241.142.145 /index.php?s=/Admin/Psi/order.html
SQL: SHOW COLUMNS FROM `app_menu` [ RunTime:0.000000s ]
SQL: SELECT * FROM `app_menu` WHERE ( `pid` = 0 ) AND ( `hide` = 0 ) ORDER BY sort asc  [ RunTime:0.000000s ]
SQL: SELECT `id` FROM `app_menu` WHERE ( url like '%Psi/order' ) LIMIT 1   [ RunTime:0.000000s ]
SQL: SHOW COLUMNS FROM `app_menu` [ RunTime:0.000000s ]
SQL: SELECT `id`,`pid`,`title` FROM `app_menu` WHERE ( id=128 ) LIMIT 1   [ RunTime:0.000000s ]
SQL: SELECT `id`,`pid`,`title` FROM `app_menu` WHERE ( id=149 ) LIMIT 1   [ RunTime:0.000000s ]
SQL: SELECT DISTINCT  `group` FROM `app_menu` WHERE ( pid = 149 )  [ RunTime:0.000000s ]
SQL: SELECT `id`,`url` FROM `app_menu` WHERE ( `pid` = 149 ) AND ( `hide` = 0 )  [ RunTime:0.000000s ]
SQL: SHOW COLUMNS FROM `app_auth_group_access` [ RunTime:0.015625s ]
SQL: SELECT `rules` FROM app_auth_group_access a INNER JOIN app_auth_group g on a.group_id=g.id  WHERE ( a.uid='9' and g.status='1' )  [ RunTime:0.000000s ]
SQL: SHOW COLUMNS FROM `app_auth_rule` [ RunTime:0.000000s ]
SQL: SELECT `condition`,`name` FROM `app_auth_rule` WHERE ( `id` IN ('1','219','224','226','229','231','232','233','235','242','245','264','268','269','295','296') ) AND ( `type` = 1 ) AND ( `status` = 1 )  [ RunTime:0.000000s ]
SQL: SELECT `id`,`pid`,`title`,`url`,`tip` FROM `app_menu` WHERE ( `group` = '销售出库' ) AND ( `url` IN ('Psi/order','Psi/out_list') ) AND ( `pid` = 149 ) AND ( `hide` = 0 ) ORDER BY sort asc  [ RunTime:0.000000s ]
SQL: SELECT `id`,`pid`,`title`,`url`,`tip` FROM `app_menu` WHERE ( `group` = '订单管理' ) AND ( `url` IN ('Psi/order','Psi/out_list') ) AND ( `pid` = 149 ) AND ( `hide` = 0 ) ORDER BY sort asc  [ RunTime:0.000000s ]
SQL: SHOW COLUMNS FROM `app_warehouse` [ RunTime:0.000000s ]
SQL: SHOW COLUMNS FROM `app_auth_group` [ RunTime:0.000000s ]
SQL: SHOW COLUMNS FROM `app_auth_group_access` [ RunTime:0.000000s ]
SQL: SELECT `uid`,`group_id`,`title`,`description`,`rules` FROM app_auth_group_access a INNER JOIN app_auth_group g on a.group_id=g.id  WHERE ( a.uid='9' and g.status='1' )  [ RunTime:0.000000s ]
SQL: SHOW COLUMNS FROM `app_order` [ RunTime:0.000000s ]
SQL: SELECT COUNT(*) AS tp_count FROM `app_order` WHERE ( `status` >= 0 ) AND ( `uid` = 9 ) LIMIT 1   [ RunTime:0.000000s ]
SQL: SELECT `id`,`order_id`,`goods`,`uid`,`company`,`name`,`tel`,`address`,`status`,`date`,`note` FROM `app_order` WHERE ( `status` >= 0 ) AND ( `uid` = 9 ) ORDER BY id desc LIMIT 0,10   [ RunTime:0.000000s ]
INFO: [ view_parse ] --START--
INFO: [ template_filter ] --START--
INFO: Run Behavior\ContentReplace [ RunTime:0.000000s ]
INFO: [ template_filter ] --END-- [ RunTime:0.000000s ]
INFO: Run Behavior\ParseTemplate [ RunTime:0.031250s ]
INFO: [ view_parse ] --END-- [ RunTime:0.031250s ]
INFO: [ view_filter ] --START--
INFO: Run Behavior\WriteHtmlCache [ RunTime:0.000000s ]
INFO: [ view_filter ] --END-- [ RunTime:0.000000s ]
INFO: [ app_end ] --START--
INFO: Run Behavior\ShowPageTrace [ RunTime:0.000000s ]
INFO: [ app_end ] --END-- [ RunTime:0.000000s ]

[ 2016-02-21T16:37:38+08:00 ] 58.241.142.145 /index.php?s=/Admin/Psi/order_info.html&id=24
SQL: SHOW COLUMNS FROM `app_menu` [ RunTime:0.000000s ]
SQL: SELECT * FROM `app_menu` WHERE ( `pid` = 0 ) AND ( `hide` = 0 ) ORDER BY sort asc  [ RunTime:0.000000s ]
SQL: SELECT `id` FROM `app_menu` WHERE ( url like '%Psi/order_info' ) LIMIT 1   [ RunTime:0.000000s ]
SQL: SHOW COLUMNS FROM `app_menu` [ RunTime:0.000000s ]
SQL: SELECT `id`,`pid`,`title` FROM `app_menu` WHERE ( id=138 ) LIMIT 1   [ RunTime:0.000000s ]
SQL: SELECT `id`,`pid`,`title` FROM `app_menu` WHERE ( id=128 ) LIMIT 1   [ RunTime:0.000000s ]
SQL: SELECT `id`,`pid`,`title` FROM `app_menu` WHERE ( id=149 ) LIMIT 1   [ RunTime:0.000000s ]
SQL: SELECT DISTINCT  `group` FROM `app_menu` WHERE ( pid = 149 )  [ RunTime:0.000000s ]
SQL: SELECT `id`,`url` FROM `app_menu` WHERE ( `pid` = 149 ) AND ( `hide` = 0 )  [ RunTime:0.015625s ]
SQL: SELECT `id`,`pid`,`title`,`url`,`tip` FROM `app_menu` WHERE ( `group` = '销售出库' ) AND ( `url` IN ('Psi/order','Psi/out_list') ) AND ( `pid` = 149 ) AND ( `hide` = 0 ) ORDER BY sort asc  [ RunTime:0.000000s ]
SQL: SELECT `id`,`pid`,`title`,`url`,`tip` FROM `app_menu` WHERE ( `group` = '订单管理' ) AND ( `url` IN ('Psi/order','Psi/out_list') ) AND ( `pid` = 149 ) AND ( `hide` = 0 ) ORDER BY sort asc  [ RunTime:0.000000s ]
SQL: SHOW COLUMNS FROM `app_order` [ RunTime:0.000000s ]
SQL: SELECT * FROM `app_order` WHERE ( `id` = 24 ) LIMIT 1   [ RunTime:0.000000s ]
SQL: SHOW COLUMNS FROM `app_stock` [ RunTime:0.000000s ]
SQL: SHOW COLUMNS FROM `app_supplier` [ RunTime:0.015625s ]
SQL: SHOW COLUMNS FROM `app_category` [ RunTime:0.000000s ]
SQL: SELECT * FROM `app_stock` WHERE ( `id` = 25 ) LIMIT 1   [ RunTime:0.000000s ]
NOTIC: [8] Undefined index: category D:\wwwroot\liuc\Application\Admin\Model\StockModel.class.php 第 30 行.
SQL: SELECT `title` FROM `app_category` WHERE ( `name` = null ) LIMIT 1   [ RunTime:0.000000s ]
NOTIC: [8] Undefined index: supplier D:\wwwroot\liuc\Application\Admin\Model\StockModel.class.php 第 31 行.
SQL: SELECT `company` FROM `app_supplier` WHERE ( id="" ) LIMIT 1   [ RunTime:0.000000s ]
NOTIC: [8] Undefined index: thumb_1 D:\wwwroot\liuc\Application\Admin\Model\StockModel.class.php 第 32 行.
NOTIC: [8] Undefined index: standard D:\wwwroot\liuc\Application\Admin\Model\StockModel.class.php 第 33 行.
NOTIC: [2] Invalid argument supplied for foreach() D:\wwwroot\liuc\Application\Admin\Model\StockModel.class.php 第 34 行.
NOTIC: [8] Undefined variable: standardArr D:\wwwroot\liuc\Application\Admin\Model\StockModel.class.php 第 37 行.
NOTIC: [2] implode(): Invalid arguments passed D:\wwwroot\liuc\Application\Admin\Model\StockModel.class.php 第 37 行.
SQL: SHOW COLUMNS FROM `app_warehouse` [ RunTime:0.000000s ]
SQL: SELECT `num` FROM `app_warehouse` WHERE ( `sid` = 25 ) AND ( `warehouse` = 1 ) LIMIT 1   [ RunTime:0.000000s ]
NOTIC: [8] Undefined index: sale_price D:\wwwroot\liuc\Application\Admin\Model\OrderModel.class.php 第 33 行.
SQL: SELECT * FROM `app_stock` WHERE ( `id` = 21 ) LIMIT 1   [ RunTime:0.000000s ]
NOTIC: [8] Undefined index: category D:\wwwroot\liuc\Application\Admin\Model\StockModel.class.php 第 30 行.
SQL: SELECT `title` FROM `app_category` WHERE ( `name` = null ) LIMIT 1   [ RunTime:0.000000s ]
NOTIC: [8] Undefined index: supplier D:\wwwroot\liuc\Application\Admin\Model\StockModel.class.php 第 31 行.
SQL: SELECT `company` FROM `app_supplier` WHERE ( id="" ) LIMIT 1   [ RunTime:0.000000s ]
NOTIC: [8] Undefined index: thumb_1 D:\wwwroot\liuc\Application\Admin\Model\StockModel.class.php 第 32 行.
NOTIC: [8] Undefined index: standard D:\wwwroot\liuc\Application\Admin\Model\StockModel.class.php 第 33 行.
NOTIC: [2] Invalid argument supplied for foreach() D:\wwwroot\liuc\Application\Admin\Model\StockModel.class.php 第 34 行.
NOTIC: [8] Undefined variable: standardArr D:\wwwroot\liuc\Application\Admin\Model\StockModel.class.php 第 37 行.
NOTIC: [2] implode(): Invalid arguments passed D:\wwwroot\liuc\Application\Admin\Model\StockModel.class.php 第 37 行.
SQL: SELECT `num` FROM `app_warehouse` WHERE ( `sid` = 21 ) AND ( `warehouse` = 1 ) LIMIT 1   [ RunTime:0.000000s ]
NOTIC: [8] Undefined index: sale_price D:\wwwroot\liuc\Application\Admin\Model\OrderModel.class.php 第 33 行.
SQL: SELECT * FROM `app_stock` WHERE ( `id` = 18 ) LIMIT 1   [ RunTime:0.000000s ]
NOTIC: [8] Undefined index: category D:\wwwroot\liuc\Application\Admin\Model\StockModel.class.php 第 30 行.
SQL: SELECT `title` FROM `app_category` WHERE ( `name` = null ) LIMIT 1   [ RunTime:0.000000s ]
NOTIC: [8] Undefined index: supplier D:\wwwroot\liuc\Application\Admin\Model\StockModel.class.php 第 31 行.
SQL: SELECT `company` FROM `app_supplier` WHERE ( id="" ) LIMIT 1   [ RunTime:0.000000s ]
NOTIC: [8] Undefined index: thumb_1 D:\wwwroot\liuc\Application\Admin\Model\StockModel.class.php 第 32 行.
NOTIC: [8] Undefined index: standard D:\wwwroot\liuc\Application\Admin\Model\StockModel.class.php 第 33 行.
NOTIC: [2] Invalid argument supplied for foreach() D:\wwwroot\liuc\Application\Admin\Model\StockModel.class.php 第 34 行.
NOTIC: [8] Undefined variable: standardArr D:\wwwroot\liuc\Application\Admin\Model\StockModel.class.php 第 37 行.
NOTIC: [2] implode(): Invalid arguments passed D:\wwwroot\liuc\Application\Admin\Model\StockModel.class.php 第 37 行.
SQL: SELECT `num` FROM `app_warehouse` WHERE ( `sid` = 18 ) AND ( `warehouse` = 1 ) LIMIT 1   [ RunTime:0.000000s ]
NOTIC: [8] Undefined index: sale_price D:\wwwroot\liuc\Application\Admin\Model\OrderModel.class.php 第 33 行.
SQL: SELECT * FROM `app_stock` WHERE ( `id` = 17 ) LIMIT 1   [ RunTime:0.000000s ]
NOTIC: [8] Undefined index: category D:\wwwroot\liuc\Application\Admin\Model\StockModel.class.php 第 30 行.
SQL: SELECT `title` FROM `app_category` WHERE ( `name` = null ) LIMIT 1   [ RunTime:0.000000s ]
NOTIC: [8] Undefined index: supplier D:\wwwroot\liuc\Application\Admin\Model\StockModel.class.php 第 31 行.
SQL: SELECT `company` FROM `app_supplier` WHERE ( id="" ) LIMIT 1   [ RunTime:0.000000s ]
NOTIC: [8] Undefined index: thumb_1 D:\wwwroot\liuc\Application\Admin\Model\StockModel.class.php 第 32 行.
NOTIC: [8] Undefined index: standard D:\wwwroot\liuc\Application\Admin\Model\StockModel.class.php 第 33 行.
NOTIC: [2] Invalid argument supplied for foreach() D:\wwwroot\liuc\Application\Admin\Model\StockModel.class.php 第 34 行.
NOTIC: [8] Undefined variable: standardArr D:\wwwroot\liuc\Application\Admin\Model\StockModel.class.php 第 37 行.
NOTIC: [2] implode(): Invalid arguments passed D:\wwwroot\liuc\Application\Admin\Model\StockModel.class.php 第 37 行.
SQL: SELECT `num` FROM `app_warehouse` WHERE ( `sid` = 17 ) AND ( `warehouse` = 1 ) LIMIT 1   [ RunTime:0.000000s ]
NOTIC: [8] Undefined index: sale_price D:\wwwroot\liuc\Application\Admin\Model\OrderModel.class.php 第 33 行.
SQL: SELECT * FROM `app_stock` WHERE ( `id` = 12 ) LIMIT 1   [ RunTime:0.000000s ]
NOTIC: [8] Undefined index: category D:\wwwroot\liuc\Application\Admin\Model\StockModel.class.php 第 30 行.
SQL: SELECT `title` FROM `app_category` WHERE ( `name` = null ) LIMIT 1   [ RunTime:0.000000s ]
NOTIC: [8] Undefined index: supplier D:\wwwroot\liuc\Application\Admin\Model\StockModel.class.php 第 31 行.
SQL: SELECT `company` FROM `app_supplier` WHERE ( id="" ) LIMIT 1   [ RunTime:0.000000s ]
NOTIC: [8] Undefined index: thumb_1 D:\wwwroot\liuc\Application\Admin\Model\StockModel.class.php 第 32 行.
NOTIC: [8] Undefined index: standard D:\wwwroot\liuc\Application\Admin\Model\StockModel.class.php 第 33 行.
NOTIC: [2] Invalid argument supplied for foreach() D:\wwwroot\liuc\Application\Admin\Model\StockModel.class.php 第 34 行.
NOTIC: [8] Undefined variable: standardArr D:\wwwroot\liuc\Application\Admin\Model\StockModel.class.php 第 37 行.
NOTIC: [2] implode(): Invalid arguments passed D:\wwwroot\liuc\Application\Admin\Model\StockModel.class.php 第 37 行.
SQL: SELECT `num` FROM `app_warehouse` WHERE ( `sid` = 12 ) AND ( `warehouse` = 1 ) LIMIT 1   [ RunTime:0.000000s ]
NOTIC: [8] Undefined index: sale_price D:\wwwroot\liuc\Application\Admin\Model\OrderModel.class.php 第 33 行.
SQL: SHOW COLUMNS FROM `app_ucenter_member` [ RunTime:0.015625s ]
SQL: SELECT `id`,`truename`,`company`,`mobile`,`username`,`address` FROM `app_ucenter_member` WHERE ( `id` = 9 ) LIMIT 1   [ RunTime:0.000000s ]
SQL: SHOW COLUMNS FROM `app_order_process` [ RunTime:0.000000s ]
SQL: SHOW COLUMNS FROM `app_member` [ RunTime:0.000000s ]
SQL: SELECT * FROM `app_order_process` WHERE ( oid=24 ) ORDER BY id  [ RunTime:0.000000s ]
NOTIC: [2] Invalid argument supplied for foreach() D:\wwwroot\liuc\Application\Admin\Model\OrderProcessModel.class.php 第 20 行.
NOTIC: [8] Undefined index: print D:\wwwroot\liuc\Application\Admin\Controller\PsiController.class.php 第 1462 行.
INFO: [ view_parse ] --START--
INFO: [ template_filter ] --START--
INFO: Run Behavior\ContentReplace [ RunTime:0.000000s ]
INFO: [ template_filter ] --END-- [ RunTime:0.000000s ]
NOTIC: [8] Undefined variable: sum D:\wwwroot\liuc\Runtime\Cache\Admin\e788bcb9e145b5630285df571d3fa290.php 第 152 行.
NOTIC: [8] Undefined variable: _page D:\wwwroot\liuc\Runtime\Cache\Admin\e788bcb9e145b5630285df571d3fa290.php 第 179 行.
INFO: Run Behavior\ParseTemplate [ RunTime:0.031250s ]
INFO: [ view_parse ] --END-- [ RunTime:0.031250s ]
INFO: [ view_filter ] --START--
INFO: Run Behavior\WriteHtmlCache [ RunTime:0.000000s ]
INFO: [ view_filter ] --END-- [ RunTime:0.000000s ]
INFO: [ app_end ] --START--
INFO: Run Behavior\ShowPageTrace [ RunTime:0.000000s ]
INFO: [ app_end ] --END-- [ RunTime:0.000000s ]

